[ 2017-05-21T12:26:26+08:00 ] 127.0.0.1 /index.php/Device/repair
INFO: [ app_init ] --START--
INFO: Run Behavior\BuildLiteBehavior [ RunTime:0.000025s ]
INFO: [ app_init ] --END-- [ RunTime:0.000635s ]
INFO: [ app_begin ] --START--
INFO: Run Behavior\ReadHtmlCacheBehavior [ RunTime:0.000862s ]
INFO: [ app_begin ] --END-- [ RunTime:0.000976s ]
ERR: 参数错误或者未定义:identifier

[ 2017-05-21T13:45:03+08:00 ] 127.0.0.1 /index.php/Device/repair/
INFO: [ app_init ] --START--
INFO: Run Behavior\BuildLiteBehavior [ RunTime:0.000064s ]
INFO: [ app_init ] --END-- [ RunTime:0.000685s ]
INFO: [ app_begin ] --START--
INFO: Run Behavior\ReadHtmlCacheBehavior [ RunTime:0.000827s ]
INFO: [ app_begin ] --END-- [ RunTime:0.000943s ]
ERR: 参数错误或者未定义:identifier

[ 2017-05-21T13:45:09+08:00 ] 127.0.0.1 /index.php/Device/repair/identifier
INFO: [ app_init ] --START--
INFO: Run Behavior\BuildLiteBehavior [ RunTime:0.000025s ]
INFO: [ app_init ] --END-- [ RunTime:0.000572s ]
INFO: [ app_begin ] --START--
INFO: Run Behavior\ReadHtmlCacheBehavior [ RunTime:0.000785s ]
INFO: [ app_begin ] --END-- [ RunTime:0.000926s ]
ERR: 参数错误或者未定义:identifier

[ 2017-05-21T13:45:15+08:00 ] 127.0.0.1 /index.php/Device/repair/identifier/20170201
INFO: [ app_init ] --START--
INFO: Run Behavior\BuildLiteBehavior [ RunTime:0.000031s ]
INFO: [ app_init ] --END-- [ RunTime:0.000588s ]
INFO: [ app_begin ] --START--
INFO: Run Behavior\ReadHtmlCacheBehavior [ RunTime:0.000726s ]
INFO: [ app_begin ] --END-- [ RunTime:0.000847s ]
ERR: 参数错误或者未定义:location

[ 2017-05-21T13:45:25+08:00 ] 127.0.0.1 /index.php/Device/repair/identifier/20170201/location/20301
INFO: [ app_init ] --START--
INFO: Run Behavior\BuildLiteBehavior [ RunTime:0.000024s ]
INFO: [ app_init ] --END-- [ RunTime:0.000498s ]
INFO: [ app_begin ] --START--
INFO: Run Behavior\ReadHtmlCacheBehavior [ RunTime:0.000712s ]
INFO: [ app_begin ] --END-- [ RunTime:0.000827s ]
ERR: 参数错误或者未定义:matter

[ 2017-05-21T13:45:30+08:00 ] 127.0.0.1 /index.php/Device/repair/identifier/20170201/location/20301/matter/
INFO: [ app_init ] --START--
INFO: Run Behavior\BuildLiteBehavior [ RunTime:0.000024s ]
INFO: [ app_init ] --END-- [ RunTime:0.000510s ]
INFO: [ app_begin ] --START--
INFO: Run Behavior\ReadHtmlCacheBehavior [ RunTime:0.000709s ]
INFO: [ app_begin ] --END-- [ RunTime:0.000822s ]
ERR: 参数错误或者未定义:matter

[ 2017-05-21T13:45:36+08:00 ] 127.0.0.1 /index.php/Device/repair/identifier/20170201/location/20301/matter/%E5%9D%8F%E4%BA%86/
INFO: [ app_init ] --START--
INFO: Run Behavior\BuildLiteBehavior [ RunTime:0.000025s ]
INFO: [ app_init ] --END-- [ RunTime:0.000529s ]
INFO: [ app_begin ] --START--
INFO: Run Behavior\ReadHtmlCacheBehavior [ RunTime:0.000751s ]
INFO: [ app_begin ] --END-- [ RunTime:0.000914s ]
ERR: 参数错误或者未定义:person

[ 2017-05-21T13:45:40+08:00 ] 127.0.0.1 /index.php/Device/repair/identifier/20170201/location/20301/matter/%E5%9D%8F%E4%BA%86/person
INFO: [ app_init ] --START--
INFO: Run Behavior\BuildLiteBehavior [ RunTime:0.000024s ]
INFO: [ app_init ] --END-- [ RunTime:0.000494s ]
INFO: [ app_begin ] --START--
INFO: Run Behavior\ReadHtmlCacheBehavior [ RunTime:0.000697s ]
INFO: [ app_begin ] --END-- [ RunTime:0.000818s ]
ERR: 参数错误或者未定义:person

[ 2017-05-21T13:45:48+08:00 ] 127.0.0.1 /index.php/Device/repair/identifier/20170201/location/20301/matter/%E5%9D%8F%E4%BA%86/person/151110199
INFO: [ app_init ] --START--
INFO: Run Behavior\BuildLiteBehavior [ RunTime:0.000024s ]
INFO: [ app_init ] --END-- [ RunTime:0.000469s ]
INFO: [ app_begin ] --START--
INFO: Run Behavior\ReadHtmlCacheBehavior [ RunTime:0.001159s ]
INFO: [ app_begin ] --END-- [ RunTime:0.001325s ]
ERR: 参数错误或者未定义:time

[ 2017-05-21T13:46:03+08:00 ] 127.0.0.1 /index.php/Device/repair/identifier/20170201/location/20301/matter/%E5%9D%8F%E4%BA%86/person/151110199/time/142111111
INFO: [ app_init ] --START--
INFO: Run Behavior\BuildLiteBehavior [ RunTime:0.000024s ]
INFO: [ app_init ] --END-- [ RunTime:0.000513s ]
INFO: [ app_begin ] --START--
INFO: Run Behavior\ReadHtmlCacheBehavior [ RunTime:0.000715s ]
INFO: [ app_begin ] --END-- [ RunTime:0.000828s ]
SQL: SHOW COLUMNS FROM `sbgl_device` [ RunTime:0.0020s ]
SQL: SHOW COLUMNS FROM `sbgl_repair` [ RunTime:0.0017s ]
ERR: 1054:Unknown column 'rp_device_identifier' in 'where clause'
 [ SQL语句 ] : SELECT * FROM `sbgl_device` WHERE ( rp_device_identifier=20170201 ) LIMIT 1  
ERR: 1054:Unknown column 'rp_device_identifier' in 'where clause'
 [ SQL语句 ] : SELECT * FROM `sbgl_device` WHERE ( rp_device_identifier=20170201 ) LIMIT 1  

[ 2017-05-21T13:47:31+08:00 ] 127.0.0.1 /index.php/Device/repair/identifier/20170201/location/20301/matter/%E5%9D%8F%E4%BA%86/person/151110199/time/142111111
INFO: [ app_init ] --START--
INFO: Run Behavior\BuildLiteBehavior [ RunTime:0.000024s ]
INFO: [ app_init ] --END-- [ RunTime:0.000567s ]
INFO: [ app_begin ] --START--
INFO: Run Behavior\ReadHtmlCacheBehavior [ RunTime:0.001073s ]
INFO: [ app_begin ] --END-- [ RunTime:0.001208s ]
SQL: SHOW COLUMNS FROM `sbgl_device` [ RunTime:0.0008s ]
SQL: SHOW COLUMNS FROM `sbgl_repair` [ RunTime:0.0011s ]
SQL: SELECT * FROM `sbgl_device` WHERE ( dv_identifier=20170201 ) LIMIT 1   [ RunTime:0.0003s ]
NOTIC: [8] Undefined index: validate E:\sbgl\ThinkPHP\Library\Think\Model.class.php 第 1185 行.
NOTIC: [8] Undefined index: rp_solve E:\sbgl\ThinkPHP\Library\Think\Model.class.php 第 1217 行.
NOTIC: [8] Undefined index: auto E:\sbgl\ThinkPHP\Library\Think\Model.class.php 第 1128 行.
ERR: 1364:Field 'rp_person' doesn't have a default value
 [ SQL语句 ] : INSERT INTO `sbgl_repair` (`rp_device_identifier`,`rp_location`,`rp_matter`,`rp_time`) VALUES ('20170201','20301','坏了','142111111')
ERR: 1364:Field 'rp_person' doesn't have a default value
 [ SQL语句 ] : INSERT INTO `sbgl_repair` (`rp_device_identifier`,`rp_location`,`rp_matter`,`rp_time`) VALUES ('20170201','20301','坏了','142111111')

[ 2017-05-21T13:48:32+08:00 ] 127.0.0.1 /index.php/Device/repair/identifier/20170201/location/20301/matter/%E5%9D%8F%E4%BA%86/person/151110199/time/142111111
INFO: [ app_init ] --START--
INFO: Run Behavior\BuildLiteBehavior [ RunTime:0.000024s ]
INFO: [ app_init ] --END-- [ RunTime:0.000564s ]
INFO: [ app_begin ] --START--
INFO: Run Behavior\ReadHtmlCacheBehavior [ RunTime:0.000850s ]
INFO: [ app_begin ] --END-- [ RunTime:0.000988s ]
SQL: SHOW COLUMNS FROM `sbgl_device` [ RunTime:0.0008s ]
SQL: SHOW COLUMNS FROM `sbgl_repair` [ RunTime:0.0008s ]
SQL: SELECT * FROM `sbgl_device` WHERE ( dv_identifier=20170201 ) LIMIT 1   [ RunTime:0.0003s ]
NOTIC: [8] Undefined index: validate E:\sbgl\ThinkPHP\Library\Think\Model.class.php 第 1185 行.
NOTIC: [8] Undefined index: rp_solve E:\sbgl\ThinkPHP\Library\Think\Model.class.php 第 1217 行.
NOTIC: [8] Undefined index: auto E:\sbgl\ThinkPHP\Library\Think\Model.class.php 第 1128 行.
ERR: 1364:Field 'rp_person_address' doesn't have a default value
 [ SQL语句 ] : INSERT INTO `sbgl_repair` (`rp_device_identifier`,`rp_location`,`rp_matter`,`rp_person`,`rp_time`) VALUES ('20170201','20301','坏了','151110199','142111111')
ERR: 1364:Field 'rp_person_address' doesn't have a default value
 [ SQL语句 ] : INSERT INTO `sbgl_repair` (`rp_device_identifier`,`rp_location`,`rp_matter`,`rp_person`,`rp_time`) VALUES ('20170201','20301','坏了','151110199','142111111')

[ 2017-05-21T13:49:05+08:00 ] 127.0.0.1 /index.php/Device/repair/identifier/20170201/location/20301/matter/%E5%9D%8F%E4%BA%86/person/151110199/time/142111111
INFO: [ app_init ] --START--
INFO: Run Behavior\BuildLiteBehavior [ RunTime:0.000043s ]
INFO: [ app_init ] --END-- [ RunTime:0.000953s ]
INFO: [ app_begin ] --START--
INFO: Run Behavior\ReadHtmlCacheBehavior [ RunTime:0.000798s ]
INFO: [ app_begin ] --END-- [ RunTime:0.000916s ]
SQL: SHOW COLUMNS FROM `sbgl_device` [ RunTime:0.0013s ]
SQL: SHOW COLUMNS FROM `sbgl_repair` [ RunTime:0.0009s ]
SQL: SELECT * FROM `sbgl_device` WHERE ( dv_identifier=20170201 ) LIMIT 1   [ RunTime:0.0003s ]
NOTIC: [8] Undefined index: validate E:\sbgl\ThinkPHP\Library\Think\Model.class.php 第 1185 行.
NOTIC: [8] Undefined index: rp_solve E:\sbgl\ThinkPHP\Library\Think\Model.class.php 第 1217 行.
NOTIC: [8] Undefined index: auto E:\sbgl\ThinkPHP\Library\Think\Model.class.php 第 1128 行.
SQL: INSERT INTO `sbgl_repair` (`rp_device_identifier`,`rp_location`,`rp_matter`,`rp_person`,`rp_time`) VALUES ('20170201','20301','坏了','151110199','142111111') [ RunTime:0.0005s ]

[ 2017-05-21T13:57:42+08:00 ] 127.0.0.1 /index.php/Device/repair/identifier/2017020/location/20301/matter/%E5%9D%8F%E4%BA%86/person/151110199/time/142111111
INFO: [ app_init ] --START--
INFO: Run Behavior\BuildLiteBehavior [ RunTime:0.000026s ]
INFO: [ app_init ] --END-- [ RunTime:0.000698s ]
INFO: [ app_begin ] --START--
INFO: Run Behavior\ReadHtmlCacheBehavior [ RunTime:0.001350s ]
INFO: [ app_begin ] --END-- [ RunTime:0.001546s ]
SQL: SHOW COLUMNS FROM `sbgl_device` [ RunTime:0.0009s ]
SQL: SHOW COLUMNS FROM `sbgl_repair` [ RunTime:0.0011s ]
SQL: SELECT * FROM `sbgl_device` WHERE ( dv_identifier=2017020 ) LIMIT 1   [ RunTime:0.0003s ]
NOTIC: [8] Undefined index: validate E:\sbgl\ThinkPHP\Library\Think\Model.class.php 第 1185 行.

[ 2017-05-21T13:58:52+08:00 ] 127.0.0.1 /index.php/Device/repair/identifier/2017020/location/20301/matter/%E5%9D%8F%E4%BA%86/person/151110199/time/142111111
INFO: [ app_init ] --START--
INFO: Run Behavior\BuildLiteBehavior [ RunTime:0.000024s ]
INFO: [ app_init ] --END-- [ RunTime:0.000550s ]
INFO: [ app_begin ] --START--
INFO: Run Behavior\ReadHtmlCacheBehavior [ RunTime:0.001025s ]
INFO: [ app_begin ] --END-- [ RunTime:0.001182s ]
SQL: SHOW COLUMNS FROM `sbgl_device` [ RunTime:0.0008s ]
SQL: SHOW COLUMNS FROM `sbgl_repair` [ RunTime:0.0011s ]
SQL: SELECT * FROM `sbgl_device` WHERE ( dv_identifier=2017020 ) LIMIT 1   [ RunTime:0.0004s ]

[ 2017-05-21T13:59:05+08:00 ] 127.0.0.1 /index.php/Device/repair/identifier/20170201/location/20301/matter/%E5%9D%8F%E4%BA%86/person/151110/time/142111111
INFO: [ app_init ] --START--
INFO: Run Behavior\BuildLiteBehavior [ RunTime:0.000024s ]
INFO: [ app_init ] --END-- [ RunTime:0.000566s ]
INFO: [ app_begin ] --START--
INFO: Run Behavior\ReadHtmlCacheBehavior [ RunTime:0.000890s ]
INFO: [ app_begin ] --END-- [ RunTime:0.001017s ]
SQL: SHOW COLUMNS FROM `sbgl_device` [ RunTime:0.0007s ]
SQL: SHOW COLUMNS FROM `sbgl_repair` [ RunTime:0.0007s ]
SQL: SELECT * FROM `sbgl_device` WHERE ( dv_identifier=20170201 ) LIMIT 1   [ RunTime:0.0003s ]

[ 2017-05-21T13:59:22+08:00 ] 127.0.0.1 /index.php/Device/repair/identifier/20542465/location/20301/matter/%E5%9D%8F%E4%BA%86/person/151110/time/142111111
INFO: [ app_init ] --START--
INFO: Run Behavior\BuildLiteBehavior [ RunTime:0.000024s ]
INFO: [ app_init ] --END-- [ RunTime:0.000583s ]
INFO: [ app_begin ] --START--
INFO: Run Behavior\ReadHtmlCacheBehavior [ RunTime:0.000888s ]
INFO: [ app_begin ] --END-- [ RunTime:0.001004s ]
SQL: SHOW COLUMNS FROM `sbgl_device` [ RunTime:0.0007s ]
SQL: SHOW COLUMNS FROM `sbgl_repair` [ RunTime:0.0007s ]
SQL: SELECT * FROM `sbgl_device` WHERE ( dv_identifier=20542465 ) LIMIT 1   [ RunTime:0.0003s ]
NOTIC: [8] Undefined index: validate E:\sbgl\ThinkPHP\Library\Think\Model.class.php 第 1185 行.
NOTIC: [8] Undefined index: rp_solve E:\sbgl\ThinkPHP\Library\Think\Model.class.php 第 1217 行.
NOTIC: [8] Undefined index: auto E:\sbgl\ThinkPHP\Library\Think\Model.class.php 第 1128 行.
SQL: INSERT INTO `sbgl_repair` (`rp_device_identifier`,`rp_location`,`rp_matter`,`rp_person`,`rp_time`) VALUES ('20542465','20301','坏了','151110','142111111') [ RunTime:0.0003s ]

[ 2017-05-21T14:00:40+08:00 ] 127.0.0.1 /index.php/Device/repair/identifier/20542465/location/20301/matter/%E5%9D%8F%E4%BA%86/person//time/142111111
INFO: [ app_init ] --START--
INFO: Run Behavior\BuildLiteBehavior [ RunTime:0.000033s ]
INFO: [ app_init ] --END-- [ RunTime:0.000574s ]
INFO: [ app_begin ] --START--
INFO: Run Behavior\ReadHtmlCacheBehavior [ RunTime:0.000981s ]
INFO: [ app_begin ] --END-- [ RunTime:0.001094s ]
ERR: 参数错误或者未定义:time

[ 2017-05-21T14:00:46+08:00 ] 127.0.0.1 /index.php/Device/repair/identifier/20542465/location/20301/matter/%E5%9D%8F%E4%BA%86/person/0/time/142111111
INFO: [ app_init ] --START--
INFO: Run Behavior\BuildLiteBehavior [ RunTime:0.000027s ]
INFO: [ app_init ] --END-- [ RunTime:0.000671s ]
INFO: [ app_begin ] --START--
INFO: Run Behavior\ReadHtmlCacheBehavior [ RunTime:0.000959s ]
INFO: [ app_begin ] --END-- [ RunTime:0.001086s ]
SQL: SHOW COLUMNS FROM `sbgl_device` [ RunTime:0.0009s ]
SQL: SHOW COLUMNS FROM `sbgl_repair` [ RunTime:0.0008s ]
SQL: SELECT * FROM `sbgl_device` WHERE ( dv_identifier=20542465 ) LIMIT 1   [ RunTime:0.0004s ]
NOTIC: [8] Undefined index: validate E:\sbgl\ThinkPHP\Library\Think\Model.class.php 第 1185 行.
NOTIC: [8] Undefined index: rp_solve E:\sbgl\ThinkPHP\Library\Think\Model.class.php 第 1217 行.
NOTIC: [8] Undefined index: auto E:\sbgl\ThinkPHP\Library\Think\Model.class.php 第 1128 行.
SQL: INSERT INTO `sbgl_repair` (`rp_device_identifier`,`rp_location`,`rp_matter`,`rp_person`,`rp_time`) VALUES ('20542465','20301','坏了','0','142111111') [ RunTime:0.0003s ]

[ 2017-05-21T14:02:44+08:00 ] 127.0.0.1 /index.php/Device/repair/identifier/2054246k/location/20301/matter/%E5%9D%8F%E4%BA%86/person/0/time/142111111
INFO: [ app_init ] --START--
INFO: Run Behavior\BuildLiteBehavior [ RunTime:0.000023s ]
INFO: [ app_init ] --END-- [ RunTime:0.000533s ]
INFO: [ app_begin ] --START--
INFO: Run Behavior\ReadHtmlCacheBehavior [ RunTime:0.000944s ]
INFO: [ app_begin ] --END-- [ RunTime:0.001059s ]
SQL: SHOW COLUMNS FROM `sbgl_device` [ RunTime:0.0007s ]
SQL: SHOW COLUMNS FROM `sbgl_repair` [ RunTime:0.0006s ]
ERR: 1054:Unknown column '2054246k' in 'where clause'
 [ SQL语句 ] : SELECT * FROM `sbgl_device` WHERE ( dv_identifier=2054246k ) LIMIT 1  
ERR: 1054:Unknown column '2054246k' in 'where clause'
 [ SQL语句 ] : SELECT * FROM `sbgl_device` WHERE ( dv_identifier=2054246k ) LIMIT 1  

[ 2017-05-21T14:03:40+08:00 ] 127.0.0.1 /index.php/Device/repair/identifier/2054246/location/20301/matter/%E5%9D%8F%E4%BA%86/person/1/time/142111111
INFO: [ app_init ] --START--
INFO: Run Behavior\BuildLiteBehavior [ RunTime:0.000023s ]
INFO: [ app_init ] --END-- [ RunTime:0.000635s ]
INFO: [ app_begin ] --START--
INFO: Run Behavior\ReadHtmlCacheBehavior [ RunTime:0.001195s ]
INFO: [ app_begin ] --END-- [ RunTime:0.001328s ]
SQL: SHOW COLUMNS FROM `sbgl_device` [ RunTime:0.0007s ]
SQL: SHOW COLUMNS FROM `sbgl_repair` [ RunTime:0.0006s ]
SQL: SELECT * FROM `sbgl_device` WHERE ( dv_identifier=2054246 ) LIMIT 1   [ RunTime:0.0003s ]

[ 2017-05-21T14:03:55+08:00 ] 127.0.0.1 /index.php/Device/repair/identifier/20170103/location/20301/matter/%E5%9D%8F%E4%BA%86/person/1/time/142111111
INFO: [ app_init ] --START--
INFO: Run Behavior\BuildLiteBehavior [ RunTime:0.000044s ]
INFO: [ app_init ] --END-- [ RunTime:0.000999s ]
INFO: [ app_begin ] --START--
INFO: Run Behavior\ReadHtmlCacheBehavior [ RunTime:0.001293s ]
INFO: [ app_begin ] --END-- [ RunTime:0.001471s ]
SQL: SHOW COLUMNS FROM `sbgl_device` [ RunTime:0.0007s ]
SQL: SHOW COLUMNS FROM `sbgl_repair` [ RunTime:0.0006s ]
SQL: SELECT * FROM `sbgl_device` WHERE ( dv_identifier=20170103 ) LIMIT 1   [ RunTime:0.0003s ]
NOTIC: [8] Undefined index: validate E:\sbgl\ThinkPHP\Library\Think\Model.class.php 第 1185 行.
NOTIC: [8] Undefined index: rp_solve E:\sbgl\ThinkPHP\Library\Think\Model.class.php 第 1217 行.
NOTIC: [8] Undefined index: auto E:\sbgl\ThinkPHP\Library\Think\Model.class.php 第 1128 行.
SQL: INSERT INTO `sbgl_repair` (`rp_device_identifier`,`rp_location`,`rp_matter`,`rp_person`,`rp_time`) VALUES ('20170103','20301','坏了','1','142111111') [ RunTime:0.0005s ]

[ 2017-05-21T14:05:47+08:00 ] 127.0.0.1 /index.php/Device/repair/identifier/20170103/location/20301/matter/%E5%9D%8F%E4%BA%86/person/1/time/142111111
INFO: [ app_init ] --START--
INFO: Run Behavior\BuildLiteBehavior [ RunTime:0.000024s ]
INFO: [ app_init ] --END-- [ RunTime:0.000564s ]
INFO: [ app_begin ] --START--
INFO: Run Behavior\ReadHtmlCacheBehavior [ RunTime:0.001542s ]
INFO: [ app_begin ] --END-- [ RunTime:0.001681s ]
SQL: SHOW COLUMNS FROM `sbgl_device` [ RunTime:0.0008s ]
SQL: SHOW COLUMNS FROM `sbgl_repair` [ RunTime:0.0006s ]
SQL: SELECT * FROM `sbgl_device` WHERE ( dv_identifier=20170103 ) LIMIT 1   [ RunTime:0.0005s ]
NOTIC: [8] Undefined index: validate E:\sbgl\ThinkPHP\Library\Think\Model.class.php 第 1185 行.
NOTIC: [8] Undefined index: rp_solve E:\sbgl\ThinkPHP\Library\Think\Model.class.php 第 1217 行.
NOTIC: [8] Undefined index: auto E:\sbgl\ThinkPHP\Library\Think\Model.class.php 第 1128 行.
ERR: 1364:Field 'rp_person' doesn't have a default value
 [ SQL语句 ] : INSERT INTO `sbgl_repair` (`rp_device_identifier`,`rp_location`,`rp_matter`,`rp_time`) VALUES ('20170103','20301','坏了','142111111')
ERR: 1364:Field 'rp_person' doesn't have a default value
 [ SQL语句 ] : INSERT INTO `sbgl_repair` (`rp_device_identifier`,`rp_location`,`rp_matter`,`rp_time`) VALUES ('20170103','20301','坏了','142111111')

[ 2017-05-21T14:06:21+08:00 ] 127.0.0.1 /index.php/Device/repair/identifier/20170103/location/20301/matter/%E5%9D%8F%E4%BA%86/person/1/time/142111111
INFO: [ app_init ] --START--
INFO: Run Behavior\BuildLiteBehavior [ RunTime:0.000033s ]
INFO: [ app_init ] --END-- [ RunTime:0.000570s ]
INFO: [ app_begin ] --START--
INFO: Run Behavior\ReadHtmlCacheBehavior [ RunTime:0.001284s ]
INFO: [ app_begin ] --END-- [ RunTime:0.001427s ]
SQL: SHOW COLUMNS FROM `sbgl_device` [ RunTime:0.0008s ]
SQL: SHOW COLUMNS FROM `sbgl_repair` [ RunTime:0.0007s ]
SQL: SELECT * FROM `sbgl_device` WHERE ( dv_identifier=20170103 ) LIMIT 1   [ RunTime:0.0003s ]
NOTIC: [8] Undefined index: validate E:\sbgl\ThinkPHP\Library\Think\Model.class.php 第 1185 行.
NOTIC: [8] Undefined index: rp_solve E:\sbgl\ThinkPHP\Library\Think\Model.class.php 第 1217 行.
NOTIC: [8] Undefined index: auto E:\sbgl\ThinkPHP\Library\Think\Model.class.php 第 1128 行.
SQL: INSERT INTO `sbgl_repair` (`rp_device_identifier`,`rp_location`,`rp_matter`,`rp_person`,`rp_time`) VALUES ('20170103','20301','坏了','0','142111111') [ RunTime:0.0005s ]

[ 2017-05-21T14:06:36+08:00 ] 127.0.0.1 /index.php/Device/repair/identifier/20170103/location/20301/matter/%E5%9D%8F%E4%BA%86/person/1/time/142111111
INFO: [ app_init ] --START--
INFO: Run Behavior\BuildLiteBehavior [ RunTime:0.000024s ]
INFO: [ app_init ] --END-- [ RunTime:0.000580s ]
INFO: [ app_begin ] --START--
INFO: Run Behavior\ReadHtmlCacheBehavior [ RunTime:0.001288s ]
INFO: [ app_begin ] --END-- [ RunTime:0.001418s ]
SQL: SHOW COLUMNS FROM `sbgl_device` [ RunTime:0.0006s ]
SQL: SHOW COLUMNS FROM `sbgl_repair` [ RunTime:0.0006s ]
SQL: SELECT * FROM `sbgl_device` WHERE ( dv_identifier=20170103 ) LIMIT 1   [ RunTime:0.0003s ]
NOTIC: [8] Undefined index: validate E:\sbgl\ThinkPHP\Library\Think\Model.class.php 第 1185 行.
NOTIC: [8] Undefined index: rp_solve E:\sbgl\ThinkPHP\Library\Think\Model.class.php 第 1217 行.
NOTIC: [8] Undefined index: auto E:\sbgl\ThinkPHP\Library\Think\Model.class.php 第 1128 行.
SQL: INSERT INTO `sbgl_repair` (`rp_device_identifier`,`rp_location`,`rp_matter`,`rp_person`,`rp_time`) VALUES ('20170103','20301','坏了','0','142111111') [ RunTime:0.0004s ]

[ 2017-05-21T14:09:03+08:00 ] 127.0.0.1 /index.php/Device/confirm/
INFO: [ app_init ] --START--
INFO: Run Behavior\BuildLiteBehavior [ RunTime:0.000024s ]
INFO: [ app_init ] --END-- [ RunTime:0.000606s ]
INFO: [ app_begin ] --START--
INFO: Run Behavior\ReadHtmlCacheBehavior [ RunTime:0.001011s ]
INFO: [ app_begin ] --END-- [ RunTime:0.001121s ]
ERR: 参数错误或者未定义:id

[ 2017-05-21T14:09:08+08:00 ] 127.0.0.1 /index.php/Device/confirm/id/15/
INFO: [ app_init ] --START--
INFO: Run Behavior\BuildLiteBehavior [ RunTime:0.000023s ]
INFO: [ app_init ] --END-- [ RunTime:0.000561s ]
INFO: [ app_begin ] --START--
INFO: Run Behavior\ReadHtmlCacheBehavior [ RunTime:0.000869s ]
INFO: [ app_begin ] --END-- [ RunTime:0.001004s ]
ERR: 参数错误或者未定义:status

[ 2017-05-21T14:09:18+08:00 ] 127.0.0.1 /index.php/Device/confirm/id/15/status/1/
INFO: [ app_init ] --START--
INFO: Run Behavior\BuildLiteBehavior [ RunTime:0.000033s ]
INFO: [ app_init ] --END-- [ RunTime:0.000536s ]
INFO: [ app_begin ] --START--
INFO: Run Behavior\ReadHtmlCacheBehavior [ RunTime:0.001011s ]
INFO: [ app_begin ] --END-- [ RunTime:0.001136s ]
ERR: 参数错误或者未定义:solve

[ 2017-05-21T14:09:25+08:00 ] 127.0.0.1 /index.php/Device/confirm/id/15/status/1/solve/d/
INFO: [ app_init ] --START--
INFO: Run Behavior\BuildLiteBehavior [ RunTime:0.000052s ]
INFO: [ app_init ] --END-- [ RunTime:0.000931s ]
INFO: [ app_begin ] --START--
INFO: Run Behavior\ReadHtmlCacheBehavior [ RunTime:0.000931s ]
INFO: [ app_begin ] --END-- [ RunTime:0.001060s ]
ERR: 参数错误或者未定义:time

[ 2017-05-21T14:09:41+08:00 ] 127.0.0.1 /index.php/Device/confirm/id/15/status/1/solve/%E7%8E%AF/
INFO: [ app_init ] --START--
INFO: Run Behavior\BuildLiteBehavior [ RunTime:0.000023s ]
INFO: [ app_init ] --END-- [ RunTime:0.000549s ]
INFO: [ app_begin ] --START--
INFO: Run Behavior\ReadHtmlCacheBehavior [ RunTime:0.001362s ]
INFO: [ app_begin ] --END-- [ RunTime:0.001523s ]
ERR: 参数错误或者未定义:time

[ 2017-05-21T14:09:49+08:00 ] 127.0.0.1 /index.php/Device/confirm/id/15/status/1/solve/%E7%8E%AF/time/14521452
INFO: [ app_init ] --START--
INFO: Run Behavior\BuildLiteBehavior [ RunTime:0.000026s ]
INFO: [ app_init ] --END-- [ RunTime:0.000582s ]
INFO: [ app_begin ] --START--
INFO: Run Behavior\ReadHtmlCacheBehavior [ RunTime:0.000942s ]
INFO: [ app_begin ] --END-- [ RunTime:0.001049s ]
SQL: SHOW COLUMNS FROM `sbgl_repair` [ RunTime:0.0008s ]
NOTIC: [8] Undefined index: validate E:\sbgl\ThinkPHP\Library\Think\Model.class.php 第 1185 行.
NOTIC: [8] Undefined index: auto E:\sbgl\ThinkPHP\Library\Think\Model.class.php 第 1128 行.
SQL: UPDATE `sbgl_repair` SET `rp_solve_status`='1',`rp_solve_user`='151110197',`rp_solve`='环',`rp_solve_time`='14521452' WHERE `rp_id` = 15 [ RunTime:0.0004s ]

[ 2017-05-21T14:09:57+08:00 ] 127.0.0.1 /index.php/Device/confirm/id/15/status/1/solve/%E7%8E%AF/time/145214524
INFO: [ app_init ] --START--
INFO: Run Behavior\BuildLiteBehavior [ RunTime:0.000023s ]
INFO: [ app_init ] --END-- [ RunTime:0.000568s ]
INFO: [ app_begin ] --START--
INFO: Run Behavior\ReadHtmlCacheBehavior [ RunTime:0.000878s ]
INFO: [ app_begin ] --END-- [ RunTime:0.000984s ]
SQL: SHOW COLUMNS FROM `sbgl_repair` [ RunTime:0.0008s ]
NOTIC: [8] Undefined index: validate E:\sbgl\ThinkPHP\Library\Think\Model.class.php 第 1185 行.
NOTIC: [8] Undefined index: auto E:\sbgl\ThinkPHP\Library\Think\Model.class.php 第 1128 行.
SQL: UPDATE `sbgl_repair` SET `rp_solve_status`='1',`rp_solve_user`='151110197',`rp_solve`='环',`rp_solve_time`='145214524' WHERE `rp_id` = 15 [ RunTime:0.0004s ]

[ 2017-05-21T14:10:18+08:00 ] 127.0.0.1 /index.php/Device/confirm/id/1/status/1/solve/%E7%8E%AF/time/145214524
INFO: [ app_init ] --START--
INFO: Run Behavior\BuildLiteBehavior [ RunTime:0.000032s ]
INFO: [ app_init ] --END-- [ RunTime:0.000791s ]
INFO: [ app_begin ] --START--
INFO: Run Behavior\ReadHtmlCacheBehavior [ RunTime:0.000942s ]
INFO: [ app_begin ] --END-- [ RunTime:0.001068s ]
SQL: SHOW COLUMNS FROM `sbgl_repair` [ RunTime:0.0009s ]
NOTIC: [8] Undefined index: validate E:\sbgl\ThinkPHP\Library\Think\Model.class.php 第 1185 行.
NOTIC: [8] Undefined index: auto E:\sbgl\ThinkPHP\Library\Think\Model.class.php 第 1128 行.
SQL: UPDATE `sbgl_repair` SET `rp_solve_status`='1',`rp_solve_user`='151110197',`rp_solve`='环',`rp_solve_time`='145214524' WHERE `rp_id` = 1 [ RunTime:0.0003s ]

[ 2017-05-21T14:11:08+08:00 ] 127.0.0.1 /index.php/Device/confirm/id/1/status/1/solve/%E7%8E%AF/time/145214524
INFO: [ app_init ] --START--
INFO: Run Behavior\BuildLiteBehavior [ RunTime:0.000023s ]
INFO: [ app_init ] --END-- [ RunTime:0.000603s ]
INFO: [ app_begin ] --START--
INFO: Run Behavior\ReadHtmlCacheBehavior [ RunTime:0.000957s ]
INFO: [ app_begin ] --END-- [ RunTime:0.001062s ]
SQL: SHOW COLUMNS FROM `sbgl_repair` [ RunTime:0.0007s ]
NOTIC: [8] Undefined index: validate E:\sbgl\ThinkPHP\Library\Think\Model.class.php 第 1185 行.
NOTIC: [8] Undefined index: auto E:\sbgl\ThinkPHP\Library\Think\Model.class.php 第 1128 行.
SQL: UPDATE `sbgl_repair` SET `rp_solve_status`='1',`rp_solve_user`='151110192',`rp_solve`='环',`rp_solve_time`='145214524' WHERE `rp_id` = 1 [ RunTime:0.0003s ]

[ 2017-05-21T14:14:02+08:00 ] 127.0.0.1 /index.php/Device/repair/identifier/20170103/location/20301/matter/%E5%9D%8F%E4%BA%86/person/1/time/142111111
INFO: [ app_init ] --START--
INFO: Run Behavior\BuildLiteBehavior [ RunTime:0.000023s ]
INFO: [ app_init ] --END-- [ RunTime:0.000543s ]
INFO: [ app_begin ] --START--
INFO: Run Behavior\ReadHtmlCacheBehavior [ RunTime:0.001240s ]
INFO: [ app_begin ] --END-- [ RunTime:0.001527s ]
SQL: SHOW COLUMNS FROM `sbgl_device` [ RunTime:0.0008s ]
SQL: SHOW COLUMNS FROM `sbgl_repair` [ RunTime:0.0007s ]
SQL: SELECT * FROM `sbgl_device` WHERE ( dv_identifier=20170103 ) LIMIT 1   [ RunTime:0.0007s ]
NOTIC: [8] Undefined index: validate E:\sbgl\ThinkPHP\Library\Think\Model.class.php 第 1185 行.

[ 2017-05-21T19:55:46+08:00 ] 127.0.0.1 /index.php/Index/login/stu_id/151110192/pwd/admin123
INFO: [ app_init ] --START--
INFO: Run Behavior\BuildLiteBehavior [ RunTime:0.000026s ]
INFO: [ app_init ] --END-- [ RunTime:0.000580s ]
INFO: [ app_begin ] --START--
INFO: Run Behavior\ReadHtmlCacheBehavior [ RunTime:0.000807s ]
INFO: [ app_begin ] --END-- [ RunTime:0.000924s ]
SQL: SHOW COLUMNS FROM `sbgl_user` [ RunTime:0.0012s ]
SQL: SELECT * FROM `sbgl_user` WHERE ( user='151110192' ) LIMIT 1   [ RunTime:0.0004s ]

[ 2017-05-21T19:58:46+08:00 ] 127.0.0.1 /index.php/Index/register/pwd/qwe13729389428
INFO: [ app_init ] --START--
INFO: Run Behavior\BuildLiteBehavior [ RunTime:0.000034s ]
INFO: [ app_init ] --END-- [ RunTime:0.000551s ]
INFO: [ app_begin ] --START--
INFO: Run Behavior\ReadHtmlCacheBehavior [ RunTime:0.000788s ]
INFO: [ app_begin ] --END-- [ RunTime:0.000920s ]
ERR: 参数错误或者未定义:stu_id

[ 2017-05-21T19:58:59+08:00 ] 127.0.0.1 /index.php/Index/identification/pwd/qwe13729389428
INFO: [ app_init ] --START--
INFO: Run Behavior\BuildLiteBehavior [ RunTime:0.000023s ]
INFO: [ app_init ] --END-- [ RunTime:0.000493s ]
INFO: [ app_begin ] --START--
INFO: Run Behavior\ReadHtmlCacheBehavior [ RunTime:0.000707s ]
INFO: [ app_begin ] --END-- [ RunTime:0.000854s ]
SQL: SHOW COLUMNS FROM `sbgl_user` [ RunTime:0.0013s ]
SQL: UPDATE `sbgl_user` SET `verify`='1',`username`='陈海钦',`class`='计算机1504班' WHERE ( user=151110192 ) [ RunTime:0.0011s ]

[ 2017-05-21T21:33:03+08:00 ] 127.0.0.1 /index.php/Index/register/stu_id/151110199/pwd/123456
INFO: [ app_init ] --START--
INFO: Run Behavior\BuildLiteBehavior [ RunTime:0.000038s ]
INFO: [ app_init ] --END-- [ RunTime:0.000739s ]
INFO: [ app_begin ] --START--
INFO: Run Behavior\ReadHtmlCacheBehavior [ RunTime:0.001502s ]
INFO: [ app_begin ] --END-- [ RunTime:0.001722s ]
SQL: SHOW COLUMNS FROM `sbgl_user` [ RunTime:0.0016s ]
SQL: SELECT * FROM `sbgl_user` WHERE ( user=151110199 ) LIMIT 1   [ RunTime:0.0007s ]
NOTIC: [8] Undefined index: validate E:\sbgl\ThinkPHP\Library\Think\Model.class.php 第 1185 行.
NOTIC: [8] Undefined index: sphone E:\sbgl\ThinkPHP\Library\Think\Model.class.php 第 1217 行.
NOTIC: [8] Undefined index: sphone E:\sbgl\ThinkPHP\Library\Think\Model.class.php 第 1217 行.
NOTIC: [8] Undefined index: auto E:\sbgl\ThinkPHP\Library\Think\Model.class.php 第 1128 行.
SQL: INSERT INTO `sbgl_user` (`user`,`psd`,`reg_time`) VALUES ('151110199','$2y$10$3UK76syzLP14AUqXRSFdx.VAVPbCn4SVhdtfQZ.hpUwc0q1uFNaWG','1495373583') [ RunTime:0.0007s ]

[ 2017-05-21T21:33:17+08:00 ] 127.0.0.1 /index.php/Index/identification/pwd/sdg
INFO: [ app_init ] --START--
INFO: Run Behavior\BuildLiteBehavior [ RunTime:0.000055s ]
INFO: [ app_init ] --END-- [ RunTime:0.001189s ]
INFO: [ app_begin ] --START--
INFO: Run Behavior\ReadHtmlCacheBehavior [ RunTime:0.001024s ]
INFO: [ app_begin ] --END-- [ RunTime:0.001270s ]
NOTIC: [8] Undefined offset: 1 E:\sbgl\Common\Common\function.php 第 97 行.

[ 2017-05-21T22:09:42+08:00 ] 127.0.0.1 /index.php/Device/getInformation/identifier/20542465
INFO: [ app_init ] --START--
INFO: Run Behavior\BuildLiteBehavior [ RunTime:0.000024s ]
INFO: [ app_init ] --END-- [ RunTime:0.000526s ]
INFO: [ app_begin ] --START--
INFO: Run Behavior\ReadHtmlCacheBehavior [ RunTime:0.000439s ]
INFO: [ app_begin ] --END-- [ RunTime:0.000569s ]
SQL: SHOW COLUMNS FROM `sbgl_device` [ RunTime:0.0011s ]
SQL: SELECT * FROM `sbgl_device` WHERE `dv_identifier` = 20542465 LIMIT 1   [ RunTime:0.0004s ]
SQL: SHOW COLUMNS FROM `sbgl_device_class` [ RunTime:0.0011s ]
SQL: SHOW COLUMNS FROM `sbgl_repair` [ RunTime:0.0010s ]
SQL: SELECT `dc_name` FROM `sbgl_device_class` WHERE ( dc_id=5 ) LIMIT 1   [ RunTime:0.0003s ]
SQL: SELECT `rp_solve_status` FROM `sbgl_repair` WHERE ( rp_status=2 and rp_solve_status!=2 and rp_device_identifier=20542465 ) LIMIT 1   [ RunTime:0.0003s ]

[ 2017-05-21T22:11:36+08:00 ] 127.0.0.1 /index.php/Device/getInformation/identifier/20542465
INFO: [ app_init ] --START--
INFO: Run Behavior\BuildLiteBehavior [ RunTime:0.000023s ]
INFO: [ app_init ] --END-- [ RunTime:0.000490s ]
INFO: [ app_begin ] --START--
INFO: Run Behavior\ReadHtmlCacheBehavior [ RunTime:0.000817s ]
INFO: [ app_begin ] --END-- [ RunTime:0.000935s ]
SQL: SHOW COLUMNS FROM `sbgl_device` [ RunTime:0.0010s ]
SQL: SELECT * FROM `sbgl_device` WHERE `dv_identifier` = 20542465 LIMIT 1   [ RunTime:0.0003s ]
SQL: SHOW COLUMNS FROM `sbgl_device_class` [ RunTime:0.0006s ]
SQL: SHOW COLUMNS FROM `sbgl_repair` [ RunTime:0.0008s ]
SQL: SELECT `dc_name` FROM `sbgl_device_class` WHERE ( dc_id=5 ) LIMIT 1   [ RunTime:0.0014s ]
SQL: SELECT `rp_solve_status` FROM `sbgl_repair` WHERE ( rp_status=2 and rp_solve_status!=2 and rp_device_identifier=20542465 ) LIMIT 1   [ RunTime:0.0006s ]

[ 2017-05-21T22:12:01+08:00 ] 127.0.0.1 /index.php/Device/getInformation/identifier/20542465
INFO: [ app_init ] --START--
INFO: Run Behavior\BuildLiteBehavior [ RunTime:0.000040s ]
INFO: [ app_init ] --END-- [ RunTime:0.000462s ]
INFO: [ app_begin ] --START--
INFO: Run Behavior\ReadHtmlCacheBehavior [ RunTime:0.000481s ]
INFO: [ app_begin ] --END-- [ RunTime:0.000603s ]
SQL: SHOW COLUMNS FROM `sbgl_device` [ RunTime:0.0010s ]
SQL: SELECT * FROM `sbgl_device` WHERE `dv_identifier` = 20542465 LIMIT 1   [ RunTime:0.0004s ]
SQL: SHOW COLUMNS FROM `sbgl_device_class` [ RunTime:0.0006s ]
SQL: SHOW COLUMNS FROM `sbgl_repair` [ RunTime:0.0007s ]
SQL: SELECT `dc_name` FROM `sbgl_device_class` WHERE ( dc_id=5 ) LIMIT 1   [ RunTime:0.0003s ]
SQL: SELECT `rp_solve_status` FROM `sbgl_repair` WHERE ( rp_status=2 and rp_solve_status!=2 and rp_device_identifier=20542465 ) LIMIT 1   [ RunTime:0.0003s ]

[ 2017-05-21T22:13:13+08:00 ] 127.0.0.1 /index.php/Device/getInformation/identifier/2054246
INFO: [ app_init ] --START--
INFO: Run Behavior\BuildLiteBehavior [ RunTime:0.000027s ]
INFO: [ app_init ] --END-- [ RunTime:0.000604s ]
INFO: [ app_begin ] --START--
INFO: Run Behavior\ReadHtmlCacheBehavior [ RunTime:0.000777s ]
INFO: [ app_begin ] --END-- [ RunTime:0.000901s ]
SQL: SHOW COLUMNS FROM `sbgl_device` [ RunTime:0.0012s ]
SQL: SELECT * FROM `sbgl_device` WHERE `dv_identifier` = 2054246 LIMIT 1   [ RunTime:0.0005s ]

