[ 2017-04-12T20:39:50+08:00 ] 127.0.0.1 /index.php/Version/update/
INFO: [ app_init ] --START--
INFO: Run Behavior\BuildLiteBehavior [ RunTime:0.000030s ]
INFO: [ app_init ] --END-- [ RunTime:0.000902s ]
INFO: [ app_begin ] --START--
INFO: Run Behavior\ReadHtmlCacheBehavior [ RunTime:0.001986s ]
INFO: [ app_begin ] --END-- [ RunTime:0.002298s ]
ERR: 参数错误或者未定义:type

[ 2017-04-12T20:40:08+08:00 ] 127.0.0.1 /index.php/Version/update/type/1/version/2.0.1
INFO: [ app_init ] --START--
INFO: Run Behavior\BuildLiteBehavior [ RunTime:0.000023s ]
INFO: [ app_init ] --END-- [ RunTime:0.000381s ]
INFO: [ app_begin ] --START--
INFO: Run Behavior\ReadHtmlCacheBehavior [ RunTime:0.000395s ]
INFO: [ app_begin ] --END-- [ RunTime:0.000504s ]
SQL: SHOW COLUMNS FROM `sbgl_version` [ RunTime:0.0007s ]
SQL: SELECT * FROM `sbgl_version` WHERE ( client_type=1 ) ORDER BY time desc LIMIT 1   [ RunTime:0.0004s ]
NOTIC: [8] Undefined variable: latest_version E:\sbgl\Home\Controller\VersionController.class.php 第 18 行.
NOTIC: [8] Undefined variable: current_version E:\sbgl\Home\Controller\VersionController.class.php 第 18 行.

[ 2017-04-12T20:40:43+08:00 ] 127.0.0.1 /index.php/Version/update/type/1/version/2.0.1
INFO: [ app_init ] --START--
INFO: Run Behavior\BuildLiteBehavior [ RunTime:0.000023s ]
INFO: [ app_init ] --END-- [ RunTime:0.000420s ]
INFO: [ app_begin ] --START--
INFO: Run Behavior\ReadHtmlCacheBehavior [ RunTime:0.000413s ]
INFO: [ app_begin ] --END-- [ RunTime:0.000524s ]
SQL: SHOW COLUMNS FROM `sbgl_version` [ RunTime:0.0008s ]
SQL: SELECT * FROM `sbgl_version` WHERE ( client_type=1 ) ORDER BY time desc LIMIT 1   [ RunTime:0.0005s ]

[ 2017-04-12T20:41:09+08:00 ] 127.0.0.1 /index.php/Version/update/type/1/version/2.0.11
INFO: [ app_init ] --START--
INFO: Run Behavior\BuildLiteBehavior [ RunTime:0.000022s ]
INFO: [ app_init ] --END-- [ RunTime:0.000381s ]
INFO: [ app_begin ] --START--
INFO: Run Behavior\ReadHtmlCacheBehavior [ RunTime:0.000458s ]
INFO: [ app_begin ] --END-- [ RunTime:0.000584s ]
SQL: SHOW COLUMNS FROM `sbgl_version` [ RunTime:0.0007s ]
SQL: SELECT * FROM `sbgl_version` WHERE ( client_type=1 ) ORDER BY time desc LIMIT 1   [ RunTime:0.0003s ]

[ 2017-04-12T20:41:18+08:00 ] 127.0.0.1 /index.php/Version/update/type/1/version/2.0.11
INFO: [ app_init ] --START--
INFO: Run Behavior\BuildLiteBehavior [ RunTime:0.000024s ]
INFO: [ app_init ] --END-- [ RunTime:0.000490s ]
INFO: [ app_begin ] --START--
INFO: Run Behavior\ReadHtmlCacheBehavior [ RunTime:0.000460s ]
INFO: [ app_begin ] --END-- [ RunTime:0.000585s ]
SQL: SHOW COLUMNS FROM `sbgl_version` [ RunTime:0.0009s ]
SQL: SELECT * FROM `sbgl_version` WHERE ( client_type=1 ) ORDER BY time desc LIMIT 1   [ RunTime:0.0005s ]

[ 2017-04-12T20:41:21+08:00 ] 127.0.0.1 /index.php/Version/update/type/1/version/2.0.11
INFO: [ app_init ] --START--
INFO: Run Behavior\BuildLiteBehavior [ RunTime:0.000023s ]
INFO: [ app_init ] --END-- [ RunTime:0.000382s ]
INFO: [ app_begin ] --START--
INFO: Run Behavior\ReadHtmlCacheBehavior [ RunTime:0.000385s ]
INFO: [ app_begin ] --END-- [ RunTime:0.000494s ]
SQL: SHOW COLUMNS FROM `sbgl_version` [ RunTime:0.0007s ]
SQL: SELECT * FROM `sbgl_version` WHERE ( client_type=1 ) ORDER BY time desc LIMIT 1   [ RunTime:0.0006s ]

[ 2017-04-12T20:41:22+08:00 ] 127.0.0.1 /index.php/Version/update/type/1/version/2.0.11
INFO: [ app_init ] --START--
INFO: Run Behavior\BuildLiteBehavior [ RunTime:0.000024s ]
INFO: [ app_init ] --END-- [ RunTime:0.000406s ]
INFO: [ app_begin ] --START--
INFO: Run Behavior\ReadHtmlCacheBehavior [ RunTime:0.000411s ]
INFO: [ app_begin ] --END-- [ RunTime:0.000536s ]
SQL: SHOW COLUMNS FROM `sbgl_version` [ RunTime:0.0006s ]
SQL: SELECT * FROM `sbgl_version` WHERE ( client_type=1 ) ORDER BY time desc LIMIT 1   [ RunTime:0.0003s ]

[ 2017-04-12T20:41:55+08:00 ] 127.0.0.1 /index.php/Version/update/type/2/version/2.0.11
INFO: [ app_init ] --START--
INFO: Run Behavior\BuildLiteBehavior [ RunTime:0.000046s ]
INFO: [ app_init ] --END-- [ RunTime:0.000786s ]
INFO: [ app_begin ] --START--
INFO: Run Behavior\ReadHtmlCacheBehavior [ RunTime:0.001104s ]
INFO: [ app_begin ] --END-- [ RunTime:0.001313s ]
SQL: SHOW COLUMNS FROM `sbgl_version` [ RunTime:0.0008s ]
SQL: SELECT * FROM `sbgl_version` WHERE ( client_type=1 ) ORDER BY time desc LIMIT 1   [ RunTime:0.0006s ]

[ 2017-04-12T20:41:58+08:00 ] 127.0.0.1 /index.php/Version/update/type/2/version/2.0.11
INFO: [ app_init ] --START--
INFO: Run Behavior\BuildLiteBehavior [ RunTime:0.000042s ]
INFO: [ app_init ] --END-- [ RunTime:0.000748s ]
INFO: [ app_begin ] --START--
INFO: Run Behavior\ReadHtmlCacheBehavior [ RunTime:0.000449s ]
INFO: [ app_begin ] --END-- [ RunTime:0.000566s ]
SQL: SHOW COLUMNS FROM `sbgl_version` [ RunTime:0.0005s ]
SQL: SELECT * FROM `sbgl_version` WHERE ( client_type=1 ) ORDER BY time desc LIMIT 1   [ RunTime:0.0013s ]

[ 2017-04-12T20:42:08+08:00 ] 127.0.0.1 /index.php/Version/update/type/2/version/2.0.11
INFO: [ app_init ] --START--
INFO: Run Behavior\BuildLiteBehavior [ RunTime:0.000040s ]
INFO: [ app_init ] --END-- [ RunTime:0.000611s ]
INFO: [ app_begin ] --START--
INFO: Run Behavior\ReadHtmlCacheBehavior [ RunTime:0.000429s ]
INFO: [ app_begin ] --END-- [ RunTime:0.000550s ]
SQL: SHOW COLUMNS FROM `sbgl_version` [ RunTime:0.0010s ]
SQL: SELECT * FROM `sbgl_version` WHERE ( client_type=2 ) ORDER BY time desc LIMIT 1   [ RunTime:0.0006s ]

[ 2017-04-12T20:43:04+08:00 ] 127.0.0.1 /index.php/Version/update/type/2/version/2.0.11
INFO: [ app_init ] --START--
INFO: Run Behavior\BuildLiteBehavior [ RunTime:0.000050s ]
INFO: [ app_init ] --END-- [ RunTime:0.000801s ]
INFO: [ app_begin ] --START--
INFO: Run Behavior\ReadHtmlCacheBehavior [ RunTime:0.000589s ]
INFO: [ app_begin ] --END-- [ RunTime:0.000724s ]
SQL: SHOW COLUMNS FROM `sbgl_version` [ RunTime:0.0019s ]
SQL: SELECT * FROM `sbgl_version` WHERE ( client_type=2 ) ORDER BY time desc LIMIT 1   [ RunTime:0.0005s ]

[ 2017-04-12T20:48:20+08:00 ] 127.0.0.1 /index.php/Version/update/type/2/version/2.0.11
INFO: [ app_init ] --START--
INFO: Run Behavior\BuildLiteBehavior [ RunTime:0.000021s ]
INFO: [ app_init ] --END-- [ RunTime:0.000447s ]
INFO: [ app_begin ] --START--
INFO: Run Behavior\ReadHtmlCacheBehavior [ RunTime:0.000504s ]
INFO: [ app_begin ] --END-- [ RunTime:0.000631s ]
SQL: SHOW COLUMNS FROM `sbgl_version` [ RunTime:0.0008s ]
SQL: SELECT * FROM `sbgl_version` WHERE ( client_type=2 ) ORDER BY time desc LIMIT 1   [ RunTime:0.0004s ]
NOTIC: [2] strtolower() expects parameter 1 to be string, array given E:\sbgl\ThinkPHP\Library\Think\Model.class.php 第 1115 行.
NOTIC: [2] preg_match() expects parameter 1 to be string, array given E:\sbgl\ThinkPHP\Library\Think\Model.class.php 第 1117 行.

[ 2017-04-12T20:49:51+08:00 ] 127.0.0.1 /index.php/Version/update/type/2/version/2.0.11
INFO: [ app_init ] --START--
INFO: Run Behavior\BuildLiteBehavior [ RunTime:0.000023s ]
INFO: [ app_init ] --END-- [ RunTime:0.000411s ]
INFO: [ app_begin ] --START--
INFO: Run Behavior\ReadHtmlCacheBehavior [ RunTime:0.000806s ]
INFO: [ app_begin ] --END-- [ RunTime:0.000955s ]
SQL: SHOW COLUMNS FROM `sbgl_version` [ RunTime:0.0008s ]
SQL: SELECT * FROM `sbgl_version` WHERE ( client_type=2 ) ORDER BY time desc LIMIT 1   [ RunTime:0.0004s ]
NOTIC: [2] strtolower() expects parameter 1 to be string, array given E:\sbgl\ThinkPHP\Library\Think\Model.class.php 第 1115 行.
NOTIC: [2] preg_match() expects parameter 1 to be string, array given E:\sbgl\ThinkPHP\Library\Think\Model.class.php 第 1117 行.

[ 2017-04-12T20:50:15+08:00 ] 127.0.0.1 /index.php/Version/update/type/2/version/2.0.11
INFO: [ app_init ] --START--
INFO: Run Behavior\BuildLiteBehavior [ RunTime:0.000024s ]
INFO: [ app_init ] --END-- [ RunTime:0.000455s ]
INFO: [ app_begin ] --START--
INFO: Run Behavior\ReadHtmlCacheBehavior [ RunTime:0.000590s ]
INFO: [ app_begin ] --END-- [ RunTime:0.000699s ]
SQL: SHOW COLUMNS FROM `sbgl_version` [ RunTime:0.0006s ]
SQL: SELECT * FROM `sbgl_version` WHERE ( client_type=2 ) ORDER BY time desc LIMIT 1   [ RunTime:0.0003s ]
NOTIC: [2] strtolower() expects parameter 1 to be string, array given E:\sbgl\ThinkPHP\Library\Think\Model.class.php 第 1115 行.
NOTIC: [2] preg_match() expects parameter 1 to be string, array given E:\sbgl\ThinkPHP\Library\Think\Model.class.php 第 1117 行.

[ 2017-04-12T20:50:32+08:00 ] 127.0.0.1 /index.php/Version/update/type/2/version/2.0.11
INFO: [ app_init ] --START--
INFO: Run Behavior\BuildLiteBehavior [ RunTime:0.000021s ]
INFO: [ app_init ] --END-- [ RunTime:0.000418s ]
INFO: [ app_begin ] --START--
INFO: Run Behavior\ReadHtmlCacheBehavior [ RunTime:0.000622s ]
INFO: [ app_begin ] --END-- [ RunTime:0.000726s ]
SQL: SHOW COLUMNS FROM `sbgl_version` [ RunTime:0.0006s ]
SQL: SELECT * FROM `sbgl_version` WHERE ( client_type=2 ) ORDER BY time desc LIMIT 1   [ RunTime:0.0003s ]
NOTIC: [2] strtolower() expects parameter 1 to be string, array given E:\sbgl\ThinkPHP\Library\Think\Model.class.php 第 1115 行.
NOTIC: [2] preg_match() expects parameter 1 to be string, array given E:\sbgl\ThinkPHP\Library\Think\Model.class.php 第 1117 行.

