[ 2017-05-28T00:45:07+08:00 ] 192.168.0.100 /
INFO: [ app_init ] --START--
INFO: Run Behavior\BuildLiteBehavior [ RunTime:0.000085s ]
INFO: [ app_init ] --END-- [ RunTime:0.002369s ]
INFO: [ app_begin ] --START--
INFO: Run Behavior\ReadHtmlCacheBehavior [ RunTime:0.003300s ]
INFO: [ app_begin ] --END-- [ RunTime:0.003790s ]
ERR: 非法操作:index

[ 2017-05-28T12:01:20+08:00 ] 127.0.0.1 /index.php/Index/login/stu_id/151110192/pwd/admin123
INFO: [ app_init ] --START--
INFO: Run Behavior\BuildLiteBehavior [ RunTime:0.000044s ]
INFO: [ app_init ] --END-- [ RunTime:0.001491s ]
INFO: [ app_begin ] --START--
INFO: Run Behavior\ReadHtmlCacheBehavior [ RunTime:0.001018s ]
INFO: [ app_begin ] --END-- [ RunTime:0.001203s ]
SQL: SHOW COLUMNS FROM `sbgl_user` [ RunTime:0.0010s ]
SQL: SHOW COLUMNS FROM `sbgl_secret_key` [ RunTime:0.0008s ]
SQL: SELECT * FROM `sbgl_user` WHERE ( user='151110192' ) LIMIT 1   [ RunTime:0.0005s ]
NOTIC: [8] Undefined index: id E:\sbgl\Home\Controller\IndexController.class.php 第 97 行.
SQL: SELECT * FROM `sbgl_secret_key` LIMIT 1   [ RunTime:0.0005s ]
NOTIC: [8] Undefined index: id E:\sbgl\Home\Controller\IndexController.class.php 第 102 行.

[ 2017-05-28T12:02:07+08:00 ] 127.0.0.1 /index.php/Index/register/stu_id/151110192/pwd/admin123
INFO: [ app_init ] --START--
INFO: Run Behavior\BuildLiteBehavior [ RunTime:0.000023s ]
INFO: [ app_init ] --END-- [ RunTime:0.000483s ]
INFO: [ app_begin ] --START--
INFO: Run Behavior\ReadHtmlCacheBehavior [ RunTime:0.000742s ]
INFO: [ app_begin ] --END-- [ RunTime:0.000860s ]
SQL: SHOW COLUMNS FROM `sbgl_user` [ RunTime:0.0008s ]
SQL: SHOW COLUMNS FROM `sbgl_secret_key` [ RunTime:0.0008s ]
SQL: SELECT * FROM `sbgl_user` WHERE ( user=151110192 ) LIMIT 1   [ RunTime:0.0003s ]

[ 2017-05-28T12:02:37+08:00 ] 127.0.0.1 /index.php/Index/register/stu_id/151110192/pwd/admin123
INFO: [ app_init ] --START--
INFO: Run Behavior\BuildLiteBehavior [ RunTime:0.000044s ]
INFO: [ app_init ] --END-- [ RunTime:0.000780s ]
INFO: [ app_begin ] --START--
INFO: Run Behavior\ReadHtmlCacheBehavior [ RunTime:0.000945s ]
INFO: [ app_begin ] --END-- [ RunTime:0.001112s ]
SQL: SHOW COLUMNS FROM `sbgl_user` [ RunTime:0.0011s ]
SQL: SHOW COLUMNS FROM `sbgl_secret_key` [ RunTime:0.0010s ]
SQL: SELECT * FROM `sbgl_user` WHERE ( user=151110192 ) LIMIT 1   [ RunTime:0.0004s ]
NOTIC: [8] Undefined index: validate E:\sbgl\ThinkPHP\Library\Think\Model.class.php 第 1185 行.
NOTIC: [8] Undefined index: email E:\sbgl\ThinkPHP\Library\Think\Model.class.php 第 1217 行.
NOTIC: [8] Undefined index: phone E:\sbgl\ThinkPHP\Library\Think\Model.class.php 第 1217 行.
NOTIC: [8] Undefined index: phone E:\sbgl\ThinkPHP\Library\Think\Model.class.php 第 1217 行.
NOTIC: [8] Undefined index: sphone E:\sbgl\ThinkPHP\Library\Think\Model.class.php 第 1217 行.
NOTIC: [8] Undefined index: sphone E:\sbgl\ThinkPHP\Library\Think\Model.class.php 第 1217 行.
NOTIC: [8] Undefined index: auto E:\sbgl\ThinkPHP\Library\Think\Model.class.php 第 1128 行.
SQL: INSERT INTO `sbgl_user` (`user`,`psd`,`reg_time`) VALUES ('151110192','$2y$10$YPNxTS2GXj/s.tHUpQ9mK.qjZCGG.P4oIQUzirpJ20iogyPBuQ8AC','1495944157') [ RunTime:0.0004s ]
SQL: SELECT `id` FROM `sbgl_user` WHERE ( user=151110192 ) LIMIT 1   [ RunTime:0.0002s ]
ERR: 1364:Field 'user_secret' doesn't have a default value
 [ SQL语句 ] : INSERT INTO `sbgl_secret_key` (`user_id`) VALUES ('34')
ERR: 1364:Field 'user_secret' doesn't have a default value
 [ SQL语句 ] : INSERT INTO `sbgl_secret_key` (`user_id`) VALUES ('34')

[ 2017-05-28T12:03:32+08:00 ] 127.0.0.1 /index.php/Index/register/stu_id/151110192/pwd/admin123
INFO: [ app_init ] --START--
INFO: Run Behavior\BuildLiteBehavior [ RunTime:0.000026s ]
INFO: [ app_init ] --END-- [ RunTime:0.000539s ]
INFO: [ app_begin ] --START--
INFO: Run Behavior\ReadHtmlCacheBehavior [ RunTime:0.000792s ]
INFO: [ app_begin ] --END-- [ RunTime:0.000915s ]
SQL: SHOW COLUMNS FROM `sbgl_user` [ RunTime:0.0012s ]
SQL: SHOW COLUMNS FROM `sbgl_secret_key` [ RunTime:0.0009s ]
SQL: SELECT * FROM `sbgl_user` WHERE ( user=151110192 ) LIMIT 1   [ RunTime:0.0004s ]
NOTIC: [8] Undefined index: validate E:\sbgl\ThinkPHP\Library\Think\Model.class.php 第 1185 行.
NOTIC: [8] Undefined index: email E:\sbgl\ThinkPHP\Library\Think\Model.class.php 第 1217 行.
NOTIC: [8] Undefined index: phone E:\sbgl\ThinkPHP\Library\Think\Model.class.php 第 1217 行.
NOTIC: [8] Undefined index: phone E:\sbgl\ThinkPHP\Library\Think\Model.class.php 第 1217 行.
NOTIC: [8] Undefined index: sphone E:\sbgl\ThinkPHP\Library\Think\Model.class.php 第 1217 行.
NOTIC: [8] Undefined index: sphone E:\sbgl\ThinkPHP\Library\Think\Model.class.php 第 1217 行.
NOTIC: [8] Undefined index: auto E:\sbgl\ThinkPHP\Library\Think\Model.class.php 第 1128 行.
SQL: UPDATE `sbgl_user` SET `user`='151110192',`psd`='$2y$10$RtWrR0v4URu9GNsGXu2t7uEElGQSmR2Imyu7Zpn7PWcO3haTP42qW',`reg_time`='1495944212' WHERE ( user=151110192 ) [ RunTime:0.0004s ]
SQL: SELECT `id` FROM `sbgl_user` WHERE ( user=151110192 ) LIMIT 1   [ RunTime:0.0002s ]
SQL: INSERT INTO `sbgl_secret_key` (`user_id`,`user_secret`) VALUES ('34','65d104674261e69e13b46f3adf49c7f8') [ RunTime:0.0004s ]

[ 2017-05-28T12:07:26+08:00 ] 127.0.0.1 /index.php/Index/login/stu_id/151110192/pwd/admin123
INFO: [ app_init ] --START--
INFO: Run Behavior\BuildLiteBehavior [ RunTime:0.000024s ]
INFO: [ app_init ] --END-- [ RunTime:0.000509s ]
INFO: [ app_begin ] --START--
INFO: Run Behavior\ReadHtmlCacheBehavior [ RunTime:0.000977s ]
INFO: [ app_begin ] --END-- [ RunTime:0.001163s ]
SQL: SHOW COLUMNS FROM `sbgl_user` [ RunTime:0.0010s ]
SQL: SHOW COLUMNS FROM `sbgl_secret_key` [ RunTime:0.0008s ]
SQL: SELECT * FROM `sbgl_user` WHERE ( user='151110192' ) LIMIT 1   [ RunTime:0.0004s ]
NOTIC: [8] Undefined index: id E:\sbgl\Home\Controller\IndexController.class.php 第 97 行.
SQL: SELECT * FROM `sbgl_secret_key` LIMIT 1   [ RunTime:0.0003s ]
NOTIC: [8] Undefined index: id E:\sbgl\Home\Controller\IndexController.class.php 第 102 行.

[ 2017-05-28T12:07:56+08:00 ] 127.0.0.1 /index.php/Index/login/stu_id/151110192/pwd/admin123
INFO: [ app_init ] --START--
INFO: Run Behavior\BuildLiteBehavior [ RunTime:0.000024s ]
INFO: [ app_init ] --END-- [ RunTime:0.000435s ]
INFO: [ app_begin ] --START--
INFO: Run Behavior\ReadHtmlCacheBehavior [ RunTime:0.000704s ]
INFO: [ app_begin ] --END-- [ RunTime:0.000837s ]
SQL: SHOW COLUMNS FROM `sbgl_user` [ RunTime:0.0009s ]
SQL: SHOW COLUMNS FROM `sbgl_secret_key` [ RunTime:0.0008s ]
SQL: SELECT * FROM `sbgl_user` WHERE ( user='151110192' ) LIMIT 1   [ RunTime:0.0004s ]
NOTIC: [8] Undefined index: id E:\sbgl\Home\Controller\IndexController.class.php 第 97 行.
SQL: SELECT * FROM `sbgl_secret_key` LIMIT 1   [ RunTime:0.0003s ]

[ 2017-05-28T12:39:26+08:00 ] 127.0.0.1 /index.php/Index/register/stu_id/151110192/pwd/admin123
INFO: [ app_init ] --START--
INFO: Run Behavior\BuildLiteBehavior [ RunTime:0.000027s ]
INFO: [ app_init ] --END-- [ RunTime:0.000631s ]
INFO: [ app_begin ] --START--
INFO: Run Behavior\ReadHtmlCacheBehavior [ RunTime:0.000981s ]
INFO: [ app_begin ] --END-- [ RunTime:0.001107s ]
SQL: SHOW COLUMNS FROM `sbgl_user` [ RunTime:0.0020s ]
SQL: SELECT * FROM `sbgl_user` WHERE ( user=151110192 ) LIMIT 1   [ RunTime:0.0004s ]
NOTIC: [8] Undefined index: validate E:\sbgl\ThinkPHP\Library\Think\Model.class.php 第 1185 行.
NOTIC: [8] Undefined index: email E:\sbgl\ThinkPHP\Library\Think\Model.class.php 第 1217 行.
NOTIC: [8] Undefined index: phone E:\sbgl\ThinkPHP\Library\Think\Model.class.php 第 1217 行.
NOTIC: [8] Undefined index: phone E:\sbgl\ThinkPHP\Library\Think\Model.class.php 第 1217 行.
NOTIC: [8] Undefined index: sphone E:\sbgl\ThinkPHP\Library\Think\Model.class.php 第 1217 行.
NOTIC: [8] Undefined index: sphone E:\sbgl\ThinkPHP\Library\Think\Model.class.php 第 1217 行.
NOTIC: [8] Undefined index: auto E:\sbgl\ThinkPHP\Library\Think\Model.class.php 第 1128 行.
SQL: UPDATE `sbgl_user` SET `user`='151110192',`psd`='$2y$10$hds7KPwQGa7Lz4Wg6KO86.ETeD5pfdUv.wutk5Ik7wlUVsXuNNjrG',`reg_time`='1495946366' WHERE ( user=151110192 ) [ RunTime:0.0006s ]

[ 2017-05-28T12:49:47+08:00 ] 127.0.0.1 /index.php/Index/login/stu_id/151110192/pwd/admin123
INFO: [ app_init ] --START--
INFO: Run Behavior\BuildLiteBehavior [ RunTime:0.000023s ]
INFO: [ app_init ] --END-- [ RunTime:0.000494s ]
INFO: [ app_begin ] --START--
INFO: Run Behavior\ReadHtmlCacheBehavior [ RunTime:0.001701s ]
INFO: [ app_begin ] --END-- [ RunTime:0.001909s ]
SQL: SHOW COLUMNS FROM `sbgl_user` [ RunTime:0.0016s ]
SQL: SELECT * FROM `sbgl_user` WHERE ( user='151110192' ) LIMIT 1   [ RunTime:0.0004s ]

[ 2017-05-28T12:52:40+08:00 ] 127.0.0.1 /index.php/Index/register/stu_id/151110192/pwd/admin123
INFO: [ app_init ] --START--
INFO: Run Behavior\BuildLiteBehavior [ RunTime:0.000023s ]
INFO: [ app_init ] --END-- [ RunTime:0.000495s ]
INFO: [ app_begin ] --START--
INFO: Run Behavior\ReadHtmlCacheBehavior [ RunTime:0.000857s ]
INFO: [ app_begin ] --END-- [ RunTime:0.001033s ]
SQL: SHOW COLUMNS FROM `sbgl_user` [ RunTime:0.0009s ]
SQL: SELECT * FROM `sbgl_user` WHERE ( user=151110192 ) LIMIT 1   [ RunTime:0.0004s ]
NOTIC: [8] Undefined index: validate E:\sbgl\ThinkPHP\Library\Think\Model.class.php 第 1185 行.
NOTIC: [8] Undefined index: email E:\sbgl\ThinkPHP\Library\Think\Model.class.php 第 1217 行.
NOTIC: [8] Undefined index: phone E:\sbgl\ThinkPHP\Library\Think\Model.class.php 第 1217 行.
NOTIC: [8] Undefined index: phone E:\sbgl\ThinkPHP\Library\Think\Model.class.php 第 1217 行.
NOTIC: [8] Undefined index: sphone E:\sbgl\ThinkPHP\Library\Think\Model.class.php 第 1217 行.
NOTIC: [8] Undefined index: sphone E:\sbgl\ThinkPHP\Library\Think\Model.class.php 第 1217 行.
NOTIC: [8] Undefined index: auto E:\sbgl\ThinkPHP\Library\Think\Model.class.php 第 1128 行.
SQL: UPDATE `sbgl_user` SET `user`='151110192',`psd`='$2y$10$7jatOLF5ZIZXNLoBTtS31einTMmS7BkAQqvVuKTN1CtxxowyYoGgG',`reg_time`='1495947160' WHERE ( user=151110192 ) [ RunTime:0.0006s ]

[ 2017-05-28T12:53:15+08:00 ] 127.0.0.1 /index.php/Index/identification/stu_id/151110192/pwd/qwe13729389428
INFO: [ app_init ] --START--
INFO: Run Behavior\BuildLiteBehavior [ RunTime:0.000023s ]
INFO: [ app_init ] --END-- [ RunTime:0.000433s ]
INFO: [ app_begin ] --START--
INFO: Run Behavior\ReadHtmlCacheBehavior [ RunTime:0.000700s ]
INFO: [ app_begin ] --END-- [ RunTime:0.000845s ]
SQL: SHOW COLUMNS FROM `sbgl_user` [ RunTime:0.0017s ]
SQL: UPDATE `sbgl_user` SET `verify`='1',`username`='陈海钦',`class`='计算机1504班' WHERE ( user=151110192 ) [ RunTime:0.0011s ]

[ 2017-05-28T12:53:40+08:00 ] 127.0.0.1 /index.php/Index/identification/stu_id/151110192/pwd/qwe1372938942
INFO: [ app_init ] --START--
INFO: Run Behavior\BuildLiteBehavior [ RunTime:0.000114s ]
INFO: [ app_init ] --END-- [ RunTime:0.002057s ]
INFO: [ app_begin ] --START--
INFO: Run Behavior\ReadHtmlCacheBehavior [ RunTime:0.000948s ]
INFO: [ app_begin ] --END-- [ RunTime:0.001130s ]
NOTIC: [8] Undefined offset: 1 E:\sbgl\Common\Common\function.php 第 97 行.

[ 2017-05-28T13:03:35+08:00 ] 127.0.0.1 /index.php/Index/login/stu_id/151110192/pwd/admin123
INFO: [ app_init ] --START--
INFO: Run Behavior\BuildLiteBehavior [ RunTime:0.000022s ]
INFO: [ app_init ] --END-- [ RunTime:0.000910s ]
INFO: [ app_begin ] --START--
INFO: Run Behavior\ReadHtmlCacheBehavior [ RunTime:0.000866s ]
INFO: [ app_begin ] --END-- [ RunTime:0.000997s ]
SQL: SHOW COLUMNS FROM `sbgl_user` [ RunTime:0.0023s ]
SQL: SELECT * FROM `sbgl_user` WHERE ( user='151110192' ) LIMIT 1   [ RunTime:0.0007s ]

[ 2017-05-28T13:03:55+08:00 ] 127.0.0.1 /index.php/Device/getInformation/
INFO: [ app_init ] --START--
INFO: Run Behavior\BuildLiteBehavior [ RunTime:0.000023s ]
INFO: [ app_init ] --END-- [ RunTime:0.000451s ]
INFO: [ app_begin ] --START--
INFO: Run Behavior\ReadHtmlCacheBehavior [ RunTime:0.000626s ]
INFO: [ app_begin ] --END-- [ RunTime:0.000743s ]
NOTIC: [8] Undefined index: userId E:\sbgl\Tools\IndexController.class.php 第 12 行.
NOTIC: [8] Undefined index: sign E:\sbgl\Tools\IndexController.class.php 第 14 行.

[ 2017-05-28T13:03:57+08:00 ] 127.0.0.1 /index.php/Device/getInformation/
INFO: [ app_init ] --START--
INFO: Run Behavior\BuildLiteBehavior [ RunTime:0.000022s ]
INFO: [ app_init ] --END-- [ RunTime:0.000421s ]
INFO: [ app_begin ] --START--
INFO: Run Behavior\ReadHtmlCacheBehavior [ RunTime:0.000628s ]
INFO: [ app_begin ] --END-- [ RunTime:0.000746s ]
NOTIC: [8] Undefined index: userId E:\sbgl\Tools\IndexController.class.php 第 12 行.
NOTIC: [8] Undefined index: sign E:\sbgl\Tools\IndexController.class.php 第 14 行.

[ 2017-05-28T13:03:58+08:00 ] 127.0.0.1 /index.php/Device/getInformation/
INFO: [ app_init ] --START--
INFO: Run Behavior\BuildLiteBehavior [ RunTime:0.000023s ]
INFO: [ app_init ] --END-- [ RunTime:0.000446s ]
INFO: [ app_begin ] --START--
INFO: Run Behavior\ReadHtmlCacheBehavior [ RunTime:0.000632s ]
INFO: [ app_begin ] --END-- [ RunTime:0.000754s ]
NOTIC: [8] Undefined index: userId E:\sbgl\Tools\IndexController.class.php 第 12 行.
NOTIC: [8] Undefined index: sign E:\sbgl\Tools\IndexController.class.php 第 14 行.

[ 2017-05-28T13:03:58+08:00 ] 127.0.0.1 /index.php/Device/getInformation/
INFO: [ app_init ] --START--
INFO: Run Behavior\BuildLiteBehavior [ RunTime:0.000025s ]
INFO: [ app_init ] --END-- [ RunTime:0.000457s ]
INFO: [ app_begin ] --START--
INFO: Run Behavior\ReadHtmlCacheBehavior [ RunTime:0.000754s ]
INFO: [ app_begin ] --END-- [ RunTime:0.000885s ]
NOTIC: [8] Undefined index: userId E:\sbgl\Tools\IndexController.class.php 第 12 行.
NOTIC: [8] Undefined index: sign E:\sbgl\Tools\IndexController.class.php 第 14 行.

[ 2017-05-28T13:17:02+08:00 ] 127.0.0.1 /index.php/Index/identification/stu_id/151110192/pwd/qwe1372938942
INFO: [ app_init ] --START--
INFO: Run Behavior\BuildLiteBehavior [ RunTime:0.000024s ]
INFO: [ app_init ] --END-- [ RunTime:0.000544s ]
INFO: [ app_begin ] --START--
INFO: Run Behavior\ReadHtmlCacheBehavior [ RunTime:0.000784s ]
INFO: [ app_begin ] --END-- [ RunTime:0.000934s ]
NOTIC: [8] Undefined offset: 1 E:\sbgl\Common\Common\function.php 第 97 行.

[ 2017-05-28T13:17:12+08:00 ] 127.0.0.1 /index.php/Index/identification/stu_id/151110192/pwd/qwe13729389428
INFO: [ app_init ] --START--
INFO: Run Behavior\BuildLiteBehavior [ RunTime:0.000023s ]
INFO: [ app_init ] --END-- [ RunTime:0.000552s ]
INFO: [ app_begin ] --START--
INFO: Run Behavior\ReadHtmlCacheBehavior [ RunTime:0.000646s ]
INFO: [ app_begin ] --END-- [ RunTime:0.000762s ]
SQL: SHOW COLUMNS FROM `sbgl_user` [ RunTime:0.0021s ]
SQL: UPDATE `sbgl_user` SET `verify`='1',`username`='陈海钦',`class`='计算机1504班' WHERE ( user=151110192 ) [ RunTime:0.0008s ]

[ 2017-05-28T13:17:37+08:00 ] 127.0.0.1 /index.php/Index/identification/stu_id/151110192/pwd/qwe13729389428
INFO: [ app_init ] --START--
INFO: Run Behavior\BuildLiteBehavior [ RunTime:0.000026s ]
INFO: [ app_init ] --END-- [ RunTime:0.000500s ]
INFO: [ app_begin ] --START--
INFO: Run Behavior\ReadHtmlCacheBehavior [ RunTime:0.000782s ]
INFO: [ app_begin ] --END-- [ RunTime:0.000914s ]
SQL: SHOW COLUMNS FROM `sbgl_user` [ RunTime:0.0029s ]
SQL: UPDATE `sbgl_user` SET `verify`='1',`username`='陈海钦',`class`='计算机1504班' WHERE ( user=151110192 ) [ RunTime:0.0011s ]
SQL: SELECT `verify`,`type` FROM `sbgl_user` WHERE ( user=151110192 ) LIMIT 1   [ RunTime:0.0007s ]

[ 2017-05-28T14:14:32+08:00 ] 127.0.0.1 /index.php/Index/login/stu_id/151110192/pwd/admin123
INFO: [ app_init ] --START--
INFO: Run Behavior\BuildLiteBehavior [ RunTime:0.000025s ]
INFO: [ app_init ] --END-- [ RunTime:0.000906s ]
INFO: [ app_begin ] --START--
INFO: Run Behavior\ReadHtmlCacheBehavior [ RunTime:0.007483s ]
INFO: [ app_begin ] --END-- [ RunTime:0.007628s ]
SQL: SHOW COLUMNS FROM `sbgl_user` [ RunTime:0.0011s ]
SQL: SELECT * FROM `sbgl_user` WHERE ( user='151110192' ) LIMIT 1   [ RunTime:0.0004s ]

[ 2017-05-28T14:15:06+08:00 ] 127.0.0.1 /index.php/Index/login/stu_id/151110192/pwd/admin123
INFO: [ app_init ] --START--
INFO: Run Behavior\BuildLiteBehavior [ RunTime:0.000024s ]
INFO: [ app_init ] --END-- [ RunTime:0.000426s ]
INFO: [ app_begin ] --START--
INFO: Run Behavior\ReadHtmlCacheBehavior [ RunTime:0.000767s ]
INFO: [ app_begin ] --END-- [ RunTime:0.000897s ]
SQL: SHOW COLUMNS FROM `sbgl_user` [ RunTime:0.0009s ]
SQL: SELECT * FROM `sbgl_user` WHERE ( user='151110192' ) LIMIT 1   [ RunTime:0.0003s ]

[ 2017-05-28T14:15:16+08:00 ] 127.0.0.1 /index.php/Device/getInformation/
INFO: [ app_init ] --START--
INFO: Run Behavior\BuildLiteBehavior [ RunTime:0.000023s ]
INFO: [ app_init ] --END-- [ RunTime:0.000429s ]
INFO: [ app_begin ] --START--
INFO: Run Behavior\ReadHtmlCacheBehavior [ RunTime:0.001252s ]
INFO: [ app_begin ] --END-- [ RunTime:0.001403s ]
NOTIC: [8] Undefined index: userId E:\sbgl\Tools\IndexController.class.php 第 12 行.
NOTIC: [8] Undefined index: sign E:\sbgl\Tools\IndexController.class.php 第 16 行.

[ 2017-05-28T14:16:19+08:00 ] 127.0.0.1 /index.php/Index/login/stu_id/151110192/pwd/admin123
INFO: [ app_init ] --START--
INFO: Run Behavior\BuildLiteBehavior [ RunTime:0.000039s ]
INFO: [ app_init ] --END-- [ RunTime:0.000913s ]
INFO: [ app_begin ] --START--
INFO: Run Behavior\ReadHtmlCacheBehavior [ RunTime:0.001504s ]
INFO: [ app_begin ] --END-- [ RunTime:0.001660s ]
SQL: SHOW COLUMNS FROM `sbgl_user` [ RunTime:0.0015s ]
SQL: SELECT * FROM `sbgl_user` WHERE ( user='151110192' ) LIMIT 1   [ RunTime:0.0005s ]

[ 2017-05-28T14:16:41+08:00 ] 127.0.0.1 /index.php/Device/getInformation/
INFO: [ app_init ] --START--
INFO: Run Behavior\BuildLiteBehavior [ RunTime:0.000024s ]
INFO: [ app_init ] --END-- [ RunTime:0.000547s ]
INFO: [ app_begin ] --START--
INFO: Run Behavior\ReadHtmlCacheBehavior [ RunTime:0.000819s ]
INFO: [ app_begin ] --END-- [ RunTime:0.000948s ]
NOTIC: [8] Undefined index: userId E:\sbgl\Tools\IndexController.class.php 第 12 行.
NOTIC: [8] Undefined index: sign E:\sbgl\Tools\IndexController.class.php 第 16 行.

[ 2017-05-28T14:17:08+08:00 ] 127.0.0.1 /index.php/Device/getInformation/userId/g12bl2fqomc4ccoa2kf31ruh20/sign/12095e6c1bdd3bb70d0d1696350c970d
INFO: [ app_init ] --START--
INFO: Run Behavior\BuildLiteBehavior [ RunTime:0.000024s ]
INFO: [ app_init ] --END-- [ RunTime:0.000428s ]
INFO: [ app_begin ] --START--
INFO: Run Behavior\ReadHtmlCacheBehavior [ RunTime:0.000630s ]
INFO: [ app_begin ] --END-- [ RunTime:0.000744s ]
ERR: 参数错误或者未定义:identifier

[ 2017-05-28T14:17:49+08:00 ] 127.0.0.1 /index.php/Device/getInformation/userId/g12bl2fqomc4ccoa2kf31ruh20/sign/12095e6c1bdd3bb70d0d1696350c970d/identifier/20170201
INFO: [ app_init ] --START--
INFO: Run Behavior\BuildLiteBehavior [ RunTime:0.000026s ]
INFO: [ app_init ] --END-- [ RunTime:0.000559s ]
INFO: [ app_begin ] --START--
INFO: Run Behavior\ReadHtmlCacheBehavior [ RunTime:0.000737s ]
INFO: [ app_begin ] --END-- [ RunTime:0.000904s ]
SQL: SHOW COLUMNS FROM `sbgl_device` [ RunTime:0.0019s ]
SQL: SELECT * FROM `sbgl_device` WHERE `dv_identifier` = 20170201 LIMIT 1   [ RunTime:0.0004s ]

[ 2017-05-28T14:33:30+08:00 ] 127.0.0.1 /index.php/Device/getInformation/userId/g12bl2fqomc4ccoa2kf31ruh20/sign/12095e6c1bdd3bb70d0d1696350c970d
INFO: [ app_init ] --START--
INFO: Run Behavior\BuildLiteBehavior [ RunTime:0.000035s ]
INFO: [ app_init ] --END-- [ RunTime:0.000686s ]
INFO: [ app_begin ] --START--
INFO: Run Behavior\ReadHtmlCacheBehavior [ RunTime:0.000840s ]
INFO: [ app_begin ] --END-- [ RunTime:0.000964s ]

[ 2017-05-28T14:33:31+08:00 ] 127.0.0.1 /index.php/Device/getInformation/
INFO: [ app_init ] --START--
INFO: Run Behavior\BuildLiteBehavior [ RunTime:0.000027s ]
INFO: [ app_init ] --END-- [ RunTime:0.000469s ]
INFO: [ app_begin ] --START--
INFO: Run Behavior\ReadHtmlCacheBehavior [ RunTime:0.001146s ]
INFO: [ app_begin ] --END-- [ RunTime:0.001388s ]
NOTIC: [8] Undefined index: userId E:\sbgl\Tools\IndexController.class.php 第 12 行.
NOTIC: [8] Undefined index: sign E:\sbgl\Tools\IndexController.class.php 第 16 行.

[ 2017-05-28T14:33:40+08:00 ] 127.0.0.1 /index.php/Device/getInformation/userId/g12bl2fqomc4ccoa2kf31ruh20/sign/12095e6c1bdd3bb70d0d1696350c970d
INFO: [ app_init ] --START--
INFO: Run Behavior\BuildLiteBehavior [ RunTime:0.000023s ]
INFO: [ app_init ] --END-- [ RunTime:0.000402s ]
INFO: [ app_begin ] --START--
INFO: Run Behavior\ReadHtmlCacheBehavior [ RunTime:0.000942s ]
INFO: [ app_begin ] --END-- [ RunTime:0.001121s ]

[ 2017-05-28T14:33:41+08:00 ] 127.0.0.1 /index.php/Device/getInformation/userId/g12bl2fqomc4ccoa2kf31ruh20/sign/12095e6c1bdd3bb70d0d1696350c970d/identifier/20170201
INFO: [ app_init ] --START--
INFO: Run Behavior\BuildLiteBehavior [ RunTime:0.000033s ]
INFO: [ app_init ] --END-- [ RunTime:0.000462s ]
INFO: [ app_begin ] --START--
INFO: Run Behavior\ReadHtmlCacheBehavior [ RunTime:0.001103s ]
INFO: [ app_begin ] --END-- [ RunTime:0.001268s ]

[ 2017-05-28T14:33:43+08:00 ] 127.0.0.1 /index.php/Device/getInformation/userId/g12bl2fqomc4ccoa2kf31ruh20/sign/12095e6c1bdd3bb70d0d1696350c970d/identifier/20170201
INFO: [ app_init ] --START--
INFO: Run Behavior\BuildLiteBehavior [ RunTime:0.000024s ]
INFO: [ app_init ] --END-- [ RunTime:0.000431s ]
INFO: [ app_begin ] --START--
INFO: Run Behavior\ReadHtmlCacheBehavior [ RunTime:0.000656s ]
INFO: [ app_begin ] --END-- [ RunTime:0.000776s ]

[ 2017-05-28T14:33:44+08:00 ] 127.0.0.1 /index.php/Device/getInformation/userId/g12bl2fqomc4ccoa2kf31ruh20/sign/12095e6c1bdd3bb70d0d1696350c970d/identifier/20170201
INFO: [ app_init ] --START--
INFO: Run Behavior\BuildLiteBehavior [ RunTime:0.000024s ]
INFO: [ app_init ] --END-- [ RunTime:0.000481s ]
INFO: [ app_begin ] --START--
INFO: Run Behavior\ReadHtmlCacheBehavior [ RunTime:0.001110s ]
INFO: [ app_begin ] --END-- [ RunTime:0.001319s ]

[ 2017-05-28T14:33:45+08:00 ] 127.0.0.1 /index.php/Device/getInformation/userId/g12bl2fqomc4ccoa2kf31ruh20/sign/12095e6c1bdd3bb70d0d1696350c970d/identifier/20170201
INFO: [ app_init ] --START--
INFO: Run Behavior\BuildLiteBehavior [ RunTime:0.000040s ]
INFO: [ app_init ] --END-- [ RunTime:0.000690s ]
INFO: [ app_begin ] --START--
INFO: Run Behavior\ReadHtmlCacheBehavior [ RunTime:0.000688s ]
INFO: [ app_begin ] --END-- [ RunTime:0.000850s ]

[ 2017-05-28T14:33:47+08:00 ] 127.0.0.1 /index.php/Device/getInformation/userId/g12bl2fqomc4ccoa2kf31ruh20/sign/12095e6c1bdd3bb70d0d1696350c970d/identifier/20170201
INFO: [ app_init ] --START--
INFO: Run Behavior\BuildLiteBehavior [ RunTime:0.000068s ]
INFO: [ app_init ] --END-- [ RunTime:0.000761s ]
INFO: [ app_begin ] --START--
INFO: Run Behavior\ReadHtmlCacheBehavior [ RunTime:0.000941s ]
INFO: [ app_begin ] --END-- [ RunTime:0.001145s ]

[ 2017-05-28T14:33:50+08:00 ] 127.0.0.1 /index.php/Device/getInformation/userId/g12bl2fqomc4ccoa2kf31ruh20/sign/12095e6c1bdd3bb70d0d1696350c970d/identifier/20170201
INFO: [ app_init ] --START--
INFO: Run Behavior\BuildLiteBehavior [ RunTime:0.000024s ]
INFO: [ app_init ] --END-- [ RunTime:0.000438s ]
INFO: [ app_begin ] --START--
INFO: Run Behavior\ReadHtmlCacheBehavior [ RunTime:0.000658s ]
INFO: [ app_begin ] --END-- [ RunTime:0.000771s ]

[ 2017-05-28T14:33:59+08:00 ] 127.0.0.1 /index.php/Device/getInformation
INFO: [ app_init ] --START--
INFO: Run Behavior\BuildLiteBehavior [ RunTime:0.000036s ]
INFO: [ app_init ] --END-- [ RunTime:0.000429s ]
INFO: [ app_begin ] --START--
INFO: Run Behavior\ReadHtmlCacheBehavior [ RunTime:0.000643s ]
INFO: [ app_begin ] --END-- [ RunTime:0.000760s ]
NOTIC: [8] Undefined index: userId E:\sbgl\Tools\IndexController.class.php 第 12 行.
NOTIC: [8] Undefined index: sign E:\sbgl\Tools\IndexController.class.php 第 16 行.

[ 2017-05-28T14:34:18+08:00 ] 127.0.0.1 /index.php/Index/login/stu_id/151110192/pwd/admin123
INFO: [ app_init ] --START--
INFO: Run Behavior\BuildLiteBehavior [ RunTime:0.000035s ]
INFO: [ app_init ] --END-- [ RunTime:0.000709s ]
INFO: [ app_begin ] --START--
INFO: Run Behavior\ReadHtmlCacheBehavior [ RunTime:0.000666s ]
INFO: [ app_begin ] --END-- [ RunTime:0.000779s ]
SQL: SHOW COLUMNS FROM `sbgl_user` [ RunTime:0.0018s ]
SQL: SELECT * FROM `sbgl_user` WHERE ( user='151110192' ) LIMIT 1   [ RunTime:0.0004s ]

[ 2017-05-28T14:34:26+08:00 ] 127.0.0.1 /index.php/Device/getInformation/
INFO: [ app_init ] --START--
INFO: Run Behavior\BuildLiteBehavior [ RunTime:0.000030s ]
INFO: [ app_init ] --END-- [ RunTime:0.000754s ]
INFO: [ app_begin ] --START--
INFO: Run Behavior\ReadHtmlCacheBehavior [ RunTime:0.000714s ]
INFO: [ app_begin ] --END-- [ RunTime:0.000846s ]
NOTIC: [8] Undefined index: userId E:\sbgl\Tools\IndexController.class.php 第 12 行.
NOTIC: [8] Undefined index: sign E:\sbgl\Tools\IndexController.class.php 第 16 行.

[ 2017-05-28T14:34:30+08:00 ] 127.0.0.1 /index.php/Index/login/stu_id/151110192/pwd/admin123
INFO: [ app_init ] --START--
INFO: Run Behavior\BuildLiteBehavior [ RunTime:0.000026s ]
INFO: [ app_init ] --END-- [ RunTime:0.000524s ]
INFO: [ app_begin ] --START--
INFO: Run Behavior\ReadHtmlCacheBehavior [ RunTime:0.001144s ]
INFO: [ app_begin ] --END-- [ RunTime:0.001398s ]
SQL: SHOW COLUMNS FROM `sbgl_user` [ RunTime:0.0012s ]
SQL: SELECT * FROM `sbgl_user` WHERE ( user='151110192' ) LIMIT 1   [ RunTime:0.0004s ]

[ 2017-05-28T14:34:30+08:00 ] 127.0.0.1 /index.php/Device/getInformation
INFO: [ app_init ] --START--
INFO: Run Behavior\BuildLiteBehavior [ RunTime:0.000025s ]
INFO: [ app_init ] --END-- [ RunTime:0.000437s ]
INFO: [ app_begin ] --START--
INFO: Run Behavior\ReadHtmlCacheBehavior [ RunTime:0.000629s ]
INFO: [ app_begin ] --END-- [ RunTime:0.000748s ]
NOTIC: [8] Undefined index: userId E:\sbgl\Tools\IndexController.class.php 第 12 行.
NOTIC: [8] Undefined index: sign E:\sbgl\Tools\IndexController.class.php 第 16 行.

[ 2017-05-28T14:34:31+08:00 ] 127.0.0.1 /index.php/Device/getInformation/userId/g12bl2fqomc4ccoa2kf31ruh20/sign/12095e6c1bdd3bb70d0d1696350c970d/identifier/20170201
INFO: [ app_init ] --START--
INFO: Run Behavior\BuildLiteBehavior [ RunTime:0.000025s ]
INFO: [ app_init ] --END-- [ RunTime:0.000521s ]
INFO: [ app_begin ] --START--
INFO: Run Behavior\ReadHtmlCacheBehavior [ RunTime:0.000633s ]
INFO: [ app_begin ] --END-- [ RunTime:0.000753s ]

[ 2017-05-28T14:34:32+08:00 ] 127.0.0.1 /index.php/Device/getInformation/userId/g12bl2fqomc4ccoa2kf31ruh20/sign/12095e6c1bdd3bb70d0d1696350c970d
INFO: [ app_init ] --START--
INFO: Run Behavior\BuildLiteBehavior [ RunTime:0.000045s ]
INFO: [ app_init ] --END-- [ RunTime:0.000518s ]
INFO: [ app_begin ] --START--
INFO: Run Behavior\ReadHtmlCacheBehavior [ RunTime:0.000782s ]
INFO: [ app_begin ] --END-- [ RunTime:0.000942s ]

[ 2017-05-28T14:34:32+08:00 ] 127.0.0.1 /index.php/Device/getInformation/userId/g12bl2fqomc4ccoa2kf31ruh20/sign/12095e6c1bdd3bb70d0d1696350c970d/identifier/20170201
INFO: [ app_init ] --START--
INFO: Run Behavior\BuildLiteBehavior [ RunTime:0.000025s ]
INFO: [ app_init ] --END-- [ RunTime:0.000434s ]
INFO: [ app_begin ] --START--
INFO: Run Behavior\ReadHtmlCacheBehavior [ RunTime:0.000829s ]
INFO: [ app_begin ] --END-- [ RunTime:0.001015s ]

[ 2017-05-28T14:34:33+08:00 ] 127.0.0.1 /index.php/Device/getInformation
INFO: [ app_init ] --START--
INFO: Run Behavior\BuildLiteBehavior [ RunTime:0.000026s ]
INFO: [ app_init ] --END-- [ RunTime:0.000444s ]
INFO: [ app_begin ] --START--
INFO: Run Behavior\ReadHtmlCacheBehavior [ RunTime:0.000626s ]
INFO: [ app_begin ] --END-- [ RunTime:0.000749s ]
NOTIC: [8] Undefined index: userId E:\sbgl\Tools\IndexController.class.php 第 12 行.
NOTIC: [8] Undefined index: sign E:\sbgl\Tools\IndexController.class.php 第 16 行.

[ 2017-05-28T14:34:33+08:00 ] 127.0.0.1 /index.php/Index/login/stu_id/151110192/pwd/admin123
INFO: [ app_init ] --START--
INFO: Run Behavior\BuildLiteBehavior [ RunTime:0.000025s ]
INFO: [ app_init ] --END-- [ RunTime:0.000411s ]
INFO: [ app_begin ] --START--
INFO: Run Behavior\ReadHtmlCacheBehavior [ RunTime:0.000652s ]
INFO: [ app_begin ] --END-- [ RunTime:0.000775s ]
SQL: SHOW COLUMNS FROM `sbgl_user` [ RunTime:0.0010s ]
SQL: SELECT * FROM `sbgl_user` WHERE ( user='151110192' ) LIMIT 1   [ RunTime:0.0003s ]

[ 2017-05-28T14:34:33+08:00 ] 127.0.0.1 /index.php/Device/getInformation/
INFO: [ app_init ] --START--
INFO: Run Behavior\BuildLiteBehavior [ RunTime:0.000025s ]
INFO: [ app_init ] --END-- [ RunTime:0.000502s ]
INFO: [ app_begin ] --START--
INFO: Run Behavior\ReadHtmlCacheBehavior [ RunTime:0.000653s ]
INFO: [ app_begin ] --END-- [ RunTime:0.000773s ]
NOTIC: [8] Undefined index: userId E:\sbgl\Tools\IndexController.class.php 第 12 行.
NOTIC: [8] Undefined index: sign E:\sbgl\Tools\IndexController.class.php 第 16 行.

[ 2017-05-28T14:34:34+08:00 ] 127.0.0.1 /index.php/Index/login/stu_id/151110192/pwd/admin123
INFO: [ app_init ] --START--
INFO: Run Behavior\BuildLiteBehavior [ RunTime:0.000039s ]
INFO: [ app_init ] --END-- [ RunTime:0.000717s ]
INFO: [ app_begin ] --START--
INFO: Run Behavior\ReadHtmlCacheBehavior [ RunTime:0.001189s ]
INFO: [ app_begin ] --END-- [ RunTime:0.001433s ]
SQL: SHOW COLUMNS FROM `sbgl_user` [ RunTime:0.0008s ]
SQL: SELECT * FROM `sbgl_user` WHERE ( user='151110192' ) LIMIT 1   [ RunTime:0.0003s ]

[ 2017-05-28T14:34:36+08:00 ] 127.0.0.1 /index.php/Index/login/stu_id/151110192/pwd/admin123
INFO: [ app_init ] --START--
INFO: Run Behavior\BuildLiteBehavior [ RunTime:0.000025s ]
INFO: [ app_init ] --END-- [ RunTime:0.000453s ]
INFO: [ app_begin ] --START--
INFO: Run Behavior\ReadHtmlCacheBehavior [ RunTime:0.000789s ]
INFO: [ app_begin ] --END-- [ RunTime:0.000937s ]
SQL: SHOW COLUMNS FROM `sbgl_user` [ RunTime:0.0014s ]
SQL: SELECT * FROM `sbgl_user` WHERE ( user='151110192' ) LIMIT 1   [ RunTime:0.0007s ]

[ 2017-05-28T14:35:38+08:00 ] 127.0.0.1 /index.php/Device/getInformation/userId/g12bl2fqomc4ccoa2kf31ruh20/sign/34d06eaa9d7b9522c171b88dbc8b7c3c
INFO: [ app_init ] --START--
INFO: Run Behavior\BuildLiteBehavior [ RunTime:0.000025s ]
INFO: [ app_init ] --END-- [ RunTime:0.000555s ]
INFO: [ app_begin ] --START--
INFO: Run Behavior\ReadHtmlCacheBehavior [ RunTime:0.000856s ]
INFO: [ app_begin ] --END-- [ RunTime:0.000982s ]
ERR: 参数错误或者未定义:identifier

[ 2017-05-28T14:35:52+08:00 ] 127.0.0.1 /index.php/logout
INFO: [ app_init ] --START--
INFO: Run Behavior\BuildLiteBehavior [ RunTime:0.000042s ]
INFO: [ app_init ] --END-- [ RunTime:0.000862s ]
INFO: [ app_begin ] --START--
INFO: Run Behavior\ReadHtmlCacheBehavior [ RunTime:0.000813s ]
INFO: [ app_begin ] --END-- [ RunTime:0.000960s ]
ERR: 无法加载控制器:Logout

[ 2017-05-28T14:35:56+08:00 ] 127.0.0.1 /index.php/logou
INFO: [ app_init ] --START--
INFO: Run Behavior\BuildLiteBehavior [ RunTime:0.000038s ]
INFO: [ app_init ] --END-- [ RunTime:0.000781s ]
INFO: [ app_begin ] --START--
INFO: Run Behavior\ReadHtmlCacheBehavior [ RunTime:0.001232s ]
INFO: [ app_begin ] --END-- [ RunTime:0.001448s ]
ERR: 无法加载控制器:Logou

[ 2017-05-28T14:35:56+08:00 ] 127.0.0.1 /index.php/logout
INFO: [ app_init ] --START--
INFO: Run Behavior\BuildLiteBehavior [ RunTime:0.000031s ]
INFO: [ app_init ] --END-- [ RunTime:0.001730s ]
INFO: [ app_begin ] --START--
INFO: Run Behavior\ReadHtmlCacheBehavior [ RunTime:0.000806s ]
INFO: [ app_begin ] --END-- [ RunTime:0.000943s ]
ERR: 无法加载控制器:Logout

[ 2017-05-28T14:35:56+08:00 ] 127.0.0.1 /index.php/Device/getInformation/userId/g12bl2fqomc4ccoa2kf31ruh20/sign/34d06eaa9d7b9522c171b88dbc8b7c3c
INFO: [ app_init ] --START--
INFO: Run Behavior\BuildLiteBehavior [ RunTime:0.000025s ]
INFO: [ app_init ] --END-- [ RunTime:0.000514s ]
INFO: [ app_begin ] --START--
INFO: Run Behavior\ReadHtmlCacheBehavior [ RunTime:0.000748s ]
INFO: [ app_begin ] --END-- [ RunTime:0.000874s ]
ERR: 参数错误或者未定义:identifier

[ 2017-05-28T14:35:56+08:00 ] 127.0.0.1 /index.php/Index/login/stu_id/151110192/pwd/admin123
INFO: [ app_init ] --START--
INFO: Run Behavior\BuildLiteBehavior [ RunTime:0.000023s ]
INFO: [ app_init ] --END-- [ RunTime:0.000490s ]
INFO: [ app_begin ] --START--
INFO: Run Behavior\ReadHtmlCacheBehavior [ RunTime:0.000719s ]
INFO: [ app_begin ] --END-- [ RunTime:0.000839s ]
SQL: SHOW COLUMNS FROM `sbgl_user` [ RunTime:0.0010s ]
SQL: SELECT * FROM `sbgl_user` WHERE ( user='151110192' ) LIMIT 1   [ RunTime:0.0004s ]

[ 2017-05-28T14:35:56+08:00 ] 127.0.0.1 /index.php/Index/login/stu_id/151110192/pwd/admin123
INFO: [ app_init ] --START--
INFO: Run Behavior\BuildLiteBehavior [ RunTime:0.000026s ]
INFO: [ app_init ] --END-- [ RunTime:0.000590s ]
INFO: [ app_begin ] --START--
INFO: Run Behavior\ReadHtmlCacheBehavior [ RunTime:0.000872s ]
INFO: [ app_begin ] --END-- [ RunTime:0.001002s ]
SQL: SHOW COLUMNS FROM `sbgl_user` [ RunTime:0.0011s ]
SQL: SELECT * FROM `sbgl_user` WHERE ( user='151110192' ) LIMIT 1   [ RunTime:0.0004s ]

[ 2017-05-28T14:36:06+08:00 ] 127.0.0.1 /index.php/Index/logout
INFO: [ app_init ] --START--
INFO: Run Behavior\BuildLiteBehavior [ RunTime:0.000042s ]
INFO: [ app_init ] --END-- [ RunTime:0.000804s ]
INFO: [ app_begin ] --START--
INFO: Run Behavior\ReadHtmlCacheBehavior [ RunTime:0.000701s ]
INFO: [ app_begin ] --END-- [ RunTime:0.000830s ]
NOTIC: [8] Undefined index: userId E:\sbgl\Home\Controller\IndexController.class.php 第 143 行.
NOTIC: [2] session_write_close(): The session id is too long or contains illegal characters, valid characters are a-z, A-Z, 0-9 and '-,' E:\sbgl\Home\Controller\IndexController.class.php 第 145 行.
NOTIC: [2] session_write_close(): Failed to write session data (files). Please verify that the current setting of session.save_path is correct (D:/wamp64/tmp) E:\sbgl\Home\Controller\IndexController.class.php 第 145 行.

[ 2017-05-28T14:36:40+08:00 ] 127.0.0.1 /index.php/Device/getInformation/userId/g12bl2fqomc4ccoa2kf31ruh20/sign/34d06eaa9d7b9522c171b88dbc8b7c3c
INFO: [ app_init ] --START--
INFO: Run Behavior\BuildLiteBehavior [ RunTime:0.000030s ]
INFO: [ app_init ] --END-- [ RunTime:0.000548s ]
INFO: [ app_begin ] --START--
INFO: Run Behavior\ReadHtmlCacheBehavior [ RunTime:0.000921s ]
INFO: [ app_begin ] --END-- [ RunTime:0.001106s ]

[ 2017-05-28T14:36:42+08:00 ] 127.0.0.1 /index.php/Device/getInformation/userId/g12bl2fqomc4ccoa2kf31ruh20/sign/34d06eaa9d7b9522c171b88dbc8b7c3c
INFO: [ app_init ] --START--
INFO: Run Behavior\BuildLiteBehavior [ RunTime:0.000024s ]
INFO: [ app_init ] --END-- [ RunTime:0.000400s ]
INFO: [ app_begin ] --START--
INFO: Run Behavior\ReadHtmlCacheBehavior [ RunTime:0.000621s ]
INFO: [ app_begin ] --END-- [ RunTime:0.000740s ]

[ 2017-05-28T14:36:52+08:00 ] 127.0.0.1 /index.php/Index/logout
INFO: [ app_init ] --START--
INFO: Run Behavior\BuildLiteBehavior [ RunTime:0.000046s ]
INFO: [ app_init ] --END-- [ RunTime:0.000684s ]
INFO: [ app_begin ] --START--
INFO: Run Behavior\ReadHtmlCacheBehavior [ RunTime:0.000620s ]
INFO: [ app_begin ] --END-- [ RunTime:0.000736s ]
NOTIC: [8] Undefined index: userId E:\sbgl\Home\Controller\IndexController.class.php 第 143 行.
NOTIC: [2] session_write_close(): The session id is too long or contains illegal characters, valid characters are a-z, A-Z, 0-9 and '-,' E:\sbgl\Home\Controller\IndexController.class.php 第 145 行.
NOTIC: [2] session_write_close(): Failed to write session data (files). Please verify that the current setting of session.save_path is correct (D:/wamp64/tmp) E:\sbgl\Home\Controller\IndexController.class.php 第 145 行.

[ 2017-05-28T14:36:52+08:00 ] 127.0.0.1 /index.php/Index/login/stu_id/151110192/pwd/admin123
INFO: [ app_init ] --START--
INFO: Run Behavior\BuildLiteBehavior [ RunTime:0.000036s ]
INFO: [ app_init ] --END-- [ RunTime:0.000613s ]
INFO: [ app_begin ] --START--
INFO: Run Behavior\ReadHtmlCacheBehavior [ RunTime:0.000692s ]
INFO: [ app_begin ] --END-- [ RunTime:0.000821s ]
SQL: SHOW COLUMNS FROM `sbgl_user` [ RunTime:0.0011s ]
SQL: SELECT * FROM `sbgl_user` WHERE ( user='151110192' ) LIMIT 1   [ RunTime:0.0004s ]

[ 2017-05-28T14:36:53+08:00 ] 127.0.0.1 /index.php/Device/getInformation
INFO: [ app_init ] --START--
INFO: Run Behavior\BuildLiteBehavior [ RunTime:0.000025s ]
INFO: [ app_init ] --END-- [ RunTime:0.000411s ]
INFO: [ app_begin ] --START--
INFO: Run Behavior\ReadHtmlCacheBehavior [ RunTime:0.000603s ]
INFO: [ app_begin ] --END-- [ RunTime:0.000718s ]
NOTIC: [8] Undefined index: userId E:\sbgl\Tools\IndexController.class.php 第 12 行.
NOTIC: [8] Undefined index: sign E:\sbgl\Tools\IndexController.class.php 第 16 行.

[ 2017-05-28T14:36:54+08:00 ] 127.0.0.1 /index.php/Index/login/stu_id/151110192/pwd/admin123
INFO: [ app_init ] --START--
INFO: Run Behavior\BuildLiteBehavior [ RunTime:0.000024s ]
INFO: [ app_init ] --END-- [ RunTime:0.000458s ]
INFO: [ app_begin ] --START--
INFO: Run Behavior\ReadHtmlCacheBehavior [ RunTime:0.001507s ]
INFO: [ app_begin ] --END-- [ RunTime:0.001699s ]
SQL: SHOW COLUMNS FROM `sbgl_user` [ RunTime:0.0010s ]
SQL: SELECT * FROM `sbgl_user` WHERE ( user='151110192' ) LIMIT 1   [ RunTime:0.0004s ]

[ 2017-05-28T14:36:57+08:00 ] 127.0.0.1 /index.php/Index/login/stu_id/151110192/pwd/admin123
INFO: [ app_init ] --START--
INFO: Run Behavior\BuildLiteBehavior [ RunTime:0.000024s ]
INFO: [ app_init ] --END-- [ RunTime:0.000443s ]
INFO: [ app_begin ] --START--
INFO: Run Behavior\ReadHtmlCacheBehavior [ RunTime:0.001197s ]
INFO: [ app_begin ] --END-- [ RunTime:0.001393s ]
SQL: SHOW COLUMNS FROM `sbgl_user` [ RunTime:0.0015s ]
SQL: SELECT * FROM `sbgl_user` WHERE ( user='151110192' ) LIMIT 1   [ RunTime:0.0004s ]

[ 2017-05-28T14:36:59+08:00 ] 127.0.0.1 /index.php/Index/login/stu_id/151110192/pwd/admin123
INFO: [ app_init ] --START--
INFO: Run Behavior\BuildLiteBehavior [ RunTime:0.000024s ]
INFO: [ app_init ] --END-- [ RunTime:0.000411s ]
INFO: [ app_begin ] --START--
INFO: Run Behavior\ReadHtmlCacheBehavior [ RunTime:0.000611s ]
INFO: [ app_begin ] --END-- [ RunTime:0.000724s ]
SQL: SHOW COLUMNS FROM `sbgl_user` [ RunTime:0.0013s ]
SQL: SELECT * FROM `sbgl_user` WHERE ( user='151110192' ) LIMIT 1   [ RunTime:0.0004s ]

[ 2017-05-28T14:37:48+08:00 ] 127.0.0.1 /index.php/Device/getInformation/userId/g12bl2fqomc4ccoa2kf31ruh20/sign/3708dc16faa2b6349bef770d848119e1
INFO: [ app_init ] --START--
INFO: Run Behavior\BuildLiteBehavior [ RunTime:0.000027s ]
INFO: [ app_init ] --END-- [ RunTime:0.000421s ]
INFO: [ app_begin ] --START--
INFO: Run Behavior\ReadHtmlCacheBehavior [ RunTime:0.001150s ]
INFO: [ app_begin ] --END-- [ RunTime:0.001408s ]
ERR: 参数错误或者未定义:identifier

[ 2017-05-28T14:38:04+08:00 ] 127.0.0.1 /index.php/Index/logout
INFO: [ app_init ] --START--
INFO: Run Behavior\BuildLiteBehavior [ RunTime:0.000023s ]
INFO: [ app_init ] --END-- [ RunTime:0.000470s ]
INFO: [ app_begin ] --START--
INFO: Run Behavior\ReadHtmlCacheBehavior [ RunTime:0.001183s ]
INFO: [ app_begin ] --END-- [ RunTime:0.001310s ]
NOTIC: [8] Undefined index: userId E:\sbgl\Home\Controller\IndexController.class.php 第 143 行.
NOTIC: [2] session_write_close(): The session id is too long or contains illegal characters, valid characters are a-z, A-Z, 0-9 and '-,' E:\sbgl\Home\Controller\IndexController.class.php 第 145 行.
NOTIC: [2] session_write_close(): Failed to write session data (files). Please verify that the current setting of session.save_path is correct (D:/wamp64/tmp) E:\sbgl\Home\Controller\IndexController.class.php 第 145 行.

[ 2017-05-28T14:38:09+08:00 ] 127.0.0.1 /index.php/Device/getInformation/userId/g12bl2fqomc4ccoa2kf31ruh20/sign/3708dc16faa2b6349bef770d848119e1
INFO: [ app_init ] --START--
INFO: Run Behavior\BuildLiteBehavior [ RunTime:0.000024s ]
INFO: [ app_init ] --END-- [ RunTime:0.000410s ]
INFO: [ app_begin ] --START--
INFO: Run Behavior\ReadHtmlCacheBehavior [ RunTime:0.000640s ]
INFO: [ app_begin ] --END-- [ RunTime:0.000757s ]
ERR: 参数错误或者未定义:identifier

[ 2017-05-28T14:39:07+08:00 ] 127.0.0.1 /index.php/Device/getInformation/userId/g12bl2fqomc4ccoa2kf31ruh20/sign/3708dc16faa2b6349bef770d848119e1
INFO: [ app_init ] --START--
INFO: Run Behavior\BuildLiteBehavior [ RunTime:0.000039s ]
INFO: [ app_init ] --END-- [ RunTime:0.000773s ]
INFO: [ app_begin ] --START--
INFO: Run Behavior\ReadHtmlCacheBehavior [ RunTime:0.000777s ]
INFO: [ app_begin ] --END-- [ RunTime:0.000908s ]
ERR: 参数错误或者未定义:identifier

[ 2017-05-28T14:39:18+08:00 ] 127.0.0.1 /index.php/Index/logout
INFO: [ app_init ] --START--
INFO: Run Behavior\BuildLiteBehavior [ RunTime:0.000042s ]
INFO: [ app_init ] --END-- [ RunTime:0.001161s ]
INFO: [ app_begin ] --START--
INFO: Run Behavior\ReadHtmlCacheBehavior [ RunTime:0.000993s ]
INFO: [ app_begin ] --END-- [ RunTime:0.001188s ]
NOTIC: [8] Undefined index: userId E:\sbgl\Home\Controller\IndexController.class.php 第 143 行.
NOTIC: [2] session_write_close(): The session id is too long or contains illegal characters, valid characters are a-z, A-Z, 0-9 and '-,' E:\sbgl\Home\Controller\IndexController.class.php 第 145 行.
NOTIC: [2] session_write_close(): Failed to write session data (files). Please verify that the current setting of session.save_path is correct (D:/wamp64/tmp) E:\sbgl\Home\Controller\IndexController.class.php 第 145 行.

[ 2017-05-28T14:39:22+08:00 ] 127.0.0.1 /index.php/Device/getInformation/userId/g12bl2fqomc4ccoa2kf31ruh20/sign/3708dc16faa2b6349bef770d848119e1
INFO: [ app_init ] --START--
INFO: Run Behavior\BuildLiteBehavior [ RunTime:0.000024s ]
INFO: [ app_init ] --END-- [ RunTime:0.000516s ]
INFO: [ app_begin ] --START--
INFO: Run Behavior\ReadHtmlCacheBehavior [ RunTime:0.000825s ]
INFO: [ app_begin ] --END-- [ RunTime:0.000955s ]
ERR: 参数错误或者未定义:identifier

[ 2017-05-28T14:39:27+08:00 ] 127.0.0.1 /index.php/Device/getInformation/userId/g12bl2fqomc4ccoa2kf31ruh20/sign/3708dc16faa2b6349bef770d848119e1
INFO: [ app_init ] --START--
INFO: Run Behavior\BuildLiteBehavior [ RunTime:0.000023s ]
INFO: [ app_init ] --END-- [ RunTime:0.000473s ]
INFO: [ app_begin ] --START--
INFO: Run Behavior\ReadHtmlCacheBehavior [ RunTime:0.001235s ]
INFO: [ app_begin ] --END-- [ RunTime:0.001428s ]
ERR: 参数错误或者未定义:identifier

[ 2017-05-28T14:41:03+08:00 ] 127.0.0.1 /index.php/Device/getInformation/userId/g12bl2fqomc4ccoa2kf31ruh20/sign/3708dc16faa2b6349bef770d848119e1
INFO: [ app_init ] --START--
INFO: Run Behavior\BuildLiteBehavior [ RunTime:0.000028s ]
INFO: [ app_init ] --END-- [ RunTime:0.000560s ]
INFO: [ app_begin ] --START--
INFO: Run Behavior\ReadHtmlCacheBehavior [ RunTime:0.001060s ]
INFO: [ app_begin ] --END-- [ RunTime:0.001194s ]
ERR: 参数错误或者未定义:identifier

[ 2017-05-28T14:41:14+08:00 ] 127.0.0.1 /index.php/Index/logout
INFO: [ app_init ] --START--
INFO: Run Behavior\BuildLiteBehavior [ RunTime:0.000023s ]
INFO: [ app_init ] --END-- [ RunTime:0.000422s ]
INFO: [ app_begin ] --START--
INFO: Run Behavior\ReadHtmlCacheBehavior [ RunTime:0.000748s ]
INFO: [ app_begin ] --END-- [ RunTime:0.000887s ]

[ 2017-05-28T14:41:21+08:00 ] 127.0.0.1 /index.php/Device/getInformation/userId/g12bl2fqomc4ccoa2kf31ruh20/sign/3708dc16faa2b6349bef770d848119e1
INFO: [ app_init ] --START--
INFO: Run Behavior\BuildLiteBehavior [ RunTime:0.000023s ]
INFO: [ app_init ] --END-- [ RunTime:0.000455s ]
INFO: [ app_begin ] --START--
INFO: Run Behavior\ReadHtmlCacheBehavior [ RunTime:0.000903s ]
INFO: [ app_begin ] --END-- [ RunTime:0.001182s ]

[ 2017-05-28T14:41:23+08:00 ] 127.0.0.1 /index.php/Device/getInformation/userId/g12bl2fqomc4ccoa2kf31ruh20/sign/3708dc16faa2b6349bef770d848119e1
INFO: [ app_init ] --START--
INFO: Run Behavior\BuildLiteBehavior [ RunTime:0.000023s ]
INFO: [ app_init ] --END-- [ RunTime:0.000404s ]
INFO: [ app_begin ] --START--
INFO: Run Behavior\ReadHtmlCacheBehavior [ RunTime:0.000666s ]
INFO: [ app_begin ] --END-- [ RunTime:0.000781s ]

[ 2017-05-28T14:41:23+08:00 ] 127.0.0.1 /index.php/Device/getInformation/userId/g12bl2fqomc4ccoa2kf31ruh20/sign/3708dc16faa2b6349bef770d848119e1
INFO: [ app_init ] --START--
INFO: Run Behavior\BuildLiteBehavior [ RunTime:0.000030s ]
INFO: [ app_init ] --END-- [ RunTime:0.000473s ]
INFO: [ app_begin ] --START--
INFO: Run Behavior\ReadHtmlCacheBehavior [ RunTime:0.000686s ]
INFO: [ app_begin ] --END-- [ RunTime:0.000804s ]

[ 2017-05-28T14:41:24+08:00 ] 127.0.0.1 /index.php/Device/getInformation/userId/g12bl2fqomc4ccoa2kf31ruh20/sign/3708dc16faa2b6349bef770d848119e1
INFO: [ app_init ] --START--
INFO: Run Behavior\BuildLiteBehavior [ RunTime:0.000077s ]
INFO: [ app_init ] --END-- [ RunTime:0.001025s ]
INFO: [ app_begin ] --START--
INFO: Run Behavior\ReadHtmlCacheBehavior [ RunTime:0.001161s ]
INFO: [ app_begin ] --END-- [ RunTime:0.001397s ]

[ 2017-05-28T14:41:24+08:00 ] 127.0.0.1 /index.php/Device/getInformation/userId/g12bl2fqomc4ccoa2kf31ruh20/sign/3708dc16faa2b6349bef770d848119e1
INFO: [ app_init ] --START--
INFO: Run Behavior\BuildLiteBehavior [ RunTime:0.000027s ]
INFO: [ app_init ] --END-- [ RunTime:0.000499s ]
INFO: [ app_begin ] --START--
INFO: Run Behavior\ReadHtmlCacheBehavior [ RunTime:0.000711s ]
INFO: [ app_begin ] --END-- [ RunTime:0.000858s ]

[ 2017-05-28T14:41:24+08:00 ] 127.0.0.1 /index.php/Device/getInformation/userId/g12bl2fqomc4ccoa2kf31ruh20/sign/3708dc16faa2b6349bef770d848119e1
INFO: [ app_init ] --START--
INFO: Run Behavior\BuildLiteBehavior [ RunTime:0.000044s ]
INFO: [ app_init ] --END-- [ RunTime:0.000754s ]
INFO: [ app_begin ] --START--
INFO: Run Behavior\ReadHtmlCacheBehavior [ RunTime:0.001349s ]
INFO: [ app_begin ] --END-- [ RunTime:0.001599s ]

[ 2017-05-28T14:41:25+08:00 ] 127.0.0.1 /index.php/Device/getInformation/userId/g12bl2fqomc4ccoa2kf31ruh20/sign/3708dc16faa2b6349bef770d848119e1
INFO: [ app_init ] --START--
INFO: Run Behavior\BuildLiteBehavior [ RunTime:0.000025s ]
INFO: [ app_init ] --END-- [ RunTime:0.000489s ]
INFO: [ app_begin ] --START--
INFO: Run Behavior\ReadHtmlCacheBehavior [ RunTime:0.000751s ]
INFO: [ app_begin ] --END-- [ RunTime:0.000883s ]

[ 2017-05-28T20:06:28+08:00 ] 127.0.0.1 /index.php/Index/login/stu_id/151110192/pwd/admin123
INFO: [ app_init ] --START--
INFO: Run Behavior\BuildLiteBehavior [ RunTime:0.000029s ]
INFO: [ app_init ] --END-- [ RunTime:0.000959s ]
INFO: [ app_begin ] --START--
INFO: Run Behavior\ReadHtmlCacheBehavior [ RunTime:0.001754s ]
INFO: [ app_begin ] --END-- [ RunTime:0.002016s ]
SQL: SHOW COLUMNS FROM `sbgl_user` [ RunTime:0.0016s ]
SQL: SELECT * FROM `sbgl_user` WHERE ( user='151110192' ) LIMIT 1   [ RunTime:0.0004s ]

[ 2017-05-28T20:06:49+08:00 ] 127.0.0.1 /index.php/Device/getInformation/
INFO: [ app_init ] --START--
INFO: Run Behavior\BuildLiteBehavior [ RunTime:0.000041s ]
INFO: [ app_init ] --END-- [ RunTime:0.000523s ]
INFO: [ app_begin ] --START--
INFO: Run Behavior\ReadHtmlCacheBehavior [ RunTime:0.000789s ]
INFO: [ app_begin ] --END-- [ RunTime:0.000916s ]
NOTIC: [8] Undefined index: userId E:\sbgl\Tools\IndexController.class.php 第 12 行.
NOTIC: [8] Undefined index: sign E:\sbgl\Tools\IndexController.class.php 第 16 行.

[ 2017-05-28T20:07:38+08:00 ] 127.0.0.1 /index.php/Device/getInformation/userId/g12bl2fqomc4ccoa2kf31ruh20/sign/dd023dd89cf6562c1073896d69befe63
INFO: [ app_init ] --START--
INFO: Run Behavior\BuildLiteBehavior [ RunTime:0.000022s ]
INFO: [ app_init ] --END-- [ RunTime:0.000425s ]
INFO: [ app_begin ] --START--
INFO: Run Behavior\ReadHtmlCacheBehavior [ RunTime:0.000816s ]
INFO: [ app_begin ] --END-- [ RunTime:0.000933s ]
ERR: 参数错误或者未定义:identifier

[ 2017-05-28T20:08:28+08:00 ] 127.0.0.1 /index.php/Device/getInformation/userId/g12bl2fqomc4ccoa2kf31ruh2/sign/dd023dd89cf6562c1073896d69befe63
INFO: [ app_init ] --START--
INFO: Run Behavior\BuildLiteBehavior [ RunTime:0.000023s ]
INFO: [ app_init ] --END-- [ RunTime:0.000448s ]
INFO: [ app_begin ] --START--
INFO: Run Behavior\ReadHtmlCacheBehavior [ RunTime:0.000766s ]
INFO: [ app_begin ] --END-- [ RunTime:0.000881s ]
ERR: 参数错误或者未定义:identifier

[ 2017-05-28T20:08:29+08:00 ] 127.0.0.1 /index.php/Device/getInformation/userId/g12bl2fqomc4ccoa2kf31ruh2/sign/dd023dd89cf6562c1073896d69befe63
INFO: [ app_init ] --START--
INFO: Run Behavior\BuildLiteBehavior [ RunTime:0.000023s ]
INFO: [ app_init ] --END-- [ RunTime:0.000483s ]
INFO: [ app_begin ] --START--
INFO: Run Behavior\ReadHtmlCacheBehavior [ RunTime:0.001100s ]
INFO: [ app_begin ] --END-- [ RunTime:0.001231s ]
ERR: 参数错误或者未定义:identifier

[ 2017-05-28T20:08:34+08:00 ] 127.0.0.1 /index.php/Device/getInformation/userId/g12bl2fqomc4ccoa2kf31ruh/sign/dd023dd89cf6562c1073896d69befe63
INFO: [ app_init ] --START--
INFO: Run Behavior\BuildLiteBehavior [ RunTime:0.000021s ]
INFO: [ app_init ] --END-- [ RunTime:0.000424s ]
INFO: [ app_begin ] --START--
INFO: Run Behavior\ReadHtmlCacheBehavior [ RunTime:0.000760s ]
INFO: [ app_begin ] --END-- [ RunTime:0.000889s ]
ERR: 参数错误或者未定义:identifier

[ 2017-05-28T20:09:07+08:00 ] 127.0.0.1 /index.php/Device/getInformation/userId/g12bl2fqomc4ccoa2kf31ruh/sign/dd023dd89cf6562c1073896d6befe63
INFO: [ app_init ] --START--
INFO: Run Behavior\BuildLiteBehavior [ RunTime:0.000022s ]
INFO: [ app_init ] --END-- [ RunTime:0.000433s ]
INFO: [ app_begin ] --START--
INFO: Run Behavior\ReadHtmlCacheBehavior [ RunTime:0.000696s ]
INFO: [ app_begin ] --END-- [ RunTime:0.000804s ]

[ 2017-05-28T20:09:41+08:00 ] 127.0.0.1 /index.php/Device/getInformation/userId/g12bl2fqomc4ccoa2kf31ruh/sign/dd023dd89cf6562c1073896d6befe63
INFO: [ app_init ] --START--
INFO: Run Behavior\BuildLiteBehavior [ RunTime:0.000023s ]
INFO: [ app_init ] --END-- [ RunTime:0.000435s ]
INFO: [ app_begin ] --START--
INFO: Run Behavior\ReadHtmlCacheBehavior [ RunTime:0.000719s ]
INFO: [ app_begin ] --END-- [ RunTime:0.000841s ]

[ 2017-05-28T20:10:02+08:00 ] 127.0.0.1 /index.php/Device/getInformation/
INFO: [ app_init ] --START--
INFO: Run Behavior\BuildLiteBehavior [ RunTime:0.000038s ]
INFO: [ app_init ] --END-- [ RunTime:0.000847s ]
INFO: [ app_begin ] --START--
INFO: Run Behavior\ReadHtmlCacheBehavior [ RunTime:0.000872s ]
INFO: [ app_begin ] --END-- [ RunTime:0.000994s ]
NOTIC: [8] Undefined index: userId E:\sbgl\Tools\IndexController.class.php 第 12 行.
NOTIC: [8] Undefined index: sign E:\sbgl\Tools\IndexController.class.php 第 16 行.

[ 2017-05-28T20:10:19+08:00 ] 127.0.0.1 /index.php/Device/getInformation/userId/g12bl2fqomc4ccoa2kf31ruh20/sign/dd023dd89cf6562c1073896d69befe63
INFO: [ app_init ] --START--
INFO: Run Behavior\BuildLiteBehavior [ RunTime:0.000033s ]
INFO: [ app_init ] --END-- [ RunTime:0.000795s ]
INFO: [ app_begin ] --START--
INFO: Run Behavior\ReadHtmlCacheBehavior [ RunTime:0.000856s ]
INFO: [ app_begin ] --END-- [ RunTime:0.000983s ]
ERR: 参数错误或者未定义:identifier

[ 2017-05-28T20:10:24+08:00 ] 127.0.0.1 /index.php/Device/getInformation/userId/g12bl2fqomc4ccoa2kf31ruh0/sign/dd023dd89cf6562c1073896d69befe63
INFO: [ app_init ] --START--
INFO: Run Behavior\BuildLiteBehavior [ RunTime:0.000023s ]
INFO: [ app_init ] --END-- [ RunTime:0.000493s ]
INFO: [ app_begin ] --START--
INFO: Run Behavior\ReadHtmlCacheBehavior [ RunTime:0.000721s ]
INFO: [ app_begin ] --END-- [ RunTime:0.000836s ]
ERR: 参数错误或者未定义:identifier

[ 2017-05-28T20:10:26+08:00 ] 127.0.0.1 /index.php/Device/getInformation/userId/g12bl2fqomc4ccoa2kf31ruh/sign/dd023dd89cf6562c1073896d69befe63
INFO: [ app_init ] --START--
INFO: Run Behavior\BuildLiteBehavior [ RunTime:0.000022s ]
INFO: [ app_init ] --END-- [ RunTime:0.000493s ]
INFO: [ app_begin ] --START--
INFO: Run Behavior\ReadHtmlCacheBehavior [ RunTime:0.000682s ]
INFO: [ app_begin ] --END-- [ RunTime:0.000800s ]
ERR: 参数错误或者未定义:identifier

[ 2017-05-28T20:10:28+08:00 ] 127.0.0.1 /index.php/Device/getInformation/userId/g12bl2fqomc4ccoa2kf31rh/sign/dd023dd89cf6562c1073896d69befe63
INFO: [ app_init ] --START--
INFO: Run Behavior\BuildLiteBehavior [ RunTime:0.000045s ]
INFO: [ app_init ] --END-- [ RunTime:0.000497s ]
INFO: [ app_begin ] --START--
INFO: Run Behavior\ReadHtmlCacheBehavior [ RunTime:0.001173s ]
INFO: [ app_begin ] --END-- [ RunTime:0.001393s ]
ERR: 参数错误或者未定义:identifier

[ 2017-05-28T20:10:50+08:00 ] 127.0.0.1 /index.php/Device/getInformation/userId/g12bl2fqomc4cco2kf31rh/sign/dd023dd89cf6562c1073896d69befe63
INFO: [ app_init ] --START--
INFO: Run Behavior\BuildLiteBehavior [ RunTime:0.000023s ]
INFO: [ app_init ] --END-- [ RunTime:0.000500s ]
INFO: [ app_begin ] --START--
INFO: Run Behavior\ReadHtmlCacheBehavior [ RunTime:0.000774s ]
INFO: [ app_begin ] --END-- [ RunTime:0.000906s ]
ERR: 参数错误或者未定义:identifier

[ 2017-05-28T20:11:08+08:00 ] 127.0.0.1 /index.php/Device/getInformation/userId/g12bl2fqomc4cco2kf31rh/sign/dd023dd89cf6562c1073896d69befe63
INFO: [ app_init ] --START--
INFO: Run Behavior\BuildLiteBehavior [ RunTime:0.000023s ]
INFO: [ app_init ] --END-- [ RunTime:0.000654s ]
INFO: [ app_begin ] --START--
INFO: Run Behavior\ReadHtmlCacheBehavior [ RunTime:0.000846s ]
INFO: [ app_begin ] --END-- [ RunTime:0.000982s ]
ERR: 参数错误或者未定义:identifier

[ 2017-05-28T20:11:25+08:00 ] 127.0.0.1 /index.php/Device/getInformation/userId/g12bl2fqomc4cco2kf1rh/sign/dd023dd89cf6562c1073896d69befe63
INFO: [ app_init ] --START--
INFO: Run Behavior\BuildLiteBehavior [ RunTime:0.000023s ]
INFO: [ app_init ] --END-- [ RunTime:0.000501s ]
INFO: [ app_begin ] --START--
INFO: Run Behavior\ReadHtmlCacheBehavior [ RunTime:0.000701s ]
INFO: [ app_begin ] --END-- [ RunTime:0.000840s ]
ERR: 参数错误或者未定义:identifier

[ 2017-05-28T20:12:12+08:00 ] 127.0.0.1 /index.php/Device/getInformation/userId/g12bl2fqomc4cco2kf1rh/sign/dd023dd89cf6562c1073896d69befe63
INFO: [ app_init ] --START--
INFO: Run Behavior\BuildLiteBehavior [ RunTime:0.000022s ]
INFO: [ app_init ] --END-- [ RunTime:0.000508s ]
INFO: [ app_begin ] --START--
INFO: Run Behavior\ReadHtmlCacheBehavior [ RunTime:0.001375s ]
INFO: [ app_begin ] --END-- [ RunTime:0.001638s ]
ERR: 参数错误或者未定义:identifier

[ 2017-05-28T20:12:13+08:00 ] 127.0.0.1 /index.php/Device/getInformation/userId/g12bl2fqomc4cco2kf1rh/sign/dd023dd89cf6562c1073896d69befe63
INFO: [ app_init ] --START--
INFO: Run Behavior\BuildLiteBehavior [ RunTime:0.000023s ]
INFO: [ app_init ] --END-- [ RunTime:0.000526s ]
INFO: [ app_begin ] --START--
INFO: Run Behavior\ReadHtmlCacheBehavior [ RunTime:0.000723s ]
INFO: [ app_begin ] --END-- [ RunTime:0.000838s ]
ERR: 参数错误或者未定义:identifier

[ 2017-05-28T20:18:11+08:00 ] 127.0.0.1 /index.php/Device/getInformation/userId/g12bl2fqomc4cco2kf1rh/sign/dd023dd89cf6562c1073896d69befe63
INFO: [ app_init ] --START--
INFO: Run Behavior\BuildLiteBehavior [ RunTime:0.000025s ]
INFO: [ app_init ] --END-- [ RunTime:0.000671s ]
INFO: [ app_begin ] --START--
INFO: Run Behavior\ReadHtmlCacheBehavior [ RunTime:0.000801s ]
INFO: [ app_begin ] --END-- [ RunTime:0.000937s ]
NOTIC: [8] A session had already been started - ignoring session_start() E:\sbgl\Tools\IndexController.class.php 第 13 行.
ERR: 参数错误或者未定义:identifier

[ 2017-05-28T20:18:12+08:00 ] 127.0.0.1 /index.php/Device/getInformation/userId/g12bl2fqomc4cco2kf1rh/sign/dd023dd89cf6562c1073896d69befe63
INFO: [ app_init ] --START--
INFO: Run Behavior\BuildLiteBehavior [ RunTime:0.000023s ]
INFO: [ app_init ] --END-- [ RunTime:0.000505s ]
INFO: [ app_begin ] --START--
INFO: Run Behavior\ReadHtmlCacheBehavior [ RunTime:0.000716s ]
INFO: [ app_begin ] --END-- [ RunTime:0.000831s ]
NOTIC: [8] A session had already been started - ignoring session_start() E:\sbgl\Tools\IndexController.class.php 第 13 行.
ERR: 参数错误或者未定义:identifier

[ 2017-05-28T20:18:12+08:00 ] 127.0.0.1 /index.php/Device/getInformation/userId/g12bl2fqomc4cco2kf1rh/sign/dd023dd89cf6562c1073896d69befe63
INFO: [ app_init ] --START--
INFO: Run Behavior\BuildLiteBehavior [ RunTime:0.000026s ]
INFO: [ app_init ] --END-- [ RunTime:0.000579s ]
INFO: [ app_begin ] --START--
INFO: Run Behavior\ReadHtmlCacheBehavior [ RunTime:0.000772s ]
INFO: [ app_begin ] --END-- [ RunTime:0.000904s ]
NOTIC: [8] A session had already been started - ignoring session_start() E:\sbgl\Tools\IndexController.class.php 第 13 行.
ERR: 参数错误或者未定义:identifier

[ 2017-05-28T20:18:14+08:00 ] 127.0.0.1 /index.php/Device/getInformation/userId/g12bl2fqomc4cco2kf1rh/sign/dd023dd89cf6562c1073896d69befe63
INFO: [ app_init ] --START--
INFO: Run Behavior\BuildLiteBehavior [ RunTime:0.000021s ]
INFO: [ app_init ] --END-- [ RunTime:0.000489s ]
INFO: [ app_begin ] --START--
INFO: Run Behavior\ReadHtmlCacheBehavior [ RunTime:0.000768s ]
INFO: [ app_begin ] --END-- [ RunTime:0.000906s ]
NOTIC: [8] A session had already been started - ignoring session_start() E:\sbgl\Tools\IndexController.class.php 第 13 行.
ERR: 参数错误或者未定义:identifier

[ 2017-05-28T20:18:16+08:00 ] 127.0.0.1 /index.php/Device/getInformation/userId/g12bl2fqomc4cco2kf1h/sign/dd023dd89cf6562c1073896d69befe63
INFO: [ app_init ] --START--
INFO: Run Behavior\BuildLiteBehavior [ RunTime:0.000024s ]
INFO: [ app_init ] --END-- [ RunTime:0.000525s ]
INFO: [ app_begin ] --START--
INFO: Run Behavior\ReadHtmlCacheBehavior [ RunTime:0.000740s ]
INFO: [ app_begin ] --END-- [ RunTime:0.000857s ]
NOTIC: [8] A session had already been started - ignoring session_start() E:\sbgl\Tools\IndexController.class.php 第 13 行.
ERR: 参数错误或者未定义:identifier

[ 2017-05-28T20:18:19+08:00 ] 127.0.0.1 /index.php/Device/getInformation/userId/g12bl2fqomc4cco2kf1/sign/dd023dd89cf6562c1073896d69befe63
INFO: [ app_init ] --START--
INFO: Run Behavior\BuildLiteBehavior [ RunTime:0.000045s ]
INFO: [ app_init ] --END-- [ RunTime:0.001032s ]
INFO: [ app_begin ] --START--
INFO: Run Behavior\ReadHtmlCacheBehavior [ RunTime:0.002459s ]
INFO: [ app_begin ] --END-- [ RunTime:0.002757s ]
NOTIC: [8] A session had already been started - ignoring session_start() E:\sbgl\Tools\IndexController.class.php 第 13 行.
ERR: 参数错误或者未定义:identifier

[ 2017-05-28T20:18:20+08:00 ] 127.0.0.1 /index.php/Device/getInformation/userId/g12bl2fqomc4cco2kf1/sign/dd023dd89cf6562c1073896d69befe63
INFO: [ app_init ] --START--
INFO: Run Behavior\BuildLiteBehavior [ RunTime:0.000022s ]
INFO: [ app_init ] --END-- [ RunTime:0.000488s ]
INFO: [ app_begin ] --START--
INFO: Run Behavior\ReadHtmlCacheBehavior [ RunTime:0.000829s ]
INFO: [ app_begin ] --END-- [ RunTime:0.000967s ]
NOTIC: [8] A session had already been started - ignoring session_start() E:\sbgl\Tools\IndexController.class.php 第 13 行.
ERR: 参数错误或者未定义:identifier

[ 2017-05-28T20:18:23+08:00 ] 127.0.0.1 /index.php/Device/getInformation//sign/dd023dd89cf6562c1073896d69befe63
INFO: [ app_init ] --START--
INFO: Run Behavior\BuildLiteBehavior [ RunTime:0.000022s ]
INFO: [ app_init ] --END-- [ RunTime:0.000499s ]
INFO: [ app_begin ] --START--
INFO: Run Behavior\ReadHtmlCacheBehavior [ RunTime:0.001411s ]
INFO: [ app_begin ] --END-- [ RunTime:0.001630s ]
NOTIC: [8] A session had already been started - ignoring session_start() E:\sbgl\Tools\IndexController.class.php 第 13 行.
NOTIC: [8] Undefined index: userId E:\sbgl\Tools\IndexController.class.php 第 14 行.
ERR: 参数错误或者未定义:identifier

[ 2017-05-28T20:18:27+08:00 ] 127.0.0.1 /index.php/Device/getInformation/sign/dd023dd89cf6562c1073896d69befe63
INFO: [ app_init ] --START--
INFO: Run Behavior\BuildLiteBehavior [ RunTime:0.000031s ]
INFO: [ app_init ] --END-- [ RunTime:0.000502s ]
INFO: [ app_begin ] --START--
INFO: Run Behavior\ReadHtmlCacheBehavior [ RunTime:0.000734s ]
INFO: [ app_begin ] --END-- [ RunTime:0.000850s ]
NOTIC: [8] A session had already been started - ignoring session_start() E:\sbgl\Tools\IndexController.class.php 第 13 行.
NOTIC: [8] Undefined index: userId E:\sbgl\Tools\IndexController.class.php 第 14 行.
ERR: 参数错误或者未定义:identifier

[ 2017-05-28T20:25:04+08:00 ] 127.0.0.1 /index.php/Device/getInformation/sign/dd023dd89cf6562c1073896d69befe63
INFO: [ app_init ] --START--
INFO: Run Behavior\BuildLiteBehavior [ RunTime:0.000109s ]
INFO: [ app_init ] --END-- [ RunTime:0.000987s ]
INFO: [ app_begin ] --START--
INFO: Run Behavior\ReadHtmlCacheBehavior [ RunTime:0.000804s ]
INFO: [ app_begin ] --END-- [ RunTime:0.000933s ]
NOTIC: [8] Undefined index: userId E:\sbgl\Tools\IndexController.class.php 第 15 行.
ERR: 参数错误或者未定义:identifier

[ 2017-05-28T20:25:05+08:00 ] 127.0.0.1 /index.php/Device/getInformation/sign/dd023dd89cf6562c1073896d69befe63
INFO: [ app_init ] --START--
INFO: Run Behavior\BuildLiteBehavior [ RunTime:0.000022s ]
INFO: [ app_init ] --END-- [ RunTime:0.000469s ]
INFO: [ app_begin ] --START--
INFO: Run Behavior\ReadHtmlCacheBehavior [ RunTime:0.000708s ]
INFO: [ app_begin ] --END-- [ RunTime:0.000824s ]
NOTIC: [8] Undefined index: userId E:\sbgl\Tools\IndexController.class.php 第 15 行.

[ 2017-05-28T20:25:47+08:00 ] 127.0.0.1 /index.php/Device/getInformation/userId/g12bl2fqomc4ccoa2kf31ruh20/sign/dd023dd89cf6562c1073896d69befe63
INFO: [ app_init ] --START--
INFO: Run Behavior\BuildLiteBehavior [ RunTime:0.000027s ]
INFO: [ app_init ] --END-- [ RunTime:0.000650s ]
INFO: [ app_begin ] --START--
INFO: Run Behavior\ReadHtmlCacheBehavior [ RunTime:0.000738s ]
INFO: [ app_begin ] --END-- [ RunTime:0.000856s ]

[ 2017-05-28T20:26:00+08:00 ] 127.0.0.1 /index.php/Device/getInformation/userId/g12bl2fqomc4ccoa2kf31ruh20/sign/dd023dd89cf6562c1073896d69befe63
INFO: [ app_init ] --START--
INFO: Run Behavior\BuildLiteBehavior [ RunTime:0.000029s ]
INFO: [ app_init ] --END-- [ RunTime:0.000934s ]
INFO: [ app_begin ] --START--
INFO: Run Behavior\ReadHtmlCacheBehavior [ RunTime:0.000741s ]
INFO: [ app_begin ] --END-- [ RunTime:0.000868s ]

[ 2017-05-28T20:26:01+08:00 ] 127.0.0.1 /index.php/Device/getInformation/userId/g12bl2fqomc4ccoa2kf31ruh20/sign/dd023dd89cf6562c1073896d69befe63
INFO: [ app_init ] --START--
INFO: Run Behavior\BuildLiteBehavior [ RunTime:0.000022s ]
INFO: [ app_init ] --END-- [ RunTime:0.000476s ]
INFO: [ app_begin ] --START--
INFO: Run Behavior\ReadHtmlCacheBehavior [ RunTime:0.001125s ]
INFO: [ app_begin ] --END-- [ RunTime:0.001295s ]

[ 2017-05-28T20:26:09+08:00 ] 127.0.0.1 /index.php/Device/getInformation/userId/g12bl2fqomc4ccoa2kf31ruh20/sign/dd023dd89cf6562c1073896d69befe63
INFO: [ app_init ] --START--
INFO: Run Behavior\BuildLiteBehavior [ RunTime:0.000025s ]
INFO: [ app_init ] --END-- [ RunTime:0.000546s ]
INFO: [ app_begin ] --START--
INFO: Run Behavior\ReadHtmlCacheBehavior [ RunTime:0.000714s ]
INFO: [ app_begin ] --END-- [ RunTime:0.000833s ]
NOTIC: [8] A session had already been started - ignoring session_start() E:\sbgl\Tools\IndexController.class.php 第 14 行.

[ 2017-05-28T20:26:12+08:00 ] 127.0.0.1 /index.php/Device/getInformation/userId/g12bl2fqomc4ccoa2kf31ruh20/sign/dd023dd89cf6562c1073896d69befe63
INFO: [ app_init ] --START--
INFO: Run Behavior\BuildLiteBehavior [ RunTime:0.000023s ]
INFO: [ app_init ] --END-- [ RunTime:0.000465s ]
INFO: [ app_begin ] --START--
INFO: Run Behavior\ReadHtmlCacheBehavior [ RunTime:0.000712s ]
INFO: [ app_begin ] --END-- [ RunTime:0.000831s ]
NOTIC: [8] A session had already been started - ignoring session_start() E:\sbgl\Tools\IndexController.class.php 第 14 行.

[ 2017-05-28T20:34:21+08:00 ] 127.0.0.1 /index.php/Device/getInformation/userId/g12bl2fqomc4ccoa2kf31ruh20/sign/dd023dd89cf6562c1073896d69befe63
INFO: [ app_init ] --START--
INFO: Run Behavior\BuildLiteBehavior [ RunTime:0.000024s ]
INFO: [ app_init ] --END-- [ RunTime:0.000543s ]
INFO: [ app_begin ] --START--
INFO: Run Behavior\ReadHtmlCacheBehavior [ RunTime:0.000779s ]
INFO: [ app_begin ] --END-- [ RunTime:0.000933s ]

[ 2017-05-28T20:34:21+08:00 ] 127.0.0.1 /index.php/Device/getInformation/userId/g12bl2fqomc4ccoa2kf31ruh20/sign/dd023dd89cf6562c1073896d69befe63
INFO: [ app_init ] --START--
INFO: Run Behavior\BuildLiteBehavior [ RunTime:0.000028s ]
INFO: [ app_init ] --END-- [ RunTime:0.000548s ]
INFO: [ app_begin ] --START--
INFO: Run Behavior\ReadHtmlCacheBehavior [ RunTime:0.000745s ]
INFO: [ app_begin ] --END-- [ RunTime:0.000890s ]

[ 2017-05-28T20:38:15+08:00 ] 127.0.0.1 /index.php/Index/login/stu_id/151110192/pwd/admin123
INFO: [ app_init ] --START--
INFO: Run Behavior\BuildLiteBehavior [ RunTime:0.000023s ]
INFO: [ app_init ] --END-- [ RunTime:0.000473s ]
INFO: [ app_begin ] --START--
INFO: Run Behavior\ReadHtmlCacheBehavior [ RunTime:0.001503s ]
INFO: [ app_begin ] --END-- [ RunTime:0.001738s ]
SQL: SHOW COLUMNS FROM `sbgl_user` [ RunTime:0.0025s ]
SQL: SELECT * FROM `sbgl_user` WHERE ( user='151110192' ) LIMIT 1   [ RunTime:0.0005s ]

[ 2017-05-28T20:39:22+08:00 ] 127.0.0.1 /index.php/Index/login/stu_id/151110192/pwd/admin123
INFO: [ app_init ] --START--
INFO: Run Behavior\BuildLiteBehavior [ RunTime:0.000024s ]
INFO: [ app_init ] --END-- [ RunTime:0.000486s ]
INFO: [ app_begin ] --START--
INFO: Run Behavior\ReadHtmlCacheBehavior [ RunTime:0.000704s ]
INFO: [ app_begin ] --END-- [ RunTime:0.000822s ]
SQL: SHOW COLUMNS FROM `sbgl_user` [ RunTime:0.0014s ]
SQL: SELECT * FROM `sbgl_user` WHERE ( user='151110192' ) LIMIT 1   [ RunTime:0.0004s ]

[ 2017-05-28T20:39:38+08:00 ] 127.0.0.1 /index.php/Device/getInformation/
INFO: [ app_init ] --START--
INFO: Run Behavior\BuildLiteBehavior [ RunTime:0.000032s ]
INFO: [ app_init ] --END-- [ RunTime:0.000523s ]
INFO: [ app_begin ] --START--
INFO: Run Behavior\ReadHtmlCacheBehavior [ RunTime:0.000763s ]
INFO: [ app_begin ] --END-- [ RunTime:0.000892s ]
NOTIC: [8] Undefined index: userId E:\sbgl\Tools\IndexController.class.php 第 12 行.
NOTIC: [2] session_start(): Cannot start session with empty session ID E:\sbgl\Tools\IndexController.class.php 第 13 行.
NOTIC: [8] Undefined index: sign E:\sbgl\Tools\IndexController.class.php 第 17 行.

[ 2017-05-28T20:39:59+08:00 ] 127.0.0.1 /index.php/Device/getInformation/userId/g12bl2fqomc4ccoa2kf31ruh20/sign/e0939ceb660009d860bd96e4a0bb3953
INFO: [ app_init ] --START--
INFO: Run Behavior\BuildLiteBehavior [ RunTime:0.000024s ]
INFO: [ app_init ] --END-- [ RunTime:0.000525s ]
INFO: [ app_begin ] --START--
INFO: Run Behavior\ReadHtmlCacheBehavior [ RunTime:0.000711s ]
INFO: [ app_begin ] --END-- [ RunTime:0.000831s ]
ERR: 参数错误或者未定义:identifier

[ 2017-05-28T20:40:07+08:00 ] 127.0.0.1 /index.php/Device/getInformation/userId/g12bl2fqomc4ccoa2kf31ruh2/sign/e0939ceb660009d860bd96e4a0bb3953
INFO: [ app_init ] --START--
INFO: Run Behavior\BuildLiteBehavior [ RunTime:0.000038s ]
INFO: [ app_init ] --END-- [ RunTime:0.000837s ]
INFO: [ app_begin ] --START--
INFO: Run Behavior\ReadHtmlCacheBehavior [ RunTime:0.000736s ]
INFO: [ app_begin ] --END-- [ RunTime:0.000857s ]

[ 2017-05-28T20:40:13+08:00 ] 127.0.0.1 /index.php/Device/getInformation/userId/g12bl2fqomc4ccoa2kf31ruh20/sign/e0939ceb660009d860bd96e4a0bb3953
INFO: [ app_init ] --START--
INFO: Run Behavior\BuildLiteBehavior [ RunTime:0.000030s ]
INFO: [ app_init ] --END-- [ RunTime:0.000973s ]
INFO: [ app_begin ] --START--
INFO: Run Behavior\ReadHtmlCacheBehavior [ RunTime:0.000730s ]
INFO: [ app_begin ] --END-- [ RunTime:0.000900s ]
ERR: 参数错误或者未定义:identifier

[ 2017-05-28T20:44:18+08:00 ] 127.0.0.1 /index.php/Device/borrow/userId/g12bl2fqomc4ccoa2kf31ruh20/sign/e0939ceb660009d860bd96e4a0bb3953
INFO: [ app_init ] --START--
INFO: Run Behavior\BuildLiteBehavior [ RunTime:0.000022s ]
INFO: [ app_init ] --END-- [ RunTime:0.000496s ]
INFO: [ app_begin ] --START--
INFO: Run Behavior\ReadHtmlCacheBehavior [ RunTime:0.000785s ]
INFO: [ app_begin ] --END-- [ RunTime:0.000904s ]
ERR: 参数错误或者未定义:identifier

[ 2017-05-28T20:44:28+08:00 ] 127.0.0.1 /index.php/Device/borrow/userId/g12bl2fqomc4ccoa2kf31ruh20/sign/e0939ceb660009d860bd96e4a0bb3953/identifier
INFO: [ app_init ] --START--
INFO: Run Behavior\BuildLiteBehavior [ RunTime:0.000058s ]
INFO: [ app_init ] --END-- [ RunTime:0.000591s ]
INFO: [ app_begin ] --START--
INFO: Run Behavior\ReadHtmlCacheBehavior [ RunTime:0.001333s ]
INFO: [ app_begin ] --END-- [ RunTime:0.001591s ]
ERR: 参数错误或者未定义:identifier

[ 2017-05-28T20:44:34+08:00 ] 127.0.0.1 /index.php/Device/borrow/userId/g12bl2fqomc4ccoa2kf31ruh20/sign/e0939ceb660009d860bd96e4a0bb3953/identifier/20170201
INFO: [ app_init ] --START--
INFO: Run Behavior\BuildLiteBehavior [ RunTime:0.000022s ]
INFO: [ app_init ] --END-- [ RunTime:0.000504s ]
INFO: [ app_begin ] --START--
INFO: Run Behavior\ReadHtmlCacheBehavior [ RunTime:0.001224s ]
INFO: [ app_begin ] --END-- [ RunTime:0.001419s ]
ERR: 参数错误或者未定义:person

[ 2017-05-28T21:08:01+08:00 ] 127.0.0.1 /index.php/Index/logout
INFO: [ app_init ] --START--
INFO: Run Behavior\BuildLiteBehavior [ RunTime:0.000026s ]
INFO: [ app_init ] --END-- [ RunTime:0.000799s ]
INFO: [ app_begin ] --START--
INFO: Run Behavior\ReadHtmlCacheBehavior [ RunTime:0.000821s ]
INFO: [ app_begin ] --END-- [ RunTime:0.000945s ]

[ 2017-05-28T21:08:12+08:00 ] 127.0.0.1 /index.php/Index/login/stu_id/151110192/pwd/admin123
INFO: [ app_init ] --START--
INFO: Run Behavior\BuildLiteBehavior [ RunTime:0.000023s ]
INFO: [ app_init ] --END-- [ RunTime:0.000494s ]
INFO: [ app_begin ] --START--
INFO: Run Behavior\ReadHtmlCacheBehavior [ RunTime:0.001103s ]
INFO: [ app_begin ] --END-- [ RunTime:0.001338s ]
SQL: SHOW COLUMNS FROM `sbgl_user` [ RunTime:0.0025s ]
SQL: SELECT * FROM `sbgl_user` WHERE ( user='151110192' ) LIMIT 1   [ RunTime:0.0005s ]

[ 2017-05-28T21:08:29+08:00 ] 127.0.0.1 /index.php/Device/getInformation/
INFO: [ app_init ] --START--
INFO: Run Behavior\BuildLiteBehavior [ RunTime:0.000022s ]
INFO: [ app_init ] --END-- [ RunTime:0.000453s ]
INFO: [ app_begin ] --START--
INFO: Run Behavior\ReadHtmlCacheBehavior [ RunTime:0.001567s ]
INFO: [ app_begin ] --END-- [ RunTime:0.001824s ]
NOTIC: [8] Undefined index: session_id E:\sbgl\Tools\IndexController.class.php 第 12 行.
NOTIC: [2] session_start(): Cannot start session with empty session ID E:\sbgl\Tools\IndexController.class.php 第 13 行.
NOTIC: [8] Undefined index: signature E:\sbgl\Tools\IndexController.class.php 第 17 行.

[ 2017-05-28T21:08:48+08:00 ] 127.0.0.1 /index.php/Device/getInformation/userId/g12bl2fqomc4ccoa2kf31ruh20/sign/4d05bfbc90913c4ce136a20a5bebe96f
INFO: [ app_init ] --START--
INFO: Run Behavior\BuildLiteBehavior [ RunTime:0.000023s ]
INFO: [ app_init ] --END-- [ RunTime:0.000470s ]
INFO: [ app_begin ] --START--
INFO: Run Behavior\ReadHtmlCacheBehavior [ RunTime:0.000665s ]
INFO: [ app_begin ] --END-- [ RunTime:0.000770s ]
NOTIC: [8] Undefined index: session_id E:\sbgl\Tools\IndexController.class.php 第 12 行.
NOTIC: [2] session_start(): Cannot start session with empty session ID E:\sbgl\Tools\IndexController.class.php 第 13 行.
NOTIC: [8] Undefined index: signature E:\sbgl\Tools\IndexController.class.php 第 17 行.

[ 2017-05-28T21:10:04+08:00 ] 127.0.0.1 /index.php/Device/getInformation/session_id/g12bl2fqomc4ccoa2kf31ruh20/access_key/4d05bfbc90913c4ce136a20a5bebe96f
INFO: [ app_init ] --START--
INFO: Run Behavior\BuildLiteBehavior [ RunTime:0.000022s ]
INFO: [ app_init ] --END-- [ RunTime:0.000483s ]
INFO: [ app_begin ] --START--
INFO: Run Behavior\ReadHtmlCacheBehavior [ RunTime:0.000739s ]
INFO: [ app_begin ] --END-- [ RunTime:0.000848s ]
NOTIC: [8] Undefined index: signature E:\sbgl\Tools\IndexController.class.php 第 17 行.

[ 2017-05-28T21:10:12+08:00 ] 127.0.0.1 /index.php/Device/getInformation/session_id/g12bl2fqomc4ccoa2kf31ruh20/signature/4d05bfbc90913c4ce136a20a5bebe96f
INFO: [ app_init ] --START--
INFO: Run Behavior\BuildLiteBehavior [ RunTime:0.000023s ]
INFO: [ app_init ] --END-- [ RunTime:0.000490s ]
INFO: [ app_begin ] --START--
INFO: Run Behavior\ReadHtmlCacheBehavior [ RunTime:0.000704s ]
INFO: [ app_begin ] --END-- [ RunTime:0.000821s ]
ERR: 参数错误或者未定义:identifier

[ 2017-05-28T21:10:16+08:00 ] 127.0.0.1 /index.php/Device/getInformation/session_id/g12bl2fqomc4ccoa2kf31ruh2/signature/4d05bfbc90913c4ce136a20a5bebe96f
INFO: [ app_init ] --START--
INFO: Run Behavior\BuildLiteBehavior [ RunTime:0.000022s ]
INFO: [ app_init ] --END-- [ RunTime:0.000453s ]
INFO: [ app_begin ] --START--
INFO: Run Behavior\ReadHtmlCacheBehavior [ RunTime:0.000810s ]
INFO: [ app_begin ] --END-- [ RunTime:0.000950s ]

[ 2017-05-28T21:10:20+08:00 ] 127.0.0.1 /index.php/Device/getInformation/session_id/g12bl2fqomc4ccoa2kf31ruh20/signature/4d05bfbc90913c4ce136a20a5bebe96f
INFO: [ app_init ] --START--
INFO: Run Behavior\BuildLiteBehavior [ RunTime:0.000023s ]
INFO: [ app_init ] --END-- [ RunTime:0.000465s ]
INFO: [ app_begin ] --START--
INFO: Run Behavior\ReadHtmlCacheBehavior [ RunTime:0.000699s ]
INFO: [ app_begin ] --END-- [ RunTime:0.000808s ]
ERR: 参数错误或者未定义:identifier

[ 2017-05-28T21:10:22+08:00 ] 127.0.0.1 /index.php/Device/getInformation/session_id/g12bl2fqomc4ccoa2kf31ruh20/signature/4d05bfb90913c4ce136a20a5bebe96f
INFO: [ app_init ] --START--
INFO: Run Behavior\BuildLiteBehavior [ RunTime:0.000036s ]
INFO: [ app_init ] --END-- [ RunTime:0.000483s ]
INFO: [ app_begin ] --START--
INFO: Run Behavior\ReadHtmlCacheBehavior [ RunTime:0.001159s ]
INFO: [ app_begin ] --END-- [ RunTime:0.001359s ]

[ 2017-05-28T21:10:25+08:00 ] 127.0.0.1 /index.php/Device/getInformation/session_id/g12bl2fqomc4ccoa2kf31ruh20/signature/4d05bfbc90913c4ce136a20a5bebe96f
INFO: [ app_init ] --START--
INFO: Run Behavior\BuildLiteBehavior [ RunTime:0.000048s ]
INFO: [ app_init ] --END-- [ RunTime:0.000819s ]
INFO: [ app_begin ] --START--
INFO: Run Behavior\ReadHtmlCacheBehavior [ RunTime:0.000756s ]
INFO: [ app_begin ] --END-- [ RunTime:0.000891s ]
ERR: 参数错误或者未定义:identifier

[ 2017-05-28T21:10:41+08:00 ] 127.0.0.1 /index.php/Device/getInformation/session_id/g12bl2fqomc4ccoa2kf31ruh20/signature/4d05bfbc90913c4ce136a20a5bebe96f
INFO: [ app_init ] --START--
INFO: Run Behavior\BuildLiteBehavior [ RunTime:0.000021s ]
INFO: [ app_init ] --END-- [ RunTime:0.000456s ]
INFO: [ app_begin ] --START--
INFO: Run Behavior\ReadHtmlCacheBehavior [ RunTime:0.000680s ]
INFO: [ app_begin ] --END-- [ RunTime:0.000814s ]

[ 2017-05-28T22:09:48+08:00 ] 127.0.0.1 /index.php/Index/login/stu_id/151110192/pwd/admin123
INFO: [ app_init ] --START--
INFO: Run Behavior\BuildLiteBehavior [ RunTime:0.000032s ]
INFO: [ app_init ] --END-- [ RunTime:0.003034s ]
INFO: [ app_begin ] --START--
INFO: Run Behavior\ReadHtmlCacheBehavior [ RunTime:0.001116s ]
INFO: [ app_begin ] --END-- [ RunTime:0.001255s ]
SQL: SHOW COLUMNS FROM `sbgl_user` [ RunTime:0.0712s ]
SQL: SELECT * FROM `sbgl_user` WHERE ( user='151110192' ) LIMIT 1   [ RunTime:0.0174s ]

[ 2017-05-28T23:32:14+08:00 ] 127.0.0.1 /index.php/Index/login/stu_id/151110192/pwd/admin123
INFO: [ app_init ] --START--
INFO: Run Behavior\BuildLiteBehavior [ RunTime:0.000051s ]
INFO: [ app_init ] --END-- [ RunTime:0.001415s ]
INFO: [ app_begin ] --START--
INFO: Run Behavior\ReadHtmlCacheBehavior [ RunTime:0.014323s ]
INFO: [ app_begin ] --END-- [ RunTime:0.014521s ]
SQL: SHOW COLUMNS FROM `sbgl_user` [ RunTime:0.0025s ]
SQL: SELECT * FROM `sbgl_user` WHERE ( user='151110192' ) LIMIT 1   [ RunTime:0.0004s ]

[ 2017-05-28T23:33:08+08:00 ] 127.0.0.1 /index.php/Version/update/type/1/version/2.0.0
INFO: [ app_init ] --START--
INFO: Run Behavior\BuildLiteBehavior [ RunTime:0.000023s ]
INFO: [ app_init ] --END-- [ RunTime:0.000529s ]
INFO: [ app_begin ] --START--
INFO: Run Behavior\ReadHtmlCacheBehavior [ RunTime:0.000755s ]
INFO: [ app_begin ] --END-- [ RunTime:0.000907s ]
NOTIC: [8] Undefined index: session_id E:\sbgl\Tools\IndexController.class.php 第 12 行.
NOTIC: [2] session_start(): Cannot start session with empty session ID E:\sbgl\Tools\IndexController.class.php 第 13 行.
NOTIC: [8] Undefined index: signature E:\sbgl\Tools\IndexController.class.php 第 17 行.

[ 2017-05-28T23:33:36+08:00 ] 127.0.0.1 /index.php/Version/update/type/1/version/2.0.0/session_id/g12bl2fqomc4ccoa2kf31ruh20/signature/a6ac93a89c6b0ece639ed81f90fdc5c4
INFO: [ app_init ] --START--
INFO: Run Behavior\BuildLiteBehavior [ RunTime:0.000024s ]
INFO: [ app_init ] --END-- [ RunTime:0.000555s ]
INFO: [ app_begin ] --START--
INFO: Run Behavior\ReadHtmlCacheBehavior [ RunTime:0.001341s ]
INFO: [ app_begin ] --END-- [ RunTime:0.001659s ]
NOTIC: [2048] Declaration of Model\VersionModel::check() should be compatible with Think\Model::check($value, $rule, $type = 'regex') E:\sbgl\Model\VersionModel.class.php 第 4 行.
SQL: SHOW COLUMNS FROM `sbgl_version` [ RunTime:0.0106s ]
SQL: SELECT * FROM `sbgl_version` WHERE ( client_type=1 ) ORDER BY time desc LIMIT 1   [ RunTime:0.0005s ]

