[ 2017-05-29T00:24:28+08:00 ] 127.0.0.1 /index.php/Device/repair/session_id/g12bl2fqomc4ccoa2kf31ruh20/signature/a6ac93a89c6b0ece639ed81f90fdc5c4
INFO: [ app_init ] --START--
INFO: Run Behavior\BuildLiteBehavior [ RunTime:0.000050s ]
INFO: [ app_init ] --END-- [ RunTime:0.001908s ]
INFO: [ app_begin ] --START--
INFO: Run Behavior\ReadHtmlCacheBehavior [ RunTime:0.000900s ]
INFO: [ app_begin ] --END-- [ RunTime:0.001070s ]
ERR: 参数错误或者未定义:identifier

[ 2017-05-29T00:24:41+08:00 ] 127.0.0.1 /index.php/Device/getRepair/session_id/g12bl2fqomc4ccoa2kf31ruh20/signature/a6ac93a89c6b0ece639ed81f90fdc5c4
INFO: [ app_init ] --START--
INFO: Run Behavior\BuildLiteBehavior [ RunTime:0.000023s ]
INFO: [ app_init ] --END-- [ RunTime:0.000499s ]
INFO: [ app_begin ] --START--
INFO: Run Behavior\ReadHtmlCacheBehavior [ RunTime:0.001306s ]
INFO: [ app_begin ] --END-- [ RunTime:0.001491s ]
SQL: SHOW COLUMNS FROM `sbgl_repair` [ RunTime:0.0015s ]
SQL: SELECT `rp_id`,`rp_device_identifier`,`rp_location`,`rp_matter`,`rp_time`,`rp_person`,`rp_status`,`rp_solve_status` FROM `sbgl_repair` WHERE ( rp_status!=2 and rp_solve_status!=2 ) ORDER BY rp_time desc  [ RunTime:0.0153s ]

[ 2017-05-29T00:26:02+08:00 ] 127.0.0.1 /index.php/Device/getRepair/session_id/g12bl2fqomc4ccoa2kf31ruh2/signature/a6ac93a89c6b0ece639ed81f90fdc5c4
INFO: [ app_init ] --START--
INFO: Run Behavior\BuildLiteBehavior [ RunTime:0.000024s ]
INFO: [ app_init ] --END-- [ RunTime:0.000807s ]
INFO: [ app_begin ] --START--
INFO: Run Behavior\ReadHtmlCacheBehavior [ RunTime:0.000753s ]
INFO: [ app_begin ] --END-- [ RunTime:0.000870s ]

[ 2017-05-29T00:26:06+08:00 ] 127.0.0.1 /index.php/Device/getRepair/session_id/g12bl2fqomc4ccoa2kf31ruh20/signature/a6ac93a89c6b0ece639ed81f90fdc5c4
INFO: [ app_init ] --START--
INFO: Run Behavior\BuildLiteBehavior [ RunTime:0.000041s ]
INFO: [ app_init ] --END-- [ RunTime:0.000875s ]
INFO: [ app_begin ] --START--
INFO: Run Behavior\ReadHtmlCacheBehavior [ RunTime:0.000959s ]
INFO: [ app_begin ] --END-- [ RunTime:0.001089s ]
SQL: SHOW COLUMNS FROM `sbgl_repair` [ RunTime:0.0138s ]
SQL: SELECT `rp_id`,`rp_device_identifier`,`rp_location`,`rp_matter`,`rp_time`,`rp_person`,`rp_status`,`rp_solve_status` FROM `sbgl_repair` WHERE ( rp_status!=2 and rp_solve_status!=2 ) ORDER BY rp_time desc  [ RunTime:0.0005s ]

[ 2017-05-29T01:42:35+08:00 ] 127.0.0.1 /index.php/Version/update/session_id/g12bl2fqomc4ccoa2kf31ruh20/signature/a6ac93a89c6b0ece639ed81f90fdc5c4
INFO: [ app_init ] --START--
INFO: Run Behavior\BuildLiteBehavior [ RunTime:0.000067s ]
INFO: [ app_init ] --END-- [ RunTime:0.019765s ]
INFO: [ app_begin ] --START--
INFO: Run Behavior\ReadHtmlCacheBehavior [ RunTime:0.001506s ]
INFO: [ app_begin ] --END-- [ RunTime:0.001641s ]
ERR: 参数错误或者未定义:type

[ 2017-05-29T01:42:51+08:00 ] 127.0.0.1 /index.php/Version/update/type/1/version/2.0.0session_id/g12bl2fqomc4ccoa2kf31ruh20/signature/a6ac93a89c6b0ece639ed81f90fdc5c4
INFO: [ app_init ] --START--
INFO: Run Behavior\BuildLiteBehavior [ RunTime:0.000022s ]
INFO: [ app_init ] --END-- [ RunTime:0.000573s ]
INFO: [ app_begin ] --START--
INFO: Run Behavior\ReadHtmlCacheBehavior [ RunTime:0.001215s ]
INFO: [ app_begin ] --END-- [ RunTime:0.001341s ]
NOTIC: [8] Undefined index: session_id E:\sbgl\Tools\IndexController.class.php 第 12 行.
NOTIC: [2] session_start(): Cannot start session with empty session ID E:\sbgl\Tools\IndexController.class.php 第 13 行.
NOTIC: [8] Undefined index: signature E:\sbgl\Tools\IndexController.class.php 第 17 行.

[ 2017-05-29T01:42:54+08:00 ] 127.0.0.1 /index.php/Version/update/type/1/version/2.0.0/session_id/g12bl2fqomc4ccoa2kf31ruh20/signature/a6ac93a89c6b0ece639ed81f90fdc5c4
INFO: [ app_init ] --START--
INFO: Run Behavior\BuildLiteBehavior [ RunTime:0.000052s ]
INFO: [ app_init ] --END-- [ RunTime:0.000947s ]
INFO: [ app_begin ] --START--
INFO: Run Behavior\ReadHtmlCacheBehavior [ RunTime:0.001298s ]
INFO: [ app_begin ] --END-- [ RunTime:0.001504s ]
NOTIC: [2048] Declaration of Model\VersionModel::check() should be compatible with Think\Model::check($value, $rule, $type = 'regex') E:\sbgl\Model\VersionModel.class.php 第 7 行.
SQL: SHOW COLUMNS FROM `sbgl_version` [ RunTime:0.0362s ]
SQL: SELECT * FROM `sbgl_version` WHERE ( client_type=1 ) ORDER BY time desc LIMIT 1   [ RunTime:0.0102s ]

[ 2017-05-29T01:43:14+08:00 ] 127.0.0.1 /index.php/Version/update/type/1/version/2.0.1/session_id/g12bl2fqomc4ccoa2kf31ruh20/signature/a6ac93a89c6b0ece639ed81f90fdc5c4
INFO: [ app_init ] --START--
INFO: Run Behavior\BuildLiteBehavior [ RunTime:0.000025s ]
INFO: [ app_init ] --END-- [ RunTime:0.000572s ]
INFO: [ app_begin ] --START--
INFO: Run Behavior\ReadHtmlCacheBehavior [ RunTime:0.001032s ]
INFO: [ app_begin ] --END-- [ RunTime:0.001173s ]
NOTIC: [2048] Declaration of Model\VersionModel::check() should be compatible with Think\Model::check($value, $rule, $type = 'regex') E:\sbgl\Model\VersionModel.class.php 第 7 行.
SQL: SHOW COLUMNS FROM `sbgl_version` [ RunTime:0.0114s ]
SQL: SELECT * FROM `sbgl_version` WHERE ( client_type=1 ) ORDER BY time desc LIMIT 1   [ RunTime:0.0004s ]

[ 2017-05-29T01:43:19+08:00 ] 127.0.0.1 /index.php/Version/update/type/1/version/2.0.0/session_id/g12bl2fqomc4ccoa2kf31ruh20/signature/a6ac93a89c6b0ece639ed81f90fdc5c4
INFO: [ app_init ] --START--
INFO: Run Behavior\BuildLiteBehavior [ RunTime:0.000024s ]
INFO: [ app_init ] --END-- [ RunTime:0.000518s ]
INFO: [ app_begin ] --START--
INFO: Run Behavior\ReadHtmlCacheBehavior [ RunTime:0.001105s ]
INFO: [ app_begin ] --END-- [ RunTime:0.001269s ]
NOTIC: [2048] Declaration of Model\VersionModel::check() should be compatible with Think\Model::check($value, $rule, $type = 'regex') E:\sbgl\Model\VersionModel.class.php 第 7 行.
SQL: SHOW COLUMNS FROM `sbgl_version` [ RunTime:0.0008s ]
SQL: SELECT * FROM `sbgl_version` WHERE ( client_type=1 ) ORDER BY time desc LIMIT 1   [ RunTime:0.0004s ]

[ 2017-05-29T01:43:22+08:00 ] 127.0.0.1 /index.php/Version/update/type//version/2.0.0/session_id/g12bl2fqomc4ccoa2kf31ruh20/signature/a6ac93a89c6b0ece639ed81f90fdc5c4
INFO: [ app_init ] --START--
INFO: Run Behavior\BuildLiteBehavior [ RunTime:0.000022s ]
INFO: [ app_init ] --END-- [ RunTime:0.000495s ]
INFO: [ app_begin ] --START--
INFO: Run Behavior\ReadHtmlCacheBehavior [ RunTime:0.001039s ]
INFO: [ app_begin ] --END-- [ RunTime:0.001173s ]
NOTIC: [8] Undefined index: session_id E:\sbgl\Tools\IndexController.class.php 第 12 行.
NOTIC: [2] session_start(): Cannot start session with empty session ID E:\sbgl\Tools\IndexController.class.php 第 13 行.
NOTIC: [8] Undefined index: signature E:\sbgl\Tools\IndexController.class.php 第 17 行.

[ 2017-05-29T01:43:28+08:00 ] 127.0.0.1 /index.php/Version/update/type/0/version/2.0.0/session_id/g12bl2fqomc4ccoa2kf31ruh20/signature/a6ac93a89c6b0ece639ed81f90fdc5c4
INFO: [ app_init ] --START--
INFO: Run Behavior\BuildLiteBehavior [ RunTime:0.000023s ]
INFO: [ app_init ] --END-- [ RunTime:0.000499s ]
INFO: [ app_begin ] --START--
INFO: Run Behavior\ReadHtmlCacheBehavior [ RunTime:0.001259s ]
INFO: [ app_begin ] --END-- [ RunTime:0.001418s ]
NOTIC: [2048] Declaration of Model\VersionModel::check() should be compatible with Think\Model::check($value, $rule, $type = 'regex') E:\sbgl\Model\VersionModel.class.php 第 7 行.
SQL: SHOW COLUMNS FROM `sbgl_version` [ RunTime:0.0009s ]
SQL: SELECT * FROM `sbgl_version` WHERE ( client_type=0 ) ORDER BY time desc LIMIT 1   [ RunTime:0.0003s ]

[ 2017-05-29T01:45:03+08:00 ] 127.0.0.1 /index.php/Version/update/type/1/version/2.0.0/session_id/g12bl2fqomc4ccoa2kf31ruh20/signature/a6ac93a89c6b0ece639ed81f90fdc5c4
INFO: [ app_init ] --START--
INFO: Run Behavior\BuildLiteBehavior [ RunTime:0.000023s ]
INFO: [ app_init ] --END-- [ RunTime:0.000529s ]
INFO: [ app_begin ] --START--
INFO: Run Behavior\ReadHtmlCacheBehavior [ RunTime:0.001012s ]
INFO: [ app_begin ] --END-- [ RunTime:0.001191s ]
NOTIC: [2048] Declaration of Model\VersionModel::check() should be compatible with Think\Model::check($value, $rule, $type = 'regex') E:\sbgl\Model\VersionModel.class.php 第 7 行.
SQL: SHOW COLUMNS FROM `sbgl_version` [ RunTime:0.0009s ]
SQL: SELECT * FROM `sbgl_version` WHERE ( client_type=1 ) ORDER BY time desc LIMIT 1   [ RunTime:0.0008s ]

[ 2017-05-29T01:46:18+08:00 ] 127.0.0.1 /index.php/Version/update/type/1/version/2.0.0/session_id/g12bl2fqomc4ccoa2kf31ruh20/signature/a6ac93a89c6b0ece639ed81f90fdc5c4
INFO: [ app_init ] --START--
INFO: Run Behavior\BuildLiteBehavior [ RunTime:0.000022s ]
INFO: [ app_init ] --END-- [ RunTime:0.000517s ]
INFO: [ app_begin ] --START--
INFO: Run Behavior\ReadHtmlCacheBehavior [ RunTime:0.000865s ]
INFO: [ app_begin ] --END-- [ RunTime:0.000994s ]
NOTIC: [2048] Declaration of Model\VersionModel::check() should be compatible with Think\Model::check($value, $rule, $type = 'regex') E:\sbgl\Model\VersionModel.class.php 第 7 行.
SQL: SHOW COLUMNS FROM `sbgl_version` [ RunTime:0.0009s ]
SQL: SELECT * FROM `sbgl_version` WHERE ( client_type=1 ) ORDER BY time desc LIMIT 1   [ RunTime:0.0004s ]

[ 2017-05-29T01:46:28+08:00 ] 127.0.0.1 /index.php/Version/update/type/1/version/3.0.0/session_id/g12bl2fqomc4ccoa2kf31ruh20/signature/a6ac93a89c6b0ece639ed81f90fdc5c4
INFO: [ app_init ] --START--
INFO: Run Behavior\BuildLiteBehavior [ RunTime:0.000023s ]
INFO: [ app_init ] --END-- [ RunTime:0.000512s ]
INFO: [ app_begin ] --START--
INFO: Run Behavior\ReadHtmlCacheBehavior [ RunTime:0.000827s ]
INFO: [ app_begin ] --END-- [ RunTime:0.000960s ]
NOTIC: [2048] Declaration of Model\VersionModel::check() should be compatible with Think\Model::check($value, $rule, $type = 'regex') E:\sbgl\Model\VersionModel.class.php 第 7 行.
SQL: SHOW COLUMNS FROM `sbgl_version` [ RunTime:0.0149s ]
SQL: SELECT * FROM `sbgl_version` WHERE ( client_type=1 ) ORDER BY time desc LIMIT 1   [ RunTime:0.0004s ]

[ 2017-05-29T01:46:37+08:00 ] 127.0.0.1 /index.php/Version/update/type/1/version/4.0.0/session_id/g12bl2fqomc4ccoa2kf31ruh20/signature/a6ac93a89c6b0ece639ed81f90fdc5c4
INFO: [ app_init ] --START--
INFO: Run Behavior\BuildLiteBehavior [ RunTime:0.000053s ]
INFO: [ app_init ] --END-- [ RunTime:0.000685s ]
INFO: [ app_begin ] --START--
INFO: Run Behavior\ReadHtmlCacheBehavior [ RunTime:0.001193s ]
INFO: [ app_begin ] --END-- [ RunTime:0.001408s ]
NOTIC: [2048] Declaration of Model\VersionModel::check() should be compatible with Think\Model::check($value, $rule, $type = 'regex') E:\sbgl\Model\VersionModel.class.php 第 7 行.
SQL: SHOW COLUMNS FROM `sbgl_version` [ RunTime:0.0010s ]
SQL: SELECT * FROM `sbgl_version` WHERE ( client_type=1 ) ORDER BY time desc LIMIT 1   [ RunTime:0.0006s ]

[ 2017-05-29T01:46:42+08:00 ] 127.0.0.1 /index.php/Version/update/type/1/version/2.0.0/session_id/g12bl2fqomc4ccoa2kf31ruh20/signature/a6ac93a89c6b0ece639ed81f90fdc5c4
INFO: [ app_init ] --START--
INFO: Run Behavior\BuildLiteBehavior [ RunTime:0.000024s ]
INFO: [ app_init ] --END-- [ RunTime:0.000503s ]
INFO: [ app_begin ] --START--
INFO: Run Behavior\ReadHtmlCacheBehavior [ RunTime:0.000851s ]
INFO: [ app_begin ] --END-- [ RunTime:0.000997s ]
NOTIC: [2048] Declaration of Model\VersionModel::check() should be compatible with Think\Model::check($value, $rule, $type = 'regex') E:\sbgl\Model\VersionModel.class.php 第 7 行.
SQL: SHOW COLUMNS FROM `sbgl_version` [ RunTime:0.0008s ]
SQL: SELECT * FROM `sbgl_version` WHERE ( client_type=1 ) ORDER BY time desc LIMIT 1   [ RunTime:0.0004s ]

[ 2017-05-29T01:46:46+08:00 ] 127.0.0.1 /index.php/Version/update/type/1/version/2.0.41/session_id/g12bl2fqomc4ccoa2kf31ruh20/signature/a6ac93a89c6b0ece639ed81f90fdc5c4
INFO: [ app_init ] --START--
INFO: Run Behavior\BuildLiteBehavior [ RunTime:0.000040s ]
INFO: [ app_init ] --END-- [ RunTime:0.000857s ]
INFO: [ app_begin ] --START--
INFO: Run Behavior\ReadHtmlCacheBehavior [ RunTime:0.000900s ]
INFO: [ app_begin ] --END-- [ RunTime:0.001074s ]
NOTIC: [2048] Declaration of Model\VersionModel::check() should be compatible with Think\Model::check($value, $rule, $type = 'regex') E:\sbgl\Model\VersionModel.class.php 第 7 行.
SQL: SHOW COLUMNS FROM `sbgl_version` [ RunTime:0.0084s ]
SQL: SELECT * FROM `sbgl_version` WHERE ( client_type=1 ) ORDER BY time desc LIMIT 1   [ RunTime:0.0008s ]

[ 2017-05-29T01:46:53+08:00 ] 127.0.0.1 /index.php/Version/update/type/1/version/2.0.41/session_id/g12bl2fqomc4ccoa2kf31ruh20/signature/a6ac93a89c6b0ece639ed81f90fdc5c4
INFO: [ app_init ] --START--
INFO: Run Behavior\BuildLiteBehavior [ RunTime:0.000023s ]
INFO: [ app_init ] --END-- [ RunTime:0.000579s ]
INFO: [ app_begin ] --START--
INFO: Run Behavior\ReadHtmlCacheBehavior [ RunTime:0.001128s ]
INFO: [ app_begin ] --END-- [ RunTime:0.001315s ]
NOTIC: [2048] Declaration of Model\VersionModel::check() should be compatible with Think\Model::check($value, $rule, $type = 'regex') E:\sbgl\Model\VersionModel.class.php 第 7 行.
SQL: SHOW COLUMNS FROM `sbgl_version` [ RunTime:0.0013s ]
SQL: SELECT * FROM `sbgl_version` WHERE ( client_type=1 ) ORDER BY time desc LIMIT 1   [ RunTime:0.0004s ]

[ 2017-05-29T01:47:03+08:00 ] 127.0.0.1 /index.php/Version/update/type/1/version/2.1.41/session_id/g12bl2fqomc4ccoa2kf31ruh20/signature/a6ac93a89c6b0ece639ed81f90fdc5c4
INFO: [ app_init ] --START--
INFO: Run Behavior\BuildLiteBehavior [ RunTime:0.000034s ]
INFO: [ app_init ] --END-- [ RunTime:0.000647s ]
INFO: [ app_begin ] --START--
INFO: Run Behavior\ReadHtmlCacheBehavior [ RunTime:0.000761s ]
INFO: [ app_begin ] --END-- [ RunTime:0.000883s ]
NOTIC: [2048] Declaration of Model\VersionModel::check() should be compatible with Think\Model::check($value, $rule, $type = 'regex') E:\sbgl\Model\VersionModel.class.php 第 7 行.
SQL: SHOW COLUMNS FROM `sbgl_version` [ RunTime:0.0009s ]
SQL: SELECT * FROM `sbgl_version` WHERE ( client_type=1 ) ORDER BY time desc LIMIT 1   [ RunTime:0.0003s ]

[ 2017-05-29T01:47:44+08:00 ] 127.0.0.1 /index.php/Version/update/type/1/version/2.1.41/session_id/g12bl2fqomc4ccoa2kf31ruh20/signature/a6ac93a89c6b0ece639ed81f90fdc5c4
INFO: [ app_init ] --START--
INFO: Run Behavior\BuildLiteBehavior [ RunTime:0.000026s ]
INFO: [ app_init ] --END-- [ RunTime:0.000654s ]
INFO: [ app_begin ] --START--
INFO: Run Behavior\ReadHtmlCacheBehavior [ RunTime:0.000701s ]
INFO: [ app_begin ] --END-- [ RunTime:0.000824s ]
NOTIC: [2048] Declaration of Model\VersionModel::check() should be compatible with Think\Model::check($value, $rule, $type = 'regex') E:\sbgl\Model\VersionModel.class.php 第 7 行.
SQL: SHOW COLUMNS FROM `sbgl_version` [ RunTime:0.0009s ]
SQL: SELECT * FROM `sbgl_version` WHERE ( client_type=1 ) ORDER BY time desc LIMIT 1   [ RunTime:0.0019s ]

[ 2017-05-29T01:47:55+08:00 ] 127.0.0.1 /index.php/Version/update/type/1/version/2.1.0/session_id/g12bl2fqomc4ccoa2kf31ruh20/signature/a6ac93a89c6b0ece639ed81f90fdc5c4
INFO: [ app_init ] --START--
INFO: Run Behavior\BuildLiteBehavior [ RunTime:0.000024s ]
INFO: [ app_init ] --END-- [ RunTime:0.000525s ]
INFO: [ app_begin ] --START--
INFO: Run Behavior\ReadHtmlCacheBehavior [ RunTime:0.000718s ]
INFO: [ app_begin ] --END-- [ RunTime:0.000853s ]
NOTIC: [2048] Declaration of Model\VersionModel::check() should be compatible with Think\Model::check($value, $rule, $type = 'regex') E:\sbgl\Model\VersionModel.class.php 第 7 行.
SQL: SHOW COLUMNS FROM `sbgl_version` [ RunTime:0.0008s ]
SQL: SELECT * FROM `sbgl_version` WHERE ( client_type=1 ) ORDER BY time desc LIMIT 1   [ RunTime:0.0004s ]

[ 2017-05-29T01:47:57+08:00 ] 127.0.0.1 /index.php/Version/update/type/1/version/2.0.0/session_id/g12bl2fqomc4ccoa2kf31ruh20/signature/a6ac93a89c6b0ece639ed81f90fdc5c4
INFO: [ app_init ] --START--
INFO: Run Behavior\BuildLiteBehavior [ RunTime:0.000023s ]
INFO: [ app_init ] --END-- [ RunTime:0.000503s ]
INFO: [ app_begin ] --START--
INFO: Run Behavior\ReadHtmlCacheBehavior [ RunTime:0.000720s ]
INFO: [ app_begin ] --END-- [ RunTime:0.000846s ]
NOTIC: [2048] Declaration of Model\VersionModel::check() should be compatible with Think\Model::check($value, $rule, $type = 'regex') E:\sbgl\Model\VersionModel.class.php 第 7 行.
SQL: SHOW COLUMNS FROM `sbgl_version` [ RunTime:0.0016s ]
SQL: SELECT * FROM `sbgl_version` WHERE ( client_type=1 ) ORDER BY time desc LIMIT 1   [ RunTime:0.0004s ]

[ 2017-05-29T01:48:01+08:00 ] 127.0.0.1 /index.php/Version/update/type/0/version/2.0.0/session_id/g12bl2fqomc4ccoa2kf31ruh20/signature/a6ac93a89c6b0ece639ed81f90fdc5c4
INFO: [ app_init ] --START--
INFO: Run Behavior\BuildLiteBehavior [ RunTime:0.000039s ]
INFO: [ app_init ] --END-- [ RunTime:0.000845s ]
INFO: [ app_begin ] --START--
INFO: Run Behavior\ReadHtmlCacheBehavior [ RunTime:0.000841s ]
INFO: [ app_begin ] --END-- [ RunTime:0.000979s ]
NOTIC: [2048] Declaration of Model\VersionModel::check() should be compatible with Think\Model::check($value, $rule, $type = 'regex') E:\sbgl\Model\VersionModel.class.php 第 7 行.
SQL: SHOW COLUMNS FROM `sbgl_version` [ RunTime:0.0009s ]
SQL: SELECT * FROM `sbgl_version` WHERE ( client_type=0 ) ORDER BY time desc LIMIT 1   [ RunTime:0.0004s ]

[ 2017-05-29T01:48:12+08:00 ] 127.0.0.1 /index.php/Version/update/type/2/version/2.0.0/session_id/g12bl2fqomc4ccoa2kf31ruh20/signature/a6ac93a89c6b0ece639ed81f90fdc5c4
INFO: [ app_init ] --START--
INFO: Run Behavior\BuildLiteBehavior [ RunTime:0.000022s ]
INFO: [ app_init ] --END-- [ RunTime:0.000532s ]
INFO: [ app_begin ] --START--
INFO: Run Behavior\ReadHtmlCacheBehavior [ RunTime:0.000758s ]
INFO: [ app_begin ] --END-- [ RunTime:0.000881s ]
NOTIC: [2048] Declaration of Model\VersionModel::check() should be compatible with Think\Model::check($value, $rule, $type = 'regex') E:\sbgl\Model\VersionModel.class.php 第 7 行.
SQL: SHOW COLUMNS FROM `sbgl_version` [ RunTime:0.0014s ]
SQL: SELECT * FROM `sbgl_version` WHERE ( client_type=2 ) ORDER BY time desc LIMIT 1   [ RunTime:0.0004s ]

[ 2017-05-29T01:48:43+08:00 ] 127.0.0.1 /index.php/Version/update/type/2/version/3.0.0/session_id/g12bl2fqomc4ccoa2kf31ruh20/signature/a6ac93a89c6b0ece639ed81f90fdc5c4
INFO: [ app_init ] --START--
INFO: Run Behavior\BuildLiteBehavior [ RunTime:0.000047s ]
INFO: [ app_init ] --END-- [ RunTime:0.001032s ]
INFO: [ app_begin ] --START--
INFO: Run Behavior\ReadHtmlCacheBehavior [ RunTime:0.001258s ]
INFO: [ app_begin ] --END-- [ RunTime:0.001490s ]
NOTIC: [2048] Declaration of Model\VersionModel::check() should be compatible with Think\Model::check($value, $rule, $type = 'regex') E:\sbgl\Model\VersionModel.class.php 第 7 行.
SQL: SHOW COLUMNS FROM `sbgl_version` [ RunTime:0.0009s ]
SQL: SELECT * FROM `sbgl_version` WHERE ( client_type=2 ) ORDER BY time desc LIMIT 1   [ RunTime:0.0004s ]

[ 2017-05-29T01:48:48+08:00 ] 127.0.0.1 /index.php/Version/update/type/2/version/2.0.0/session_id/g12bl2fqomc4ccoa2kf31ruh20/signature/a6ac93a89c6b0ece639ed81f90fdc5c4
INFO: [ app_init ] --START--
INFO: Run Behavior\BuildLiteBehavior [ RunTime:0.000052s ]
INFO: [ app_init ] --END-- [ RunTime:0.001280s ]
INFO: [ app_begin ] --START--
INFO: Run Behavior\ReadHtmlCacheBehavior [ RunTime:0.001152s ]
INFO: [ app_begin ] --END-- [ RunTime:0.001340s ]
NOTIC: [2048] Declaration of Model\VersionModel::check() should be compatible with Think\Model::check($value, $rule, $type = 'regex') E:\sbgl\Model\VersionModel.class.php 第 7 行.
SQL: SHOW COLUMNS FROM `sbgl_version` [ RunTime:0.0008s ]
SQL: SELECT * FROM `sbgl_version` WHERE ( client_type=2 ) ORDER BY time desc LIMIT 1   [ RunTime:0.0004s ]

[ 2017-05-29T10:59:48+08:00 ] 127.0.0.1 /index.php/Index/login/stu_id/151110192/pwd/admin123
INFO: [ app_init ] --START--
INFO: Run Behavior\BuildLiteBehavior [ RunTime:0.000023s ]
INFO: [ app_init ] --END-- [ RunTime:0.000497s ]
INFO: [ app_begin ] --START--
INFO: Run Behavior\ReadHtmlCacheBehavior [ RunTime:0.000697s ]
INFO: [ app_begin ] --END-- [ RunTime:0.000813s ]
SQL: SHOW COLUMNS FROM `sbgl_user` [ RunTime:0.0008s ]
SQL: SELECT * FROM `sbgl_user` WHERE ( user='151110192' ) LIMIT 1   [ RunTime:0.0003s ]

[ 2017-05-29T11:00:23+08:00 ] 127.0.0.1 /index.php/Device/borrow/identifier/20175757/
INFO: [ app_init ] --START--
INFO: Run Behavior\BuildLiteBehavior [ RunTime:0.000022s ]
INFO: [ app_init ] --END-- [ RunTime:0.000479s ]
INFO: [ app_begin ] --START--
INFO: Run Behavior\ReadHtmlCacheBehavior [ RunTime:0.000799s ]
INFO: [ app_begin ] --END-- [ RunTime:0.000914s ]
NOTIC: [8] Undefined index: session_id E:\sbgl\Tools\IndexController.class.php 第 12 行.
NOTIC: [2] session_start(): Cannot start session with empty session ID E:\sbgl\Tools\IndexController.class.php 第 13 行.
NOTIC: [8] Undefined index: signature E:\sbgl\Tools\IndexController.class.php 第 17 行.

[ 2017-05-29T11:01:51+08:00 ] 127.0.0.1 /index.php/Device/borrow/identifier/20175757/person/%E9%92%A6/time/1514781421/return_time/1536487254/session_is/oplft74h768palp6emqv3lmie5/signature/ca85a9ed22c1c3d72c5bf8a3e46fd05f
INFO: [ app_init ] --START--
INFO: Run Behavior\BuildLiteBehavior [ RunTime:0.000036s ]
INFO: [ app_init ] --END-- [ RunTime:0.000864s ]
INFO: [ app_begin ] --START--
INFO: Run Behavior\ReadHtmlCacheBehavior [ RunTime:0.000865s ]
INFO: [ app_begin ] --END-- [ RunTime:0.000995s ]
NOTIC: [8] Undefined index: session_id E:\sbgl\Tools\IndexController.class.php 第 12 行.
NOTIC: [2] session_start(): Cannot start session with empty session ID E:\sbgl\Tools\IndexController.class.php 第 13 行.

[ 2017-05-29T11:02:08+08:00 ] 127.0.0.1 /index.php/Device/borrow/identifier/20175757/person/%E9%92%A6/time/1514781421/return_time/1536487254/session_id/oplft74h768palp6emqv3lmie5/signature/ca85a9ed22c1c3d72c5bf8a3e46fd05f
INFO: [ app_init ] --START--
INFO: Run Behavior\BuildLiteBehavior [ RunTime:0.000021s ]
INFO: [ app_init ] --END-- [ RunTime:0.000461s ]
INFO: [ app_begin ] --START--
INFO: Run Behavior\ReadHtmlCacheBehavior [ RunTime:0.000672s ]
INFO: [ app_begin ] --END-- [ RunTime:0.000789s ]
SQL: SHOW COLUMNS FROM `sbgl_borrow` [ RunTime:0.0016s ]
SQL: SHOW COLUMNS FROM `sbgl_device` [ RunTime:0.0009s ]
NOTIC: [2] Invalid argument supplied for foreach() E:\sbgl\Home\Controller\DeviceController.class.php 第 104 行.
NOTIC: [8] Undefined index: validate E:\sbgl\ThinkPHP\Library\Think\Model.class.php 第 1185 行.

[ 2017-05-29T11:02:20+08:00 ] 127.0.0.1 /index.php/Device/borrow/identifier/20175757/person/%E4%BD%A0%E5%A6%B9/time/1514781421/return_time/1536487254/session_id/oplft74h768palp6emqv3lmie5/signature/ca85a9ed22c1c3d72c5bf8a3e46fd05f
INFO: [ app_init ] --START--
INFO: Run Behavior\BuildLiteBehavior [ RunTime:0.000023s ]
INFO: [ app_init ] --END-- [ RunTime:0.000498s ]
INFO: [ app_begin ] --START--
INFO: Run Behavior\ReadHtmlCacheBehavior [ RunTime:0.000673s ]
INFO: [ app_begin ] --END-- [ RunTime:0.000788s ]
SQL: SHOW COLUMNS FROM `sbgl_borrow` [ RunTime:0.0010s ]
SQL: SHOW COLUMNS FROM `sbgl_device` [ RunTime:0.0007s ]
NOTIC: [2] Invalid argument supplied for foreach() E:\sbgl\Home\Controller\DeviceController.class.php 第 104 行.
NOTIC: [8] Undefined index: validate E:\sbgl\ThinkPHP\Library\Think\Model.class.php 第 1185 行.
NOTIC: [8] Undefined index: br_remark E:\sbgl\ThinkPHP\Library\Think\Model.class.php 第 1217 行.
NOTIC: [8] Undefined index: auto E:\sbgl\ThinkPHP\Library\Think\Model.class.php 第 1128 行.
NOTIC: [2] Invalid argument supplied for foreach() E:\sbgl\Home\Controller\DeviceController.class.php 第 122 行.

[ 2017-05-29T11:02:44+08:00 ] 127.0.0.1 /index.php/Device/borrow/identifier/20175757/person/%E4%BD%A0%E5%A6%B9/return_time/1536487254/session_id/oplft74h768palp6emqv3lmie5/signature/ca85a9ed22c1c3d72c5bf8a3e46fd05f
INFO: [ app_init ] --START--
INFO: Run Behavior\BuildLiteBehavior [ RunTime:0.000038s ]
INFO: [ app_init ] --END-- [ RunTime:0.000588s ]
INFO: [ app_begin ] --START--
INFO: Run Behavior\ReadHtmlCacheBehavior [ RunTime:0.001102s ]
INFO: [ app_begin ] --END-- [ RunTime:0.001308s ]
ERR: 参数错误或者未定义:time

[ 2017-05-29T11:03:36+08:00 ] 127.0.0.1 /index.php/Device/borrow/identifier/20175757/person/%E4%BD%A0%E5%A6%B9/time/1514781421/return_time/1536487254/session_id/oplft74h768palp6emqv3lmie5/signature/ca85a9ed22c1c3d72c5bf8a3e46fd05f
INFO: [ app_init ] --START--
INFO: Run Behavior\BuildLiteBehavior [ RunTime:0.000022s ]
INFO: [ app_init ] --END-- [ RunTime:0.000467s ]
INFO: [ app_begin ] --START--
INFO: Run Behavior\ReadHtmlCacheBehavior [ RunTime:0.000692s ]
INFO: [ app_begin ] --END-- [ RunTime:0.000806s ]
SQL: SHOW COLUMNS FROM `sbgl_borrow` [ RunTime:0.0009s ]
SQL: SHOW COLUMNS FROM `sbgl_device` [ RunTime:0.0007s ]
NOTIC: [2] Invalid argument supplied for foreach() E:\sbgl\Home\Controller\DeviceController.class.php 第 104 行.
NOTIC: [8] Undefined index: validate E:\sbgl\ThinkPHP\Library\Think\Model.class.php 第 1185 行.
NOTIC: [8] Undefined index: br_remark E:\sbgl\ThinkPHP\Library\Think\Model.class.php 第 1217 行.
NOTIC: [8] Undefined index: auto E:\sbgl\ThinkPHP\Library\Think\Model.class.php 第 1128 行.
NOTIC: [2] Invalid argument supplied for foreach() E:\sbgl\Home\Controller\DeviceController.class.php 第 122 行.

[ 2017-05-29T11:03:38+08:00 ] 127.0.0.1 /index.php/Device/borrow/identifier/20175757/person/%E4%BD%A0%E5%A6%B9/time/1514781421/return_time/1536487254/session_id/oplft74h768palp6emqv3lmie5/signature/ca85a9ed22c1c3d72c5bf8a3e46fd05f
INFO: [ app_init ] --START--
INFO: Run Behavior\BuildLiteBehavior [ RunTime:0.000042s ]
INFO: [ app_init ] --END-- [ RunTime:0.000867s ]
INFO: [ app_begin ] --START--
INFO: Run Behavior\ReadHtmlCacheBehavior [ RunTime:0.001172s ]
INFO: [ app_begin ] --END-- [ RunTime:0.001397s ]
SQL: SHOW COLUMNS FROM `sbgl_borrow` [ RunTime:0.0008s ]
SQL: SHOW COLUMNS FROM `sbgl_device` [ RunTime:0.0008s ]
NOTIC: [2] Invalid argument supplied for foreach() E:\sbgl\Home\Controller\DeviceController.class.php 第 104 行.
NOTIC: [8] Undefined index: validate E:\sbgl\ThinkPHP\Library\Think\Model.class.php 第 1185 行.
NOTIC: [8] Undefined index: br_remark E:\sbgl\ThinkPHP\Library\Think\Model.class.php 第 1217 行.
NOTIC: [8] Undefined index: auto E:\sbgl\ThinkPHP\Library\Think\Model.class.php 第 1128 行.
NOTIC: [2] Invalid argument supplied for foreach() E:\sbgl\Home\Controller\DeviceController.class.php 第 122 行.

[ 2017-05-29T11:06:35+08:00 ] 127.0.0.1 /index.php/Device/borrow/identifier/20175757/person/%E4%BD%A0%E5%A6%B9/time/1514781421/return_time/1536487254/session_id/oplft74h768palp6emqv3lmie5/signature/ca85a9ed22c1c3d72c5bf8a3e46fd05f
INFO: [ app_init ] --START--
INFO: Run Behavior\BuildLiteBehavior [ RunTime:0.000022s ]
INFO: [ app_init ] --END-- [ RunTime:0.000500s ]
INFO: [ app_begin ] --START--
INFO: Run Behavior\ReadHtmlCacheBehavior [ RunTime:0.000733s ]
INFO: [ app_begin ] --END-- [ RunTime:0.000849s ]
SQL: SHOW COLUMNS FROM `sbgl_borrow` [ RunTime:0.0009s ]
SQL: SHOW COLUMNS FROM `sbgl_device` [ RunTime:0.0007s ]
NOTIC: [2] Invalid argument supplied for foreach() E:\sbgl\Home\Controller\DeviceController.class.php 第 104 行.
NOTIC: [8] Undefined index: validate E:\sbgl\ThinkPHP\Library\Think\Model.class.php 第 1185 行.
NOTIC: [8] Undefined index: br_remark E:\sbgl\ThinkPHP\Library\Think\Model.class.php 第 1217 行.
NOTIC: [8] Undefined index: auto E:\sbgl\ThinkPHP\Library\Think\Model.class.php 第 1128 行.
SQL: INSERT INTO `sbgl_borrow` (`br_user`,`br_time`,`br_return_time`,`br_status`,`br_consent`,`br_device_identifier`) VALUES ('你妹','1514781421','1536487254','2','151110192','20175757') [ RunTime:0.0675s ]

[ 2017-05-29T11:06:53+08:00 ] 127.0.0.1 /index.php/Device/borrow/identifier/20175757/person/%E4%BD%A0%E5%A6%B9/time/1514781421/return_time/1536487254/session_id/oplft74h768palp6emqv3lmie5/signature/ca85a9ed22c1c3d72c5bf8a3e46fd05f
INFO: [ app_init ] --START--
INFO: Run Behavior\BuildLiteBehavior [ RunTime:0.000025s ]
INFO: [ app_init ] --END-- [ RunTime:0.000519s ]
INFO: [ app_begin ] --START--
INFO: Run Behavior\ReadHtmlCacheBehavior [ RunTime:0.000676s ]
INFO: [ app_begin ] --END-- [ RunTime:0.000793s ]
SQL: SHOW COLUMNS FROM `sbgl_borrow` [ RunTime:0.0008s ]
SQL: SHOW COLUMNS FROM `sbgl_device` [ RunTime:0.0006s ]
NOTIC: [2] Invalid argument supplied for foreach() E:\sbgl\Home\Controller\DeviceController.class.php 第 104 行.
NOTIC: [8] Undefined index: validate E:\sbgl\ThinkPHP\Library\Think\Model.class.php 第 1185 行.
NOTIC: [8] Undefined index: br_remark E:\sbgl\ThinkPHP\Library\Think\Model.class.php 第 1217 行.
NOTIC: [8] Undefined index: auto E:\sbgl\ThinkPHP\Library\Think\Model.class.php 第 1128 行.
SQL: INSERT INTO `sbgl_borrow` (`br_user`,`br_time`,`br_return_time`,`br_status`,`br_consent`,`br_device_identifier`) VALUES ('你妹','1514781421','1536487254','2','151110192','20175757') [ RunTime:0.0004s ]

[ 2017-05-29T11:13:44+08:00 ] 127.0.0.1 /index.php/Device/borrow/identifier[0]/20175757/person/%E4%BD%A0%E5%A6%B9/time/1514781421/return_time/1536487254/session_id/oplft74h768palp6emqv3lmie5/signature/ca85a9ed22c1c3d72c5bf8a3e46fd05f
INFO: [ app_init ] --START--
INFO: Run Behavior\BuildLiteBehavior [ RunTime:0.000022s ]
INFO: [ app_init ] --END-- [ RunTime:0.000484s ]
INFO: [ app_begin ] --START--
INFO: Run Behavior\ReadHtmlCacheBehavior [ RunTime:0.000820s ]
INFO: [ app_begin ] --END-- [ RunTime:0.000956s ]
ERR: 参数错误或者未定义:identifier

[ 2017-05-29T11:14:24+08:00 ] 127.0.0.1 /index.php/Device/borrow/identifier[0]/20175757/person/%E4%BD%A0%E5%A6%B9/time/1514781421/return_time/1536487254/session_id/oplft74h768palp6emqv3lmie5/signature/ca85a9ed22c1c3d72c5bf8a3e46fd05f
INFO: [ app_init ] --START--
INFO: Run Behavior\BuildLiteBehavior [ RunTime:0.000022s ]
INFO: [ app_init ] --END-- [ RunTime:0.000468s ]
INFO: [ app_begin ] --START--
INFO: Run Behavior\ReadHtmlCacheBehavior [ RunTime:0.000682s ]
INFO: [ app_begin ] --END-- [ RunTime:0.000838s ]
ERR: 参数错误或者未定义:identifier

[ 2017-05-29T11:14:29+08:00 ] 127.0.0.1 /index.php/Device/borrow/identifier/20175757/person/%E4%BD%A0%E5%A6%B9/time/1514781421/return_time/1536487254/session_id/oplft74h768palp6emqv3lmie5/signature/ca85a9ed22c1c3d72c5bf8a3e46fd05f
INFO: [ app_init ] --START--
INFO: Run Behavior\BuildLiteBehavior [ RunTime:0.000021s ]
INFO: [ app_init ] --END-- [ RunTime:0.000462s ]
INFO: [ app_begin ] --START--
INFO: Run Behavior\ReadHtmlCacheBehavior [ RunTime:0.000673s ]
INFO: [ app_begin ] --END-- [ RunTime:0.000787s ]
NOTIC: [4096] Argument 1 passed to Home\Controller\DeviceController::borrow() must be of the type array, string given E:\sbgl\Home\Controller\DeviceController.class.php 第 89 行.
SQL: SHOW COLUMNS FROM `sbgl_borrow` [ RunTime:0.0009s ]
SQL: SHOW COLUMNS FROM `sbgl_device` [ RunTime:0.0007s ]
NOTIC: [2] Invalid argument supplied for foreach() E:\sbgl\Home\Controller\DeviceController.class.php 第 104 行.
NOTIC: [8] Undefined index: validate E:\sbgl\ThinkPHP\Library\Think\Model.class.php 第 1185 行.
NOTIC: [8] Undefined index: br_remark E:\sbgl\ThinkPHP\Library\Think\Model.class.php 第 1217 行.
NOTIC: [8] Undefined index: auto E:\sbgl\ThinkPHP\Library\Think\Model.class.php 第 1128 行.
NOTIC: [2] Invalid argument supplied for foreach() E:\sbgl\Home\Controller\DeviceController.class.php 第 122 行.

[ 2017-05-29T11:14:35+08:00 ] 127.0.0.1 /index.php/Device/borrow/identifier/20175757/person/%E4%BD%A0si%20/time/1514781421/return_time/1536487254/session_id/oplft74h768palp6emqv3lmie5/signature/ca85a9ed22c1c3d72c5bf8a3e46fd05f
INFO: [ app_init ] --START--
INFO: Run Behavior\BuildLiteBehavior [ RunTime:0.000023s ]
INFO: [ app_init ] --END-- [ RunTime:0.000473s ]
INFO: [ app_begin ] --START--
INFO: Run Behavior\ReadHtmlCacheBehavior [ RunTime:0.000674s ]
INFO: [ app_begin ] --END-- [ RunTime:0.000789s ]
NOTIC: [4096] Argument 1 passed to Home\Controller\DeviceController::borrow() must be of the type array, string given E:\sbgl\Home\Controller\DeviceController.class.php 第 89 行.
SQL: SHOW COLUMNS FROM `sbgl_borrow` [ RunTime:0.0007s ]
SQL: SHOW COLUMNS FROM `sbgl_device` [ RunTime:0.0007s ]
NOTIC: [2] Invalid argument supplied for foreach() E:\sbgl\Home\Controller\DeviceController.class.php 第 104 行.
NOTIC: [8] Undefined index: validate E:\sbgl\ThinkPHP\Library\Think\Model.class.php 第 1185 行.
NOTIC: [8] Undefined index: br_remark E:\sbgl\ThinkPHP\Library\Think\Model.class.php 第 1217 行.
NOTIC: [8] Undefined index: auto E:\sbgl\ThinkPHP\Library\Think\Model.class.php 第 1128 行.
NOTIC: [2] Invalid argument supplied for foreach() E:\sbgl\Home\Controller\DeviceController.class.php 第 122 行.

[ 2017-05-29T11:16:12+08:00 ] 127.0.0.1 /index.php/Device/borrow/identifier/20175757/person/%E4%BD%A0si%20/time/1514781421/return_time/1536487254/session_id/oplft74h768palp6emqv3lmie5/signature/ca85a9ed22c1c3d72c5bf8a3e46fd05f
INFO: [ app_init ] --START--
INFO: Run Behavior\BuildLiteBehavior [ RunTime:0.000050s ]
INFO: [ app_init ] --END-- [ RunTime:0.001049s ]
INFO: [ app_begin ] --START--
INFO: Run Behavior\ReadHtmlCacheBehavior [ RunTime:0.000807s ]
INFO: [ app_begin ] --END-- [ RunTime:0.000942s ]
NOTIC: [4096] Argument 1 passed to Home\Controller\DeviceController::borrow() must be of the type array, string given E:\sbgl\Home\Controller\DeviceController.class.php 第 89 行.
SQL: SHOW COLUMNS FROM `sbgl_borrow` [ RunTime:0.0015s ]
SQL: SHOW COLUMNS FROM `sbgl_device` [ RunTime:0.0008s ]
SQL: SELECT `br_id` FROM `sbgl_borrow` WHERE ( br_actual_time is null and br_device_identifier=20175757 ) LIMIT 1   [ RunTime:0.0003s ]
ERR: 1054:Unknown column 'dv_id' in 'field list'
 [ SQL语句 ] : SELECT `dv_id` FROM `sbgl_device` WHERE `dv_identifier` = 20175757 LIMIT 1  
ERR: 1054:Unknown column 'dv_id' in 'field list'
 [ SQL语句 ] : SELECT `dv_id` FROM `sbgl_device` WHERE `dv_identifier` = 20175757 LIMIT 1  

[ 2017-05-29T11:18:07+08:00 ] 127.0.0.1 /index.php/Device/borrow/identifier/20175757/person/%E4%BD%A0si%20/time/1514781421/return_time/1536487254/session_id/oplft74h768palp6emqv3lmie5/signature/ca85a9ed22c1c3d72c5bf8a3e46fd05f
INFO: [ app_init ] --START--
INFO: Run Behavior\BuildLiteBehavior [ RunTime:0.000022s ]
INFO: [ app_init ] --END-- [ RunTime:0.000489s ]
INFO: [ app_begin ] --START--
INFO: Run Behavior\ReadHtmlCacheBehavior [ RunTime:0.000976s ]
INFO: [ app_begin ] --END-- [ RunTime:0.001126s ]
NOTIC: [4096] Argument 1 passed to Home\Controller\DeviceController::borrow() must be of the type array, string given E:\sbgl\Home\Controller\DeviceController.class.php 第 89 行.
SQL: SHOW COLUMNS FROM `sbgl_borrow` [ RunTime:0.0008s ]
SQL: SHOW COLUMNS FROM `sbgl_device` [ RunTime:0.0008s ]
SQL: SELECT `br_id` FROM `sbgl_borrow` WHERE ( br_actual_time is null and br_device_identifier=20175757 ) LIMIT 1   [ RunTime:0.0004s ]
SQL: SELECT * FROM `sbgl_device` WHERE `dv_identifier` = 20175757 LIMIT 1   [ RunTime:0.0003s ]

[ 2017-05-29T11:18:27+08:00 ] 127.0.0.1 /index.php/Device/borrow/identifier/20170501/person/%E4%BD%A0si%20/time/1514781421/return_time/1536487254/session_id/oplft74h768palp6emqv3lmie5/signature/ca85a9ed22c1c3d72c5bf8a3e46fd05f
INFO: [ app_init ] --START--
INFO: Run Behavior\BuildLiteBehavior [ RunTime:0.000036s ]
INFO: [ app_init ] --END-- [ RunTime:0.000613s ]
INFO: [ app_begin ] --START--
INFO: Run Behavior\ReadHtmlCacheBehavior [ RunTime:0.000703s ]
INFO: [ app_begin ] --END-- [ RunTime:0.000834s ]
NOTIC: [4096] Argument 1 passed to Home\Controller\DeviceController::borrow() must be of the type array, string given E:\sbgl\Home\Controller\DeviceController.class.php 第 89 行.
SQL: SHOW COLUMNS FROM `sbgl_borrow` [ RunTime:0.0011s ]
SQL: SHOW COLUMNS FROM `sbgl_device` [ RunTime:0.0007s ]
SQL: SELECT `br_id` FROM `sbgl_borrow` WHERE ( br_actual_time is null and br_device_identifier=20170501 ) LIMIT 1   [ RunTime:0.0003s ]
SQL: SELECT * FROM `sbgl_device` WHERE `dv_identifier` = 20170501 LIMIT 1   [ RunTime:0.0003s ]

[ 2017-05-29T11:30:23+08:00 ] 127.0.0.1 /index.php/Device/borrow/identifier/20170526/person/%E4%BD%A0si%20/time/1514781421/return_time/1536487254/session_id/oplft74h768palp6emqv3lmie5/signature/ca85a9ed22c1c3d72c5bf8a3e46fd05f
INFO: [ app_init ] --START--
INFO: Run Behavior\BuildLiteBehavior [ RunTime:0.000022s ]
INFO: [ app_init ] --END-- [ RunTime:0.000498s ]
INFO: [ app_begin ] --START--
INFO: Run Behavior\ReadHtmlCacheBehavior [ RunTime:0.000683s ]
INFO: [ app_begin ] --END-- [ RunTime:0.000880s ]
NOTIC: [4096] Argument 1 passed to Home\Controller\DeviceController::borrow() must be of the type array, string given E:\sbgl\Home\Controller\DeviceController.class.php 第 89 行.
SQL: SHOW COLUMNS FROM `sbgl_borrow` [ RunTime:0.0008s ]
SQL: SHOW COLUMNS FROM `sbgl_device` [ RunTime:0.0006s ]
SQL: SELECT `br_id` FROM `sbgl_borrow` WHERE ( br_actual_time is null and br_device_identifier=20170526 ) LIMIT 1   [ RunTime:0.0003s ]
SQL: SELECT * FROM `sbgl_device` WHERE `dv_identifier` = 20170526 LIMIT 1   [ RunTime:0.0003s ]
NOTIC: [8] Undefined index: validate E:\sbgl\ThinkPHP\Library\Think\Model.class.php 第 1185 行.
NOTIC: [8] Undefined index: br_remark E:\sbgl\ThinkPHP\Library\Think\Model.class.php 第 1217 行.
NOTIC: [8] Undefined index: auto E:\sbgl\ThinkPHP\Library\Think\Model.class.php 第 1128 行.
SQL: INSERT INTO `sbgl_borrow` (`br_user`,`br_time`,`br_return_time`,`br_status`,`br_consent`,`br_device_identifier`) VALUES ('你si','1514781421','1536487254','2','151110192','20170526') [ RunTime:0.0006s ]

[ 2017-05-29T11:30:38+08:00 ] 127.0.0.1 /index.php/Device/borrow/identifier/20170526/person/%E4%BD%A0si%20/time/1514781421/return_time/1536487254/session_id/oplft74h768palp6emqv3lmie5/signature/ca85a9ed22c1c3d72c5bf8a3e46fd05f
INFO: [ app_init ] --START--
INFO: Run Behavior\BuildLiteBehavior [ RunTime:0.000033s ]
INFO: [ app_init ] --END-- [ RunTime:0.000656s ]
INFO: [ app_begin ] --START--
INFO: Run Behavior\ReadHtmlCacheBehavior [ RunTime:0.000816s ]
INFO: [ app_begin ] --END-- [ RunTime:0.000957s ]
NOTIC: [4096] Argument 1 passed to Home\Controller\DeviceController::borrow() must be of the type array, string given E:\sbgl\Home\Controller\DeviceController.class.php 第 89 行.
SQL: SHOW COLUMNS FROM `sbgl_borrow` [ RunTime:0.0008s ]
SQL: SHOW COLUMNS FROM `sbgl_device` [ RunTime:0.0006s ]
SQL: SELECT `br_id` FROM `sbgl_borrow` WHERE ( br_actual_time is null and br_device_identifier=20170526 ) LIMIT 1   [ RunTime:0.0003s ]
SQL: SELECT * FROM `sbgl_device` WHERE `dv_identifier` = 20170526 LIMIT 1   [ RunTime:0.0003s ]

[ 2017-05-29T11:30:40+08:00 ] 127.0.0.1 /index.php/Device/borrow/identifier/20170526/person/%E4%BD%A0si%20/time/1514781421/return_time/1536487254/session_id/oplft74h768palp6emqv3lmie5/signature/ca85a9ed22c1c3d72c5bf8a3e46fd05f
INFO: [ app_init ] --START--
INFO: Run Behavior\BuildLiteBehavior [ RunTime:0.000042s ]
INFO: [ app_init ] --END-- [ RunTime:0.000776s ]
INFO: [ app_begin ] --START--
INFO: Run Behavior\ReadHtmlCacheBehavior [ RunTime:0.001175s ]
INFO: [ app_begin ] --END-- [ RunTime:0.001429s ]
NOTIC: [4096] Argument 1 passed to Home\Controller\DeviceController::borrow() must be of the type array, string given E:\sbgl\Home\Controller\DeviceController.class.php 第 89 行.
SQL: SHOW COLUMNS FROM `sbgl_borrow` [ RunTime:0.0006s ]
SQL: SHOW COLUMNS FROM `sbgl_device` [ RunTime:0.0005s ]
SQL: SELECT `br_id` FROM `sbgl_borrow` WHERE ( br_actual_time is null and br_device_identifier=20170526 ) LIMIT 1   [ RunTime:0.0006s ]
SQL: SELECT * FROM `sbgl_device` WHERE `dv_identifier` = 20170526 LIMIT 1   [ RunTime:0.0005s ]

[ 2017-05-29T13:58:09+08:00 ] 127.0.0.1 /index.php/Device/getBrRp/session_id/oplft74h768palp6emqv3lmie5/signature/ca85a9ed22c1c3d72c5bf8a3e46fd05f
INFO: [ app_init ] --START--
INFO: Run Behavior\BuildLiteBehavior [ RunTime:0.000022s ]
INFO: [ app_init ] --END-- [ RunTime:0.000467s ]
INFO: [ app_begin ] --START--
INFO: Run Behavior\ReadHtmlCacheBehavior [ RunTime:0.000731s ]
INFO: [ app_begin ] --END-- [ RunTime:0.000836s ]
SQL: SHOW COLUMNS FROM `sbgl_repair` [ RunTime:0.0016s ]
SQL: SHOW COLUMNS FROM `sbgl_borrow` [ RunTime:0.0009s ]
SQL: SELECT `rp_id`,`rp_device_identifier`,`rp_location`,`rp_matter`,`rp_time`,`rp_person`,`rp_status`,`rp_solve_status` FROM `sbgl_repair` WHERE ( rp_status!=2 and rp_solve_status!=2 ) ORDER BY rp_time desc  [ RunTime:0.0004s ]
SQL: SELECT `br_id`,`br_device_identifier`,`br_user`,`br_reason`,`br_time`,`br_return_time`,`br_status`,`br_consent` FROM `sbgl_borrow` WHERE ( br_status!=3 and br_actual_time is null ) ORDER BY br_time desc  [ RunTime:0.0004s ]

[ 2017-05-29T14:07:15+08:00 ] 127.0.0.1 /index.php/Device/getBrRp/session_id/oplft74h768palp6emqv3lmie5/signature/ca85a9ed22c1c3d72c5bf8a3e46fd05f
INFO: [ app_init ] --START--
INFO: Run Behavior\BuildLiteBehavior [ RunTime:0.000022s ]
INFO: [ app_init ] --END-- [ RunTime:0.000555s ]
INFO: [ app_begin ] --START--
INFO: Run Behavior\ReadHtmlCacheBehavior [ RunTime:0.000998s ]
INFO: [ app_begin ] --END-- [ RunTime:0.001296s ]
SQL: SHOW COLUMNS FROM `sbgl_repair` [ RunTime:0.0009s ]
SQL: SHOW COLUMNS FROM `sbgl_borrow` [ RunTime:0.0007s ]
SQL: SELECT `rp_id`,`rp_device_identifier`,`rp_location`,`rp_matter`,`rp_time`,`rp_person`,`rp_status`,`rp_solve_status` FROM `sbgl_repair` WHERE ( rp_status!=3 and rp_solve_status!=2 and rp_solve_status!=4 ) ORDER BY rp_time desc  [ RunTime:0.0005s ]
SQL: SELECT `br_id`,`br_device_identifier`,`br_user`,`br_reason`,`br_time`,`br_return_time`,`br_status`,`br_consent` FROM `sbgl_borrow` WHERE ( br_status!=3 and br_actual_time is null ) ORDER BY br_time desc  [ RunTime:0.0004s ]

[ 2017-05-29T14:14:09+08:00 ] 127.0.0.1 /index.php/Device/getBrRp/session_id/oplft74h768palp6emqv3lmie5/signature/ca85a9ed22c1c3d72c5bf8a3e46fd05f
INFO: [ app_init ] --START--
INFO: Run Behavior\BuildLiteBehavior [ RunTime:0.000029s ]
INFO: [ app_init ] --END-- [ RunTime:0.000697s ]
INFO: [ app_begin ] --START--
INFO: Run Behavior\ReadHtmlCacheBehavior [ RunTime:0.000842s ]
INFO: [ app_begin ] --END-- [ RunTime:0.000972s ]
SQL: SHOW COLUMNS FROM `sbgl_repair` [ RunTime:0.0012s ]
SQL: SHOW COLUMNS FROM `sbgl_borrow` [ RunTime:0.0008s ]
SQL: SELECT `rp_id`,`rp_device_identifier`,`rp_location`,`rp_matter`,`rp_time`,`rp_person`,`rp_status`,`rp_solve_status` FROM `sbgl_repair` WHERE ( rp_status!=3 and rp_solve_status!=2 and rp_solve_status!=4 ) ORDER BY rp_time desc  [ RunTime:0.0004s ]
SQL: SELECT `br_id`,`br_device_identifier`,`br_user`,`br_reason`,`br_time`,`br_return_time`,`br_status`,`br_consent` FROM `sbgl_borrow` WHERE ( br_status!=3 and br_actual_time is null ) ORDER BY br_time desc  [ RunTime:0.0003s ]
NOTIC: [8] Undefined index: br_reture_time E:\sbgl\Home\Controller\DeviceController.class.php 第 160 行.
NOTIC: [8] Undefined index: br_reture_time E:\sbgl\Home\Controller\DeviceController.class.php 第 160 行.

[ 2017-05-29T14:30:12+08:00 ] 127.0.0.1 /index.php/Device/getMyBr/session_id/oplft74h768palp6emqv3lmie5/signature/ca85a9ed22c1c3d72c5bf8a3e46fd05f
INFO: [ app_init ] --START--
INFO: Run Behavior\BuildLiteBehavior [ RunTime:0.000022s ]
INFO: [ app_init ] --END-- [ RunTime:0.000481s ]
INFO: [ app_begin ] --START--
INFO: Run Behavior\ReadHtmlCacheBehavior [ RunTime:0.000732s ]
INFO: [ app_begin ] --END-- [ RunTime:0.000844s ]
SQL: SHOW COLUMNS FROM `sbgl_borrow` [ RunTime:0.0010s ]
SQL: SELECT `br_device_identifier`,`br_reason`,`br_time`,`br_return_time` FROM `sbgl_borrow` WHERE `br_user` = '151110192' AND `br_status` = 2 AND `br_actual_time` is null  [ RunTime:0.0003s ]

[ 2017-05-29T14:31:11+08:00 ] 127.0.0.1 /index.php/Device/getMyBr/session_id/oplft74h768palp6emqv3lmie5/signature/ca85a9ed22c1c3d72c5bf8a3e46fd05f
INFO: [ app_init ] --START--
INFO: Run Behavior\BuildLiteBehavior [ RunTime:0.000021s ]
INFO: [ app_init ] --END-- [ RunTime:0.000409s ]
INFO: [ app_begin ] --START--
INFO: Run Behavior\ReadHtmlCacheBehavior [ RunTime:0.000607s ]
INFO: [ app_begin ] --END-- [ RunTime:0.000721s ]
SQL: SHOW COLUMNS FROM `sbgl_borrow` [ RunTime:0.0011s ]
SQL: SELECT `br_device_identifier`,`br_reason`,`br_time`,`br_return_time` FROM `sbgl_borrow` WHERE `br_user` = '151110192' AND `br_status` = 2 AND `br_actual_time` is null  [ RunTime:0.0003s ]

[ 2017-05-29T14:31:12+08:00 ] 127.0.0.1 /index.php/Device/getMyBr/session_id/oplft74h768palp6emqv3lmie5/signature/ca85a9ed22c1c3d72c5bf8a3e46fd05f
INFO: [ app_init ] --START--
INFO: Run Behavior\BuildLiteBehavior [ RunTime:0.000031s ]
INFO: [ app_init ] --END-- [ RunTime:0.000425s ]
INFO: [ app_begin ] --START--
INFO: Run Behavior\ReadHtmlCacheBehavior [ RunTime:0.000617s ]
INFO: [ app_begin ] --END-- [ RunTime:0.000730s ]
SQL: SHOW COLUMNS FROM `sbgl_borrow` [ RunTime:0.0009s ]
SQL: SELECT `br_device_identifier`,`br_reason`,`br_time`,`br_return_time` FROM `sbgl_borrow` WHERE `br_user` = '151110192' AND `br_status` = 2 AND `br_actual_time` is null  [ RunTime:0.0005s ]

[ 2017-05-29T14:31:13+08:00 ] 127.0.0.1 /index.php/Device/getMyBr/session_id/oplft74h768palp6emqv3lmie5/signature/ca85a9ed22c1c3d72c5bf8a3e46fd05f
INFO: [ app_init ] --START--
INFO: Run Behavior\BuildLiteBehavior [ RunTime:0.000022s ]
INFO: [ app_init ] --END-- [ RunTime:0.000411s ]
INFO: [ app_begin ] --START--
INFO: Run Behavior\ReadHtmlCacheBehavior [ RunTime:0.000608s ]
INFO: [ app_begin ] --END-- [ RunTime:0.000721s ]
SQL: SHOW COLUMNS FROM `sbgl_borrow` [ RunTime:0.0008s ]
SQL: SELECT `br_device_identifier`,`br_reason`,`br_time`,`br_return_time` FROM `sbgl_borrow` WHERE `br_user` = '151110192' AND `br_status` = 2 AND `br_actual_time` is null  [ RunTime:0.0005s ]

[ 2017-05-29T14:32:32+08:00 ] 127.0.0.1 /index.php/Device/getMyBr/session_id/oplft74h768palp6emqv3lmie5/signature/ca85a9ed22c1c3d72c5bf8a3e46fd05f
INFO: [ app_init ] --START--
INFO: Run Behavior\BuildLiteBehavior [ RunTime:0.000040s ]
INFO: [ app_init ] --END-- [ RunTime:0.000476s ]
INFO: [ app_begin ] --START--
INFO: Run Behavior\ReadHtmlCacheBehavior [ RunTime:0.000728s ]
INFO: [ app_begin ] --END-- [ RunTime:0.000833s ]
SQL: SHOW COLUMNS FROM `sbgl_borrow` [ RunTime:0.0008s ]
SQL: SELECT `br_device_identifier`,`br_reason`,`br_time`,`br_return_time` FROM `sbgl_borrow`  [ RunTime:0.0003s ]
NOTIC: [8] Undefined index: br_reture_time E:\sbgl\Home\Controller\DeviceController.class.php 第 183 行.
NOTIC: [8] Undefined index: br_reture_time E:\sbgl\Home\Controller\DeviceController.class.php 第 183 行.
NOTIC: [8] Undefined index: br_reture_time E:\sbgl\Home\Controller\DeviceController.class.php 第 183 行.
NOTIC: [8] Undefined index: br_reture_time E:\sbgl\Home\Controller\DeviceController.class.php 第 183 行.
NOTIC: [8] Undefined index: br_reture_time E:\sbgl\Home\Controller\DeviceController.class.php 第 183 行.
NOTIC: [8] Undefined index: br_reture_time E:\sbgl\Home\Controller\DeviceController.class.php 第 183 行.
NOTIC: [8] Undefined index: br_reture_time E:\sbgl\Home\Controller\DeviceController.class.php 第 183 行.
NOTIC: [8] Undefined index: br_reture_time E:\sbgl\Home\Controller\DeviceController.class.php 第 183 行.
NOTIC: [8] Undefined index: br_reture_time E:\sbgl\Home\Controller\DeviceController.class.php 第 183 行.

[ 2017-05-29T14:33:03+08:00 ] 127.0.0.1 /index.php/Device/getMyBr/session_id/oplft74h768palp6emqv3lmie5/signature/ca85a9ed22c1c3d72c5bf8a3e46fd05f
INFO: [ app_init ] --START--
INFO: Run Behavior\BuildLiteBehavior [ RunTime:0.000021s ]
INFO: [ app_init ] --END-- [ RunTime:0.000450s ]
INFO: [ app_begin ] --START--
INFO: Run Behavior\ReadHtmlCacheBehavior [ RunTime:0.000654s ]
INFO: [ app_begin ] --END-- [ RunTime:0.000757s ]
SQL: SHOW COLUMNS FROM `sbgl_borrow` [ RunTime:0.0009s ]
SQL: SELECT `br_device_identifier`,`br_reason`,`br_time`,`br_return_time` FROM `sbgl_borrow`  [ RunTime:0.0003s ]
NOTIC: [8] Undefined index: br_reture_time E:\sbgl\Home\Controller\DeviceController.class.php 第 183 行.
NOTIC: [8] Undefined index: br_reture_time E:\sbgl\Home\Controller\DeviceController.class.php 第 183 行.
NOTIC: [8] Undefined index: br_reture_time E:\sbgl\Home\Controller\DeviceController.class.php 第 183 行.
NOTIC: [8] Undefined index: br_reture_time E:\sbgl\Home\Controller\DeviceController.class.php 第 183 行.
NOTIC: [8] Undefined index: br_reture_time E:\sbgl\Home\Controller\DeviceController.class.php 第 183 行.
NOTIC: [8] Undefined index: br_reture_time E:\sbgl\Home\Controller\DeviceController.class.php 第 183 行.
NOTIC: [8] Undefined index: br_reture_time E:\sbgl\Home\Controller\DeviceController.class.php 第 183 行.
NOTIC: [8] Undefined index: br_reture_time E:\sbgl\Home\Controller\DeviceController.class.php 第 183 行.
NOTIC: [8] Undefined index: br_reture_time E:\sbgl\Home\Controller\DeviceController.class.php 第 183 行.

[ 2017-05-29T14:33:21+08:00 ] 127.0.0.1 /index.php/Device/getMyBr/session_id/oplft74h768palp6emqv3lmie5/signature/ca85a9ed22c1c3d72c5bf8a3e46fd05f
INFO: [ app_init ] --START--
INFO: Run Behavior\BuildLiteBehavior [ RunTime:0.000022s ]
INFO: [ app_init ] --END-- [ RunTime:0.000468s ]
INFO: [ app_begin ] --START--
INFO: Run Behavior\ReadHtmlCacheBehavior [ RunTime:0.000676s ]
INFO: [ app_begin ] --END-- [ RunTime:0.000780s ]
SQL: SHOW COLUMNS FROM `sbgl_borrow` [ RunTime:0.0007s ]
SQL: SELECT `br_device_identifier`,`br_reason`,`br_time`,`br_return_time` FROM `sbgl_borrow` WHERE `br_user` = '151110192' AND `br_status` = 2 AND `br_actual_time` is null  [ RunTime:0.0003s ]

[ 2017-05-29T14:33:48+08:00 ] 127.0.0.1 /index.php/Device/getMyBr/session_id/oplft74h768palp6emqv3lmie5/signature/ca85a9ed22c1c3d72c5bf8a3e46fd05f
INFO: [ app_init ] --START--
INFO: Run Behavior\BuildLiteBehavior [ RunTime:0.000023s ]
INFO: [ app_init ] --END-- [ RunTime:0.000459s ]
INFO: [ app_begin ] --START--
INFO: Run Behavior\ReadHtmlCacheBehavior [ RunTime:0.000685s ]
INFO: [ app_begin ] --END-- [ RunTime:0.000795s ]
SQL: SHOW COLUMNS FROM `sbgl_borrow` [ RunTime:0.0007s ]
SQL: SELECT `br_device_identifier`,`br_reason`,`br_time`,`br_return_time` FROM `sbgl_borrow` WHERE `br_user` = '\'151110192\'' AND `br_status` = 2 AND `br_actual_time` is null  [ RunTime:0.0003s ]

[ 2017-05-29T14:34:33+08:00 ] 127.0.0.1 /index.php/Device/getMyBr/session_id/oplft74h768palp6emqv3lmie5/signature/ca85a9ed22c1c3d72c5bf8a3e46fd05f
INFO: [ app_init ] --START--
INFO: Run Behavior\BuildLiteBehavior [ RunTime:0.000023s ]
INFO: [ app_init ] --END-- [ RunTime:0.000474s ]
INFO: [ app_begin ] --START--
INFO: Run Behavior\ReadHtmlCacheBehavior [ RunTime:0.000741s ]
INFO: [ app_begin ] --END-- [ RunTime:0.000845s ]
SQL: SHOW COLUMNS FROM `sbgl_borrow` [ RunTime:0.0009s ]
SQL: SELECT `br_device_identifier`,`br_reason`,`br_time`,`br_return_time` FROM `sbgl_borrow` WHERE `br_user` = '151110192'  [ RunTime:0.0003s ]
NOTIC: [8] Undefined index: br_reture_time E:\sbgl\Home\Controller\DeviceController.class.php 第 183 行.
NOTIC: [8] Undefined index: br_reture_time E:\sbgl\Home\Controller\DeviceController.class.php 第 183 行.
NOTIC: [8] Undefined index: br_reture_time E:\sbgl\Home\Controller\DeviceController.class.php 第 183 行.

[ 2017-05-29T14:34:45+08:00 ] 127.0.0.1 /index.php/Device/getMyBr/session_id/oplft74h768palp6emqv3lmie5/signature/ca85a9ed22c1c3d72c5bf8a3e46fd05f
INFO: [ app_init ] --START--
INFO: Run Behavior\BuildLiteBehavior [ RunTime:0.000024s ]
INFO: [ app_init ] --END-- [ RunTime:0.000484s ]
INFO: [ app_begin ] --START--
INFO: Run Behavior\ReadHtmlCacheBehavior [ RunTime:0.000682s ]
INFO: [ app_begin ] --END-- [ RunTime:0.000787s ]
SQL: SHOW COLUMNS FROM `sbgl_borrow` [ RunTime:0.0009s ]
SQL: SELECT `br_user`,`br_device_identifier`,`br_reason`,`br_time`,`br_return_time` FROM `sbgl_borrow` WHERE `br_user` = '151110192'  [ RunTime:0.0003s ]
NOTIC: [8] Undefined index: br_reture_time E:\sbgl\Home\Controller\DeviceController.class.php 第 183 行.
NOTIC: [8] Undefined index: br_reture_time E:\sbgl\Home\Controller\DeviceController.class.php 第 183 行.
NOTIC: [8] Undefined index: br_reture_time E:\sbgl\Home\Controller\DeviceController.class.php 第 183 行.

[ 2017-05-29T14:35:10+08:00 ] 127.0.0.1 /index.php/Device/getMyBr/session_id/oplft74h768palp6emqv3lmie5/signature/ca85a9ed22c1c3d72c5bf8a3e46fd05f
INFO: [ app_init ] --START--
INFO: Run Behavior\BuildLiteBehavior [ RunTime:0.000022s ]
INFO: [ app_init ] --END-- [ RunTime:0.000460s ]
INFO: [ app_begin ] --START--
INFO: Run Behavior\ReadHtmlCacheBehavior [ RunTime:0.000673s ]
INFO: [ app_begin ] --END-- [ RunTime:0.000780s ]
SQL: SHOW COLUMNS FROM `sbgl_borrow` [ RunTime:0.0010s ]
SQL: SELECT `br_user`,`br_device_identifier`,`br_reason`,`br_time`,`br_return_time` FROM `sbgl_borrow` WHERE `br_user` = '151110192' AND `br_status` = 2  [ RunTime:0.0004s ]
NOTIC: [8] Undefined index: br_reture_time E:\sbgl\Home\Controller\DeviceController.class.php 第 183 行.

[ 2017-05-29T14:35:28+08:00 ] 127.0.0.1 /index.php/Device/getMyBr/session_id/oplft74h768palp6emqv3lmie5/signature/ca85a9ed22c1c3d72c5bf8a3e46fd05f
INFO: [ app_init ] --START--
INFO: Run Behavior\BuildLiteBehavior [ RunTime:0.000023s ]
INFO: [ app_init ] --END-- [ RunTime:0.000496s ]
INFO: [ app_begin ] --START--
INFO: Run Behavior\ReadHtmlCacheBehavior [ RunTime:0.000776s ]
INFO: [ app_begin ] --END-- [ RunTime:0.000886s ]
SQL: SHOW COLUMNS FROM `sbgl_borrow` [ RunTime:0.0007s ]
SQL: SELECT `br_user`,`br_device_identifier`,`br_reason`,`br_time`,`br_return_time`,`br_actual_time` FROM `sbgl_borrow` WHERE `br_user` = '151110192' AND `br_status` = 2  [ RunTime:0.0003s ]
NOTIC: [8] Undefined index: br_reture_time E:\sbgl\Home\Controller\DeviceController.class.php 第 183 行.

[ 2017-05-29T14:35:53+08:00 ] 127.0.0.1 /index.php/Device/getMyBr/session_id/oplft74h768palp6emqv3lmie5/signature/ca85a9ed22c1c3d72c5bf8a3e46fd05f
INFO: [ app_init ] --START--
INFO: Run Behavior\BuildLiteBehavior [ RunTime:0.000022s ]
INFO: [ app_init ] --END-- [ RunTime:0.000463s ]
INFO: [ app_begin ] --START--
INFO: Run Behavior\ReadHtmlCacheBehavior [ RunTime:0.000660s ]
INFO: [ app_begin ] --END-- [ RunTime:0.000763s ]
SQL: SHOW COLUMNS FROM `sbgl_borrow` [ RunTime:0.0008s ]
SQL: SELECT `br_user`,`br_device_identifier`,`br_reason`,`br_time`,`br_return_time`,`br_actual_time` FROM `sbgl_borrow` WHERE `br_user` = '151110192' AND `br_status` = 2  [ RunTime:0.0003s ]
NOTIC: [8] Undefined index: br_reture_time E:\sbgl\Home\Controller\DeviceController.class.php 第 183 行.
NOTIC: [8] Undefined index: br_reture_time E:\sbgl\Home\Controller\DeviceController.class.php 第 183 行.

[ 2017-05-29T14:36:08+08:00 ] 127.0.0.1 /index.php/Device/getMyBr/session_id/oplft74h768palp6emqv3lmie5/signature/ca85a9ed22c1c3d72c5bf8a3e46fd05f
INFO: [ app_init ] --START--
INFO: Run Behavior\BuildLiteBehavior [ RunTime:0.000022s ]
INFO: [ app_init ] --END-- [ RunTime:0.000469s ]
INFO: [ app_begin ] --START--
INFO: Run Behavior\ReadHtmlCacheBehavior [ RunTime:0.000712s ]
INFO: [ app_begin ] --END-- [ RunTime:0.000817s ]
SQL: SHOW COLUMNS FROM `sbgl_borrow` [ RunTime:0.0008s ]
SQL: SELECT `br_user`,`br_device_identifier`,`br_reason`,`br_time`,`br_return_time` FROM `sbgl_borrow` WHERE `br_user` = '151110192' AND `br_status` = 2 AND `br_actual_time` is null  [ RunTime:0.0003s ]
NOTIC: [8] Undefined index: br_reture_time E:\sbgl\Home\Controller\DeviceController.class.php 第 183 行.

[ 2017-05-29T14:37:16+08:00 ] 127.0.0.1 /index.php/Device/getMyBr/session_id/oplft74h768palp6emqv3lmie5/signature/ca85a9ed22c1c3d72c5bf8a3e46fd05f
INFO: [ app_init ] --START--
INFO: Run Behavior\BuildLiteBehavior [ RunTime:0.000023s ]
INFO: [ app_init ] --END-- [ RunTime:0.000467s ]
INFO: [ app_begin ] --START--
INFO: Run Behavior\ReadHtmlCacheBehavior [ RunTime:0.000739s ]
INFO: [ app_begin ] --END-- [ RunTime:0.000854s ]
SQL: SHOW COLUMNS FROM `sbgl_borrow` [ RunTime:0.0007s ]
SQL: SELECT `br_user`,`br_device_identifier`,`br_reason`,`br_time`,`br_return_time` FROM `sbgl_borrow` WHERE `br_user` = '151110192' AND `br_status` = 2 AND `br_actual_time` is null  [ RunTime:0.0003s ]

[ 2017-05-29T23:18:30+08:00 ] 127.0.0.1 /index.php/MachineRoom/getLog
INFO: [ app_init ] --START--
INFO: Run Behavior\BuildLiteBehavior [ RunTime:0.000032s ]
INFO: [ app_init ] --END-- [ RunTime:0.000503s ]
INFO: [ app_begin ] --START--
INFO: Run Behavior\ReadHtmlCacheBehavior [ RunTime:0.001119s ]
INFO: [ app_begin ] --END-- [ RunTime:0.001398s ]
SQL: SHOW COLUMNS FROM `sbgl_machine_room_log` [ RunTime:0.0009s ]
SQL: SELECT * FROM `sbgl_machine_room_log` ORDER BY mrl_time desc  [ RunTime:0.0003s ]

[ 2017-05-29T23:18:53+08:00 ] 127.0.0.1 /index.php/Index/logout
INFO: [ app_init ] --START--
INFO: Run Behavior\BuildLiteBehavior [ RunTime:0.000027s ]
INFO: [ app_init ] --END-- [ RunTime:0.000440s ]
INFO: [ app_begin ] --START--
INFO: Run Behavior\ReadHtmlCacheBehavior [ RunTime:0.000627s ]
INFO: [ app_begin ] --END-- [ RunTime:0.000768s ]

[ 2017-05-29T23:19:18+08:00 ] 127.0.0.1 /index.php/MachineRoom/getLog
INFO: [ app_init ] --START--
INFO: Run Behavior\BuildLiteBehavior [ RunTime:0.000023s ]
INFO: [ app_init ] --END-- [ RunTime:0.000471s ]
INFO: [ app_begin ] --START--
INFO: Run Behavior\ReadHtmlCacheBehavior [ RunTime:0.000737s ]
INFO: [ app_begin ] --END-- [ RunTime:0.000878s ]
SQL: SHOW COLUMNS FROM `sbgl_machine_room_log` [ RunTime:0.0008s ]
SQL: SELECT * FROM `sbgl_machine_room_log` ORDER BY mrl_time desc  [ RunTime:0.0003s ]

[ 2017-05-29T23:19:53+08:00 ] 127.0.0.1 /index.php/Device/getMyBr/
INFO: [ app_init ] --START--
INFO: Run Behavior\BuildLiteBehavior [ RunTime:0.000023s ]
INFO: [ app_init ] --END-- [ RunTime:0.000441s ]
INFO: [ app_begin ] --START--
INFO: Run Behavior\ReadHtmlCacheBehavior [ RunTime:0.000638s ]
INFO: [ app_begin ] --END-- [ RunTime:0.000753s ]
NOTIC: [8] Undefined index: session_id E:\sbgl\Tools\IndexController.class.php 第 12 行.
NOTIC: [2] session_start(): Cannot start session with empty session ID E:\sbgl\Tools\IndexController.class.php 第 13 行.
NOTIC: [8] Undefined index: timestamp E:\sbgl\Tools\IndexController.class.php 第 17 行.
NOTIC: [8] Undefined index: signature E:\sbgl\Tools\IndexController.class.php 第 18 行.

[ 2017-05-29T23:20:30+08:00 ] 127.0.0.1 /index.php/Device/confirm/
INFO: [ app_init ] --START--
INFO: Run Behavior\BuildLiteBehavior [ RunTime:0.000021s ]
INFO: [ app_init ] --END-- [ RunTime:0.000409s ]
INFO: [ app_begin ] --START--
INFO: Run Behavior\ReadHtmlCacheBehavior [ RunTime:0.000641s ]
INFO: [ app_begin ] --END-- [ RunTime:0.000754s ]
NOTIC: [8] Undefined index: session_id E:\sbgl\Tools\IndexController.class.php 第 12 行.
NOTIC: [2] session_start(): Cannot start session with empty session ID E:\sbgl\Tools\IndexController.class.php 第 13 行.
NOTIC: [8] Undefined index: timestamp E:\sbgl\Tools\IndexController.class.php 第 17 行.
NOTIC: [8] Undefined index: signature E:\sbgl\Tools\IndexController.class.php 第 18 行.

[ 2017-05-29T23:21:17+08:00 ] 127.0.0.1 /index.php/MachineRoom/getLog
INFO: [ app_init ] --START--
INFO: Run Behavior\BuildLiteBehavior [ RunTime:0.000023s ]
INFO: [ app_init ] --END-- [ RunTime:0.000414s ]
INFO: [ app_begin ] --START--
INFO: Run Behavior\ReadHtmlCacheBehavior [ RunTime:0.000628s ]
INFO: [ app_begin ] --END-- [ RunTime:0.000740s ]
SQL: SHOW COLUMNS FROM `sbgl_machine_room_log` [ RunTime:0.0011s ]
SQL: SELECT * FROM `sbgl_machine_room_log` ORDER BY mrl_time desc  [ RunTime:0.0004s ]

[ 2017-05-29T23:21:20+08:00 ] 127.0.0.1 /index.php/MachineRoom/getLog
INFO: [ app_init ] --START--
INFO: Run Behavior\BuildLiteBehavior [ RunTime:0.000022s ]
INFO: [ app_init ] --END-- [ RunTime:0.000468s ]
INFO: [ app_begin ] --START--
INFO: Run Behavior\ReadHtmlCacheBehavior [ RunTime:0.000727s ]
INFO: [ app_begin ] --END-- [ RunTime:0.000841s ]
SQL: SHOW COLUMNS FROM `sbgl_machine_room_log` [ RunTime:0.0029s ]
SQL: SELECT * FROM `sbgl_machine_room_log` ORDER BY mrl_time desc  [ RunTime:0.0003s ]

[ 2017-05-29T23:21:46+08:00 ] 127.0.0.1 /index.php/MachineRoom/getLog
INFO: [ app_init ] --START--
INFO: Run Behavior\BuildLiteBehavior [ RunTime:0.000029s ]
INFO: [ app_init ] --END-- [ RunTime:0.000470s ]
INFO: [ app_begin ] --START--
INFO: Run Behavior\ReadHtmlCacheBehavior [ RunTime:0.000713s ]
INFO: [ app_begin ] --END-- [ RunTime:0.000858s ]
NOTIC: [8] Undefined index: session_id E:\sbgl\Tools\IndexController.class.php 第 12 行.
NOTIC: [2] session_start(): Cannot start session with empty session ID E:\sbgl\Tools\IndexController.class.php 第 13 行.
NOTIC: [8] Undefined index: timestamp E:\sbgl\Tools\IndexController.class.php 第 17 行.
NOTIC: [8] Undefined index: signature E:\sbgl\Tools\IndexController.class.php 第 18 行.

