[ 2017-05-07T13:34:39+08:00 ] 127.0.0.1 /
INFO: [ app_init ] --START--
INFO: Run Behavior\BuildLiteBehavior [ RunTime:0.000024s ]
INFO: [ app_init ] --END-- [ RunTime:0.000396s ]
INFO: [ app_begin ] --START--
INFO: Run Behavior\ReadHtmlCacheBehavior [ RunTime:0.000502s ]
INFO: [ app_begin ] --END-- [ RunTime:0.000614s ]
INFO: [ app_end ] --START--
INFO: Run Behavior\ShowPageTraceBehavior [ RunTime:0.000438s ]
INFO: [ app_end ] --END-- [ RunTime:0.000550s ]

[ 2017-05-07T13:34:49+08:00 ] 127.0.0.1 /index.php/Version/
INFO: [ app_init ] --START--
INFO: Run Behavior\BuildLiteBehavior [ RunTime:0.000024s ]
INFO: [ app_init ] --END-- [ RunTime:0.000360s ]
INFO: [ app_begin ] --START--
INFO: Run Behavior\ReadHtmlCacheBehavior [ RunTime:0.000456s ]
INFO: [ app_begin ] --END-- [ RunTime:0.000568s ]
ERR: 非法操作:index

[ 2017-05-07T13:35:07+08:00 ] 127.0.0.1 /index.php/Version/update/
INFO: [ app_init ] --START--
INFO: Run Behavior\BuildLiteBehavior [ RunTime:0.000023s ]
INFO: [ app_init ] --END-- [ RunTime:0.000363s ]
INFO: [ app_begin ] --START--
INFO: Run Behavior\ReadHtmlCacheBehavior [ RunTime:0.000458s ]
INFO: [ app_begin ] --END-- [ RunTime:0.000572s ]
ERR: 参数错误或者未定义:type

[ 2017-05-07T13:35:10+08:00 ] 127.0.0.1 /index.php/Version/update/
INFO: [ app_init ] --START--
INFO: Run Behavior\BuildLiteBehavior [ RunTime:0.000034s ]
INFO: [ app_init ] --END-- [ RunTime:0.000712s ]
INFO: [ app_begin ] --START--
INFO: Run Behavior\ReadHtmlCacheBehavior [ RunTime:0.000840s ]
INFO: [ app_begin ] --END-- [ RunTime:0.001051s ]
ERR: 参数错误或者未定义:type

[ 2017-05-07T13:35:29+08:00 ] 127.0.0.1 /index.php/Version/update/
INFO: [ app_init ] --START--
INFO: Run Behavior\BuildLiteBehavior [ RunTime:0.000023s ]
INFO: [ app_init ] --END-- [ RunTime:0.000361s ]
INFO: [ app_begin ] --START--
INFO: Run Behavior\ReadHtmlCacheBehavior [ RunTime:0.000459s ]
INFO: [ app_begin ] --END-- [ RunTime:0.000570s ]
ERR: 参数错误或者未定义:type

[ 2017-05-07T13:35:32+08:00 ] 127.0.0.1 /index.php/Version/update
INFO: [ app_init ] --START--
INFO: Run Behavior\BuildLiteBehavior [ RunTime:0.000024s ]
INFO: [ app_init ] --END-- [ RunTime:0.000426s ]
INFO: [ app_begin ] --START--
INFO: Run Behavior\ReadHtmlCacheBehavior [ RunTime:0.000458s ]
INFO: [ app_begin ] --END-- [ RunTime:0.000569s ]
ERR: 参数错误或者未定义:type

[ 2017-05-07T13:35:34+08:00 ] 127.0.0.1 /index.php/Version
INFO: [ app_init ] --START--
INFO: Run Behavior\BuildLiteBehavior [ RunTime:0.000023s ]
INFO: [ app_init ] --END-- [ RunTime:0.000360s ]
INFO: [ app_begin ] --START--
INFO: Run Behavior\ReadHtmlCacheBehavior [ RunTime:0.000457s ]
INFO: [ app_begin ] --END-- [ RunTime:0.000568s ]
ERR: 非法操作:index

[ 2017-05-07T13:36:28+08:00 ] 127.0.0.1 /index.php/Version/update/type/1/version/2.0.0.0
INFO: [ app_init ] --START--
INFO: Run Behavior\BuildLiteBehavior [ RunTime:0.000024s ]
INFO: [ app_init ] --END-- [ RunTime:0.000425s ]
INFO: [ app_begin ] --START--
INFO: Run Behavior\ReadHtmlCacheBehavior [ RunTime:0.000503s ]
INFO: [ app_begin ] --END-- [ RunTime:0.000615s ]
SQL: SHOW COLUMNS FROM `sbgl_version` [ RunTime:0.0009s ]
SQL: SELECT * FROM `sbgl_version` WHERE ( client_type=1 ) ORDER BY time desc LIMIT 1   [ RunTime:0.0003s ]
NOTIC: [2] strtolower() expects parameter 1 to be string, array given E:\sbgl\ThinkPHP\Library\Think\Model.class.php 第 1115 行.
NOTIC: [2] preg_match() expects parameter 1 to be string, array given E:\sbgl\ThinkPHP\Library\Think\Model.class.php 第 1117 行.

[ 2017-05-07T13:36:40+08:00 ] 127.0.0.1 /index.php/Version/update/type/1/version/2.0.0.1
INFO: [ app_init ] --START--
INFO: Run Behavior\BuildLiteBehavior [ RunTime:0.000023s ]
INFO: [ app_init ] --END-- [ RunTime:0.000366s ]
INFO: [ app_begin ] --START--
INFO: Run Behavior\ReadHtmlCacheBehavior [ RunTime:0.000455s ]
INFO: [ app_begin ] --END-- [ RunTime:0.000567s ]
SQL: SHOW COLUMNS FROM `sbgl_version` [ RunTime:0.0007s ]
SQL: SELECT * FROM `sbgl_version` WHERE ( client_type=1 ) ORDER BY time desc LIMIT 1   [ RunTime:0.0003s ]
NOTIC: [2] strtolower() expects parameter 1 to be string, array given E:\sbgl\ThinkPHP\Library\Think\Model.class.php 第 1115 行.
NOTIC: [2] preg_match() expects parameter 1 to be string, array given E:\sbgl\ThinkPHP\Library\Think\Model.class.php 第 1117 行.

[ 2017-05-07T13:36:57+08:00 ] 127.0.0.1 /index.php/Version/update/type/2/version/2.0.0.1
INFO: [ app_init ] --START--
INFO: Run Behavior\BuildLiteBehavior [ RunTime:0.000026s ]
INFO: [ app_init ] --END-- [ RunTime:0.000462s ]
INFO: [ app_begin ] --START--
INFO: Run Behavior\ReadHtmlCacheBehavior [ RunTime:0.000560s ]
INFO: [ app_begin ] --END-- [ RunTime:0.000685s ]
SQL: SHOW COLUMNS FROM `sbgl_version` [ RunTime:0.0021s ]
SQL: SELECT * FROM `sbgl_version` WHERE ( client_type=2 ) ORDER BY time desc LIMIT 1   [ RunTime:0.0005s ]
NOTIC: [2] strtolower() expects parameter 1 to be string, array given E:\sbgl\ThinkPHP\Library\Think\Model.class.php 第 1115 行.
NOTIC: [2] preg_match() expects parameter 1 to be string, array given E:\sbgl\ThinkPHP\Library\Think\Model.class.php 第 1117 行.

[ 2017-05-07T13:37:09+08:00 ] 127.0.0.1 /index.php/Version/update/type/2/version/2.0.0
INFO: [ app_init ] --START--
INFO: Run Behavior\BuildLiteBehavior [ RunTime:0.000022s ]
INFO: [ app_init ] --END-- [ RunTime:0.000350s ]
INFO: [ app_begin ] --START--
INFO: Run Behavior\ReadHtmlCacheBehavior [ RunTime:0.000588s ]
INFO: [ app_begin ] --END-- [ RunTime:0.000740s ]
SQL: SHOW COLUMNS FROM `sbgl_version` [ RunTime:0.0007s ]
SQL: SELECT * FROM `sbgl_version` WHERE ( client_type=2 ) ORDER BY time desc LIMIT 1   [ RunTime:0.0003s ]
NOTIC: [2] strtolower() expects parameter 1 to be string, array given E:\sbgl\ThinkPHP\Library\Think\Model.class.php 第 1115 行.
NOTIC: [2] preg_match() expects parameter 1 to be string, array given E:\sbgl\ThinkPHP\Library\Think\Model.class.php 第 1117 行.

[ 2017-05-07T13:37:20+08:00 ] 127.0.0.1 /index.php/Version/update/type/1/version/2.0.0.1
INFO: [ app_init ] --START--
INFO: Run Behavior\BuildLiteBehavior [ RunTime:0.000041s ]
INFO: [ app_init ] --END-- [ RunTime:0.000623s ]
INFO: [ app_begin ] --START--
INFO: Run Behavior\ReadHtmlCacheBehavior [ RunTime:0.000622s ]
INFO: [ app_begin ] --END-- [ RunTime:0.000807s ]
SQL: SHOW COLUMNS FROM `sbgl_version` [ RunTime:0.0018s ]
SQL: SELECT * FROM `sbgl_version` WHERE ( client_type=1 ) ORDER BY time desc LIMIT 1   [ RunTime:0.0005s ]
NOTIC: [2] strtolower() expects parameter 1 to be string, array given E:\sbgl\ThinkPHP\Library\Think\Model.class.php 第 1115 行.
NOTIC: [2] preg_match() expects parameter 1 to be string, array given E:\sbgl\ThinkPHP\Library\Think\Model.class.php 第 1117 行.

[ 2017-05-07T13:37:34+08:00 ] 127.0.0.1 /index.php/Version/update/type/1/version/2.0.0
INFO: [ app_init ] --START--
INFO: Run Behavior\BuildLiteBehavior [ RunTime:0.000044s ]
INFO: [ app_init ] --END-- [ RunTime:0.000910s ]
INFO: [ app_begin ] --START--
INFO: Run Behavior\ReadHtmlCacheBehavior [ RunTime:0.000826s ]
INFO: [ app_begin ] --END-- [ RunTime:0.001032s ]
SQL: SHOW COLUMNS FROM `sbgl_version` [ RunTime:0.0007s ]
SQL: SELECT * FROM `sbgl_version` WHERE ( client_type=1 ) ORDER BY time desc LIMIT 1   [ RunTime:0.0003s ]
NOTIC: [2] strtolower() expects parameter 1 to be string, array given E:\sbgl\ThinkPHP\Library\Think\Model.class.php 第 1115 行.
NOTIC: [2] preg_match() expects parameter 1 to be string, array given E:\sbgl\ThinkPHP\Library\Think\Model.class.php 第 1117 行.

[ 2017-05-07T13:38:31+08:00 ] 127.0.0.1 /index.php/Version/update/type/1/version/2.0.11
INFO: [ app_init ] --START--
INFO: Run Behavior\BuildLiteBehavior [ RunTime:0.000040s ]
INFO: [ app_init ] --END-- [ RunTime:0.000608s ]
INFO: [ app_begin ] --START--
INFO: Run Behavior\ReadHtmlCacheBehavior [ RunTime:0.000640s ]
INFO: [ app_begin ] --END-- [ RunTime:0.000764s ]
SQL: SHOW COLUMNS FROM `sbgl_version` [ RunTime:0.0007s ]
SQL: SELECT * FROM `sbgl_version` WHERE ( client_type=1 ) ORDER BY time desc LIMIT 1   [ RunTime:0.0003s ]
NOTIC: [2] strtolower() expects parameter 1 to be string, array given E:\sbgl\ThinkPHP\Library\Think\Model.class.php 第 1115 行.
NOTIC: [2] preg_match() expects parameter 1 to be string, array given E:\sbgl\ThinkPHP\Library\Think\Model.class.php 第 1117 行.

[ 2017-05-07T13:38:37+08:00 ] 127.0.0.1 /index.php/Version/update/type/2/version/2.0.11
INFO: [ app_init ] --START--
INFO: Run Behavior\BuildLiteBehavior [ RunTime:0.000025s ]
INFO: [ app_init ] --END-- [ RunTime:0.000407s ]
INFO: [ app_begin ] --START--
INFO: Run Behavior\ReadHtmlCacheBehavior [ RunTime:0.000485s ]
INFO: [ app_begin ] --END-- [ RunTime:0.000647s ]
SQL: SHOW COLUMNS FROM `sbgl_version` [ RunTime:0.0012s ]
SQL: SELECT * FROM `sbgl_version` WHERE ( client_type=2 ) ORDER BY time desc LIMIT 1   [ RunTime:0.0003s ]
NOTIC: [2] strtolower() expects parameter 1 to be string, array given E:\sbgl\ThinkPHP\Library\Think\Model.class.php 第 1115 行.
NOTIC: [2] preg_match() expects parameter 1 to be string, array given E:\sbgl\ThinkPHP\Library\Think\Model.class.php 第 1117 行.

[ 2017-05-07T13:38:39+08:00 ] 127.0.0.1 /index.php/Version/update/type/2/version/2.0.11
INFO: [ app_init ] --START--
INFO: Run Behavior\BuildLiteBehavior [ RunTime:0.000023s ]
INFO: [ app_init ] --END-- [ RunTime:0.000373s ]
INFO: [ app_begin ] --START--
INFO: Run Behavior\ReadHtmlCacheBehavior [ RunTime:0.000503s ]
INFO: [ app_begin ] --END-- [ RunTime:0.000613s ]
SQL: SHOW COLUMNS FROM `sbgl_version` [ RunTime:0.0009s ]
SQL: SELECT * FROM `sbgl_version` WHERE ( client_type=2 ) ORDER BY time desc LIMIT 1   [ RunTime:0.0004s ]
NOTIC: [2] strtolower() expects parameter 1 to be string, array given E:\sbgl\ThinkPHP\Library\Think\Model.class.php 第 1115 行.
NOTIC: [2] preg_match() expects parameter 1 to be string, array given E:\sbgl\ThinkPHP\Library\Think\Model.class.php 第 1117 行.

[ 2017-05-07T13:38:43+08:00 ] 127.0.0.1 /index.php/Version/update/type/2/version/2.0.1
INFO: [ app_init ] --START--
INFO: Run Behavior\BuildLiteBehavior [ RunTime:0.000021s ]
INFO: [ app_init ] --END-- [ RunTime:0.000349s ]
INFO: [ app_begin ] --START--
INFO: Run Behavior\ReadHtmlCacheBehavior [ RunTime:0.000479s ]
INFO: [ app_begin ] --END-- [ RunTime:0.000612s ]
SQL: SHOW COLUMNS FROM `sbgl_version` [ RunTime:0.0007s ]
SQL: SELECT * FROM `sbgl_version` WHERE ( client_type=2 ) ORDER BY time desc LIMIT 1   [ RunTime:0.0003s ]
NOTIC: [2] strtolower() expects parameter 1 to be string, array given E:\sbgl\ThinkPHP\Library\Think\Model.class.php 第 1115 行.
NOTIC: [2] preg_match() expects parameter 1 to be string, array given E:\sbgl\ThinkPHP\Library\Think\Model.class.php 第 1117 行.

[ 2017-05-07T13:38:46+08:00 ] 127.0.0.1 /index.php/Version/update/type/1/version/2.0.11
INFO: [ app_init ] --START--
INFO: Run Behavior\BuildLiteBehavior [ RunTime:0.000022s ]
INFO: [ app_init ] --END-- [ RunTime:0.000351s ]
INFO: [ app_begin ] --START--
INFO: Run Behavior\ReadHtmlCacheBehavior [ RunTime:0.000456s ]
INFO: [ app_begin ] --END-- [ RunTime:0.000636s ]
SQL: SHOW COLUMNS FROM `sbgl_version` [ RunTime:0.0007s ]
SQL: SELECT * FROM `sbgl_version` WHERE ( client_type=1 ) ORDER BY time desc LIMIT 1   [ RunTime:0.0003s ]
NOTIC: [2] strtolower() expects parameter 1 to be string, array given E:\sbgl\ThinkPHP\Library\Think\Model.class.php 第 1115 行.
NOTIC: [2] preg_match() expects parameter 1 to be string, array given E:\sbgl\ThinkPHP\Library\Think\Model.class.php 第 1117 行.

[ 2017-05-07T13:38:50+08:00 ] 127.0.0.1 /index.php/Version/update/type/1/version/2.0.0.1
INFO: [ app_init ] --START--
INFO: Run Behavior\BuildLiteBehavior [ RunTime:0.000040s ]
INFO: [ app_init ] --END-- [ RunTime:0.000718s ]
INFO: [ app_begin ] --START--
INFO: Run Behavior\ReadHtmlCacheBehavior [ RunTime:0.000481s ]
INFO: [ app_begin ] --END-- [ RunTime:0.000589s ]
SQL: SHOW COLUMNS FROM `sbgl_version` [ RunTime:0.0018s ]
SQL: SELECT * FROM `sbgl_version` WHERE ( client_type=1 ) ORDER BY time desc LIMIT 1   [ RunTime:0.0004s ]
NOTIC: [2] strtolower() expects parameter 1 to be string, array given E:\sbgl\ThinkPHP\Library\Think\Model.class.php 第 1115 行.
NOTIC: [2] preg_match() expects parameter 1 to be string, array given E:\sbgl\ThinkPHP\Library\Think\Model.class.php 第 1117 行.

[ 2017-05-07T13:39:42+08:00 ] 127.0.0.1 /index.php/Version/update/type/1/version/2.0.0
INFO: [ app_init ] --START--
INFO: Run Behavior\BuildLiteBehavior [ RunTime:0.000032s ]
INFO: [ app_init ] --END-- [ RunTime:0.000542s ]
INFO: [ app_begin ] --START--
INFO: Run Behavior\ReadHtmlCacheBehavior [ RunTime:0.000672s ]
INFO: [ app_begin ] --END-- [ RunTime:0.000827s ]
SQL: SHOW COLUMNS FROM `sbgl_version` [ RunTime:0.0009s ]
SQL: SELECT * FROM `sbgl_version` WHERE ( client_type=1 ) ORDER BY time desc LIMIT 1   [ RunTime:0.0004s ]
NOTIC: [2] strtolower() expects parameter 1 to be string, array given E:\sbgl\ThinkPHP\Library\Think\Model.class.php 第 1115 行.
NOTIC: [2] preg_match() expects parameter 1 to be string, array given E:\sbgl\ThinkPHP\Library\Think\Model.class.php 第 1117 行.

[ 2017-05-07T13:40:07+08:00 ] 127.0.0.1 /index.php/Version/update/type/1/version/1.0.0
INFO: [ app_init ] --START--
INFO: Run Behavior\BuildLiteBehavior [ RunTime:0.000031s ]
INFO: [ app_init ] --END-- [ RunTime:0.000383s ]
INFO: [ app_begin ] --START--
INFO: Run Behavior\ReadHtmlCacheBehavior [ RunTime:0.000461s ]
INFO: [ app_begin ] --END-- [ RunTime:0.000564s ]
SQL: SHOW COLUMNS FROM `sbgl_version` [ RunTime:0.0010s ]
SQL: SELECT * FROM `sbgl_version` WHERE ( client_type=1 ) ORDER BY time desc LIMIT 1   [ RunTime:0.0004s ]
NOTIC: [2] strtolower() expects parameter 1 to be string, array given E:\sbgl\ThinkPHP\Library\Think\Model.class.php 第 1115 行.
NOTIC: [2] preg_match() expects parameter 1 to be string, array given E:\sbgl\ThinkPHP\Library\Think\Model.class.php 第 1117 行.

[ 2017-05-07T13:40:12+08:00 ] 127.0.0.1 /index.php/Version/update/type/2/version/1.0.0
INFO: [ app_init ] --START--
INFO: Run Behavior\BuildLiteBehavior [ RunTime:0.000038s ]
INFO: [ app_init ] --END-- [ RunTime:0.000555s ]
INFO: [ app_begin ] --START--
INFO: Run Behavior\ReadHtmlCacheBehavior [ RunTime:0.000773s ]
INFO: [ app_begin ] --END-- [ RunTime:0.000967s ]
SQL: SHOW COLUMNS FROM `sbgl_version` [ RunTime:0.0007s ]
SQL: SELECT * FROM `sbgl_version` WHERE ( client_type=2 ) ORDER BY time desc LIMIT 1   [ RunTime:0.0003s ]
NOTIC: [2] strtolower() expects parameter 1 to be string, array given E:\sbgl\ThinkPHP\Library\Think\Model.class.php 第 1115 行.
NOTIC: [2] preg_match() expects parameter 1 to be string, array given E:\sbgl\ThinkPHP\Library\Think\Model.class.php 第 1117 行.

[ 2017-05-07T13:42:18+08:00 ] 127.0.0.1 /index.php/Version/update/type/1/version/2.0.0.1
INFO: [ app_init ] --START--
INFO: Run Behavior\BuildLiteBehavior [ RunTime:0.000022s ]
INFO: [ app_init ] --END-- [ RunTime:0.000352s ]
INFO: [ app_begin ] --START--
INFO: Run Behavior\ReadHtmlCacheBehavior [ RunTime:0.000458s ]
INFO: [ app_begin ] --END-- [ RunTime:0.000564s ]
SQL: SHOW COLUMNS FROM `sbgl_version` [ RunTime:0.0006s ]
SQL: SELECT * FROM `sbgl_version` WHERE ( client_type=1 ) ORDER BY time desc LIMIT 1   [ RunTime:0.0003s ]
NOTIC: [2] strtolower() expects parameter 1 to be string, array given E:\sbgl\ThinkPHP\Library\Think\Model.class.php 第 1115 行.
NOTIC: [2] preg_match() expects parameter 1 to be string, array given E:\sbgl\ThinkPHP\Library\Think\Model.class.php 第 1117 行.

[ 2017-05-07T13:42:23+08:00 ] 127.0.0.1 /index.php/Version/update/type/1/version/2.0.0
INFO: [ app_init ] --START--
INFO: Run Behavior\BuildLiteBehavior [ RunTime:0.000031s ]
INFO: [ app_init ] --END-- [ RunTime:0.000383s ]
INFO: [ app_begin ] --START--
INFO: Run Behavior\ReadHtmlCacheBehavior [ RunTime:0.000465s ]
INFO: [ app_begin ] --END-- [ RunTime:0.000569s ]
SQL: SHOW COLUMNS FROM `sbgl_version` [ RunTime:0.0008s ]
SQL: SELECT * FROM `sbgl_version` WHERE ( client_type=1 ) ORDER BY time desc LIMIT 1   [ RunTime:0.0005s ]
NOTIC: [2] strtolower() expects parameter 1 to be string, array given E:\sbgl\ThinkPHP\Library\Think\Model.class.php 第 1115 行.
NOTIC: [2] preg_match() expects parameter 1 to be string, array given E:\sbgl\ThinkPHP\Library\Think\Model.class.php 第 1117 行.

[ 2017-05-07T13:43:33+08:00 ] 127.0.0.1 /index.php/Version/update/type/1/version/2.0.0
INFO: [ app_init ] --START--
INFO: Run Behavior\BuildLiteBehavior [ RunTime:0.000023s ]
INFO: [ app_init ] --END-- [ RunTime:0.000359s ]
INFO: [ app_begin ] --START--
INFO: Run Behavior\ReadHtmlCacheBehavior [ RunTime:0.000465s ]
INFO: [ app_begin ] --END-- [ RunTime:0.000569s ]
SQL: SHOW COLUMNS FROM `sbgl_version` [ RunTime:0.0010s ]
SQL: SELECT * FROM `sbgl_version` WHERE ( client_type=1 ) ORDER BY time desc LIMIT 1   [ RunTime:0.0004s ]
NOTIC: [2] strtolower() expects parameter 1 to be string, array given E:\sbgl\ThinkPHP\Library\Think\Model.class.php 第 1115 行.
NOTIC: [2] preg_match() expects parameter 1 to be string, array given E:\sbgl\ThinkPHP\Library\Think\Model.class.php 第 1117 行.

[ 2017-05-07T13:43:34+08:00 ] 127.0.0.1 /index.php/Version/update/type/1/version/2.0.0
INFO: [ app_init ] --START--
INFO: Run Behavior\BuildLiteBehavior [ RunTime:0.000035s ]
INFO: [ app_init ] --END-- [ RunTime:0.000558s ]
INFO: [ app_begin ] --START--
INFO: Run Behavior\ReadHtmlCacheBehavior [ RunTime:0.000469s ]
INFO: [ app_begin ] --END-- [ RunTime:0.000574s ]
SQL: SHOW COLUMNS FROM `sbgl_version` [ RunTime:0.0011s ]
SQL: SELECT * FROM `sbgl_version` WHERE ( client_type=1 ) ORDER BY time desc LIMIT 1   [ RunTime:0.0014s ]
NOTIC: [2] strtolower() expects parameter 1 to be string, array given E:\sbgl\ThinkPHP\Library\Think\Model.class.php 第 1115 行.
NOTIC: [2] preg_match() expects parameter 1 to be string, array given E:\sbgl\ThinkPHP\Library\Think\Model.class.php 第 1117 行.

[ 2017-05-07T13:44:24+08:00 ] 127.0.0.1 /index.php/Version/update/type/1/version/2.0.0
INFO: [ app_init ] --START--
INFO: Run Behavior\BuildLiteBehavior [ RunTime:0.000024s ]
INFO: [ app_init ] --END-- [ RunTime:0.000417s ]
INFO: [ app_begin ] --START--
INFO: Run Behavior\ReadHtmlCacheBehavior [ RunTime:0.000578s ]
INFO: [ app_begin ] --END-- [ RunTime:0.000692s ]
SQL: SHOW COLUMNS FROM `sbgl_version` [ RunTime:0.0006s ]
SQL: SELECT * FROM `sbgl_version` WHERE ( client_type=1 ) ORDER BY time desc LIMIT 1   [ RunTime:0.0003s ]
NOTIC: [2] strtolower() expects parameter 1 to be string, array given E:\sbgl\ThinkPHP\Library\Think\Model.class.php 第 1115 行.
NOTIC: [2] preg_match() expects parameter 1 to be string, array given E:\sbgl\ThinkPHP\Library\Think\Model.class.php 第 1117 行.

[ 2017-05-07T13:45:13+08:00 ] 127.0.0.1 /index.php/Version/update/type/1/version/2.0.0
INFO: [ app_init ] --START--
INFO: Run Behavior\BuildLiteBehavior [ RunTime:0.000022s ]
INFO: [ app_init ] --END-- [ RunTime:0.000355s ]
INFO: [ app_begin ] --START--
INFO: Run Behavior\ReadHtmlCacheBehavior [ RunTime:0.000456s ]
INFO: [ app_begin ] --END-- [ RunTime:0.000560s ]
SQL: SHOW COLUMNS FROM `sbgl_version` [ RunTime:0.0006s ]
SQL: SELECT * FROM `sbgl_version` WHERE ( client_type=1 ) ORDER BY time desc LIMIT 1   [ RunTime:0.0003s ]
NOTIC: [2] strtolower() expects parameter 1 to be string, array given E:\sbgl\ThinkPHP\Library\Think\Model.class.php 第 1115 行.
NOTIC: [2] preg_match() expects parameter 1 to be string, array given E:\sbgl\ThinkPHP\Library\Think\Model.class.php 第 1117 行.

[ 2017-05-07T13:45:17+08:00 ] 127.0.0.1 /index.php/Version/update/type/1/version/2.0.0
INFO: [ app_init ] --START--
INFO: Run Behavior\BuildLiteBehavior [ RunTime:0.000027s ]
INFO: [ app_init ] --END-- [ RunTime:0.000477s ]
INFO: [ app_begin ] --START--
INFO: Run Behavior\ReadHtmlCacheBehavior [ RunTime:0.000488s ]
INFO: [ app_begin ] --END-- [ RunTime:0.000602s ]
SQL: SHOW COLUMNS FROM `sbgl_version` [ RunTime:0.0005s ]
SQL: SELECT * FROM `sbgl_version` WHERE ( client_type=1 ) ORDER BY time desc LIMIT 1   [ RunTime:0.0006s ]
NOTIC: [2] strtolower() expects parameter 1 to be string, array given E:\sbgl\ThinkPHP\Library\Think\Model.class.php 第 1115 行.
NOTIC: [2] preg_match() expects parameter 1 to be string, array given E:\sbgl\ThinkPHP\Library\Think\Model.class.php 第 1117 行.

[ 2017-05-07T13:45:37+08:00 ] 127.0.0.1 /index.php/Version/update/type/1/version/2.0.0
INFO: [ app_init ] --START--
INFO: Run Behavior\BuildLiteBehavior [ RunTime:0.000022s ]
INFO: [ app_init ] --END-- [ RunTime:0.000352s ]
INFO: [ app_begin ] --START--
INFO: Run Behavior\ReadHtmlCacheBehavior [ RunTime:0.000455s ]
INFO: [ app_begin ] --END-- [ RunTime:0.000558s ]
SQL: SHOW COLUMNS FROM `sbgl_version` [ RunTime:0.0005s ]
SQL: SELECT * FROM `sbgl_version` WHERE ( client_type=1 ) ORDER BY time desc LIMIT 1   [ RunTime:0.0003s ]
NOTIC: [2] strtolower() expects parameter 1 to be string, array given E:\sbgl\ThinkPHP\Library\Think\Model.class.php 第 1115 行.
NOTIC: [2] preg_match() expects parameter 1 to be string, array given E:\sbgl\ThinkPHP\Library\Think\Model.class.php 第 1117 行.
INFO: [ app_end ] --START--
INFO: Run Behavior\ShowPageTraceBehavior [ RunTime:0.000654s ]
INFO: [ app_end ] --END-- [ RunTime:0.000776s ]

[ 2017-05-07T13:45:50+08:00 ] 127.0.0.1 /index.php/Version/update/type/1/version/2.0.0
INFO: [ app_init ] --START--
INFO: Run Behavior\BuildLiteBehavior [ RunTime:0.000022s ]
INFO: [ app_init ] --END-- [ RunTime:0.000353s ]
INFO: [ app_begin ] --START--
INFO: Run Behavior\ReadHtmlCacheBehavior [ RunTime:0.000471s ]
INFO: [ app_begin ] --END-- [ RunTime:0.000596s ]
SQL: SHOW COLUMNS FROM `sbgl_version` [ RunTime:0.0005s ]
SQL: SELECT * FROM `sbgl_version` WHERE ( client_type=1 ) ORDER BY time desc LIMIT 1   [ RunTime:0.0003s ]
NOTIC: [2] strtolower() expects parameter 1 to be string, array given E:\sbgl\ThinkPHP\Library\Think\Model.class.php 第 1115 行.
NOTIC: [2] preg_match() expects parameter 1 to be string, array given E:\sbgl\ThinkPHP\Library\Think\Model.class.php 第 1117 行.
INFO: [ app_end ] --START--
INFO: Run Behavior\ShowPageTraceBehavior [ RunTime:0.000610s ]
INFO: [ app_end ] --END-- [ RunTime:0.000887s ]

[ 2017-05-07T13:46:03+08:00 ] 127.0.0.1 /index.php/Version/update/type/1/version/2.0.0
INFO: [ app_init ] --START--
INFO: Run Behavior\BuildLiteBehavior [ RunTime:0.000023s ]
INFO: [ app_init ] --END-- [ RunTime:0.000363s ]
INFO: [ app_begin ] --START--
INFO: Run Behavior\ReadHtmlCacheBehavior [ RunTime:0.000464s ]
INFO: [ app_begin ] --END-- [ RunTime:0.000568s ]
SQL: SHOW COLUMNS FROM `sbgl_version` [ RunTime:0.0006s ]
SQL: SELECT * FROM `sbgl_version` WHERE ( client_type=1 ) ORDER BY time desc LIMIT 1   [ RunTime:0.0003s ]
NOTIC: [2] strtolower() expects parameter 1 to be string, array given E:\sbgl\ThinkPHP\Library\Think\Model.class.php 第 1115 行.
NOTIC: [2] preg_match() expects parameter 1 to be string, array given E:\sbgl\ThinkPHP\Library\Think\Model.class.php 第 1117 行.
INFO: [ app_end ] --START--
INFO: Run Behavior\ShowPageTraceBehavior [ RunTime:0.000806s ]
INFO: [ app_end ] --END-- [ RunTime:0.000962s ]

[ 2017-05-07T13:46:13+08:00 ] 127.0.0.1 /index.php/Version/update/type/1/version/2.0.0
INFO: [ app_init ] --START--
INFO: Run Behavior\BuildLiteBehavior [ RunTime:0.000022s ]
INFO: [ app_init ] --END-- [ RunTime:0.000351s ]
INFO: [ app_begin ] --START--
INFO: Run Behavior\ReadHtmlCacheBehavior [ RunTime:0.000458s ]
INFO: [ app_begin ] --END-- [ RunTime:0.000562s ]
SQL: SHOW COLUMNS FROM `sbgl_version` [ RunTime:0.0005s ]
SQL: SELECT * FROM `sbgl_version` WHERE ( client_type=1 ) ORDER BY time desc LIMIT 1   [ RunTime:0.0003s ]
NOTIC: [2] strtolower() expects parameter 1 to be string, array given E:\sbgl\ThinkPHP\Library\Think\Model.class.php 第 1115 行.
NOTIC: [2] preg_match() expects parameter 1 to be string, array given E:\sbgl\ThinkPHP\Library\Think\Model.class.php 第 1117 行.
INFO: [ app_end ] --START--
INFO: Run Behavior\ShowPageTraceBehavior [ RunTime:0.000626s ]
INFO: [ app_end ] --END-- [ RunTime:0.000752s ]

[ 2017-05-07T13:46:44+08:00 ] 127.0.0.1 /index.php/Version/update/type/1/version/2.0.0
INFO: [ app_init ] --START--
INFO: Run Behavior\BuildLiteBehavior [ RunTime:0.000022s ]
INFO: [ app_init ] --END-- [ RunTime:0.000398s ]
INFO: [ app_begin ] --START--
INFO: Run Behavior\ReadHtmlCacheBehavior [ RunTime:0.000502s ]
INFO: [ app_begin ] --END-- [ RunTime:0.000607s ]
SQL: SHOW COLUMNS FROM `sbgl_version` [ RunTime:0.0008s ]
SQL: SELECT * FROM `sbgl_version` WHERE ( client_type=1 ) ORDER BY time desc LIMIT 1   [ RunTime:0.0005s ]
NOTIC: [2] strtolower() expects parameter 1 to be string, array given E:\sbgl\ThinkPHP\Library\Think\Model.class.php 第 1115 行.
NOTIC: [2] preg_match() expects parameter 1 to be string, array given E:\sbgl\ThinkPHP\Library\Think\Model.class.php 第 1117 行.
INFO: [ app_end ] --START--
INFO: Run Behavior\ShowPageTraceBehavior [ RunTime:0.000549s ]
INFO: [ app_end ] --END-- [ RunTime:0.000655s ]

[ 2017-05-07T13:46:44+08:00 ] 127.0.0.1 /index.php/Version/update/type/1/version/2.0.0
INFO: [ app_init ] --START--
INFO: Run Behavior\BuildLiteBehavior [ RunTime:0.000021s ]
INFO: [ app_init ] --END-- [ RunTime:0.000344s ]
INFO: [ app_begin ] --START--
INFO: Run Behavior\ReadHtmlCacheBehavior [ RunTime:0.000509s ]
INFO: [ app_begin ] --END-- [ RunTime:0.000612s ]
SQL: SHOW COLUMNS FROM `sbgl_version` [ RunTime:0.0005s ]
SQL: SELECT * FROM `sbgl_version` WHERE ( client_type=1 ) ORDER BY time desc LIMIT 1   [ RunTime:0.0003s ]
NOTIC: [2] strtolower() expects parameter 1 to be string, array given E:\sbgl\ThinkPHP\Library\Think\Model.class.php 第 1115 行.
NOTIC: [2] preg_match() expects parameter 1 to be string, array given E:\sbgl\ThinkPHP\Library\Think\Model.class.php 第 1117 行.
INFO: [ app_end ] --START--
INFO: Run Behavior\ShowPageTraceBehavior [ RunTime:0.000551s ]
INFO: [ app_end ] --END-- [ RunTime:0.000660s ]

[ 2017-05-07T13:46:57+08:00 ] 127.0.0.1 /index.php/Version/update/type/2/version/2.0.0
INFO: [ app_init ] --START--
INFO: Run Behavior\BuildLiteBehavior [ RunTime:0.000032s ]
INFO: [ app_init ] --END-- [ RunTime:0.000370s ]
INFO: [ app_begin ] --START--
INFO: Run Behavior\ReadHtmlCacheBehavior [ RunTime:0.000453s ]
INFO: [ app_begin ] --END-- [ RunTime:0.000556s ]
SQL: SHOW COLUMNS FROM `sbgl_version` [ RunTime:0.0006s ]
SQL: SELECT * FROM `sbgl_version` WHERE ( client_type=2 ) ORDER BY time desc LIMIT 1   [ RunTime:0.0003s ]
NOTIC: [2] strtolower() expects parameter 1 to be string, array given E:\sbgl\ThinkPHP\Library\Think\Model.class.php 第 1115 行.
NOTIC: [2] preg_match() expects parameter 1 to be string, array given E:\sbgl\ThinkPHP\Library\Think\Model.class.php 第 1117 行.
INFO: [ app_end ] --START--
INFO: Run Behavior\ShowPageTraceBehavior [ RunTime:0.000614s ]
INFO: [ app_end ] --END-- [ RunTime:0.000739s ]

[ 2017-05-07T13:46:59+08:00 ] 127.0.0.1 /index.php/Version/update/type/2/version/2.0.0
INFO: [ app_init ] --START--
INFO: Run Behavior\BuildLiteBehavior [ RunTime:0.000023s ]
INFO: [ app_init ] --END-- [ RunTime:0.000393s ]
INFO: [ app_begin ] --START--
INFO: Run Behavior\ReadHtmlCacheBehavior [ RunTime:0.000475s ]
INFO: [ app_begin ] --END-- [ RunTime:0.000588s ]
SQL: SHOW COLUMNS FROM `sbgl_version` [ RunTime:0.0014s ]
SQL: SELECT * FROM `sbgl_version` WHERE ( client_type=2 ) ORDER BY time desc LIMIT 1   [ RunTime:0.0004s ]
NOTIC: [2] strtolower() expects parameter 1 to be string, array given E:\sbgl\ThinkPHP\Library\Think\Model.class.php 第 1115 行.
NOTIC: [2] preg_match() expects parameter 1 to be string, array given E:\sbgl\ThinkPHP\Library\Think\Model.class.php 第 1117 行.
INFO: [ app_end ] --START--
INFO: Run Behavior\ShowPageTraceBehavior [ RunTime:0.000831s ]
INFO: [ app_end ] --END-- [ RunTime:0.001026s ]

[ 2017-05-07T13:47:06+08:00 ] 127.0.0.1 /index.php/Version/update/type/1/version/1.0.0
INFO: [ app_init ] --START--
INFO: Run Behavior\BuildLiteBehavior [ RunTime:0.000022s ]
INFO: [ app_init ] --END-- [ RunTime:0.000353s ]
INFO: [ app_begin ] --START--
INFO: Run Behavior\ReadHtmlCacheBehavior [ RunTime:0.000451s ]
INFO: [ app_begin ] --END-- [ RunTime:0.000555s ]
SQL: SHOW COLUMNS FROM `sbgl_version` [ RunTime:0.0006s ]
SQL: SELECT * FROM `sbgl_version` WHERE ( client_type=1 ) ORDER BY time desc LIMIT 1   [ RunTime:0.0003s ]
NOTIC: [2] strtolower() expects parameter 1 to be string, array given E:\sbgl\ThinkPHP\Library\Think\Model.class.php 第 1115 行.
NOTIC: [2] preg_match() expects parameter 1 to be string, array given E:\sbgl\ThinkPHP\Library\Think\Model.class.php 第 1117 行.
INFO: [ app_end ] --START--
INFO: Run Behavior\ShowPageTraceBehavior [ RunTime:0.000535s ]
INFO: [ app_end ] --END-- [ RunTime:0.000638s ]

[ 2017-05-07T13:47:10+08:00 ] 127.0.0.1 /index.php/Version/update/type/1/version/2.0.0
INFO: [ app_init ] --START--
INFO: Run Behavior\BuildLiteBehavior [ RunTime:0.000023s ]
INFO: [ app_init ] --END-- [ RunTime:0.000362s ]
INFO: [ app_begin ] --START--
INFO: Run Behavior\ReadHtmlCacheBehavior [ RunTime:0.000459s ]
INFO: [ app_begin ] --END-- [ RunTime:0.000563s ]
SQL: SHOW COLUMNS FROM `sbgl_version` [ RunTime:0.0005s ]
SQL: SELECT * FROM `sbgl_version` WHERE ( client_type=1 ) ORDER BY time desc LIMIT 1   [ RunTime:0.0004s ]
NOTIC: [2] strtolower() expects parameter 1 to be string, array given E:\sbgl\ThinkPHP\Library\Think\Model.class.php 第 1115 行.
NOTIC: [2] preg_match() expects parameter 1 to be string, array given E:\sbgl\ThinkPHP\Library\Think\Model.class.php 第 1117 行.
INFO: [ app_end ] --START--
INFO: Run Behavior\ShowPageTraceBehavior [ RunTime:0.001004s ]
INFO: [ app_end ] --END-- [ RunTime:0.001214s ]

[ 2017-05-07T13:47:25+08:00 ] 127.0.0.1 /index.php/Version/update/type/1/version/2.0.0
INFO: [ app_init ] --START--
INFO: Run Behavior\BuildLiteBehavior [ RunTime:0.000022s ]
INFO: [ app_init ] --END-- [ RunTime:0.000347s ]
INFO: [ app_begin ] --START--
INFO: Run Behavior\ReadHtmlCacheBehavior [ RunTime:0.000454s ]
INFO: [ app_begin ] --END-- [ RunTime:0.000555s ]
SQL: SHOW COLUMNS FROM `sbgl_version` [ RunTime:0.0006s ]
SQL: SELECT * FROM `sbgl_version` WHERE ( client_type=1 ) ORDER BY time desc LIMIT 1   [ RunTime:0.0003s ]
NOTIC: [2] strtolower() expects parameter 1 to be string, array given E:\sbgl\ThinkPHP\Library\Think\Model.class.php 第 1115 行.
NOTIC: [2] preg_match() expects parameter 1 to be string, array given E:\sbgl\ThinkPHP\Library\Think\Model.class.php 第 1117 行.
INFO: [ app_end ] --START--
INFO: Run Behavior\ShowPageTraceBehavior [ RunTime:0.000564s ]
INFO: [ app_end ] --END-- [ RunTime:0.000672s ]

[ 2017-05-07T13:48:39+08:00 ] 127.0.0.1 /index.php/Version/update/type/1/version/2.0.0
INFO: [ app_init ] --START--
INFO: Run Behavior\BuildLiteBehavior [ RunTime:0.000022s ]
INFO: [ app_init ] --END-- [ RunTime:0.000353s ]
INFO: [ app_begin ] --START--
INFO: Run Behavior\ReadHtmlCacheBehavior [ RunTime:0.000464s ]
INFO: [ app_begin ] --END-- [ RunTime:0.000567s ]
SQL: SHOW COLUMNS FROM `sbgl_version` [ RunTime:0.0006s ]
SQL: SELECT * FROM `sbgl_version` WHERE ( client_type=1 ) ORDER BY time desc LIMIT 1   [ RunTime:0.0003s ]
NOTIC: [2] strtolower() expects parameter 1 to be string, array given E:\sbgl\ThinkPHP\Library\Think\Model.class.php 第 1115 行.
NOTIC: [2] preg_match() expects parameter 1 to be string, array given E:\sbgl\ThinkPHP\Library\Think\Model.class.php 第 1117 行.
INFO: [ app_end ] --START--
INFO: Run Behavior\ShowPageTraceBehavior [ RunTime:0.000671s ]
INFO: [ app_end ] --END-- [ RunTime:0.000797s ]

[ 2017-05-07T13:49:27+08:00 ] 127.0.0.1 /index.php/Version/update/type/1/version/2.0.0
INFO: [ app_init ] --START--
INFO: Run Behavior\BuildLiteBehavior [ RunTime:0.000023s ]
INFO: [ app_init ] --END-- [ RunTime:0.000427s ]
INFO: [ app_begin ] --START--
INFO: Run Behavior\ReadHtmlCacheBehavior [ RunTime:0.000534s ]
INFO: [ app_begin ] --END-- [ RunTime:0.000638s ]
SQL: SHOW COLUMNS FROM `sbgl_version` [ RunTime:0.0006s ]
SQL: SELECT * FROM `sbgl_version` WHERE ( client_type=1 ) ORDER BY time desc LIMIT 1   [ RunTime:0.0003s ]
NOTIC: [2] strtolower() expects parameter 1 to be string, array given E:\sbgl\ThinkPHP\Library\Think\Model.class.php 第 1115 行.
NOTIC: [2] preg_match() expects parameter 1 to be string, array given E:\sbgl\ThinkPHP\Library\Think\Model.class.php 第 1117 行.
INFO: [ app_end ] --START--
INFO: Run Behavior\ShowPageTraceBehavior [ RunTime:0.000591s ]
INFO: [ app_end ] --END-- [ RunTime:0.000712s ]

[ 2017-05-07T13:49:27+08:00 ] 127.0.0.1 /index.php/Version/update/type/1/version/2.0.0
INFO: [ app_init ] --START--
INFO: Run Behavior\BuildLiteBehavior [ RunTime:0.000026s ]
INFO: [ app_init ] --END-- [ RunTime:0.000465s ]
INFO: [ app_begin ] --START--
INFO: Run Behavior\ReadHtmlCacheBehavior [ RunTime:0.000454s ]
INFO: [ app_begin ] --END-- [ RunTime:0.000558s ]
SQL: SHOW COLUMNS FROM `sbgl_version` [ RunTime:0.0006s ]
SQL: SELECT * FROM `sbgl_version` WHERE ( client_type=1 ) ORDER BY time desc LIMIT 1   [ RunTime:0.0003s ]
NOTIC: [2] strtolower() expects parameter 1 to be string, array given E:\sbgl\ThinkPHP\Library\Think\Model.class.php 第 1115 行.
NOTIC: [2] preg_match() expects parameter 1 to be string, array given E:\sbgl\ThinkPHP\Library\Think\Model.class.php 第 1117 行.
INFO: [ app_end ] --START--
INFO: Run Behavior\ShowPageTraceBehavior [ RunTime:0.000583s ]
INFO: [ app_end ] --END-- [ RunTime:0.000693s ]

[ 2017-05-07T13:49:46+08:00 ] 127.0.0.1 /index.php/Version/update/type/1/version/2.0.0
INFO: [ app_init ] --START--
INFO: Run Behavior\BuildLiteBehavior [ RunTime:0.000022s ]
INFO: [ app_init ] --END-- [ RunTime:0.000347s ]
INFO: [ app_begin ] --START--
INFO: Run Behavior\ReadHtmlCacheBehavior [ RunTime:0.000445s ]
INFO: [ app_begin ] --END-- [ RunTime:0.000549s ]
SQL: SHOW COLUMNS FROM `sbgl_version` [ RunTime:0.0005s ]
SQL: SELECT * FROM `sbgl_version` WHERE ( client_type=1 ) ORDER BY time desc LIMIT 1   [ RunTime:0.0003s ]
NOTIC: [2] strtolower() expects parameter 1 to be string, array given E:\sbgl\ThinkPHP\Library\Think\Model.class.php 第 1115 行.
NOTIC: [2] preg_match() expects parameter 1 to be string, array given E:\sbgl\ThinkPHP\Library\Think\Model.class.php 第 1117 行.
INFO: [ app_end ] --START--
INFO: Run Behavior\ShowPageTraceBehavior [ RunTime:0.000614s ]
INFO: [ app_end ] --END-- [ RunTime:0.000741s ]

[ 2017-05-07T13:49:55+08:00 ] 127.0.0.1 /index.php/Version/update/type/1/version/2.0.0
INFO: [ app_init ] --START--
INFO: Run Behavior\BuildLiteBehavior [ RunTime:0.000022s ]
INFO: [ app_init ] --END-- [ RunTime:0.000356s ]
INFO: [ app_begin ] --START--
INFO: Run Behavior\ReadHtmlCacheBehavior [ RunTime:0.000452s ]
INFO: [ app_begin ] --END-- [ RunTime:0.000557s ]
SQL: SHOW COLUMNS FROM `sbgl_version` [ RunTime:0.0019s ]
SQL: SELECT * FROM `sbgl_version` WHERE ( client_type=1 ) ORDER BY time desc LIMIT 1   [ RunTime:0.0003s ]
NOTIC: [2] strtolower() expects parameter 1 to be string, array given E:\sbgl\ThinkPHP\Library\Think\Model.class.php 第 1115 行.
NOTIC: [2] preg_match() expects parameter 1 to be string, array given E:\sbgl\ThinkPHP\Library\Think\Model.class.php 第 1117 行.
INFO: [ app_end ] --START--
INFO: Run Behavior\ShowPageTraceBehavior [ RunTime:0.000770s ]
INFO: [ app_end ] --END-- [ RunTime:0.000929s ]

[ 2017-05-07T13:51:36+08:00 ] 127.0.0.1 /index.php/Version/update/type/1/version/2.0.0
INFO: [ app_init ] --START--
INFO: Run Behavior\BuildLiteBehavior [ RunTime:0.000022s ]
INFO: [ app_init ] --END-- [ RunTime:0.000386s ]
INFO: [ app_begin ] --START--
INFO: Run Behavior\ReadHtmlCacheBehavior [ RunTime:0.000498s ]
INFO: [ app_begin ] --END-- [ RunTime:0.000604s ]
SQL: SHOW COLUMNS FROM `sbgl_version` [ RunTime:0.0007s ]
SQL: SELECT * FROM `sbgl_version` WHERE ( client_type=1 ) ORDER BY time desc LIMIT 1   [ RunTime:0.0003s ]
NOTIC: [2] strtolower() expects parameter 1 to be string, array given E:\sbgl\ThinkPHP\Library\Think\Model.class.php 第 1115 行.
NOTIC: [2] preg_match() expects parameter 1 to be string, array given E:\sbgl\ThinkPHP\Library\Think\Model.class.php 第 1117 行.
INFO: [ app_end ] --START--
INFO: Run Behavior\ShowPageTraceBehavior [ RunTime:0.000576s ]
INFO: [ app_end ] --END-- [ RunTime:0.000688s ]

[ 2017-05-07T13:51:41+08:00 ] 127.0.0.1 /index.php/Version/update/type/2/version/2.0.0
INFO: [ app_init ] --START--
INFO: Run Behavior\BuildLiteBehavior [ RunTime:0.000022s ]
INFO: [ app_init ] --END-- [ RunTime:0.000354s ]
INFO: [ app_begin ] --START--
INFO: Run Behavior\ReadHtmlCacheBehavior [ RunTime:0.000464s ]
INFO: [ app_begin ] --END-- [ RunTime:0.000573s ]
SQL: SHOW COLUMNS FROM `sbgl_version` [ RunTime:0.0007s ]
SQL: SELECT * FROM `sbgl_version` WHERE ( client_type=2 ) ORDER BY time desc LIMIT 1   [ RunTime:0.0004s ]
NOTIC: [2] strtolower() expects parameter 1 to be string, array given E:\sbgl\ThinkPHP\Library\Think\Model.class.php 第 1115 行.
NOTIC: [2] preg_match() expects parameter 1 to be string, array given E:\sbgl\ThinkPHP\Library\Think\Model.class.php 第 1117 行.
INFO: [ app_end ] --START--
INFO: Run Behavior\ShowPageTraceBehavior [ RunTime:0.000539s ]
INFO: [ app_end ] --END-- [ RunTime:0.000643s ]

[ 2017-05-07T13:51:45+08:00 ] 127.0.0.1 /index.php/Version/update/type/1/version/2.0.0
INFO: [ app_init ] --START--
INFO: Run Behavior\BuildLiteBehavior [ RunTime:0.000022s ]
INFO: [ app_init ] --END-- [ RunTime:0.000352s ]
INFO: [ app_begin ] --START--
INFO: Run Behavior\ReadHtmlCacheBehavior [ RunTime:0.000641s ]
INFO: [ app_begin ] --END-- [ RunTime:0.000754s ]
SQL: SHOW COLUMNS FROM `sbgl_version` [ RunTime:0.0006s ]
SQL: SELECT * FROM `sbgl_version` WHERE ( client_type=1 ) ORDER BY time desc LIMIT 1   [ RunTime:0.0004s ]
NOTIC: [2] strtolower() expects parameter 1 to be string, array given E:\sbgl\ThinkPHP\Library\Think\Model.class.php 第 1115 行.
NOTIC: [2] preg_match() expects parameter 1 to be string, array given E:\sbgl\ThinkPHP\Library\Think\Model.class.php 第 1117 行.
INFO: [ app_end ] --START--
INFO: Run Behavior\ShowPageTraceBehavior [ RunTime:0.000637s ]
INFO: [ app_end ] --END-- [ RunTime:0.000762s ]

[ 2017-05-07T13:52:11+08:00 ] 127.0.0.1 /index.php/Version/update/type/1/version/2.0.0
INFO: [ app_init ] --START--
INFO: Run Behavior\BuildLiteBehavior [ RunTime:0.000028s ]
INFO: [ app_init ] --END-- [ RunTime:0.000468s ]
INFO: [ app_begin ] --START--
INFO: Run Behavior\ReadHtmlCacheBehavior [ RunTime:0.000511s ]
INFO: [ app_begin ] --END-- [ RunTime:0.000637s ]
SQL: SHOW COLUMNS FROM `sbgl_version` [ RunTime:0.0006s ]
SQL: SELECT * FROM `sbgl_version` WHERE ( client_type=1 ) ORDER BY time desc LIMIT 1   [ RunTime:0.0005s ]
NOTIC: [2] strtolower() expects parameter 1 to be string, array given E:\sbgl\ThinkPHP\Library\Think\Model.class.php 第 1115 行.
NOTIC: [2] preg_match() expects parameter 1 to be string, array given E:\sbgl\ThinkPHP\Library\Think\Model.class.php 第 1117 行.
INFO: [ app_end ] --START--
INFO: Run Behavior\ShowPageTraceBehavior [ RunTime:0.001906s ]
INFO: [ app_end ] --END-- [ RunTime:0.002234s ]

[ 2017-05-07T13:52:42+08:00 ] 127.0.0.1 /index.php/Version/update/type/1/version/2.0.0
INFO: [ app_init ] --START--
INFO: Run Behavior\BuildLiteBehavior [ RunTime:0.000022s ]
INFO: [ app_init ] --END-- [ RunTime:0.000359s ]
INFO: [ app_begin ] --START--
INFO: Run Behavior\ReadHtmlCacheBehavior [ RunTime:0.000461s ]
INFO: [ app_begin ] --END-- [ RunTime:0.000566s ]
SQL: SHOW COLUMNS FROM `sbgl_version` [ RunTime:0.0006s ]
SQL: SELECT * FROM `sbgl_version` WHERE ( client_type=1 ) ORDER BY time desc LIMIT 1   [ RunTime:0.0004s ]
NOTIC: [2] strtolower() expects parameter 1 to be string, array given E:\sbgl\ThinkPHP\Library\Think\Model.class.php 第 1115 行.
NOTIC: [2] preg_match() expects parameter 1 to be string, array given E:\sbgl\ThinkPHP\Library\Think\Model.class.php 第 1117 行.
INFO: [ app_end ] --START--
INFO: Run Behavior\ShowPageTraceBehavior [ RunTime:0.000785s ]
INFO: [ app_end ] --END-- [ RunTime:0.000918s ]

[ 2017-05-07T13:52:54+08:00 ] 127.0.0.1 /index.php/Version/update/type/1/version/2.0.0
INFO: [ app_init ] --START--
INFO: Run Behavior\BuildLiteBehavior [ RunTime:0.000036s ]
INFO: [ app_init ] --END-- [ RunTime:0.000757s ]
INFO: [ app_begin ] --START--
INFO: Run Behavior\ReadHtmlCacheBehavior [ RunTime:0.000598s ]
INFO: [ app_begin ] --END-- [ RunTime:0.000765s ]
SQL: SHOW COLUMNS FROM `sbgl_version` [ RunTime:0.0006s ]
SQL: SELECT * FROM `sbgl_version` WHERE ( client_type=1 ) ORDER BY time desc LIMIT 1   [ RunTime:0.0007s ]
NOTIC: [2] strtolower() expects parameter 1 to be string, array given E:\sbgl\ThinkPHP\Library\Think\Model.class.php 第 1115 行.
NOTIC: [2] preg_match() expects parameter 1 to be string, array given E:\sbgl\ThinkPHP\Library\Think\Model.class.php 第 1117 行.
INFO: [ app_end ] --START--
INFO: Run Behavior\ShowPageTraceBehavior [ RunTime:0.001530s ]
INFO: [ app_end ] --END-- [ RunTime:0.001735s ]

[ 2017-05-07T13:52:55+08:00 ] 127.0.0.1 /index.php/Version/update/type/1/version/2.0.0
INFO: [ app_init ] --START--
INFO: Run Behavior\BuildLiteBehavior [ RunTime:0.000022s ]
INFO: [ app_init ] --END-- [ RunTime:0.000353s ]
INFO: [ app_begin ] --START--
INFO: Run Behavior\ReadHtmlCacheBehavior [ RunTime:0.000458s ]
INFO: [ app_begin ] --END-- [ RunTime:0.000562s ]
SQL: SHOW COLUMNS FROM `sbgl_version` [ RunTime:0.0006s ]
SQL: SELECT * FROM `sbgl_version` WHERE ( client_type=1 ) ORDER BY time desc LIMIT 1   [ RunTime:0.0003s ]
NOTIC: [2] strtolower() expects parameter 1 to be string, array given E:\sbgl\ThinkPHP\Library\Think\Model.class.php 第 1115 行.
NOTIC: [2] preg_match() expects parameter 1 to be string, array given E:\sbgl\ThinkPHP\Library\Think\Model.class.php 第 1117 行.
INFO: [ app_end ] --START--
INFO: Run Behavior\ShowPageTraceBehavior [ RunTime:0.000536s ]
INFO: [ app_end ] --END-- [ RunTime:0.000640s ]

[ 2017-05-07T13:52:56+08:00 ] 127.0.0.1 /index.php/Version/update/type/1/version/2.0.0
INFO: [ app_init ] --START--
INFO: Run Behavior\BuildLiteBehavior [ RunTime:0.000022s ]
INFO: [ app_init ] --END-- [ RunTime:0.000354s ]
INFO: [ app_begin ] --START--
INFO: Run Behavior\ReadHtmlCacheBehavior [ RunTime:0.000455s ]
INFO: [ app_begin ] --END-- [ RunTime:0.000560s ]
SQL: SHOW COLUMNS FROM `sbgl_version` [ RunTime:0.0006s ]
SQL: SELECT * FROM `sbgl_version` WHERE ( client_type=1 ) ORDER BY time desc LIMIT 1   [ RunTime:0.0003s ]
NOTIC: [2] strtolower() expects parameter 1 to be string, array given E:\sbgl\ThinkPHP\Library\Think\Model.class.php 第 1115 行.
NOTIC: [2] preg_match() expects parameter 1 to be string, array given E:\sbgl\ThinkPHP\Library\Think\Model.class.php 第 1117 行.
INFO: [ app_end ] --START--
INFO: Run Behavior\ShowPageTraceBehavior [ RunTime:0.000653s ]
INFO: [ app_end ] --END-- [ RunTime:0.000802s ]

[ 2017-05-07T13:52:56+08:00 ] 127.0.0.1 /index.php/Version/update/type/1/version/2.0.0
INFO: [ app_init ] --START--
INFO: Run Behavior\BuildLiteBehavior [ RunTime:0.000022s ]
INFO: [ app_init ] --END-- [ RunTime:0.000361s ]
INFO: [ app_begin ] --START--
INFO: Run Behavior\ReadHtmlCacheBehavior [ RunTime:0.000461s ]
INFO: [ app_begin ] --END-- [ RunTime:0.000567s ]
SQL: SHOW COLUMNS FROM `sbgl_version` [ RunTime:0.0007s ]
SQL: SELECT * FROM `sbgl_version` WHERE ( client_type=1 ) ORDER BY time desc LIMIT 1   [ RunTime:0.0004s ]
NOTIC: [2] strtolower() expects parameter 1 to be string, array given E:\sbgl\ThinkPHP\Library\Think\Model.class.php 第 1115 行.
NOTIC: [2] preg_match() expects parameter 1 to be string, array given E:\sbgl\ThinkPHP\Library\Think\Model.class.php 第 1117 行.
INFO: [ app_end ] --START--
INFO: Run Behavior\ShowPageTraceBehavior [ RunTime:0.000792s ]
INFO: [ app_end ] --END-- [ RunTime:0.000928s ]

[ 2017-05-07T13:52:57+08:00 ] 127.0.0.1 /index.php/Version/update/type/1/version/2.0.0
INFO: [ app_init ] --START--
INFO: Run Behavior\BuildLiteBehavior [ RunTime:0.000022s ]
INFO: [ app_init ] --END-- [ RunTime:0.000350s ]
INFO: [ app_begin ] --START--
INFO: Run Behavior\ReadHtmlCacheBehavior [ RunTime:0.000457s ]
INFO: [ app_begin ] --END-- [ RunTime:0.000562s ]
SQL: SHOW COLUMNS FROM `sbgl_version` [ RunTime:0.0008s ]
SQL: SELECT * FROM `sbgl_version` WHERE ( client_type=1 ) ORDER BY time desc LIMIT 1   [ RunTime:0.0003s ]
NOTIC: [2] strtolower() expects parameter 1 to be string, array given E:\sbgl\ThinkPHP\Library\Think\Model.class.php 第 1115 行.
NOTIC: [2] preg_match() expects parameter 1 to be string, array given E:\sbgl\ThinkPHP\Library\Think\Model.class.php 第 1117 行.
INFO: [ app_end ] --START--
INFO: Run Behavior\ShowPageTraceBehavior [ RunTime:0.000554s ]
INFO: [ app_end ] --END-- [ RunTime:0.000659s ]

[ 2017-05-07T13:52:58+08:00 ] 127.0.0.1 /index.php/Version/update/type/1/version/2.0.0
INFO: [ app_init ] --START--
INFO: Run Behavior\BuildLiteBehavior [ RunTime:0.000022s ]
INFO: [ app_init ] --END-- [ RunTime:0.000351s ]
INFO: [ app_begin ] --START--
INFO: Run Behavior\ReadHtmlCacheBehavior [ RunTime:0.000457s ]
INFO: [ app_begin ] --END-- [ RunTime:0.000562s ]
SQL: SHOW COLUMNS FROM `sbgl_version` [ RunTime:0.0005s ]
SQL: SELECT * FROM `sbgl_version` WHERE ( client_type=1 ) ORDER BY time desc LIMIT 1   [ RunTime:0.0003s ]
NOTIC: [2] strtolower() expects parameter 1 to be string, array given E:\sbgl\ThinkPHP\Library\Think\Model.class.php 第 1115 行.
NOTIC: [2] preg_match() expects parameter 1 to be string, array given E:\sbgl\ThinkPHP\Library\Think\Model.class.php 第 1117 行.
INFO: [ app_end ] --START--
INFO: Run Behavior\ShowPageTraceBehavior [ RunTime:0.000605s ]
INFO: [ app_end ] --END-- [ RunTime:0.000727s ]

[ 2017-05-07T13:53:03+08:00 ] 127.0.0.1 /index.php/Version/update/type/1/version/2.0.0
INFO: [ app_init ] --START--
INFO: Run Behavior\BuildLiteBehavior [ RunTime:0.000022s ]
INFO: [ app_init ] --END-- [ RunTime:0.000347s ]
INFO: [ app_begin ] --START--
INFO: Run Behavior\ReadHtmlCacheBehavior [ RunTime:0.000453s ]
INFO: [ app_begin ] --END-- [ RunTime:0.000557s ]
SQL: SHOW COLUMNS FROM `sbgl_version` [ RunTime:0.0005s ]
SQL: SELECT * FROM `sbgl_version` WHERE ( client_type=1 ) ORDER BY time desc LIMIT 1   [ RunTime:0.0003s ]
NOTIC: [2] strtolower() expects parameter 1 to be string, array given E:\sbgl\ThinkPHP\Library\Think\Model.class.php 第 1115 行.
NOTIC: [2] preg_match() expects parameter 1 to be string, array given E:\sbgl\ThinkPHP\Library\Think\Model.class.php 第 1117 行.
INFO: [ app_end ] --START--
INFO: Run Behavior\ShowPageTraceBehavior [ RunTime:0.000541s ]
INFO: [ app_end ] --END-- [ RunTime:0.000647s ]

[ 2017-05-07T13:53:04+08:00 ] 127.0.0.1 /index.php/Version/update/type/1/version/2.0.0
INFO: [ app_init ] --START--
INFO: Run Behavior\BuildLiteBehavior [ RunTime:0.000022s ]
INFO: [ app_init ] --END-- [ RunTime:0.000353s ]
INFO: [ app_begin ] --START--
INFO: Run Behavior\ReadHtmlCacheBehavior [ RunTime:0.000468s ]
INFO: [ app_begin ] --END-- [ RunTime:0.000581s ]
SQL: SHOW COLUMNS FROM `sbgl_version` [ RunTime:0.0005s ]
SQL: SELECT * FROM `sbgl_version` WHERE ( client_type=1 ) ORDER BY time desc LIMIT 1   [ RunTime:0.0003s ]
NOTIC: [2] strtolower() expects parameter 1 to be string, array given E:\sbgl\ThinkPHP\Library\Think\Model.class.php 第 1115 行.
NOTIC: [2] preg_match() expects parameter 1 to be string, array given E:\sbgl\ThinkPHP\Library\Think\Model.class.php 第 1117 行.
INFO: [ app_end ] --START--
INFO: Run Behavior\ShowPageTraceBehavior [ RunTime:0.000550s ]
INFO: [ app_end ] --END-- [ RunTime:0.000654s ]

[ 2017-05-07T13:53:05+08:00 ] 127.0.0.1 /index.php/Version/update/type/1/version/2.0.0
INFO: [ app_init ] --START--
INFO: Run Behavior\BuildLiteBehavior [ RunTime:0.000022s ]
INFO: [ app_init ] --END-- [ RunTime:0.000353s ]
INFO: [ app_begin ] --START--
INFO: Run Behavior\ReadHtmlCacheBehavior [ RunTime:0.000455s ]
INFO: [ app_begin ] --END-- [ RunTime:0.000559s ]
SQL: SHOW COLUMNS FROM `sbgl_version` [ RunTime:0.0007s ]
SQL: SELECT * FROM `sbgl_version` WHERE ( client_type=1 ) ORDER BY time desc LIMIT 1   [ RunTime:0.0004s ]
NOTIC: [2] strtolower() expects parameter 1 to be string, array given E:\sbgl\ThinkPHP\Library\Think\Model.class.php 第 1115 行.
NOTIC: [2] preg_match() expects parameter 1 to be string, array given E:\sbgl\ThinkPHP\Library\Think\Model.class.php 第 1117 行.
INFO: [ app_end ] --START--
INFO: Run Behavior\ShowPageTraceBehavior [ RunTime:0.000737s ]
INFO: [ app_end ] --END-- [ RunTime:0.000870s ]

[ 2017-05-07T13:53:05+08:00 ] 127.0.0.1 /index.php/Version/update/type/1/version/2.0.0
INFO: [ app_init ] --START--
INFO: Run Behavior\BuildLiteBehavior [ RunTime:0.000045s ]
INFO: [ app_init ] --END-- [ RunTime:0.000446s ]
INFO: [ app_begin ] --START--
INFO: Run Behavior\ReadHtmlCacheBehavior [ RunTime:0.000529s ]
INFO: [ app_begin ] --END-- [ RunTime:0.000651s ]
SQL: SHOW COLUMNS FROM `sbgl_version` [ RunTime:0.0007s ]
SQL: SELECT * FROM `sbgl_version` WHERE ( client_type=1 ) ORDER BY time desc LIMIT 1   [ RunTime:0.0005s ]
NOTIC: [2] strtolower() expects parameter 1 to be string, array given E:\sbgl\ThinkPHP\Library\Think\Model.class.php 第 1115 行.
NOTIC: [2] preg_match() expects parameter 1 to be string, array given E:\sbgl\ThinkPHP\Library\Think\Model.class.php 第 1117 行.
INFO: [ app_end ] --START--
INFO: Run Behavior\ShowPageTraceBehavior [ RunTime:0.000561s ]
INFO: [ app_end ] --END-- [ RunTime:0.000667s ]

[ 2017-05-07T13:53:13+08:00 ] 127.0.0.1 /index.php/Version/update/type/1/version/2.0.0
INFO: [ app_init ] --START--
INFO: Run Behavior\BuildLiteBehavior [ RunTime:0.000023s ]
INFO: [ app_init ] --END-- [ RunTime:0.000352s ]
INFO: [ app_begin ] --START--
INFO: Run Behavior\ReadHtmlCacheBehavior [ RunTime:0.000463s ]
INFO: [ app_begin ] --END-- [ RunTime:0.000576s ]
SQL: SHOW COLUMNS FROM `sbgl_version` [ RunTime:0.0006s ]
SQL: SELECT * FROM `sbgl_version` WHERE ( client_type=1 ) ORDER BY time desc LIMIT 1   [ RunTime:0.0003s ]
NOTIC: [2] strtolower() expects parameter 1 to be string, array given E:\sbgl\ThinkPHP\Library\Think\Model.class.php 第 1115 行.
NOTIC: [2] preg_match() expects parameter 1 to be string, array given E:\sbgl\ThinkPHP\Library\Think\Model.class.php 第 1117 行.
INFO: [ app_end ] --START--
INFO: Run Behavior\ShowPageTraceBehavior [ RunTime:0.000591s ]
INFO: [ app_end ] --END-- [ RunTime:0.000711s ]

[ 2017-05-07T13:53:14+08:00 ] 127.0.0.1 /index.php/Version/update/type/1/version/2.0.0
INFO: [ app_init ] --START--
INFO: Run Behavior\BuildLiteBehavior [ RunTime:0.000022s ]
INFO: [ app_init ] --END-- [ RunTime:0.000351s ]
INFO: [ app_begin ] --START--
INFO: Run Behavior\ReadHtmlCacheBehavior [ RunTime:0.000455s ]
INFO: [ app_begin ] --END-- [ RunTime:0.000558s ]
SQL: SHOW COLUMNS FROM `sbgl_version` [ RunTime:0.0005s ]
SQL: SELECT * FROM `sbgl_version` WHERE ( client_type=1 ) ORDER BY time desc LIMIT 1   [ RunTime:0.0003s ]
NOTIC: [2] strtolower() expects parameter 1 to be string, array given E:\sbgl\ThinkPHP\Library\Think\Model.class.php 第 1115 行.
NOTIC: [2] preg_match() expects parameter 1 to be string, array given E:\sbgl\ThinkPHP\Library\Think\Model.class.php 第 1117 行.
INFO: [ app_end ] --START--
INFO: Run Behavior\ShowPageTraceBehavior [ RunTime:0.000620s ]
INFO: [ app_end ] --END-- [ RunTime:0.000746s ]

[ 2017-05-07T13:53:14+08:00 ] 127.0.0.1 /index.php/Version/update/type/1/version/2.0.0
INFO: [ app_init ] --START--
INFO: Run Behavior\BuildLiteBehavior [ RunTime:0.000022s ]
INFO: [ app_init ] --END-- [ RunTime:0.000350s ]
INFO: [ app_begin ] --START--
INFO: Run Behavior\ReadHtmlCacheBehavior [ RunTime:0.000462s ]
INFO: [ app_begin ] --END-- [ RunTime:0.000576s ]
SQL: SHOW COLUMNS FROM `sbgl_version` [ RunTime:0.0008s ]
SQL: SELECT * FROM `sbgl_version` WHERE ( client_type=1 ) ORDER BY time desc LIMIT 1   [ RunTime:0.0004s ]
NOTIC: [2] strtolower() expects parameter 1 to be string, array given E:\sbgl\ThinkPHP\Library\Think\Model.class.php 第 1115 行.
NOTIC: [2] preg_match() expects parameter 1 to be string, array given E:\sbgl\ThinkPHP\Library\Think\Model.class.php 第 1117 行.
INFO: [ app_end ] --START--
INFO: Run Behavior\ShowPageTraceBehavior [ RunTime:0.000789s ]
INFO: [ app_end ] --END-- [ RunTime:0.000993s ]

[ 2017-05-07T13:53:37+08:00 ] 127.0.0.1 /index.php/Version/update/type/1/version/2.0.0
INFO: [ app_init ] --START--
INFO: Run Behavior\BuildLiteBehavior [ RunTime:0.000021s ]
INFO: [ app_init ] --END-- [ RunTime:0.000383s ]
INFO: [ app_begin ] --START--
INFO: Run Behavior\ReadHtmlCacheBehavior [ RunTime:0.000613s ]
INFO: [ app_begin ] --END-- [ RunTime:0.000734s ]
SQL: SHOW COLUMNS FROM `sbgl_version` [ RunTime:0.0006s ]
SQL: SELECT * FROM `sbgl_version` WHERE ( client_type=1 ) ORDER BY time desc LIMIT 1   [ RunTime:0.0003s ]
NOTIC: [2] strtolower() expects parameter 1 to be string, array given E:\sbgl\ThinkPHP\Library\Think\Model.class.php 第 1115 行.
NOTIC: [2] preg_match() expects parameter 1 to be string, array given E:\sbgl\ThinkPHP\Library\Think\Model.class.php 第 1117 行.
INFO: [ app_end ] --START--
INFO: Run Behavior\ShowPageTraceBehavior [ RunTime:0.000522s ]
INFO: [ app_end ] --END-- [ RunTime:0.000625s ]

[ 2017-05-07T13:53:38+08:00 ] 127.0.0.1 /index.php/Version/update/type/1/version/2.0.0
INFO: [ app_init ] --START--
INFO: Run Behavior\BuildLiteBehavior [ RunTime:0.000021s ]
INFO: [ app_init ] --END-- [ RunTime:0.000344s ]
INFO: [ app_begin ] --START--
INFO: Run Behavior\ReadHtmlCacheBehavior [ RunTime:0.000448s ]
INFO: [ app_begin ] --END-- [ RunTime:0.000551s ]
SQL: SHOW COLUMNS FROM `sbgl_version` [ RunTime:0.0005s ]
SQL: SELECT * FROM `sbgl_version` WHERE ( client_type=1 ) ORDER BY time desc LIMIT 1   [ RunTime:0.0003s ]
NOTIC: [2] strtolower() expects parameter 1 to be string, array given E:\sbgl\ThinkPHP\Library\Think\Model.class.php 第 1115 行.
NOTIC: [2] preg_match() expects parameter 1 to be string, array given E:\sbgl\ThinkPHP\Library\Think\Model.class.php 第 1117 行.
INFO: [ app_end ] --START--
INFO: Run Behavior\ShowPageTraceBehavior [ RunTime:0.000597s ]
INFO: [ app_end ] --END-- [ RunTime:0.000718s ]

[ 2017-05-07T13:53:38+08:00 ] 127.0.0.1 /index.php/Version/update/type/1/version/2.0.0
INFO: [ app_init ] --START--
INFO: Run Behavior\BuildLiteBehavior [ RunTime:0.000022s ]
INFO: [ app_init ] --END-- [ RunTime:0.000355s ]
INFO: [ app_begin ] --START--
INFO: Run Behavior\ReadHtmlCacheBehavior [ RunTime:0.000452s ]
INFO: [ app_begin ] --END-- [ RunTime:0.000557s ]
SQL: SHOW COLUMNS FROM `sbgl_version` [ RunTime:0.0007s ]
SQL: SELECT * FROM `sbgl_version` WHERE ( client_type=1 ) ORDER BY time desc LIMIT 1   [ RunTime:0.0003s ]
NOTIC: [2] strtolower() expects parameter 1 to be string, array given E:\sbgl\ThinkPHP\Library\Think\Model.class.php 第 1115 行.
NOTIC: [2] preg_match() expects parameter 1 to be string, array given E:\sbgl\ThinkPHP\Library\Think\Model.class.php 第 1117 行.
INFO: [ app_end ] --START--
INFO: Run Behavior\ShowPageTraceBehavior [ RunTime:0.000838s ]
INFO: [ app_end ] --END-- [ RunTime:0.001033s ]

[ 2017-05-07T13:54:31+08:00 ] 127.0.0.1 /index.php/Version/update/type/1/version/2.0.0
INFO: [ app_init ] --START--
INFO: Run Behavior\BuildLiteBehavior [ RunTime:0.000022s ]
INFO: [ app_init ] --END-- [ RunTime:0.000359s ]
INFO: [ app_begin ] --START--
INFO: Run Behavior\ReadHtmlCacheBehavior [ RunTime:0.000454s ]
INFO: [ app_begin ] --END-- [ RunTime:0.000559s ]
SQL: SHOW COLUMNS FROM `sbgl_version` [ RunTime:0.0009s ]
SQL: SELECT * FROM `sbgl_version` WHERE ( client_type=1 ) ORDER BY time desc LIMIT 1   [ RunTime:0.0005s ]
INFO: [ app_end ] --START--
INFO: Run Behavior\ShowPageTraceBehavior [ RunTime:0.000547s ]
INFO: [ app_end ] --END-- [ RunTime:0.000655s ]

[ 2017-05-07T13:54:42+08:00 ] 127.0.0.1 /index.php/Version/update/type/1/version/2.0.0
INFO: [ app_init ] --START--
INFO: Run Behavior\BuildLiteBehavior [ RunTime:0.000022s ]
INFO: [ app_init ] --END-- [ RunTime:0.000352s ]
INFO: [ app_begin ] --START--
INFO: Run Behavior\ReadHtmlCacheBehavior [ RunTime:0.000456s ]
INFO: [ app_begin ] --END-- [ RunTime:0.000560s ]
SQL: SHOW COLUMNS FROM `sbgl_version` [ RunTime:0.0006s ]
SQL: SELECT * FROM `sbgl_version` WHERE ( client_type=1 ) ORDER BY time desc LIMIT 1   [ RunTime:0.0003s ]
INFO: [ app_end ] --START--
INFO: Run Behavior\ShowPageTraceBehavior [ RunTime:0.000633s ]
INFO: [ app_end ] --END-- [ RunTime:0.000765s ]

[ 2017-05-07T13:55:08+08:00 ] 127.0.0.1 /index.php/Version/update/type/1/version/2.0.0
INFO: [ app_init ] --START--
INFO: Run Behavior\BuildLiteBehavior [ RunTime:0.000024s ]
INFO: [ app_init ] --END-- [ RunTime:0.000440s ]
INFO: [ app_begin ] --START--
INFO: Run Behavior\ReadHtmlCacheBehavior [ RunTime:0.000466s ]
INFO: [ app_begin ] --END-- [ RunTime:0.000571s ]
SQL: SHOW COLUMNS FROM `sbgl_version` [ RunTime:0.0013s ]
SQL: SELECT * FROM `sbgl_version` WHERE ( client_type=1 ) ORDER BY time desc LIMIT 1   [ RunTime:0.0005s ]
NOTIC: [2] Missing argument 1 for Think\Controller::ajaxReturn(), called in E:\sbgl\Home\Controller\VersionController.class.php on line 40 and defined E:\sbgl\ThinkPHP\Library\Think\Controller.class.php 第 210 行.
NOTIC: [8] Undefined variable: data E:\sbgl\ThinkPHP\Library\Think\Controller.class.php 第 216 行.

[ 2017-05-07T13:55:21+08:00 ] 127.0.0.1 /index.php/Version/update/type/1/version/2.0.0
INFO: [ app_init ] --START--
INFO: Run Behavior\BuildLiteBehavior [ RunTime:0.000022s ]
INFO: [ app_init ] --END-- [ RunTime:0.000349s ]
INFO: [ app_begin ] --START--
INFO: Run Behavior\ReadHtmlCacheBehavior [ RunTime:0.000453s ]
INFO: [ app_begin ] --END-- [ RunTime:0.000557s ]
SQL: SHOW COLUMNS FROM `sbgl_version` [ RunTime:0.0005s ]
SQL: SELECT * FROM `sbgl_version` WHERE ( client_type=1 ) ORDER BY time desc LIMIT 1   [ RunTime:0.0003s ]

[ 2017-05-07T13:56:18+08:00 ] 127.0.0.1 /index.php/Version/update/type/1/version/2.0.0
INFO: [ app_init ] --START--
INFO: Run Behavior\BuildLiteBehavior [ RunTime:0.000023s ]
INFO: [ app_init ] --END-- [ RunTime:0.000382s ]
INFO: [ app_begin ] --START--
INFO: Run Behavior\ReadHtmlCacheBehavior [ RunTime:0.000504s ]
INFO: [ app_begin ] --END-- [ RunTime:0.000610s ]
SQL: SHOW COLUMNS FROM `sbgl_version` [ RunTime:0.0006s ]
SQL: SELECT * FROM `sbgl_version` WHERE ( client_type=1 ) ORDER BY time desc LIMIT 1   [ RunTime:0.0003s ]
NOTIC: [8] Undefined variable: bool E:\sbgl\Home\Controller\VersionController.class.php 第 16 行.

[ 2017-05-07T13:56:47+08:00 ] 127.0.0.1 /index.php/Version/update/type/1/version/2.0.0
INFO: [ app_init ] --START--
INFO: Run Behavior\BuildLiteBehavior [ RunTime:0.000022s ]
INFO: [ app_init ] --END-- [ RunTime:0.000356s ]
INFO: [ app_begin ] --START--
INFO: Run Behavior\ReadHtmlCacheBehavior [ RunTime:0.000473s ]
INFO: [ app_begin ] --END-- [ RunTime:0.000578s ]
NOTIC: [2048] Declaration of Model\VersionModel::check() should be compatible with Think\Model::check($value, $rule, $type = 'regex') E:\sbgl\Model\VersionModel.class.php 第 4 行.
SQL: SHOW COLUMNS FROM `sbgl_version` [ RunTime:0.0008s ]
SQL: SELECT * FROM `sbgl_version` WHERE ( client_type=1 ) ORDER BY time desc LIMIT 1   [ RunTime:0.0003s ]
NOTIC: [8] Undefined variable: bool E:\sbgl\Home\Controller\VersionController.class.php 第 16 行.

[ 2017-05-07T13:56:48+08:00 ] 127.0.0.1 /index.php/Version/update/type/1/version/2.0.0
INFO: [ app_init ] --START--
INFO: Run Behavior\BuildLiteBehavior [ RunTime:0.000026s ]
INFO: [ app_init ] --END-- [ RunTime:0.000560s ]
INFO: [ app_begin ] --START--
INFO: Run Behavior\ReadHtmlCacheBehavior [ RunTime:0.000514s ]
INFO: [ app_begin ] --END-- [ RunTime:0.000630s ]
NOTIC: [2048] Declaration of Model\VersionModel::check() should be compatible with Think\Model::check($value, $rule, $type = 'regex') E:\sbgl\Model\VersionModel.class.php 第 4 行.
SQL: SHOW COLUMNS FROM `sbgl_version` [ RunTime:0.0005s ]
SQL: SELECT * FROM `sbgl_version` WHERE ( client_type=1 ) ORDER BY time desc LIMIT 1   [ RunTime:0.0008s ]
NOTIC: [8] Undefined variable: bool E:\sbgl\Home\Controller\VersionController.class.php 第 16 行.

[ 2017-05-07T13:56:58+08:00 ] 127.0.0.1 /index.php/Version/update/type/1/version/2.0.0
INFO: [ app_init ] --START--
INFO: Run Behavior\BuildLiteBehavior [ RunTime:0.000023s ]
INFO: [ app_init ] --END-- [ RunTime:0.000355s ]
INFO: [ app_begin ] --START--
INFO: Run Behavior\ReadHtmlCacheBehavior [ RunTime:0.000518s ]
INFO: [ app_begin ] --END-- [ RunTime:0.000681s ]
NOTIC: [2048] Declaration of Model\VersionModel::check() should be compatible with Think\Model::check($value, $rule, $type = 'regex') E:\sbgl\Model\VersionModel.class.php 第 4 行.
SQL: SHOW COLUMNS FROM `sbgl_version` [ RunTime:0.0007s ]
SQL: SELECT * FROM `sbgl_version` WHERE ( client_type=1 ) ORDER BY time desc LIMIT 1   [ RunTime:0.0005s ]

[ 2017-05-07T14:00:34+08:00 ] 127.0.0.1 /index.php/Version/update/type/1/version/2.0.0
INFO: [ app_init ] --START--
INFO: Run Behavior\BuildLiteBehavior [ RunTime:0.000046s ]
INFO: [ app_init ] --END-- [ RunTime:0.000462s ]
INFO: [ app_begin ] --START--
INFO: Run Behavior\ReadHtmlCacheBehavior [ RunTime:0.001165s ]
INFO: [ app_begin ] --END-- [ RunTime:0.001318s ]
NOTIC: [2048] Declaration of Model\VersionModel::check() should be compatible with Think\Model::check($value, $rule, $type = 'regex') E:\sbgl\Model\VersionModel.class.php 第 4 行.
SQL: SHOW COLUMNS FROM `sbgl_version` [ RunTime:0.0006s ]
SQL: SELECT * FROM `sbgl_version` WHERE ( client_type=1 ) ORDER BY time desc LIMIT 1   [ RunTime:0.0003s ]

[ 2017-05-07T14:05:19+08:00 ] 127.0.0.1 /index.php/Version/update/type/1/version/2.0.0
INFO: [ app_init ] --START--
INFO: Run Behavior\BuildLiteBehavior [ RunTime:0.000023s ]
INFO: [ app_init ] --END-- [ RunTime:0.000354s ]
INFO: [ app_begin ] --START--
INFO: Run Behavior\ReadHtmlCacheBehavior [ RunTime:0.000456s ]
INFO: [ app_begin ] --END-- [ RunTime:0.000560s ]
NOTIC: [2048] Declaration of Model\VersionModel::check() should be compatible with Think\Model::check($value, $rule, $type = 'regex') E:\sbgl\Model\VersionModel.class.php 第 4 行.
SQL: SHOW COLUMNS FROM `sbgl_version` [ RunTime:0.0006s ]
SQL: SELECT * FROM `sbgl_version` WHERE ( client_type=1 ) ORDER BY time desc LIMIT 1   [ RunTime:0.0004s ]

[ 2017-05-07T14:20:43+08:00 ] 127.0.0.1 /index.php/Version/update/type/1/version/2.0.0
INFO: [ app_init ] --START--
INFO: Run Behavior\BuildLiteBehavior [ RunTime:0.000039s ]
INFO: [ app_init ] --END-- [ RunTime:0.000643s ]
INFO: [ app_begin ] --START--
INFO: Run Behavior\ReadHtmlCacheBehavior [ RunTime:0.000855s ]
INFO: [ app_begin ] --END-- [ RunTime:0.001058s ]
NOTIC: [2048] Declaration of Model\VersionModel::check() should be compatible with Think\Model::check($value, $rule, $type = 'regex') E:\sbgl\Model\VersionModel.class.php 第 4 行.
SQL: SHOW COLUMNS FROM `sbgl_version` [ RunTime:0.0007s ]
SQL: SELECT * FROM `sbgl_version` WHERE ( client_type=1 ) ORDER BY time desc LIMIT 1   [ RunTime:0.0003s ]

[ 2017-05-07T14:21:04+08:00 ] 127.0.0.1 /index.php/Version/update/type/1/version/2.0.0
INFO: [ app_init ] --START--
INFO: Run Behavior\BuildLiteBehavior [ RunTime:0.000021s ]
INFO: [ app_init ] --END-- [ RunTime:0.000345s ]
INFO: [ app_begin ] --START--
INFO: Run Behavior\ReadHtmlCacheBehavior [ RunTime:0.000446s ]
INFO: [ app_begin ] --END-- [ RunTime:0.000549s ]
NOTIC: [2048] Declaration of Model\VersionModel::check() should be compatible with Think\Model::check($value, $rule, $type = 'regex') E:\sbgl\Model\VersionModel.class.php 第 4 行.
SQL: SHOW COLUMNS FROM `sbgl_version` [ RunTime:0.0005s ]
SQL: SELECT * FROM `sbgl_version` WHERE ( client_type=1 ) ORDER BY time desc LIMIT 1   [ RunTime:0.0003s ]

[ 2017-05-07T14:23:36+08:00 ] 192.168.79.40 /
INFO: [ app_init ] --START--
INFO: Run Behavior\BuildLiteBehavior [ RunTime:0.000026s ]
INFO: [ app_init ] --END-- [ RunTime:0.000445s ]
INFO: [ app_begin ] --START--
INFO: Run Behavior\ReadHtmlCacheBehavior [ RunTime:0.000845s ]
INFO: [ app_begin ] --END-- [ RunTime:0.001120s ]
INFO: [ app_end ] --START--
INFO: Run Behavior\ShowPageTraceBehavior [ RunTime:0.000456s ]
INFO: [ app_end ] --END-- [ RunTime:0.000584s ]

[ 2017-05-07T14:23:36+08:00 ] 192.168.79.63 /index.php/Version/update/type/1/version/2.0.0
INFO: [ app_init ] --START--
INFO: Run Behavior\BuildLiteBehavior [ RunTime:0.000087s ]
INFO: [ app_init ] --END-- [ RunTime:0.001461s ]
INFO: [ app_begin ] --START--
INFO: Run Behavior\ReadHtmlCacheBehavior [ RunTime:0.001642s ]
INFO: [ app_begin ] --END-- [ RunTime:0.002077s ]
NOTIC: [2048] Declaration of Model\VersionModel::check() should be compatible with Think\Model::check($value, $rule, $type = 'regex') E:\sbgl\Model\VersionModel.class.php 第 4 行.
SQL: SHOW COLUMNS FROM `sbgl_version` [ RunTime:0.0103s ]
SQL: SELECT * FROM `sbgl_version` WHERE ( client_type=1 ) ORDER BY time desc LIMIT 1   [ RunTime:0.0007s ]

[ 2017-05-07T14:24:11+08:00 ] 192.168.79.63 /index.php/Version/update/type/1/version/2.0.0
INFO: [ app_init ] --START--
INFO: Run Behavior\BuildLiteBehavior [ RunTime:0.000077s ]
INFO: [ app_init ] --END-- [ RunTime:0.001362s ]
INFO: [ app_begin ] --START--
INFO: Run Behavior\ReadHtmlCacheBehavior [ RunTime:0.000760s ]
INFO: [ app_begin ] --END-- [ RunTime:0.000927s ]
NOTIC: [2048] Declaration of Model\VersionModel::check() should be compatible with Think\Model::check($value, $rule, $type = 'regex') E:\sbgl\Model\VersionModel.class.php 第 4 行.
SQL: SHOW COLUMNS FROM `sbgl_version` [ RunTime:0.0008s ]
SQL: SELECT * FROM `sbgl_version` WHERE ( client_type=1 ) ORDER BY time desc LIMIT 1   [ RunTime:0.0004s ]

[ 2017-05-07T14:27:55+08:00 ] 192.168.79.63 /
INFO: [ app_init ] --START--
INFO: Run Behavior\BuildLiteBehavior [ RunTime:0.000091s ]
INFO: [ app_init ] --END-- [ RunTime:0.001478s ]
INFO: [ app_begin ] --START--
INFO: Run Behavior\ReadHtmlCacheBehavior [ RunTime:0.001304s ]
INFO: [ app_begin ] --END-- [ RunTime:0.001641s ]
INFO: [ app_end ] --START--
INFO: Run Behavior\ShowPageTraceBehavior [ RunTime:0.001073s ]
INFO: [ app_end ] --END-- [ RunTime:0.001327s ]

[ 2017-05-07T14:28:00+08:00 ] 192.168.79.63 /index.php/Version/update/type/1/version/2.0.0
INFO: [ app_init ] --START--
INFO: Run Behavior\BuildLiteBehavior [ RunTime:0.000034s ]
INFO: [ app_init ] --END-- [ RunTime:0.000613s ]
INFO: [ app_begin ] --START--
INFO: Run Behavior\ReadHtmlCacheBehavior [ RunTime:0.000838s ]
INFO: [ app_begin ] --END-- [ RunTime:0.001005s ]
NOTIC: [2048] Declaration of Model\VersionModel::check() should be compatible with Think\Model::check($value, $rule, $type = 'regex') E:\sbgl\Model\VersionModel.class.php 第 4 行.
SQL: SHOW COLUMNS FROM `sbgl_version` [ RunTime:0.0011s ]
SQL: SELECT * FROM `sbgl_version` WHERE ( client_type=1 ) ORDER BY time desc LIMIT 1   [ RunTime:0.0004s ]

[ 2017-05-07T14:29:44+08:00 ] 127.0.0.1 /index.php/Version/update/type/1/version/2.0.0
INFO: [ app_init ] --START--
INFO: Run Behavior\BuildLiteBehavior [ RunTime:0.000052s ]
INFO: [ app_init ] --END-- [ RunTime:0.000815s ]
INFO: [ app_begin ] --START--
INFO: Run Behavior\ReadHtmlCacheBehavior [ RunTime:0.000407s ]
INFO: [ app_begin ] --END-- [ RunTime:0.000517s ]
NOTIC: [2048] Declaration of Model\VersionModel::check() should be compatible with Think\Model::check($value, $rule, $type = 'regex') E:\sbgl\Model\VersionModel.class.php 第 4 行.
SQL: SHOW COLUMNS FROM `sbgl_version` [ RunTime:0.0007s ]
SQL: SELECT * FROM `sbgl_version` WHERE ( client_type=1 ) ORDER BY time desc LIMIT 1   [ RunTime:0.0003s ]
INFO: [ app_end ] --START--
INFO: Run Behavior\ShowPageTraceBehavior [ RunTime:0.000524s ]
INFO: [ app_end ] --END-- [ RunTime:0.000650s ]

[ 2017-05-07T14:30:04+08:00 ] 192.168.79.63 /index.php/Version/update/type/1/version/2.0.0
INFO: [ app_init ] --START--
INFO: Run Behavior\BuildLiteBehavior [ RunTime:0.000033s ]
INFO: [ app_init ] --END-- [ RunTime:0.000577s ]
INFO: [ app_begin ] --START--
INFO: Run Behavior\ReadHtmlCacheBehavior [ RunTime:0.000748s ]
INFO: [ app_begin ] --END-- [ RunTime:0.000917s ]
NOTIC: [2048] Declaration of Model\VersionModel::check() should be compatible with Think\Model::check($value, $rule, $type = 'regex') E:\sbgl\Model\VersionModel.class.php 第 4 行.
SQL: SHOW COLUMNS FROM `sbgl_version` [ RunTime:0.0009s ]
SQL: SELECT * FROM `sbgl_version` WHERE ( client_type=1 ) ORDER BY time desc LIMIT 1   [ RunTime:0.0004s ]
INFO: [ app_end ] --START--
INFO: Run Behavior\ShowPageTraceBehavior [ RunTime:0.000769s ]
INFO: [ app_end ] --END-- [ RunTime:0.000931s ]

[ 2017-05-07T14:35:42+08:00 ] 127.0.0.1 /index.php/Version/update/type/1/version/2.0.0
INFO: [ app_init ] --START--
INFO: Run Behavior\BuildLiteBehavior [ RunTime:0.000023s ]
INFO: [ app_init ] --END-- [ RunTime:0.000389s ]
INFO: [ app_begin ] --START--
INFO: Run Behavior\ReadHtmlCacheBehavior [ RunTime:0.000438s ]
INFO: [ app_begin ] --END-- [ RunTime:0.000542s ]
NOTIC: [2048] Declaration of Model\VersionModel::check() should be compatible with Think\Model::check($value, $rule, $type = 'regex') E:\sbgl\Model\VersionModel.class.php 第 4 行.
SQL: SHOW COLUMNS FROM `sbgl_version` [ RunTime:0.0008s ]
SQL: SELECT * FROM `sbgl_version` WHERE ( client_type=1 ) ORDER BY time desc LIMIT 1   [ RunTime:0.0003s ]
INFO: [ app_end ] --START--
INFO: Run Behavior\ShowPageTraceBehavior [ RunTime:0.000620s ]
INFO: [ app_end ] --END-- [ RunTime:0.000747s ]

[ 2017-05-07T14:35:54+08:00 ] 127.0.0.1 /index.php/Version/update/type/1/version/2.0.0
INFO: [ app_init ] --START--
INFO: Run Behavior\BuildLiteBehavior [ RunTime:0.000022s ]
INFO: [ app_init ] --END-- [ RunTime:0.000344s ]
INFO: [ app_begin ] --START--
INFO: Run Behavior\ReadHtmlCacheBehavior [ RunTime:0.000352s ]
INFO: [ app_begin ] --END-- [ RunTime:0.000455s ]
NOTIC: [2048] Declaration of Model\VersionModel::check() should be compatible with Think\Model::check($value, $rule, $type = 'regex') E:\sbgl\Model\VersionModel.class.php 第 4 行.
SQL: SHOW COLUMNS FROM `sbgl_version` [ RunTime:0.0006s ]
SQL: SELECT * FROM `sbgl_version` WHERE ( client_type=1 ) ORDER BY time desc LIMIT 1   [ RunTime:0.0003s ]
INFO: [ app_end ] --START--
INFO: Run Behavior\ShowPageTraceBehavior [ RunTime:0.000523s ]
INFO: [ app_end ] --END-- [ RunTime:0.000658s ]

[ 2017-05-07T14:35:58+08:00 ] 192.168.79.63 /index.php/Version/update/type/1/version/2.0.0
INFO: [ app_init ] --START--
INFO: Run Behavior\BuildLiteBehavior [ RunTime:0.000040s ]
INFO: [ app_init ] --END-- [ RunTime:0.000683s ]
INFO: [ app_begin ] --START--
INFO: Run Behavior\ReadHtmlCacheBehavior [ RunTime:0.000799s ]
INFO: [ app_begin ] --END-- [ RunTime:0.000994s ]
NOTIC: [2048] Declaration of Model\VersionModel::check() should be compatible with Think\Model::check($value, $rule, $type = 'regex') E:\sbgl\Model\VersionModel.class.php 第 4 行.
SQL: SHOW COLUMNS FROM `sbgl_version` [ RunTime:0.0009s ]
SQL: SELECT * FROM `sbgl_version` WHERE ( client_type=1 ) ORDER BY time desc LIMIT 1   [ RunTime:0.0004s ]
INFO: [ app_end ] --START--
INFO: Run Behavior\ShowPageTraceBehavior [ RunTime:0.000892s ]
INFO: [ app_end ] --END-- [ RunTime:0.001082s ]

[ 2017-05-07T14:36:03+08:00 ] 127.0.0.1 /index.php/Version/update/type/1/version/2.0.0
INFO: [ app_init ] --START--
INFO: Run Behavior\BuildLiteBehavior [ RunTime:0.000022s ]
INFO: [ app_init ] --END-- [ RunTime:0.000344s ]
INFO: [ app_begin ] --START--
INFO: Run Behavior\ReadHtmlCacheBehavior [ RunTime:0.000516s ]
INFO: [ app_begin ] --END-- [ RunTime:0.000627s ]
NOTIC: [2048] Declaration of Model\VersionModel::check() should be compatible with Think\Model::check($value, $rule, $type = 'regex') E:\sbgl\Model\VersionModel.class.php 第 4 行.
SQL: SHOW COLUMNS FROM `sbgl_version` [ RunTime:0.0021s ]
SQL: SELECT * FROM `sbgl_version` WHERE ( client_type=1 ) ORDER BY time desc LIMIT 1   [ RunTime:0.0004s ]
INFO: [ app_end ] --START--
INFO: Run Behavior\ShowPageTraceBehavior [ RunTime:0.000486s ]
INFO: [ app_end ] --END-- [ RunTime:0.000594s ]

[ 2017-05-07T14:37:24+08:00 ] 127.0.0.1 /index.php/Version/update/type/1/version/2.0.0
INFO: [ app_init ] --START--
INFO: Run Behavior\BuildLiteBehavior [ RunTime:0.000022s ]
INFO: [ app_init ] --END-- [ RunTime:0.000384s ]
INFO: [ app_begin ] --START--
INFO: Run Behavior\ReadHtmlCacheBehavior [ RunTime:0.000463s ]
INFO: [ app_begin ] --END-- [ RunTime:0.000567s ]
NOTIC: [2048] Declaration of Model\VersionModel::check() should be compatible with Think\Model::check($value, $rule, $type = 'regex') E:\sbgl\Model\VersionModel.class.php 第 4 行.
SQL: SHOW COLUMNS FROM `sbgl_version` [ RunTime:0.0010s ]
SQL: SELECT * FROM `sbgl_version` WHERE ( client_type=1 ) ORDER BY time desc LIMIT 1   [ RunTime:0.0004s ]
INFO: [ app_end ] --START--
INFO: Run Behavior\ShowPageTraceBehavior [ RunTime:0.000667s ]
INFO: [ app_end ] --END-- [ RunTime:0.000819s ]

[ 2017-05-07T14:37:39+08:00 ] 127.0.0.1 /index.php/Version/update/type/1/version/2.0.0
INFO: [ app_init ] --START--
INFO: Run Behavior\BuildLiteBehavior [ RunTime:0.000038s ]
INFO: [ app_init ] --END-- [ RunTime:0.000565s ]
INFO: [ app_begin ] --START--
INFO: Run Behavior\ReadHtmlCacheBehavior [ RunTime:0.000365s ]
INFO: [ app_begin ] --END-- [ RunTime:0.000470s ]
NOTIC: [2048] Declaration of Model\VersionModel::check() should be compatible with Think\Model::check($value, $rule, $type = 'regex') E:\sbgl\Model\VersionModel.class.php 第 4 行.
SQL: SHOW COLUMNS FROM `sbgl_version` [ RunTime:0.0008s ]
SQL: SELECT * FROM `sbgl_version` WHERE ( client_type=1 ) ORDER BY time desc LIMIT 1   [ RunTime:0.0004s ]
INFO: [ app_end ] --START--
INFO: Run Behavior\ShowPageTraceBehavior [ RunTime:0.000538s ]
INFO: [ app_end ] --END-- [ RunTime:0.000647s ]

[ 2017-05-07T14:37:52+08:00 ] 192.168.79.63 /index.php/Version/update/type/1/version/2.0.0
INFO: [ app_init ] --START--
INFO: Run Behavior\BuildLiteBehavior [ RunTime:0.000077s ]
INFO: [ app_init ] --END-- [ RunTime:0.001360s ]
INFO: [ app_begin ] --START--
INFO: Run Behavior\ReadHtmlCacheBehavior [ RunTime:0.000642s ]
INFO: [ app_begin ] --END-- [ RunTime:0.000798s ]
NOTIC: [2048] Declaration of Model\VersionModel::check() should be compatible with Think\Model::check($value, $rule, $type = 'regex') E:\sbgl\Model\VersionModel.class.php 第 4 行.
SQL: SHOW COLUMNS FROM `sbgl_version` [ RunTime:0.0008s ]
SQL: SELECT * FROM `sbgl_version` WHERE ( client_type=1 ) ORDER BY time desc LIMIT 1   [ RunTime:0.0003s ]
INFO: [ app_end ] --START--
INFO: Run Behavior\ShowPageTraceBehavior [ RunTime:0.000730s ]
INFO: [ app_end ] --END-- [ RunTime:0.000881s ]

[ 2017-05-07T14:37:59+08:00 ] 192.168.79.63 /index.php/Version/update/type/1/version/2.0.0
INFO: [ app_init ] --START--
INFO: Run Behavior\BuildLiteBehavior [ RunTime:0.000121s ]
INFO: [ app_init ] --END-- [ RunTime:0.000862s ]
INFO: [ app_begin ] --START--
INFO: Run Behavior\ReadHtmlCacheBehavior [ RunTime:0.000840s ]
INFO: [ app_begin ] --END-- [ RunTime:0.001039s ]
NOTIC: [2048] Declaration of Model\VersionModel::check() should be compatible with Think\Model::check($value, $rule, $type = 'regex') E:\sbgl\Model\VersionModel.class.php 第 4 行.
SQL: SHOW COLUMNS FROM `sbgl_version` [ RunTime:0.0007s ]
SQL: SELECT * FROM `sbgl_version` WHERE ( client_type=1 ) ORDER BY time desc LIMIT 1   [ RunTime:0.0004s ]
INFO: [ app_end ] --START--
INFO: Run Behavior\ShowPageTraceBehavior [ RunTime:0.000600s ]
INFO: [ app_end ] --END-- [ RunTime:0.000722s ]

[ 2017-05-07T14:38:08+08:00 ] 192.168.79.63 /index.php/Version/update/type/1/version/2.0.0
INFO: [ app_init ] --START--
INFO: Run Behavior\BuildLiteBehavior [ RunTime:0.000055s ]
INFO: [ app_init ] --END-- [ RunTime:0.000867s ]
INFO: [ app_begin ] --START--
INFO: Run Behavior\ReadHtmlCacheBehavior [ RunTime:0.000769s ]
INFO: [ app_begin ] --END-- [ RunTime:0.000955s ]
NOTIC: [2048] Declaration of Model\VersionModel::check() should be compatible with Think\Model::check($value, $rule, $type = 'regex') E:\sbgl\Model\VersionModel.class.php 第 4 行.
SQL: SHOW COLUMNS FROM `sbgl_version` [ RunTime:0.0009s ]
SQL: SELECT * FROM `sbgl_version` WHERE ( client_type=1 ) ORDER BY time desc LIMIT 1   [ RunTime:0.0003s ]
INFO: [ app_end ] --START--
INFO: Run Behavior\ShowPageTraceBehavior [ RunTime:0.000631s ]
INFO: [ app_end ] --END-- [ RunTime:0.000769s ]

[ 2017-05-07T14:38:10+08:00 ] 192.168.79.63 /index.php/Version/update/type/1/version/2.0.0
INFO: [ app_init ] --START--
INFO: Run Behavior\BuildLiteBehavior [ RunTime:0.000039s ]
INFO: [ app_init ] --END-- [ RunTime:0.000654s ]
INFO: [ app_begin ] --START--
INFO: Run Behavior\ReadHtmlCacheBehavior [ RunTime:0.000651s ]
INFO: [ app_begin ] --END-- [ RunTime:0.000845s ]
NOTIC: [2048] Declaration of Model\VersionModel::check() should be compatible with Think\Model::check($value, $rule, $type = 'regex') E:\sbgl\Model\VersionModel.class.php 第 4 行.
SQL: SHOW COLUMNS FROM `sbgl_version` [ RunTime:0.0010s ]
SQL: SELECT * FROM `sbgl_version` WHERE ( client_type=1 ) ORDER BY time desc LIMIT 1   [ RunTime:0.0005s ]
INFO: [ app_end ] --START--
INFO: Run Behavior\ShowPageTraceBehavior [ RunTime:0.000761s ]
INFO: [ app_end ] --END-- [ RunTime:0.000952s ]

[ 2017-05-07T14:38:14+08:00 ] 192.168.79.63 /index.php/Version/update/type/1/version/2.0.0
INFO: [ app_init ] --START--
INFO: Run Behavior\BuildLiteBehavior [ RunTime:0.000048s ]
INFO: [ app_init ] --END-- [ RunTime:0.001128s ]
INFO: [ app_begin ] --START--
INFO: Run Behavior\ReadHtmlCacheBehavior [ RunTime:0.000792s ]
INFO: [ app_begin ] --END-- [ RunTime:0.001024s ]
NOTIC: [2048] Declaration of Model\VersionModel::check() should be compatible with Think\Model::check($value, $rule, $type = 'regex') E:\sbgl\Model\VersionModel.class.php 第 4 行.
SQL: SHOW COLUMNS FROM `sbgl_version` [ RunTime:0.0012s ]
SQL: SELECT * FROM `sbgl_version` WHERE ( client_type=1 ) ORDER BY time desc LIMIT 1   [ RunTime:0.0006s ]
INFO: [ app_end ] --START--
INFO: Run Behavior\ShowPageTraceBehavior [ RunTime:0.000759s ]
INFO: [ app_end ] --END-- [ RunTime:0.000999s ]

[ 2017-05-07T14:38:23+08:00 ] 127.0.0.1 /index.php/Version/update/type/1/version/2.0.0
INFO: [ app_init ] --START--
INFO: Run Behavior\BuildLiteBehavior [ RunTime:0.000021s ]
INFO: [ app_init ] --END-- [ RunTime:0.000361s ]
INFO: [ app_begin ] --START--
INFO: Run Behavior\ReadHtmlCacheBehavior [ RunTime:0.000354s ]
INFO: [ app_begin ] --END-- [ RunTime:0.000458s ]
NOTIC: [2048] Declaration of Model\VersionModel::check() should be compatible with Think\Model::check($value, $rule, $type = 'regex') E:\sbgl\Model\VersionModel.class.php 第 4 行.
SQL: SHOW COLUMNS FROM `sbgl_version` [ RunTime:0.0008s ]
SQL: SELECT * FROM `sbgl_version` WHERE ( client_type=1 ) ORDER BY time desc LIMIT 1   [ RunTime:0.0005s ]
INFO: [ app_end ] --START--
INFO: Run Behavior\ShowPageTraceBehavior [ RunTime:0.000491s ]
INFO: [ app_end ] --END-- [ RunTime:0.000615s ]

[ 2017-05-07T14:38:24+08:00 ] 127.0.0.1 /index.php/Version/update/type/1/version/2.0.0
INFO: [ app_init ] --START--
INFO: Run Behavior\BuildLiteBehavior [ RunTime:0.000021s ]
INFO: [ app_init ] --END-- [ RunTime:0.000353s ]
INFO: [ app_begin ] --START--
INFO: Run Behavior\ReadHtmlCacheBehavior [ RunTime:0.000352s ]
INFO: [ app_begin ] --END-- [ RunTime:0.000454s ]
NOTIC: [2048] Declaration of Model\VersionModel::check() should be compatible with Think\Model::check($value, $rule, $type = 'regex') E:\sbgl\Model\VersionModel.class.php 第 4 行.
SQL: SHOW COLUMNS FROM `sbgl_version` [ RunTime:0.0006s ]
SQL: SELECT * FROM `sbgl_version` WHERE ( client_type=1 ) ORDER BY time desc LIMIT 1   [ RunTime:0.0004s ]
INFO: [ app_end ] --START--
INFO: Run Behavior\ShowPageTraceBehavior [ RunTime:0.000452s ]
INFO: [ app_end ] --END-- [ RunTime:0.000556s ]

[ 2017-05-07T14:38:39+08:00 ] 127.0.0.1 /index.php/Version/update/type/1/version/2.0.0
INFO: [ app_init ] --START--
INFO: Run Behavior\BuildLiteBehavior [ RunTime:0.000023s ]
INFO: [ app_init ] --END-- [ RunTime:0.000378s ]
INFO: [ app_begin ] --START--
INFO: Run Behavior\ReadHtmlCacheBehavior [ RunTime:0.000398s ]
INFO: [ app_begin ] --END-- [ RunTime:0.000507s ]
NOTIC: [2048] Declaration of Model\VersionModel::check() should be compatible with Think\Model::check($value, $rule, $type = 'regex') E:\sbgl\Model\VersionModel.class.php 第 4 行.
SQL: SHOW COLUMNS FROM `sbgl_version` [ RunTime:0.0018s ]
SQL: SELECT * FROM `sbgl_version` WHERE ( client_type=1 ) ORDER BY time desc LIMIT 1   [ RunTime:0.0003s ]
INFO: [ app_end ] --START--
INFO: Run Behavior\ShowPageTraceBehavior [ RunTime:0.000637s ]
INFO: [ app_end ] --END-- [ RunTime:0.000807s ]

[ 2017-05-07T14:39:39+08:00 ] 127.0.0.1 /index.php/Version/update/type/1/version/2.0.0
INFO: [ app_init ] --START--
INFO: Run Behavior\BuildLiteBehavior [ RunTime:0.000028s ]
INFO: [ app_init ] --END-- [ RunTime:0.000452s ]
INFO: [ app_begin ] --START--
INFO: Run Behavior\ReadHtmlCacheBehavior [ RunTime:0.000461s ]
INFO: [ app_begin ] --END-- [ RunTime:0.000579s ]
NOTIC: [2048] Declaration of Model\VersionModel::check() should be compatible with Think\Model::check($value, $rule, $type = 'regex') E:\sbgl\Model\VersionModel.class.php 第 4 行.
SQL: SHOW COLUMNS FROM `sbgl_version` [ RunTime:0.0005s ]
SQL: SELECT * FROM `sbgl_version` WHERE ( client_type=1 ) ORDER BY time desc LIMIT 1   [ RunTime:0.0003s ]
INFO: [ app_end ] --START--
INFO: Run Behavior\ShowPageTraceBehavior [ RunTime:0.000495s ]
INFO: [ app_end ] --END-- [ RunTime:0.000663s ]

[ 2017-05-07T14:40:14+08:00 ] 127.0.0.1 /index.php/Version/update/type/1/version/2.0.0
INFO: [ app_init ] --START--
INFO: Run Behavior\BuildLiteBehavior [ RunTime:0.000023s ]
INFO: [ app_init ] --END-- [ RunTime:0.000447s ]
INFO: [ app_begin ] --START--
INFO: Run Behavior\ReadHtmlCacheBehavior [ RunTime:0.000361s ]
INFO: [ app_begin ] --END-- [ RunTime:0.000463s ]
NOTIC: [2048] Declaration of Model\VersionModel::check() should be compatible with Think\Model::check($value, $rule, $type = 'regex') E:\sbgl\Model\VersionModel.class.php 第 4 行.
SQL: SHOW COLUMNS FROM `sbgl_version` [ RunTime:0.0006s ]
SQL: SELECT * FROM `sbgl_version` WHERE ( client_type=1 ) ORDER BY time desc LIMIT 1   [ RunTime:0.0013s ]
INFO: [ app_end ] --START--
INFO: Run Behavior\ShowPageTraceBehavior [ RunTime:0.000862s ]
INFO: [ app_end ] --END-- [ RunTime:0.001314s ]

[ 2017-05-07T14:40:44+08:00 ] 127.0.0.1 /index.php/Version/update/type/1/version/2.0.0
INFO: [ app_init ] --START--
INFO: Run Behavior\BuildLiteBehavior [ RunTime:0.000024s ]
INFO: [ app_init ] --END-- [ RunTime:0.000551s ]
INFO: [ app_begin ] --START--
INFO: Run Behavior\ReadHtmlCacheBehavior [ RunTime:0.001300s ]
INFO: [ app_begin ] --END-- [ RunTime:0.001537s ]
NOTIC: [2048] Declaration of Model\VersionModel::check() should be compatible with Think\Model::check($value, $rule, $type = 'regex') E:\sbgl\Model\VersionModel.class.php 第 4 行.
SQL: SHOW COLUMNS FROM `sbgl_version` [ RunTime:0.0005s ]
SQL: SELECT * FROM `sbgl_version` WHERE ( client_type=1 ) ORDER BY time desc LIMIT 1   [ RunTime:0.0003s ]
INFO: [ app_end ] --START--
INFO: Run Behavior\ShowPageTraceBehavior [ RunTime:0.002191s ]
INFO: [ app_end ] --END-- [ RunTime:0.002684s ]

[ 2017-05-07T14:41:37+08:00 ] 192.168.79.63 /index.php/Version/update/type/1/version/2.0.0
INFO: [ app_init ] --START--
INFO: Run Behavior\BuildLiteBehavior [ RunTime:0.000046s ]
INFO: [ app_init ] --END-- [ RunTime:0.000991s ]
INFO: [ app_begin ] --START--
INFO: Run Behavior\ReadHtmlCacheBehavior [ RunTime:0.001542s ]
INFO: [ app_begin ] --END-- [ RunTime:0.001773s ]
NOTIC: [2048] Declaration of Model\VersionModel::check() should be compatible with Think\Model::check($value, $rule, $type = 'regex') E:\sbgl\Model\VersionModel.class.php 第 4 行.
SQL: SHOW COLUMNS FROM `sbgl_version` [ RunTime:0.0006s ]
SQL: SELECT * FROM `sbgl_version` WHERE ( client_type=1 ) ORDER BY time desc LIMIT 1   [ RunTime:0.0003s ]
INFO: [ app_end ] --START--
INFO: Run Behavior\ShowPageTraceBehavior [ RunTime:0.000838s ]
INFO: [ app_end ] --END-- [ RunTime:0.000973s ]

[ 2017-05-07T14:53:15+08:00 ] 127.0.0.1 /index.php/Version/update/type/1/version/2.0.0
INFO: [ app_init ] --START--
INFO: Run Behavior\BuildLiteBehavior [ RunTime:0.000031s ]
INFO: [ app_init ] --END-- [ RunTime:0.000541s ]
INFO: [ app_begin ] --START--
INFO: Run Behavior\ReadHtmlCacheBehavior [ RunTime:0.000607s ]
INFO: [ app_begin ] --END-- [ RunTime:0.000799s ]
NOTIC: [2048] Declaration of Model\VersionModel::check() should be compatible with Think\Model::check($value, $rule, $type = 'regex') E:\sbgl\Model\VersionModel.class.php 第 4 行.
SQL: SHOW COLUMNS FROM `sbgl_version` [ RunTime:0.0005s ]
SQL: SELECT * FROM `sbgl_version` WHERE ( client_type=1 ) ORDER BY time desc LIMIT 1   [ RunTime:0.0003s ]
INFO: [ app_end ] --START--
INFO: Run Behavior\ShowPageTraceBehavior [ RunTime:0.000522s ]
INFO: [ app_end ] --END-- [ RunTime:0.000649s ]

[ 2017-05-07T14:55:21+08:00 ] 127.0.0.1 /index.php/Version/update/type/2/version/2.0.0
INFO: [ app_init ] --START--
INFO: Run Behavior\BuildLiteBehavior [ RunTime:0.000022s ]
INFO: [ app_init ] --END-- [ RunTime:0.000371s ]
INFO: [ app_begin ] --START--
INFO: Run Behavior\ReadHtmlCacheBehavior [ RunTime:0.000666s ]
INFO: [ app_begin ] --END-- [ RunTime:0.000816s ]
NOTIC: [2048] Declaration of Model\VersionModel::check() should be compatible with Think\Model::check($value, $rule, $type = 'regex') E:\sbgl\Model\VersionModel.class.php 第 4 行.
SQL: SHOW COLUMNS FROM `sbgl_version` [ RunTime:0.0005s ]
SQL: SELECT * FROM `sbgl_version` WHERE ( client_type=2 ) ORDER BY time desc LIMIT 1   [ RunTime:0.0003s ]
INFO: [ app_end ] --START--
INFO: Run Behavior\ShowPageTraceBehavior [ RunTime:0.000494s ]
INFO: [ app_end ] --END-- [ RunTime:0.000639s ]

[ 2017-05-07T21:25:41+08:00 ] 127.0.0.1 /index.php/Version/update/type/1/version/2.0.0
INFO: [ app_init ] --START--
INFO: Run Behavior\BuildLiteBehavior [ RunTime:0.000041s ]
INFO: [ app_init ] --END-- [ RunTime:0.000731s ]
INFO: [ app_begin ] --START--
INFO: Run Behavior\ReadHtmlCacheBehavior [ RunTime:0.001144s ]
INFO: [ app_begin ] --END-- [ RunTime:0.001385s ]
NOTIC: [2048] Declaration of Model\VersionModel::check() should be compatible with Think\Model::check($value, $rule, $type = 'regex') E:\sbgl\Model\VersionModel.class.php 第 4 行.
SQL: SHOW COLUMNS FROM `sbgl_version` [ RunTime:0.0008s ]
SQL: SELECT * FROM `sbgl_version` WHERE ( client_type=1 ) ORDER BY time desc LIMIT 1   [ RunTime:0.0004s ]
INFO: [ app_end ] --START--
INFO: Run Behavior\ShowPageTraceBehavior [ RunTime:0.000823s ]
INFO: [ app_end ] --END-- [ RunTime:0.000970s ]

