[ 2017-09-27T10:13:41+08:00 ] 127.0.0.1 /index.php/MachineRoom/getLog/
INFO: [ app_init ] --START--
INFO: Run Behavior\BuildLiteBehavior [ RunTime:0.000023s ]
INFO: [ app_init ] --END-- [ RunTime:0.000532s ]
INFO: [ app_begin ] --START--
INFO: Run Behavior\ReadHtmlCacheBehavior [ RunTime:0.000709s ]
INFO: [ app_begin ] --END-- [ RunTime:0.000925s ]
NOTIC: [8] Undefined index: session_id E:\sbgl\Tools\IndexController.class.php 第 20 行.
NOTIC: [8] Undefined index: timestamp E:\sbgl\Tools\IndexController.class.php 第 28 行.
NOTIC: [8] Undefined index: signature E:\sbgl\Tools\IndexController.class.php 第 29 行.

[ 2017-09-27T10:13:43+08:00 ] 127.0.0.1 /index.php/MachineRoom/getLog/
INFO: [ app_init ] --START--
INFO: Run Behavior\BuildLiteBehavior [ RunTime:0.000024s ]
INFO: [ app_init ] --END-- [ RunTime:0.000544s ]
INFO: [ app_begin ] --START--
INFO: Run Behavior\ReadHtmlCacheBehavior [ RunTime:0.000542s ]
INFO: [ app_begin ] --END-- [ RunTime:0.000676s ]
NOTIC: [8] Undefined index: session_id E:\sbgl\Tools\IndexController.class.php 第 20 行.
NOTIC: [8] Undefined index: timestamp E:\sbgl\Tools\IndexController.class.php 第 28 行.
NOTIC: [8] Undefined index: signature E:\sbgl\Tools\IndexController.class.php 第 29 行.

[ 2017-09-27T10:14:21+08:00 ] 127.0.0.1 /index.php/MachineRoom/getLog/
INFO: [ app_init ] --START--
INFO: Run Behavior\BuildLiteBehavior [ RunTime:0.000024s ]
INFO: [ app_init ] --END-- [ RunTime:0.000481s ]
INFO: [ app_begin ] --START--
INFO: Run Behavior\ReadHtmlCacheBehavior [ RunTime:0.000706s ]
INFO: [ app_begin ] --END-- [ RunTime:0.000923s ]
NOTIC: [8] Undefined index: session_id E:\sbgl\Tools\IndexController.class.php 第 20 行.
NOTIC: [8] Undefined index: timestamp E:\sbgl\Tools\IndexController.class.php 第 28 行.
NOTIC: [8] Undefined index: signature E:\sbgl\Tools\IndexController.class.php 第 29 行.

[ 2017-09-27T10:14:45+08:00 ] 127.0.0.1 /index.php/MachineRoom/getLog/
INFO: [ app_init ] --START--
INFO: Run Behavior\BuildLiteBehavior [ RunTime:0.000023s ]
INFO: [ app_init ] --END-- [ RunTime:0.000526s ]
INFO: [ app_begin ] --START--
INFO: Run Behavior\ReadHtmlCacheBehavior [ RunTime:0.000464s ]
INFO: [ app_begin ] --END-- [ RunTime:0.000572s ]
NOTIC: [8] Undefined index: session_id E:\sbgl\Tools\IndexController.class.php 第 20 行.
NOTIC: [8] Undefined index: timestamp E:\sbgl\Tools\IndexController.class.php 第 28 行.
NOTIC: [8] Undefined index: signature E:\sbgl\Tools\IndexController.class.php 第 29 行.

[ 2017-09-27T10:14:46+08:00 ] 127.0.0.1 /index.php/MachineRoom/getLog/
INFO: [ app_init ] --START--
INFO: Run Behavior\BuildLiteBehavior [ RunTime:0.000023s ]
INFO: [ app_init ] --END-- [ RunTime:0.000548s ]
INFO: [ app_begin ] --START--
INFO: Run Behavior\ReadHtmlCacheBehavior [ RunTime:0.000469s ]
INFO: [ app_begin ] --END-- [ RunTime:0.000579s ]
NOTIC: [8] Undefined index: session_id E:\sbgl\Tools\IndexController.class.php 第 20 行.
NOTIC: [8] Undefined index: timestamp E:\sbgl\Tools\IndexController.class.php 第 28 行.
NOTIC: [8] Undefined index: signature E:\sbgl\Tools\IndexController.class.php 第 29 行.

[ 2017-09-27T10:14:46+08:00 ] 127.0.0.1 /index.php/MachineRoom/getLog/
INFO: [ app_init ] --START--
INFO: Run Behavior\BuildLiteBehavior [ RunTime:0.000024s ]
INFO: [ app_init ] --END-- [ RunTime:0.000524s ]
INFO: [ app_begin ] --START--
INFO: Run Behavior\ReadHtmlCacheBehavior [ RunTime:0.000520s ]
INFO: [ app_begin ] --END-- [ RunTime:0.000632s ]
NOTIC: [8] Undefined index: session_id E:\sbgl\Tools\IndexController.class.php 第 20 行.
NOTIC: [8] Undefined index: timestamp E:\sbgl\Tools\IndexController.class.php 第 28 行.
NOTIC: [8] Undefined index: signature E:\sbgl\Tools\IndexController.class.php 第 29 行.

[ 2017-09-27T10:15:19+08:00 ] 127.0.0.1 /index.php/MachineRoom/getLog/
INFO: [ app_init ] --START--
INFO: Run Behavior\BuildLiteBehavior [ RunTime:0.000065s ]
INFO: [ app_init ] --END-- [ RunTime:0.001454s ]
INFO: [ app_begin ] --START--
INFO: Run Behavior\ReadHtmlCacheBehavior [ RunTime:0.000769s ]
INFO: [ app_begin ] --END-- [ RunTime:0.000894s ]
NOTIC: [8] Undefined index: session_id E:\sbgl\Tools\IndexController.class.php 第 20 行.
NOTIC: [8] Undefined index: timestamp E:\sbgl\Tools\IndexController.class.php 第 28 行.
NOTIC: [8] Undefined index: signature E:\sbgl\Tools\IndexController.class.php 第 29 行.

[ 2017-09-27T10:15:20+08:00 ] 127.0.0.1 /index.php/MachineRoom/getLog/
INFO: [ app_init ] --START--
INFO: Run Behavior\BuildLiteBehavior [ RunTime:0.000052s ]
INFO: [ app_init ] --END-- [ RunTime:0.000533s ]
INFO: [ app_begin ] --START--
INFO: Run Behavior\ReadHtmlCacheBehavior [ RunTime:0.000912s ]
INFO: [ app_begin ] --END-- [ RunTime:0.001140s ]
NOTIC: [8] Undefined index: session_id E:\sbgl\Tools\IndexController.class.php 第 20 行.
NOTIC: [8] Undefined index: timestamp E:\sbgl\Tools\IndexController.class.php 第 28 行.
NOTIC: [8] Undefined index: signature E:\sbgl\Tools\IndexController.class.php 第 29 行.

[ 2017-09-27T10:15:21+08:00 ] 127.0.0.1 /index.php/MachineRoom/getLog/
INFO: [ app_init ] --START--
INFO: Run Behavior\BuildLiteBehavior [ RunTime:0.000093s ]
INFO: [ app_init ] --END-- [ RunTime:0.000820s ]
INFO: [ app_begin ] --START--
INFO: Run Behavior\ReadHtmlCacheBehavior [ RunTime:0.000571s ]
INFO: [ app_begin ] --END-- [ RunTime:0.000717s ]
NOTIC: [8] Undefined index: session_id E:\sbgl\Tools\IndexController.class.php 第 20 行.
NOTIC: [8] Undefined index: timestamp E:\sbgl\Tools\IndexController.class.php 第 28 行.
NOTIC: [8] Undefined index: signature E:\sbgl\Tools\IndexController.class.php 第 29 行.

[ 2017-09-27T10:15:21+08:00 ] 127.0.0.1 /index.php/MachineRoom/getLog/
INFO: [ app_init ] --START--
INFO: Run Behavior\BuildLiteBehavior [ RunTime:0.000042s ]
INFO: [ app_init ] --END-- [ RunTime:0.000725s ]
INFO: [ app_begin ] --START--
INFO: Run Behavior\ReadHtmlCacheBehavior [ RunTime:0.000870s ]
INFO: [ app_begin ] --END-- [ RunTime:0.001082s ]
NOTIC: [8] Undefined index: session_id E:\sbgl\Tools\IndexController.class.php 第 20 行.
NOTIC: [8] Undefined index: timestamp E:\sbgl\Tools\IndexController.class.php 第 28 行.
NOTIC: [8] Undefined index: signature E:\sbgl\Tools\IndexController.class.php 第 29 行.

[ 2017-09-27T10:15:25+08:00 ] 127.0.0.1 /index.php/MachineRoom/getLog/
INFO: [ app_init ] --START--
INFO: Run Behavior\BuildLiteBehavior [ RunTime:0.000027s ]
INFO: [ app_init ] --END-- [ RunTime:0.000533s ]
INFO: [ app_begin ] --START--
INFO: Run Behavior\ReadHtmlCacheBehavior [ RunTime:0.000515s ]
INFO: [ app_begin ] --END-- [ RunTime:0.000647s ]
NOTIC: [8] Undefined index: session_id E:\sbgl\Tools\IndexController.class.php 第 20 行.
NOTIC: [8] Undefined index: timestamp E:\sbgl\Tools\IndexController.class.php 第 28 行.
NOTIC: [8] Undefined index: signature E:\sbgl\Tools\IndexController.class.php 第 29 行.

[ 2017-09-27T10:15:26+08:00 ] 127.0.0.1 /index.php/MachineRoom/getLog/
INFO: [ app_init ] --START--
INFO: Run Behavior\BuildLiteBehavior [ RunTime:0.000023s ]
INFO: [ app_init ] --END-- [ RunTime:0.000502s ]
INFO: [ app_begin ] --START--
INFO: Run Behavior\ReadHtmlCacheBehavior [ RunTime:0.000469s ]
INFO: [ app_begin ] --END-- [ RunTime:0.000587s ]
NOTIC: [8] Undefined index: session_id E:\sbgl\Tools\IndexController.class.php 第 20 行.
NOTIC: [8] Undefined index: timestamp E:\sbgl\Tools\IndexController.class.php 第 28 行.
NOTIC: [8] Undefined index: signature E:\sbgl\Tools\IndexController.class.php 第 29 行.

[ 2017-09-27T10:16:47+08:00 ] 127.0.0.1 /index.php/Device/getInformation/
INFO: [ app_init ] --START--
INFO: Run Behavior\BuildLiteBehavior [ RunTime:0.000043s ]
INFO: [ app_init ] --END-- [ RunTime:0.000795s ]
INFO: [ app_begin ] --START--
INFO: Run Behavior\ReadHtmlCacheBehavior [ RunTime:0.000494s ]
INFO: [ app_begin ] --END-- [ RunTime:0.000614s ]
NOTIC: [8] Undefined index: session_id E:\sbgl\Tools\IndexController.class.php 第 20 行.
NOTIC: [8] Undefined index: timestamp E:\sbgl\Tools\IndexController.class.php 第 28 行.
NOTIC: [8] Undefined index: signature E:\sbgl\Tools\IndexController.class.php 第 29 行.

[ 2017-09-27T10:16:48+08:00 ] 127.0.0.1 /index.php/Device/getInformation/
INFO: [ app_init ] --START--
INFO: Run Behavior\BuildLiteBehavior [ RunTime:0.000023s ]
INFO: [ app_init ] --END-- [ RunTime:0.000455s ]
INFO: [ app_begin ] --START--
INFO: Run Behavior\ReadHtmlCacheBehavior [ RunTime:0.000460s ]
INFO: [ app_begin ] --END-- [ RunTime:0.000602s ]
NOTIC: [8] Undefined index: session_id E:\sbgl\Tools\IndexController.class.php 第 20 行.
NOTIC: [8] Undefined index: timestamp E:\sbgl\Tools\IndexController.class.php 第 28 行.
NOTIC: [8] Undefined index: signature E:\sbgl\Tools\IndexController.class.php 第 29 行.

[ 2017-09-27T10:16:50+08:00 ] 127.0.0.1 /index.php/Device/getInformation/
INFO: [ app_init ] --START--
INFO: Run Behavior\BuildLiteBehavior [ RunTime:0.000032s ]
INFO: [ app_init ] --END-- [ RunTime:0.000461s ]
INFO: [ app_begin ] --START--
INFO: Run Behavior\ReadHtmlCacheBehavior [ RunTime:0.000462s ]
INFO: [ app_begin ] --END-- [ RunTime:0.000570s ]
NOTIC: [8] Undefined index: session_id E:\sbgl\Tools\IndexController.class.php 第 20 行.
NOTIC: [8] Undefined index: timestamp E:\sbgl\Tools\IndexController.class.php 第 28 行.
NOTIC: [8] Undefined index: signature E:\sbgl\Tools\IndexController.class.php 第 29 行.

[ 2017-09-27T10:17:01+08:00 ] 127.0.0.1 /index.php/Device/getBrRp/
INFO: [ app_init ] --START--
INFO: Run Behavior\BuildLiteBehavior [ RunTime:0.000107s ]
INFO: [ app_init ] --END-- [ RunTime:0.001846s ]
INFO: [ app_begin ] --START--
INFO: Run Behavior\ReadHtmlCacheBehavior [ RunTime:0.000533s ]
INFO: [ app_begin ] --END-- [ RunTime:0.000675s ]
NOTIC: [8] Undefined index: session_id E:\sbgl\Tools\IndexController.class.php 第 20 行.
NOTIC: [8] Undefined index: timestamp E:\sbgl\Tools\IndexController.class.php 第 28 行.
NOTIC: [8] Undefined index: signature E:\sbgl\Tools\IndexController.class.php 第 29 行.

[ 2017-09-27T10:17:02+08:00 ] 127.0.0.1 /index.php/Device/getBrRp/
INFO: [ app_init ] --START--
INFO: Run Behavior\BuildLiteBehavior [ RunTime:0.000022s ]
INFO: [ app_init ] --END-- [ RunTime:0.000434s ]
INFO: [ app_begin ] --START--
INFO: Run Behavior\ReadHtmlCacheBehavior [ RunTime:0.000764s ]
INFO: [ app_begin ] --END-- [ RunTime:0.000961s ]
NOTIC: [8] Undefined index: session_id E:\sbgl\Tools\IndexController.class.php 第 20 行.
NOTIC: [8] Undefined index: timestamp E:\sbgl\Tools\IndexController.class.php 第 28 行.
NOTIC: [8] Undefined index: signature E:\sbgl\Tools\IndexController.class.php 第 29 行.

[ 2017-09-27T10:17:03+08:00 ] 127.0.0.1 /index.php/Device/getBrRp/
INFO: [ app_init ] --START--
INFO: Run Behavior\BuildLiteBehavior [ RunTime:0.000021s ]
INFO: [ app_init ] --END-- [ RunTime:0.000425s ]
INFO: [ app_begin ] --START--
INFO: Run Behavior\ReadHtmlCacheBehavior [ RunTime:0.000534s ]
INFO: [ app_begin ] --END-- [ RunTime:0.000687s ]
NOTIC: [8] Undefined index: session_id E:\sbgl\Tools\IndexController.class.php 第 20 行.
NOTIC: [8] Undefined index: timestamp E:\sbgl\Tools\IndexController.class.php 第 28 行.
NOTIC: [8] Undefined index: signature E:\sbgl\Tools\IndexController.class.php 第 29 行.

[ 2017-09-27T10:17:32+08:00 ] 127.0.0.1 /index.php/Index/login/
INFO: [ app_init ] --START--
INFO: Run Behavior\BuildLiteBehavior [ RunTime:0.000023s ]
INFO: [ app_init ] --END-- [ RunTime:0.000528s ]
INFO: [ app_begin ] --START--
INFO: Run Behavior\ReadHtmlCacheBehavior [ RunTime:0.002069s ]
INFO: [ app_begin ] --END-- [ RunTime:0.002912s ]
NOTIC: [8] Undefined index: session_id E:\sbgl\Tools\IndexController.class.php 第 20 行.
NOTIC: [8] Undefined index: timestamp E:\sbgl\Tools\IndexController.class.php 第 28 行.
NOTIC: [8] Undefined index: signature E:\sbgl\Tools\IndexController.class.php 第 29 行.
ERR: 参数错误或者未定义:stu_id

[ 2017-09-27T10:17:34+08:00 ] 127.0.0.1 /index.php/Index/login/
INFO: [ app_init ] --START--
INFO: Run Behavior\BuildLiteBehavior [ RunTime:0.000044s ]
INFO: [ app_init ] --END-- [ RunTime:0.000709s ]
INFO: [ app_begin ] --START--
INFO: Run Behavior\ReadHtmlCacheBehavior [ RunTime:0.000517s ]
INFO: [ app_begin ] --END-- [ RunTime:0.000635s ]
NOTIC: [8] Undefined index: session_id E:\sbgl\Tools\IndexController.class.php 第 20 行.
NOTIC: [8] Undefined index: timestamp E:\sbgl\Tools\IndexController.class.php 第 28 行.
NOTIC: [8] Undefined index: signature E:\sbgl\Tools\IndexController.class.php 第 29 行.
ERR: 参数错误或者未定义:stu_id

[ 2017-09-27T10:17:40+08:00 ] 127.0.0.1 /index.php/Index/login/stu_id/151110192/pwd/admin123
INFO: [ app_init ] --START--
INFO: Run Behavior\BuildLiteBehavior [ RunTime:0.000023s ]
INFO: [ app_init ] --END-- [ RunTime:0.000431s ]
INFO: [ app_begin ] --START--
INFO: Run Behavior\ReadHtmlCacheBehavior [ RunTime:0.000603s ]
INFO: [ app_begin ] --END-- [ RunTime:0.000738s ]
NOTIC: [8] Undefined index: session_id E:\sbgl\Tools\IndexController.class.php 第 20 行.
NOTIC: [8] Undefined index: timestamp E:\sbgl\Tools\IndexController.class.php 第 28 行.
NOTIC: [8] Undefined index: signature E:\sbgl\Tools\IndexController.class.php 第 29 行.
NOTIC: [8] A session had already been started - ignoring session_start() E:\sbgl\Home\Controller\IndexController.class.php 第 86 行.
SQL: SHOW COLUMNS FROM `sbgl_user` [ RunTime:0.0010s ]
SQL: SELECT * FROM `sbgl_user` WHERE ( user='151110192' ) LIMIT 1   [ RunTime:0.0004s ]

[ 2017-09-27T10:17:44+08:00 ] 127.0.0.1 /index.php/Device/getBrRp/
INFO: [ app_init ] --START--
INFO: Run Behavior\BuildLiteBehavior [ RunTime:0.000030s ]
INFO: [ app_init ] --END-- [ RunTime:0.000452s ]
INFO: [ app_begin ] --START--
INFO: Run Behavior\ReadHtmlCacheBehavior [ RunTime:0.000818s ]
INFO: [ app_begin ] --END-- [ RunTime:0.001018s ]
NOTIC: [8] Undefined index: session_id E:\sbgl\Tools\IndexController.class.php 第 20 行.
NOTIC: [8] Undefined index: timestamp E:\sbgl\Tools\IndexController.class.php 第 28 行.
NOTIC: [8] Undefined index: signature E:\sbgl\Tools\IndexController.class.php 第 29 行.

[ 2017-09-27T10:17:46+08:00 ] 127.0.0.1 /index.php/Device/getBrRp/
INFO: [ app_init ] --START--
INFO: Run Behavior\BuildLiteBehavior [ RunTime:0.000024s ]
INFO: [ app_init ] --END-- [ RunTime:0.000465s ]
INFO: [ app_begin ] --START--
INFO: Run Behavior\ReadHtmlCacheBehavior [ RunTime:0.000459s ]
INFO: [ app_begin ] --END-- [ RunTime:0.000567s ]
NOTIC: [8] Undefined index: session_id E:\sbgl\Tools\IndexController.class.php 第 20 行.
NOTIC: [8] Undefined index: timestamp E:\sbgl\Tools\IndexController.class.php 第 28 行.
NOTIC: [8] Undefined index: signature E:\sbgl\Tools\IndexController.class.php 第 29 行.

[ 2017-09-27T10:18:17+08:00 ] 127.0.0.1 /index.php/MachineRoom/getLog/
INFO: [ app_init ] --START--
INFO: Run Behavior\BuildLiteBehavior [ RunTime:0.000022s ]
INFO: [ app_init ] --END-- [ RunTime:0.000413s ]
INFO: [ app_begin ] --START--
INFO: Run Behavior\ReadHtmlCacheBehavior [ RunTime:0.000734s ]
INFO: [ app_begin ] --END-- [ RunTime:0.000933s ]
NOTIC: [8] Undefined index: session_id E:\sbgl\Tools\IndexController.class.php 第 20 行.
NOTIC: [8] Undefined index: timestamp E:\sbgl\Tools\IndexController.class.php 第 28 行.
NOTIC: [8] Undefined index: signature E:\sbgl\Tools\IndexController.class.php 第 29 行.

[ 2017-09-27T10:18:18+08:00 ] 127.0.0.1 /index.php/MachineRoom/getLog/
INFO: [ app_init ] --START--
INFO: Run Behavior\BuildLiteBehavior [ RunTime:0.000023s ]
INFO: [ app_init ] --END-- [ RunTime:0.000429s ]
INFO: [ app_begin ] --START--
INFO: Run Behavior\ReadHtmlCacheBehavior [ RunTime:0.000541s ]
INFO: [ app_begin ] --END-- [ RunTime:0.000668s ]
NOTIC: [8] Undefined index: session_id E:\sbgl\Tools\IndexController.class.php 第 20 行.
NOTIC: [8] Undefined index: timestamp E:\sbgl\Tools\IndexController.class.php 第 28 行.
NOTIC: [8] Undefined index: signature E:\sbgl\Tools\IndexController.class.php 第 29 行.

[ 2017-09-27T10:18:19+08:00 ] 127.0.0.1 /index.php/MachineRoom/getLog/
INFO: [ app_init ] --START--
INFO: Run Behavior\BuildLiteBehavior [ RunTime:0.000023s ]
INFO: [ app_init ] --END-- [ RunTime:0.000421s ]
INFO: [ app_begin ] --START--
INFO: Run Behavior\ReadHtmlCacheBehavior [ RunTime:0.000437s ]
INFO: [ app_begin ] --END-- [ RunTime:0.000546s ]
NOTIC: [8] Undefined index: session_id E:\sbgl\Tools\IndexController.class.php 第 20 行.
NOTIC: [8] Undefined index: timestamp E:\sbgl\Tools\IndexController.class.php 第 28 行.
NOTIC: [8] Undefined index: signature E:\sbgl\Tools\IndexController.class.php 第 29 行.

[ 2017-09-27T10:21:27+08:00 ] 127.0.0.1 /index.php/MachineRoom/getLog/
INFO: [ app_init ] --START--
INFO: Run Behavior\BuildLiteBehavior [ RunTime:0.000025s ]
INFO: [ app_init ] --END-- [ RunTime:0.000568s ]
INFO: [ app_begin ] --START--
INFO: Run Behavior\ReadHtmlCacheBehavior [ RunTime:0.001114s ]
INFO: [ app_begin ] --END-- [ RunTime:0.001273s ]
NOTIC: [8] Undefined index: session_id E:\sbgl\Tools\IndexController.class.php 第 20 行.
NOTIC: [8] Undefined index: timestamp E:\sbgl\Tools\IndexController.class.php 第 28 行.
NOTIC: [8] Undefined index: signature E:\sbgl\Tools\IndexController.class.php 第 29 行.

[ 2017-09-27T10:38:07+08:00 ] 127.0.0.1 /index.php/MachineRoom/getLog/
INFO: [ app_init ] --START--
INFO: Run Behavior\BuildLiteBehavior [ RunTime:0.000046s ]
INFO: [ app_init ] --END-- [ RunTime:0.001009s ]
INFO: [ app_begin ] --START--
INFO: Run Behavior\ReadHtmlCacheBehavior [ RunTime:0.001128s ]
INFO: [ app_begin ] --END-- [ RunTime:0.001267s ]
NOTIC: [8] Undefined index: session_id E:\sbgl\Tools\IndexController.class.php 第 20 行.
NOTIC: [8] Undefined index: timestamp E:\sbgl\Tools\IndexController.class.php 第 28 行.
NOTIC: [8] Undefined index: signature E:\sbgl\Tools\IndexController.class.php 第 29 行.

[ 2017-09-27T10:43:47+08:00 ] 127.0.0.1 /index.php/MachineRoom/getLog/
INFO: [ app_init ] --START--
INFO: Run Behavior\BuildLiteBehavior [ RunTime:0.000023s ]
INFO: [ app_init ] --END-- [ RunTime:0.000587s ]
INFO: [ app_begin ] --START--
INFO: Run Behavior\ReadHtmlCacheBehavior [ RunTime:0.001152s ]
INFO: [ app_begin ] --END-- [ RunTime:0.001281s ]
NOTIC: [8] Undefined index: session_id E:\sbgl\Tools\IndexController.class.php 第 20 行.
NOTIC: [8] Undefined index: timestamp E:\sbgl\Tools\IndexController.class.php 第 28 行.
NOTIC: [8] Undefined index: signature E:\sbgl\Tools\IndexController.class.php 第 29 行.

[ 2017-09-27T10:46:49+08:00 ] 127.0.0.1 /index.php/Index/login/stu_id/151110192/pwd/admin123
INFO: [ app_init ] --START--
INFO: Run Behavior\BuildLiteBehavior [ RunTime:0.000029s ]
INFO: [ app_init ] --END-- [ RunTime:0.000637s ]
INFO: [ app_begin ] --START--
INFO: Run Behavior\ReadHtmlCacheBehavior [ RunTime:0.001052s ]
INFO: [ app_begin ] --END-- [ RunTime:0.001189s ]
NOTIC: [8] Undefined index: session_id E:\sbgl\Tools\IndexController.class.php 第 20 行.
NOTIC: [8] Undefined index: timestamp E:\sbgl\Tools\IndexController.class.php 第 28 行.
NOTIC: [8] Undefined index: signature E:\sbgl\Tools\IndexController.class.php 第 29 行.
NOTIC: [8] A session had already been started - ignoring session_start() E:\sbgl\Home\Controller\IndexController.class.php 第 86 行.
SQL: SHOW COLUMNS FROM `sbgl_user` [ RunTime:0.0031s ]
SQL: SELECT * FROM `sbgl_user` WHERE ( user='151110192' ) LIMIT 1   [ RunTime:0.0005s ]

[ 2017-09-27T10:48:03+08:00 ] 127.0.0.1 /index.php/Index/login/stu_id/151110192/pwd/admin123
INFO: [ app_init ] --START--
INFO: Run Behavior\BuildLiteBehavior [ RunTime:0.000024s ]
INFO: [ app_init ] --END-- [ RunTime:0.000606s ]
INFO: [ app_begin ] --START--
INFO: Run Behavior\ReadHtmlCacheBehavior [ RunTime:0.001188s ]
INFO: [ app_begin ] --END-- [ RunTime:0.001370s ]
NOTIC: [8] Undefined index: session_id E:\sbgl\Tools\IndexController.class.php 第 20 行.
NOTIC: [8] Undefined index: timestamp E:\sbgl\Tools\IndexController.class.php 第 28 行.
NOTIC: [8] Undefined index: signature E:\sbgl\Tools\IndexController.class.php 第 29 行.
NOTIC: [8] A session had already been started - ignoring session_start() E:\sbgl\Home\Controller\IndexController.class.php 第 86 行.
SQL: SHOW COLUMNS FROM `sbgl_user` [ RunTime:0.0013s ]
SQL: SELECT * FROM `sbgl_user` WHERE ( user='151110192' ) LIMIT 1   [ RunTime:0.0004s ]

[ 2017-09-27T10:50:29+08:00 ] 127.0.0.1 /index.php/MachineRoom/getLog/
INFO: [ app_init ] --START--
INFO: Run Behavior\BuildLiteBehavior [ RunTime:0.000024s ]
INFO: [ app_init ] --END-- [ RunTime:0.000533s ]
INFO: [ app_begin ] --START--
INFO: Run Behavior\ReadHtmlCacheBehavior [ RunTime:0.001121s ]
INFO: [ app_begin ] --END-- [ RunTime:0.001244s ]
NOTIC: [8] Undefined index: session_id E:\sbgl\Tools\IndexController.class.php 第 20 行.
NOTIC: [8] Undefined index: timestamp E:\sbgl\Tools\IndexController.class.php 第 28 行.
NOTIC: [8] Undefined index: signature E:\sbgl\Tools\IndexController.class.php 第 29 行.

[ 2017-09-27T10:52:49+08:00 ] 127.0.0.1 /index.php/MachineRoom/getLog/
INFO: [ app_init ] --START--
INFO: Run Behavior\BuildLiteBehavior [ RunTime:0.000025s ]
INFO: [ app_init ] --END-- [ RunTime:0.000708s ]
INFO: [ app_begin ] --START--
INFO: Run Behavior\ReadHtmlCacheBehavior [ RunTime:0.001072s ]
INFO: [ app_begin ] --END-- [ RunTime:0.001209s ]
NOTIC: [8] Undefined index: session_id E:\sbgl\Tools\IndexController.class.php 第 20 行.
NOTIC: [8] Undefined index: timestamp E:\sbgl\Tools\IndexController.class.php 第 28 行.
NOTIC: [8] Undefined index: signature E:\sbgl\Tools\IndexController.class.php 第 29 行.

[ 2017-09-27T10:53:24+08:00 ] 127.0.0.1 /index.php/Device/getBrRp/
INFO: [ app_init ] --START--
INFO: Run Behavior\BuildLiteBehavior [ RunTime:0.000024s ]
INFO: [ app_init ] --END-- [ RunTime:0.000554s ]
INFO: [ app_begin ] --START--
INFO: Run Behavior\ReadHtmlCacheBehavior [ RunTime:0.001075s ]
INFO: [ app_begin ] --END-- [ RunTime:0.001227s ]
NOTIC: [8] Undefined index: session_id E:\sbgl\Tools\IndexController.class.php 第 20 行.
NOTIC: [8] Undefined index: timestamp E:\sbgl\Tools\IndexController.class.php 第 28 行.
NOTIC: [8] Undefined index: signature E:\sbgl\Tools\IndexController.class.php 第 29 行.

[ 2017-09-27T10:53:24+08:00 ] 127.0.0.1 /index.php/Index/login/stu_id/151110192/pwd/admin123
INFO: [ app_init ] --START--
INFO: Run Behavior\BuildLiteBehavior [ RunTime:0.000024s ]
INFO: [ app_init ] --END-- [ RunTime:0.000519s ]
INFO: [ app_begin ] --START--
INFO: Run Behavior\ReadHtmlCacheBehavior [ RunTime:0.001303s ]
INFO: [ app_begin ] --END-- [ RunTime:0.001459s ]
NOTIC: [8] Undefined index: session_id E:\sbgl\Tools\IndexController.class.php 第 20 行.
NOTIC: [8] Undefined index: timestamp E:\sbgl\Tools\IndexController.class.php 第 28 行.
NOTIC: [8] Undefined index: signature E:\sbgl\Tools\IndexController.class.php 第 29 行.
NOTIC: [8] A session had already been started - ignoring session_start() E:\sbgl\Home\Controller\IndexController.class.php 第 86 行.
SQL: SHOW COLUMNS FROM `sbgl_user` [ RunTime:0.0011s ]
SQL: SELECT * FROM `sbgl_user` WHERE ( user='151110192' ) LIMIT 1   [ RunTime:0.0006s ]

[ 2017-09-27T10:55:01+08:00 ] 127.0.0.1 /index.php/MachineRoom/getLog/session_id/toi9udia33jrcrvuj8i6bo2tm6/timestamp/1506480804/access_key/5d425bef0fd173e4913e69bc0257e3b2
INFO: [ app_init ] --START--
INFO: Run Behavior\BuildLiteBehavior [ RunTime:0.000024s ]
INFO: [ app_init ] --END-- [ RunTime:0.000543s ]
INFO: [ app_begin ] --START--
INFO: Run Behavior\ReadHtmlCacheBehavior [ RunTime:0.001156s ]
INFO: [ app_begin ] --END-- [ RunTime:0.001278s ]
NOTIC: [8] Undefined index: signature E:\sbgl\Tools\IndexController.class.php 第 29 行.

[ 2017-09-27T11:01:19+08:00 ] 127.0.0.1 /index.php/MachineRoom/getLog/session_id/toi9udia33jrcrvuj8i6bo2tm6/timestamp/1506480804/signature/toi9udia33jrcrvuj8i6bo2tm6
INFO: [ app_init ] --START--
INFO: Run Behavior\BuildLiteBehavior [ RunTime:0.000027s ]
INFO: [ app_init ] --END-- [ RunTime:0.000750s ]
INFO: [ app_begin ] --START--
INFO: Run Behavior\ReadHtmlCacheBehavior [ RunTime:0.001087s ]
INFO: [ app_begin ] --END-- [ RunTime:0.001219s ]

[ 2017-09-27T11:01:21+08:00 ] 127.0.0.1 /index.php/MachineRoom/getLog/session_id/toi9udia33jrcrvuj8i6bo2tm6/timestamp/1506480804/signature/toi9udia33jrcrvuj8i6bo2tm6
INFO: [ app_init ] --START--
INFO: Run Behavior\BuildLiteBehavior [ RunTime:0.000074s ]
INFO: [ app_init ] --END-- [ RunTime:0.001144s ]
INFO: [ app_begin ] --START--
INFO: Run Behavior\ReadHtmlCacheBehavior [ RunTime:0.001154s ]
INFO: [ app_begin ] --END-- [ RunTime:0.001306s ]

[ 2017-09-27T11:01:26+08:00 ] 127.0.0.1 /index.php/MachineRoom/getLog/session_id/toi9udia33jrcrvuj8i6bo2tm6/timestamp/1506480804/access_key/5d425bef0fd173e4913e69bc0257e3b2
INFO: [ app_init ] --START--
INFO: Run Behavior\BuildLiteBehavior [ RunTime:0.000026s ]
INFO: [ app_init ] --END-- [ RunTime:0.000557s ]
INFO: [ app_begin ] --START--
INFO: Run Behavior\ReadHtmlCacheBehavior [ RunTime:0.000986s ]
INFO: [ app_begin ] --END-- [ RunTime:0.001122s ]
NOTIC: [8] Undefined index: signature E:\sbgl\Tools\IndexController.class.php 第 29 行.

[ 2017-09-27T11:03:00+08:00 ] 127.0.0.1 /index.php/Index/login/stu_id/151110192/pwd/admin123
INFO: [ app_init ] --START--
INFO: Run Behavior\BuildLiteBehavior [ RunTime:0.000025s ]
INFO: [ app_init ] --END-- [ RunTime:0.000542s ]
INFO: [ app_begin ] --START--
INFO: Run Behavior\ReadHtmlCacheBehavior [ RunTime:0.002038s ]
INFO: [ app_begin ] --END-- [ RunTime:0.002249s ]
NOTIC: [8] Undefined index: session_id E:\sbgl\Tools\IndexController.class.php 第 20 行.
NOTIC: [8] Undefined index: timestamp E:\sbgl\Tools\IndexController.class.php 第 28 行.
NOTIC: [8] Undefined index: signature E:\sbgl\Tools\IndexController.class.php 第 29 行.
NOTIC: [8] A session had already been started - ignoring session_start() E:\sbgl\Home\Controller\IndexController.class.php 第 86 行.
SQL: SHOW COLUMNS FROM `sbgl_user` [ RunTime:0.0012s ]
SQL: SELECT * FROM `sbgl_user` WHERE ( user='151110192' ) LIMIT 1   [ RunTime:0.0004s ]

[ 2017-09-27T11:05:13+08:00 ] 127.0.0.1 /index.php/MachineRoom/getLog/session_id/toi9udia33jrcrvuj8i6bo2tm6/timestamp/1506481380/signature/0e509fec88f80ce3d85b7089684cfbd6
INFO: [ app_init ] --START--
INFO: Run Behavior\BuildLiteBehavior [ RunTime:0.000038s ]
INFO: [ app_init ] --END-- [ RunTime:0.000652s ]
INFO: [ app_begin ] --START--
INFO: Run Behavior\ReadHtmlCacheBehavior [ RunTime:0.001230s ]
INFO: [ app_begin ] --END-- [ RunTime:0.001512s ]
SQL: SHOW COLUMNS FROM `sbgl_machine_room_log` [ RunTime:0.0040s ]
NOTIC: [8] Undefined index: p E:\sbgl\Home\Controller\MachineRoomController.class.php 第 13 行.
SQL: SELECT `mrl_time`,`mr_room`,`mrl_contents` FROM `sbgl_machine_room_log` LEFT JOIN sbgl_machine_room ON sbgl_machine_room_log.mrl_place=sbgl_machine_room.mr_id  ORDER BY mrl_time desc LIMIT 0,10   [ RunTime:0.0012s ]

[ 2017-09-27T11:18:26+08:00 ] 127.0.0.1 /index.php/MachineRoom/getLog/session_id/toi9udia33jrcrvuj8i6bo2tm6/timestamp/1506481380/signature/0e509fec88f80ce3d85b7089684cfbd6
INFO: [ app_init ] --START--
INFO: Run Behavior\BuildLiteBehavior [ RunTime:0.000029s ]
INFO: [ app_init ] --END-- [ RunTime:0.000627s ]
INFO: [ app_begin ] --START--
INFO: Run Behavior\ReadHtmlCacheBehavior [ RunTime:0.001101s ]
INFO: [ app_begin ] --END-- [ RunTime:0.001229s ]
SQL: SHOW COLUMNS FROM `sbgl_machine_room_log` [ RunTime:0.0035s ]
NOTIC: [8] Undefined index: p E:\sbgl\Home\Controller\MachineRoomController.class.php 第 13 行.
SQL: SELECT `mrl_time`,`mr_room`,`mrl_contents` FROM `sbgl_machine_room_log` LEFT JOIN sbgl_machine_room ON sbgl_machine_room_log.mrl_place=sbgl_machine_room.mr_id  ORDER BY mrl_time desc LIMIT 0,10   [ RunTime:0.0009s ]

[ 2017-09-27T11:18:27+08:00 ] 127.0.0.1 /index.php/MachineRoom/getLog/session_id/toi9udia33jrcrvuj8i6bo2tm6/timestamp/1506481380/signature/0e509fec88f80ce3d85b7089684cfbd6
INFO: [ app_init ] --START--
INFO: Run Behavior\BuildLiteBehavior [ RunTime:0.000041s ]
INFO: [ app_init ] --END-- [ RunTime:0.000909s ]
INFO: [ app_begin ] --START--
INFO: Run Behavior\ReadHtmlCacheBehavior [ RunTime:0.002909s ]
INFO: [ app_begin ] --END-- [ RunTime:0.003483s ]
SQL: SHOW COLUMNS FROM `sbgl_machine_room_log` [ RunTime:0.0038s ]
NOTIC: [8] Undefined index: p E:\sbgl\Home\Controller\MachineRoomController.class.php 第 13 行.
SQL: SELECT `mrl_time`,`mr_room`,`mrl_contents` FROM `sbgl_machine_room_log` LEFT JOIN sbgl_machine_room ON sbgl_machine_room_log.mrl_place=sbgl_machine_room.mr_id  ORDER BY mrl_time desc LIMIT 0,10   [ RunTime:0.0008s ]

[ 2017-09-27T11:18:27+08:00 ] 127.0.0.1 /index.php/MachineRoom/getLog/session_id/toi9udia33jrcrvuj8i6bo2tm6/timestamp/1506481380/signature/0e509fec88f80ce3d85b7089684cfbd6
INFO: [ app_init ] --START--
INFO: Run Behavior\BuildLiteBehavior [ RunTime:0.000025s ]
INFO: [ app_init ] --END-- [ RunTime:0.000530s ]
INFO: [ app_begin ] --START--
INFO: Run Behavior\ReadHtmlCacheBehavior [ RunTime:0.001105s ]
INFO: [ app_begin ] --END-- [ RunTime:0.001306s ]
SQL: SHOW COLUMNS FROM `sbgl_machine_room_log` [ RunTime:0.0037s ]
NOTIC: [8] Undefined index: p E:\sbgl\Home\Controller\MachineRoomController.class.php 第 13 行.
SQL: SELECT `mrl_time`,`mr_room`,`mrl_contents` FROM `sbgl_machine_room_log` LEFT JOIN sbgl_machine_room ON sbgl_machine_room_log.mrl_place=sbgl_machine_room.mr_id  ORDER BY mrl_time desc LIMIT 0,10   [ RunTime:0.0014s ]

[ 2017-09-27T11:22:04+08:00 ] 127.0.0.1 /index.php/Device/getBrRp/session_id/toi9udia33jrcrvuj8i6bo2tm6/timestamp/1506481380/signature/0e509fec88f80ce3d85b7089684cfbd6
INFO: [ app_init ] --START--
INFO: Run Behavior\BuildLiteBehavior [ RunTime:0.000044s ]
INFO: [ app_init ] --END-- [ RunTime:0.001293s ]
INFO: [ app_begin ] --START--
INFO: Run Behavior\ReadHtmlCacheBehavior [ RunTime:0.001101s ]
INFO: [ app_begin ] --END-- [ RunTime:0.001230s ]
SQL: SHOW COLUMNS FROM `sbgl_repair` [ RunTime:0.0017s ]
SQL: SHOW COLUMNS FROM `sbgl_borrow` [ RunTime:0.0012s ]
SQL: SHOW COLUMNS FROM `sbgl_device` [ RunTime:0.0011s ]
SQL: SHOW COLUMNS FROM `sbgl_device_class` [ RunTime:0.0039s ]
SQL: SELECT `rp_id`,`rp_device_identifier`,`rp_location`,`rp_matter`,`rp_time`,`rp_person`,`rp_status`,`rp_solve_status` FROM `sbgl_repair` WHERE ( rp_status!=3 and rp_solve_status!=2 and rp_solve_status!=4 ) ORDER BY rp_time desc  [ RunTime:0.0004s ]
SQL: SELECT `dv_version`,`dv_dcid` FROM `sbgl_device` WHERE ( dv_identifier=2017092301 ) LIMIT 1   [ RunTime:0.0005s ]
SQL: SELECT `dc_name` FROM `sbgl_device_class` WHERE ( dc_id=31 ) LIMIT 1   [ RunTime:0.0004s ]
SQL: SELECT `br_id`,`br_device_identifier`,`br_user`,`br_reason`,`br_time`,`br_return_time`,`br_status`,`br_consent` FROM `sbgl_borrow` WHERE ( br_status!=3 and br_actual_time is null ) ORDER BY br_time desc  [ RunTime:0.0004s ]
SQL: SELECT `dv_version`,`dv_dcid` FROM `sbgl_device` WHERE ( dv_identifier=2017092401 ) LIMIT 1   [ RunTime:0.0002s ]
SQL: SELECT `dc_name` FROM `sbgl_device_class` WHERE ( dc_id=31 ) LIMIT 1   [ RunTime:0.0002s ]
SQL: SELECT `dv_version`,`dv_dcid` FROM `sbgl_device` WHERE ( dv_identifier=2017092301 ) LIMIT 1   [ RunTime:0.0002s ]
SQL: SELECT `dc_name` FROM `sbgl_device_class` WHERE ( dc_id=31 ) LIMIT 1   [ RunTime:0.0002s ]

[ 2017-09-27T11:23:07+08:00 ] 127.0.0.1 /index.php/Device/getRoom/session_id/toi9udia33jrcrvuj8i6bo2tm6/timestamp/1506481380/signature/0e509fec88f80ce3d85b7089684cfbd6
INFO: [ app_init ] --START--
INFO: Run Behavior\BuildLiteBehavior [ RunTime:0.000026s ]
INFO: [ app_init ] --END-- [ RunTime:0.000572s ]
INFO: [ app_begin ] --START--
INFO: Run Behavior\ReadHtmlCacheBehavior [ RunTime:0.002172s ]
INFO: [ app_begin ] --END-- [ RunTime:0.002331s ]
ERR: 非法操作:getRoom

[ 2017-09-27T11:23:44+08:00 ] 127.0.0.1 /index.php/MachineRoom/getRoom/session_id/toi9udia33jrcrvuj8i6bo2tm6/timestamp/1506481380/signature/0e509fec88f80ce3d85b7089684cfbd6
INFO: [ app_init ] --START--
INFO: Run Behavior\BuildLiteBehavior [ RunTime:0.000026s ]
INFO: [ app_init ] --END-- [ RunTime:0.000536s ]
INFO: [ app_begin ] --START--
INFO: Run Behavior\ReadHtmlCacheBehavior [ RunTime:0.001063s ]
INFO: [ app_begin ] --END-- [ RunTime:0.001234s ]
SQL: SHOW COLUMNS FROM `sbgl_machine_room` [ RunTime:0.0012s ]
SQL: SELECT `mr_id`,`mr_room` FROM `sbgl_machine_room` ORDER BY mr_sort asc  [ RunTime:0.0004s ]

[ 2017-09-27T17:16:40+08:00 ] 127.0.0.1 /
INFO: [ app_init ] --START--
INFO: Run Behavior\BuildLiteBehavior [ RunTime:0.000043s ]
INFO: [ app_init ] --END-- [ RunTime:0.000949s ]
INFO: [ app_begin ] --START--
INFO: Run Behavior\ReadHtmlCacheBehavior [ RunTime:0.001157s ]
INFO: [ app_begin ] --END-- [ RunTime:0.001346s ]
NOTIC: [8] Undefined index: session_id E:\sbgl\Tools\IndexController.class.php 第 20 行.
NOTIC: [8] Undefined index: timestamp E:\sbgl\Tools\IndexController.class.php 第 28 行.
NOTIC: [8] Undefined index: signature E:\sbgl\Tools\IndexController.class.php 第 29 行.

[ 2017-09-27T17:17:47+08:00 ] 127.0.0.1 /
INFO: [ app_init ] --START--
INFO: Run Behavior\BuildLiteBehavior [ RunTime:0.000023s ]
INFO: [ app_init ] --END-- [ RunTime:0.000443s ]
INFO: [ app_begin ] --START--
INFO: Run Behavior\ReadHtmlCacheBehavior [ RunTime:0.000450s ]
INFO: [ app_begin ] --END-- [ RunTime:0.000560s ]
NOTIC: [8] Undefined index: session_id E:\sbgl\Tools\IndexController.class.php 第 20 行.
NOTIC: [8] Undefined index: timestamp E:\sbgl\Tools\IndexController.class.php 第 28 行.
NOTIC: [8] Undefined index: signature E:\sbgl\Tools\IndexController.class.php 第 29 行.

[ 2017-09-27T17:19:27+08:00 ] 127.0.0.1 /
INFO: [ app_init ] --START--
INFO: Run Behavior\BuildLiteBehavior [ RunTime:0.000028s ]
INFO: [ app_init ] --END-- [ RunTime:0.000666s ]
INFO: [ app_begin ] --START--
INFO: Run Behavior\ReadHtmlCacheBehavior [ RunTime:0.000510s ]
INFO: [ app_begin ] --END-- [ RunTime:0.000628s ]
NOTIC: [8] Undefined index: session_id E:\sbgl\Tools\IndexController.class.php 第 20 行.
NOTIC: [8] Undefined index: timestamp E:\sbgl\Tools\IndexController.class.php 第 28 行.
NOTIC: [8] Undefined index: signature E:\sbgl\Tools\IndexController.class.php 第 29 行.

[ 2017-09-27T17:20:49+08:00 ] 127.0.0.1 /index.php/
INFO: [ app_init ] --START--
INFO: Run Behavior\BuildLiteBehavior [ RunTime:0.000023s ]
INFO: [ app_init ] --END-- [ RunTime:0.000417s ]
INFO: [ app_begin ] --START--
INFO: Run Behavior\ReadHtmlCacheBehavior [ RunTime:0.000449s ]
INFO: [ app_begin ] --END-- [ RunTime:0.000567s ]
NOTIC: [8] Undefined index: session_id E:\sbgl\Tools\IndexController.class.php 第 20 行.
NOTIC: [8] Undefined index: timestamp E:\sbgl\Tools\IndexController.class.php 第 28 行.
NOTIC: [8] Undefined index: signature E:\sbgl\Tools\IndexController.class.php 第 29 行.

[ 2017-09-27T17:20:54+08:00 ] 127.0.0.1 /
INFO: [ app_init ] --START--
INFO: Run Behavior\BuildLiteBehavior [ RunTime:0.000041s ]
INFO: [ app_init ] --END-- [ RunTime:0.000702s ]
INFO: [ app_begin ] --START--
INFO: Run Behavior\ReadHtmlCacheBehavior [ RunTime:0.000682s ]
INFO: [ app_begin ] --END-- [ RunTime:0.000879s ]
NOTIC: [8] Undefined index: session_id E:\sbgl\Tools\IndexController.class.php 第 20 行.
NOTIC: [8] Undefined index: timestamp E:\sbgl\Tools\IndexController.class.php 第 28 行.
NOTIC: [8] Undefined index: signature E:\sbgl\Tools\IndexController.class.php 第 29 行.

