[ 2017-05-24T12:32:27+08:00 ] 127.0.0.1 /index.php/Device/classSearch/
INFO: [ app_init ] --START--
INFO: Run Behavior\BuildLiteBehavior [ RunTime:0.000044s ]
INFO: [ app_init ] --END-- [ RunTime:0.001282s ]
INFO: [ app_begin ] --START--
INFO: Run Behavior\ReadHtmlCacheBehavior [ RunTime:0.001145s ]
INFO: [ app_begin ] --END-- [ RunTime:0.001313s ]
ERR: 参数错误或者未定义:class

[ 2017-05-24T12:32:30+08:00 ] 127.0.0.1 /index.php/Device/classSearch/class
INFO: [ app_init ] --START--
INFO: Run Behavior\BuildLiteBehavior [ RunTime:0.000023s ]
INFO: [ app_init ] --END-- [ RunTime:0.000528s ]
INFO: [ app_begin ] --START--
INFO: Run Behavior\ReadHtmlCacheBehavior [ RunTime:0.001745s ]
INFO: [ app_begin ] --END-- [ RunTime:0.002020s ]
ERR: 参数错误或者未定义:class

[ 2017-05-24T12:32:33+08:00 ] 127.0.0.1 /index.php/Device/classSearch/class/2
INFO: [ app_init ] --START--
INFO: Run Behavior\BuildLiteBehavior [ RunTime:0.000022s ]
INFO: [ app_init ] --END-- [ RunTime:0.000542s ]
INFO: [ app_begin ] --START--
INFO: Run Behavior\ReadHtmlCacheBehavior [ RunTime:0.001046s ]
INFO: [ app_begin ] --END-- [ RunTime:0.001221s ]
SQL: SHOW COLUMNS FROM `sbgl_device` [ RunTime:0.0009s ]
SQL: SELECT * FROM `sbgl_device` WHERE `dv_pid` = 2  [ RunTime:0.0003s ]

[ 2017-05-24T15:09:32+08:00 ] 127.0.0.1 /index.php/Device/classSearch/class/2
INFO: [ app_init ] --START--
INFO: Run Behavior\BuildLiteBehavior [ RunTime:0.000024s ]
INFO: [ app_init ] --END-- [ RunTime:0.000546s ]
INFO: [ app_begin ] --START--
INFO: Run Behavior\ReadHtmlCacheBehavior [ RunTime:0.000780s ]
INFO: [ app_begin ] --END-- [ RunTime:0.000901s ]
SQL: SHOW COLUMNS FROM `sbgl_device` [ RunTime:0.0009s ]
SQL: SELECT * FROM `sbgl_device` LEFT JOIN sbgl_manufacturer ON sbgl_device.dv_manufacturer_id=sbgl_manufacturer.mf_id  LEFT JOIN sbgl_machine_room ON sbgl_device.dv_room_id=sbgl_machine_room.mr_id LEFT JOIN sbgl_device_class ON sbgl_device.dv_pid=sbgl_device_class.dc_id  WHERE `dv_pid` = '2'  [ RunTime:0.0007s ]

[ 2017-05-24T15:10:41+08:00 ] 127.0.0.1 /index.php/Device/classSearch/class/5
INFO: [ app_init ] --START--
INFO: Run Behavior\BuildLiteBehavior [ RunTime:0.000024s ]
INFO: [ app_init ] --END-- [ RunTime:0.000544s ]
INFO: [ app_begin ] --START--
INFO: Run Behavior\ReadHtmlCacheBehavior [ RunTime:0.000889s ]
INFO: [ app_begin ] --END-- [ RunTime:0.001070s ]
SQL: SHOW COLUMNS FROM `sbgl_device` [ RunTime:0.0011s ]
SQL: SELECT * FROM `sbgl_device` LEFT JOIN sbgl_manufacturer ON sbgl_device.dv_manufacturer_id=sbgl_manufacturer.mf_id  LEFT JOIN sbgl_machine_room ON sbgl_device.dv_room_id=sbgl_machine_room.mr_id LEFT JOIN sbgl_device_class ON sbgl_device.dv_pid=sbgl_device_class.dc_id  WHERE `dv_pid` = '5'  [ RunTime:0.0010s ]

[ 2017-05-24T15:11:10+08:00 ] 127.0.0.1 /index.php/Device/classSearch/class/5
INFO: [ app_init ] --START--
INFO: Run Behavior\BuildLiteBehavior [ RunTime:0.000021s ]
INFO: [ app_init ] --END-- [ RunTime:0.000401s ]
INFO: [ app_begin ] --START--
INFO: Run Behavior\ReadHtmlCacheBehavior [ RunTime:0.000695s ]
INFO: [ app_begin ] --END-- [ RunTime:0.000811s ]
SQL: SHOW COLUMNS FROM `sbgl_device` [ RunTime:0.0008s ]
SQL: SELECT * FROM `sbgl_device` LEFT JOIN sbgl_manufacturer ON sbgl_device.dv_manufacturer_id=sbgl_manufacturer.mf_id  LEFT JOIN sbgl_machine_room ON sbgl_device.dv_room_id=sbgl_machine_room.mr_id LEFT JOIN sbgl_device_class ON sbgl_device.dv_pid=sbgl_device_class.dc_id  WHERE `dv_pid` = '5'  [ RunTime:0.0008s ]

[ 2017-05-24T15:13:31+08:00 ] 127.0.0.1 /index.php/Device/classSearch/class/5
INFO: [ app_init ] --START--
INFO: Run Behavior\BuildLiteBehavior [ RunTime:0.000044s ]
INFO: [ app_init ] --END-- [ RunTime:0.000678s ]
INFO: [ app_begin ] --START--
INFO: Run Behavior\ReadHtmlCacheBehavior [ RunTime:0.000818s ]
INFO: [ app_begin ] --END-- [ RunTime:0.000950s ]
SQL: SHOW COLUMNS FROM `sbgl_device` [ RunTime:0.0011s ]
SQL: SELECT * FROM `sbgl_device` LEFT JOIN sbgl_manufacturer ON sbgl_device.dv_manufacturer_id=sbgl_manufacturer.mf_id  LEFT JOIN sbgl_machine_room ON sbgl_device.dv_room_id=sbgl_machine_room.mr_id LEFT JOIN sbgl_device_class ON sbgl_device.dv_pid=sbgl_device_class.dc_id  WHERE `dv_pid` = '5'  [ RunTime:0.0008s ]

[ 2017-05-24T15:13:49+08:00 ] 127.0.0.1 /index.php/Device/classSearch/class/5
INFO: [ app_init ] --START--
INFO: Run Behavior\BuildLiteBehavior [ RunTime:0.000022s ]
INFO: [ app_init ] --END-- [ RunTime:0.000419s ]
INFO: [ app_begin ] --START--
INFO: Run Behavior\ReadHtmlCacheBehavior [ RunTime:0.000615s ]
INFO: [ app_begin ] --END-- [ RunTime:0.000732s ]
SQL: SHOW COLUMNS FROM `sbgl_device` [ RunTime:0.0009s ]
SQL: SELECT * FROM `sbgl_device` LEFT JOIN sbgl_manufacturer ON sbgl_device.dv_manufacturer_id=sbgl_manufacturer.mf_id  LEFT JOIN sbgl_machine_room ON sbgl_device.dv_room_id=sbgl_machine_room.mr_id LEFT JOIN sbgl_device_class ON sbgl_device.dv_pid=sbgl_device_class.dc_id  WHERE `dv_pid` = '5'  [ RunTime:0.0009s ]

[ 2017-05-24T15:13:52+08:00 ] 127.0.0.1 /index.php/Device/classSearch/class/5
INFO: [ app_init ] --START--
INFO: Run Behavior\BuildLiteBehavior [ RunTime:0.000023s ]
INFO: [ app_init ] --END-- [ RunTime:0.000411s ]
INFO: [ app_begin ] --START--
INFO: Run Behavior\ReadHtmlCacheBehavior [ RunTime:0.000646s ]
INFO: [ app_begin ] --END-- [ RunTime:0.000762s ]
SQL: SHOW COLUMNS FROM `sbgl_device` [ RunTime:0.0009s ]
SQL: SELECT * FROM `sbgl_device` LEFT JOIN sbgl_manufacturer ON sbgl_device.dv_manufacturer_id=sbgl_manufacturer.mf_id  LEFT JOIN sbgl_machine_room ON sbgl_device.dv_room_id=sbgl_machine_room.mr_id LEFT JOIN sbgl_device_class ON sbgl_device.dv_pid=sbgl_device_class.dc_id  WHERE `dv_pid` = '5'  [ RunTime:0.0008s ]

[ 2017-05-24T15:13:54+08:00 ] 127.0.0.1 /index.php/Device/classSearch/class/5
INFO: [ app_init ] --START--
INFO: Run Behavior\BuildLiteBehavior [ RunTime:0.000025s ]
INFO: [ app_init ] --END-- [ RunTime:0.000522s ]
INFO: [ app_begin ] --START--
INFO: Run Behavior\ReadHtmlCacheBehavior [ RunTime:0.000633s ]
INFO: [ app_begin ] --END-- [ RunTime:0.000752s ]
SQL: SHOW COLUMNS FROM `sbgl_device` [ RunTime:0.0012s ]
SQL: SELECT * FROM `sbgl_device` LEFT JOIN sbgl_manufacturer ON sbgl_device.dv_manufacturer_id=sbgl_manufacturer.mf_id  LEFT JOIN sbgl_machine_room ON sbgl_device.dv_room_id=sbgl_machine_room.mr_id LEFT JOIN sbgl_device_class ON sbgl_device.dv_pid=sbgl_device_class.dc_id  WHERE `dv_pid` = '5'  [ RunTime:0.0008s ]

[ 2017-05-24T15:13:56+08:00 ] 127.0.0.1 /index.php/Device/classSearch/class/5
INFO: [ app_init ] --START--
INFO: Run Behavior\BuildLiteBehavior [ RunTime:0.000022s ]
INFO: [ app_init ] --END-- [ RunTime:0.000420s ]
INFO: [ app_begin ] --START--
INFO: Run Behavior\ReadHtmlCacheBehavior [ RunTime:0.000612s ]
INFO: [ app_begin ] --END-- [ RunTime:0.000729s ]
SQL: SHOW COLUMNS FROM `sbgl_device` [ RunTime:0.0009s ]
SQL: SELECT * FROM `sbgl_device` LEFT JOIN sbgl_manufacturer ON sbgl_device.dv_manufacturer_id=sbgl_manufacturer.mf_id  LEFT JOIN sbgl_machine_room ON sbgl_device.dv_room_id=sbgl_machine_room.mr_id LEFT JOIN sbgl_device_class ON sbgl_device.dv_pid=sbgl_device_class.dc_id  WHERE `dv_pid` = '5'  [ RunTime:0.0006s ]

[ 2017-05-24T15:13:58+08:00 ] 127.0.0.1 /index.php/Device/classSearch/class/5
INFO: [ app_init ] --START--
INFO: Run Behavior\BuildLiteBehavior [ RunTime:0.000043s ]
INFO: [ app_init ] --END-- [ RunTime:0.000805s ]
INFO: [ app_begin ] --START--
INFO: Run Behavior\ReadHtmlCacheBehavior [ RunTime:0.001171s ]
INFO: [ app_begin ] --END-- [ RunTime:0.001401s ]
SQL: SHOW COLUMNS FROM `sbgl_device` [ RunTime:0.0008s ]
SQL: SELECT * FROM `sbgl_device` LEFT JOIN sbgl_manufacturer ON sbgl_device.dv_manufacturer_id=sbgl_manufacturer.mf_id  LEFT JOIN sbgl_machine_room ON sbgl_device.dv_room_id=sbgl_machine_room.mr_id LEFT JOIN sbgl_device_class ON sbgl_device.dv_pid=sbgl_device_class.dc_id  WHERE `dv_pid` = '5'  [ RunTime:0.0006s ]

[ 2017-05-24T15:14:00+08:00 ] 127.0.0.1 /index.php/Device/classSearch/class/5
INFO: [ app_init ] --START--
INFO: Run Behavior\BuildLiteBehavior [ RunTime:0.000031s ]
INFO: [ app_init ] --END-- [ RunTime:0.000553s ]
INFO: [ app_begin ] --START--
INFO: Run Behavior\ReadHtmlCacheBehavior [ RunTime:0.000689s ]
INFO: [ app_begin ] --END-- [ RunTime:0.000820s ]
SQL: SHOW COLUMNS FROM `sbgl_device` [ RunTime:0.0009s ]
SQL: SELECT * FROM `sbgl_device` LEFT JOIN sbgl_manufacturer ON sbgl_device.dv_manufacturer_id=sbgl_manufacturer.mf_id  LEFT JOIN sbgl_machine_room ON sbgl_device.dv_room_id=sbgl_machine_room.mr_id LEFT JOIN sbgl_device_class ON sbgl_device.dv_pid=sbgl_device_class.dc_id  WHERE `dv_pid` = '5'  [ RunTime:0.0008s ]

[ 2017-05-24T15:14:03+08:00 ] 127.0.0.1 /index.php/Device/classSearch/class/5
INFO: [ app_init ] --START--
INFO: Run Behavior\BuildLiteBehavior [ RunTime:0.000022s ]
INFO: [ app_init ] --END-- [ RunTime:0.000400s ]
INFO: [ app_begin ] --START--
INFO: Run Behavior\ReadHtmlCacheBehavior [ RunTime:0.001065s ]
INFO: [ app_begin ] --END-- [ RunTime:0.001251s ]
SQL: SHOW COLUMNS FROM `sbgl_device` [ RunTime:0.0007s ]
SQL: SELECT * FROM `sbgl_device` LEFT JOIN sbgl_manufacturer ON sbgl_device.dv_manufacturer_id=sbgl_manufacturer.mf_id  LEFT JOIN sbgl_machine_room ON sbgl_device.dv_room_id=sbgl_machine_room.mr_id LEFT JOIN sbgl_device_class ON sbgl_device.dv_pid=sbgl_device_class.dc_id  WHERE `dv_pid` = '5'  [ RunTime:0.0008s ]

[ 2017-05-24T16:41:13+08:00 ] 127.0.0.1 /index.php/Device/classSearch/class/5
INFO: [ app_init ] --START--
INFO: Run Behavior\BuildLiteBehavior [ RunTime:0.000022s ]
INFO: [ app_init ] --END-- [ RunTime:0.000450s ]
INFO: [ app_begin ] --START--
INFO: Run Behavior\ReadHtmlCacheBehavior [ RunTime:0.000876s ]
INFO: [ app_begin ] --END-- [ RunTime:0.001047s ]
SQL: SHOW COLUMNS FROM `sbgl_device` [ RunTime:0.0008s ]
SQL: SELECT * FROM `sbgl_device` LEFT JOIN sbgl_manufacturer ON sbgl_device.dv_manufacturer_id=sbgl_manufacturer.mf_id  LEFT JOIN sbgl_machine_room ON sbgl_device.dv_room_id=sbgl_machine_room.mr_id LEFT JOIN sbgl_device_class ON sbgl_device.dv_pid=sbgl_device_class.dc_id  WHERE `dv_pid` = '5'  [ RunTime:0.0006s ]

[ 2017-05-24T20:33:33+08:00 ] 127.0.0.1 /index.php/Index/register/stu_id/151110421/pwd/123456
INFO: [ app_init ] --START--
INFO: Run Behavior\BuildLiteBehavior [ RunTime:0.000025s ]
INFO: [ app_init ] --END-- [ RunTime:0.000572s ]
INFO: [ app_begin ] --START--
INFO: Run Behavior\ReadHtmlCacheBehavior [ RunTime:0.000677s ]
INFO: [ app_begin ] --END-- [ RunTime:0.000796s ]
SQL: SHOW COLUMNS FROM `sbgl_user` [ RunTime:0.0009s ]
SQL: SELECT * FROM `sbgl_user` WHERE ( user=151110421 ) LIMIT 1   [ RunTime:0.0004s ]
NOTIC: [8] Undefined index: validate E:\sbgl\ThinkPHP\Library\Think\Model.class.php 第 1185 行.
NOTIC: [8] Undefined index: email E:\sbgl\ThinkPHP\Library\Think\Model.class.php 第 1217 行.
NOTIC: [8] Undefined index: phone E:\sbgl\ThinkPHP\Library\Think\Model.class.php 第 1217 行.
NOTIC: [8] Undefined index: phone E:\sbgl\ThinkPHP\Library\Think\Model.class.php 第 1217 行.
NOTIC: [8] Undefined index: sphone E:\sbgl\ThinkPHP\Library\Think\Model.class.php 第 1217 行.
NOTIC: [8] Undefined index: sphone E:\sbgl\ThinkPHP\Library\Think\Model.class.php 第 1217 行.
NOTIC: [8] Undefined index: auto E:\sbgl\ThinkPHP\Library\Think\Model.class.php 第 1128 行.
SQL: UPDATE `sbgl_user` SET `user`='151110421',`psd`='$2y$10$ssonpwF04sku0E7XTnGzkO3V8mZscpgrUcata5afbKYcckkaBhVHe',`reg_time`='1495629213' WHERE ( user=151110421 ) [ RunTime:0.0006s ]

[ 2017-05-24T20:35:27+08:00 ] 192.168.199.179 /
INFO: [ app_init ] --START--
INFO: Run Behavior\BuildLiteBehavior [ RunTime:0.000043s ]
INFO: [ app_init ] --END-- [ RunTime:0.000836s ]
INFO: [ app_begin ] --START--
INFO: Run Behavior\ReadHtmlCacheBehavior [ RunTime:0.000741s ]
INFO: [ app_begin ] --END-- [ RunTime:0.000861s ]
ERR: 非法操作:index

[ 2017-05-24T20:35:39+08:00 ] 192.168.199.179 /index.php
INFO: [ app_init ] --START--
INFO: Run Behavior\BuildLiteBehavior [ RunTime:0.000024s ]
INFO: [ app_init ] --END-- [ RunTime:0.000428s ]
INFO: [ app_begin ] --START--
INFO: Run Behavior\ReadHtmlCacheBehavior [ RunTime:0.000438s ]
INFO: [ app_begin ] --END-- [ RunTime:0.000552s ]
ERR: 非法操作:index

[ 2017-05-24T20:35:51+08:00 ] 192.168.199.64 /index.php/Index/register?stu_id=141040161&pwd=123456789
INFO: [ app_init ] --START--
INFO: Run Behavior\BuildLiteBehavior [ RunTime:0.000035s ]
INFO: [ app_init ] --END-- [ RunTime:0.000593s ]
INFO: [ app_begin ] --START--
INFO: Run Behavior\ReadHtmlCacheBehavior [ RunTime:0.000587s ]
INFO: [ app_begin ] --END-- [ RunTime:0.000743s ]
SQL: SHOW COLUMNS FROM `sbgl_user` [ RunTime:0.0470s ]
SQL: SELECT * FROM `sbgl_user` WHERE ( user=141040161 ) LIMIT 1   [ RunTime:0.0011s ]
NOTIC: [8] Undefined index: validate E:\sbgl\ThinkPHP\Library\Think\Model.class.php 第 1185 行.
NOTIC: [8] Undefined index: email E:\sbgl\ThinkPHP\Library\Think\Model.class.php 第 1217 行.
NOTIC: [8] Undefined index: phone E:\sbgl\ThinkPHP\Library\Think\Model.class.php 第 1217 行.
NOTIC: [8] Undefined index: phone E:\sbgl\ThinkPHP\Library\Think\Model.class.php 第 1217 行.
NOTIC: [8] Undefined index: sphone E:\sbgl\ThinkPHP\Library\Think\Model.class.php 第 1217 行.
NOTIC: [8] Undefined index: sphone E:\sbgl\ThinkPHP\Library\Think\Model.class.php 第 1217 行.
NOTIC: [8] Undefined index: auto E:\sbgl\ThinkPHP\Library\Think\Model.class.php 第 1128 行.
SQL: INSERT INTO `sbgl_user` (`user`,`psd`,`reg_time`) VALUES ('141040161','$2y$10$VTPpIPzQq9zX/GFBINyfnu/79RQ1Tf3gnHFUqpnT5PGxkQmeJd.Va','1495629351') [ RunTime:0.0006s ]

[ 2017-05-24T20:36:10+08:00 ] 192.168.199.64 /index.php/Index/register?stu_id=141040160&pwd=123456789
INFO: [ app_init ] --START--
INFO: Run Behavior\BuildLiteBehavior [ RunTime:0.000058s ]
INFO: [ app_init ] --END-- [ RunTime:0.000886s ]
INFO: [ app_begin ] --START--
INFO: Run Behavior\ReadHtmlCacheBehavior [ RunTime:0.000910s ]
INFO: [ app_begin ] --END-- [ RunTime:0.001150s ]
SQL: SHOW COLUMNS FROM `sbgl_user` [ RunTime:0.0010s ]
SQL: SELECT * FROM `sbgl_user` WHERE ( user=141040160 ) LIMIT 1   [ RunTime:0.0003s ]
NOTIC: [8] Undefined index: validate E:\sbgl\ThinkPHP\Library\Think\Model.class.php 第 1185 行.
NOTIC: [8] Undefined index: email E:\sbgl\ThinkPHP\Library\Think\Model.class.php 第 1217 行.
NOTIC: [8] Undefined index: phone E:\sbgl\ThinkPHP\Library\Think\Model.class.php 第 1217 行.
NOTIC: [8] Undefined index: phone E:\sbgl\ThinkPHP\Library\Think\Model.class.php 第 1217 行.
NOTIC: [8] Undefined index: sphone E:\sbgl\ThinkPHP\Library\Think\Model.class.php 第 1217 行.
NOTIC: [8] Undefined index: sphone E:\sbgl\ThinkPHP\Library\Think\Model.class.php 第 1217 行.
NOTIC: [8] Undefined index: auto E:\sbgl\ThinkPHP\Library\Think\Model.class.php 第 1128 行.
SQL: INSERT INTO `sbgl_user` (`user`,`psd`,`reg_time`) VALUES ('141040160','$2y$10$qdDJ7sVQgjQpB6zCLlcK2./ZLqgtkIb1vcWkHpluNnVfwvczimdG6','1495629370') [ RunTime:0.0004s ]

[ 2017-05-24T20:36:27+08:00 ] 192.168.199.64 /index.php/Index/identification?pwd=M652506
INFO: [ app_init ] --START--
INFO: Run Behavior\BuildLiteBehavior [ RunTime:0.000078s ]
INFO: [ app_init ] --END-- [ RunTime:0.001454s ]
INFO: [ app_begin ] --START--
INFO: Run Behavior\ReadHtmlCacheBehavior [ RunTime:0.001524s ]
INFO: [ app_begin ] --END-- [ RunTime:0.001967s ]
NOTIC: [8] Undefined offset: 1 E:\sbgl\Common\Common\function.php 第 97 行.

[ 2017-05-24T20:37:07+08:00 ] 192.168.199.64 /index.php/Index/login?stu_id=141010160&pwd=123456789
INFO: [ app_init ] --START--
INFO: Run Behavior\BuildLiteBehavior [ RunTime:0.000039s ]
INFO: [ app_init ] --END-- [ RunTime:0.000709s ]
INFO: [ app_begin ] --START--
INFO: Run Behavior\ReadHtmlCacheBehavior [ RunTime:0.000723s ]
INFO: [ app_begin ] --END-- [ RunTime:0.000920s ]
SQL: SHOW COLUMNS FROM `sbgl_user` [ RunTime:0.0016s ]
SQL: SELECT * FROM `sbgl_user` WHERE ( user='141010160' ) LIMIT 1   [ RunTime:0.0005s ]
NOTIC: [8] Undefined index: status E:\sbgl\Home\Controller\IndexController.class.php 第 91 行.

[ 2017-05-24T20:37:11+08:00 ] 192.168.199.64 /index.php/Index/login?stu_id=141010160&pwd=123456789
INFO: [ app_init ] --START--
INFO: Run Behavior\BuildLiteBehavior [ RunTime:0.000028s ]
INFO: [ app_init ] --END-- [ RunTime:0.000494s ]
INFO: [ app_begin ] --START--
INFO: Run Behavior\ReadHtmlCacheBehavior [ RunTime:0.000515s ]
INFO: [ app_begin ] --END-- [ RunTime:0.000652s ]
SQL: SHOW COLUMNS FROM `sbgl_user` [ RunTime:0.0011s ]
SQL: SELECT * FROM `sbgl_user` WHERE ( user='141010160' ) LIMIT 1   [ RunTime:0.0004s ]
NOTIC: [8] Undefined index: status E:\sbgl\Home\Controller\IndexController.class.php 第 91 行.

[ 2017-05-24T20:37:15+08:00 ] 192.168.199.64 /index.php/Index/login?stu_id=141010160&pwd=123456789
INFO: [ app_init ] --START--
INFO: Run Behavior\BuildLiteBehavior [ RunTime:0.000079s ]
INFO: [ app_init ] --END-- [ RunTime:0.001390s ]
INFO: [ app_begin ] --START--
INFO: Run Behavior\ReadHtmlCacheBehavior [ RunTime:0.000566s ]
INFO: [ app_begin ] --END-- [ RunTime:0.000706s ]
SQL: SHOW COLUMNS FROM `sbgl_user` [ RunTime:0.0010s ]
SQL: SELECT * FROM `sbgl_user` WHERE ( user='141010160' ) LIMIT 1   [ RunTime:0.0004s ]
NOTIC: [8] Undefined index: status E:\sbgl\Home\Controller\IndexController.class.php 第 91 行.

[ 2017-05-24T20:37:19+08:00 ] 192.168.199.64 /index.php/Index/login?stu_id=141010160&pwd=123456789
INFO: [ app_init ] --START--
INFO: Run Behavior\BuildLiteBehavior [ RunTime:0.000078s ]
INFO: [ app_init ] --END-- [ RunTime:0.001550s ]
INFO: [ app_begin ] --START--
INFO: Run Behavior\ReadHtmlCacheBehavior [ RunTime:0.000599s ]
INFO: [ app_begin ] --END-- [ RunTime:0.000757s ]
SQL: SHOW COLUMNS FROM `sbgl_user` [ RunTime:0.0011s ]
SQL: SELECT * FROM `sbgl_user` WHERE ( user='141010160' ) LIMIT 1   [ RunTime:0.0004s ]
NOTIC: [8] Undefined index: status E:\sbgl\Home\Controller\IndexController.class.php 第 91 行.

[ 2017-05-24T20:37:23+08:00 ] 192.168.199.64 /index.php/Index/login?stu_id=141010160&pwd=123456789
INFO: [ app_init ] --START--
INFO: Run Behavior\BuildLiteBehavior [ RunTime:0.000044s ]
INFO: [ app_init ] --END-- [ RunTime:0.000939s ]
INFO: [ app_begin ] --START--
INFO: Run Behavior\ReadHtmlCacheBehavior [ RunTime:0.001387s ]
INFO: [ app_begin ] --END-- [ RunTime:0.001637s ]
SQL: SHOW COLUMNS FROM `sbgl_user` [ RunTime:0.0011s ]
SQL: SELECT * FROM `sbgl_user` WHERE ( user='141010160' ) LIMIT 1   [ RunTime:0.0004s ]
NOTIC: [8] Undefined index: status E:\sbgl\Home\Controller\IndexController.class.php 第 91 行.

[ 2017-05-24T20:37:39+08:00 ] 192.168.199.64 /index.php/Index/login?stu_id=141010160&pwd=123456789
INFO: [ app_init ] --START--
INFO: Run Behavior\BuildLiteBehavior [ RunTime:0.000040s ]
INFO: [ app_init ] --END-- [ RunTime:0.000815s ]
INFO: [ app_begin ] --START--
INFO: Run Behavior\ReadHtmlCacheBehavior [ RunTime:0.001066s ]
INFO: [ app_begin ] --END-- [ RunTime:0.001264s ]
SQL: SHOW COLUMNS FROM `sbgl_user` [ RunTime:0.0010s ]
SQL: SELECT * FROM `sbgl_user` WHERE ( user='141010160' ) LIMIT 1   [ RunTime:0.0003s ]
NOTIC: [8] Undefined index: status E:\sbgl\Home\Controller\IndexController.class.php 第 91 行.

[ 2017-05-24T20:37:43+08:00 ] 192.168.199.64 /index.php/Index/login?stu_id=141010160&pwd=123456789
INFO: [ app_init ] --START--
INFO: Run Behavior\BuildLiteBehavior [ RunTime:0.000040s ]
INFO: [ app_init ] --END-- [ RunTime:0.000709s ]
INFO: [ app_begin ] --START--
INFO: Run Behavior\ReadHtmlCacheBehavior [ RunTime:0.000717s ]
INFO: [ app_begin ] --END-- [ RunTime:0.000913s ]
SQL: SHOW COLUMNS FROM `sbgl_user` [ RunTime:0.0013s ]
SQL: SELECT * FROM `sbgl_user` WHERE ( user='141010160' ) LIMIT 1   [ RunTime:0.0005s ]
NOTIC: [8] Undefined index: status E:\sbgl\Home\Controller\IndexController.class.php 第 91 行.

[ 2017-05-24T20:37:48+08:00 ] 192.168.199.64 /index.php/Index/login?stu_id=141010160&pwd=123456789
INFO: [ app_init ] --START--
INFO: Run Behavior\BuildLiteBehavior [ RunTime:0.000048s ]
INFO: [ app_init ] --END-- [ RunTime:0.000859s ]
INFO: [ app_begin ] --START--
INFO: Run Behavior\ReadHtmlCacheBehavior [ RunTime:0.001004s ]
INFO: [ app_begin ] --END-- [ RunTime:0.001254s ]
SQL: SHOW COLUMNS FROM `sbgl_user` [ RunTime:0.0010s ]
SQL: SELECT * FROM `sbgl_user` WHERE ( user='141010160' ) LIMIT 1   [ RunTime:0.0003s ]
NOTIC: [8] Undefined index: status E:\sbgl\Home\Controller\IndexController.class.php 第 91 行.

[ 2017-05-24T20:37:57+08:00 ] 192.168.199.179 /index.php/Index
INFO: [ app_init ] --START--
INFO: Run Behavior\BuildLiteBehavior [ RunTime:0.000022s ]
INFO: [ app_init ] --END-- [ RunTime:0.000386s ]
INFO: [ app_begin ] --START--
INFO: Run Behavior\ReadHtmlCacheBehavior [ RunTime:0.000403s ]
INFO: [ app_begin ] --END-- [ RunTime:0.000509s ]
ERR: 非法操作:index

[ 2017-05-24T20:38:06+08:00 ] 192.168.199.179 /index.php/Index/login
INFO: [ app_init ] --START--
INFO: Run Behavior\BuildLiteBehavior [ RunTime:0.000031s ]
INFO: [ app_init ] --END-- [ RunTime:0.000429s ]
INFO: [ app_begin ] --START--
INFO: Run Behavior\ReadHtmlCacheBehavior [ RunTime:0.000416s ]
INFO: [ app_begin ] --END-- [ RunTime:0.000522s ]
ERR: 参数错误或者未定义:stu_id

[ 2017-05-24T20:38:07+08:00 ] 192.168.199.64 /index.php/Index/register?stu_id=141110065&pwd=123456789
INFO: [ app_init ] --START--
INFO: Run Behavior\BuildLiteBehavior [ RunTime:0.000050s ]
INFO: [ app_init ] --END-- [ RunTime:0.001007s ]
INFO: [ app_begin ] --START--
INFO: Run Behavior\ReadHtmlCacheBehavior [ RunTime:0.001323s ]
INFO: [ app_begin ] --END-- [ RunTime:0.001568s ]
SQL: SHOW COLUMNS FROM `sbgl_user` [ RunTime:0.0022s ]
SQL: SELECT * FROM `sbgl_user` WHERE ( user=141110065 ) LIMIT 1   [ RunTime:0.0006s ]
NOTIC: [8] Undefined index: validate E:\sbgl\ThinkPHP\Library\Think\Model.class.php 第 1185 行.
NOTIC: [8] Undefined index: email E:\sbgl\ThinkPHP\Library\Think\Model.class.php 第 1217 行.
NOTIC: [8] Undefined index: phone E:\sbgl\ThinkPHP\Library\Think\Model.class.php 第 1217 行.
NOTIC: [8] Undefined index: phone E:\sbgl\ThinkPHP\Library\Think\Model.class.php 第 1217 行.
NOTIC: [8] Undefined index: sphone E:\sbgl\ThinkPHP\Library\Think\Model.class.php 第 1217 行.
NOTIC: [8] Undefined index: sphone E:\sbgl\ThinkPHP\Library\Think\Model.class.php 第 1217 行.
NOTIC: [8] Undefined index: auto E:\sbgl\ThinkPHP\Library\Think\Model.class.php 第 1128 行.
SQL: INSERT INTO `sbgl_user` (`user`,`psd`,`reg_time`) VALUES ('141110065','$2y$10$h6o8KF.xpE20weog8u/.Tefc6VeiuryGjSoAYRVykznu2RWFmkGfy','1495629487') [ RunTime:0.0005s ]

[ 2017-05-24T20:38:07+08:00 ] 192.168.199.179 /index.php/Index/login
INFO: [ app_init ] --START--
INFO: Run Behavior\BuildLiteBehavior [ RunTime:0.000022s ]
INFO: [ app_init ] --END-- [ RunTime:0.000392s ]
INFO: [ app_begin ] --START--
INFO: Run Behavior\ReadHtmlCacheBehavior [ RunTime:0.000408s ]
INFO: [ app_begin ] --END-- [ RunTime:0.000514s ]
ERR: 参数错误或者未定义:stu_id

[ 2017-05-24T20:38:12+08:00 ] 192.168.199.64 /index.php/Index/identification?pwd=M446487282
INFO: [ app_init ] --START--
INFO: Run Behavior\BuildLiteBehavior [ RunTime:0.000034s ]
INFO: [ app_init ] --END-- [ RunTime:0.000602s ]
INFO: [ app_begin ] --START--
INFO: Run Behavior\ReadHtmlCacheBehavior [ RunTime:0.000613s ]
INFO: [ app_begin ] --END-- [ RunTime:0.000780s ]
NOTIC: [8] Undefined offset: 1 E:\sbgl\Common\Common\function.php 第 97 行.

[ 2017-05-24T20:38:25+08:00 ] 192.168.199.179 /index.php/Index/login/stu_id/151110192/pwd/admin123
INFO: [ app_init ] --START--
INFO: Run Behavior\BuildLiteBehavior [ RunTime:0.000022s ]
INFO: [ app_init ] --END-- [ RunTime:0.000421s ]
INFO: [ app_begin ] --START--
INFO: Run Behavior\ReadHtmlCacheBehavior [ RunTime:0.000419s ]
INFO: [ app_begin ] --END-- [ RunTime:0.000525s ]
SQL: SHOW COLUMNS FROM `sbgl_user` [ RunTime:0.0018s ]
SQL: SELECT * FROM `sbgl_user` WHERE ( user='151110192' ) LIMIT 1   [ RunTime:0.0004s ]

[ 2017-05-24T20:38:39+08:00 ] 192.168.199.64 /index.php/Index/login?stu_id=141110065&pwd=123456789
INFO: [ app_init ] --START--
INFO: Run Behavior\BuildLiteBehavior [ RunTime:0.000027s ]
INFO: [ app_init ] --END-- [ RunTime:0.000620s ]
INFO: [ app_begin ] --START--
INFO: Run Behavior\ReadHtmlCacheBehavior [ RunTime:0.000575s ]
INFO: [ app_begin ] --END-- [ RunTime:0.000777s ]
SQL: SHOW COLUMNS FROM `sbgl_user` [ RunTime:0.0007s ]
SQL: SELECT * FROM `sbgl_user` WHERE ( user='141110065' ) LIMIT 1   [ RunTime:0.0004s ]

[ 2017-05-24T20:38:54+08:00 ] 192.168.199.64 /index.php/Index/identification?pwd=M446487282
INFO: [ app_init ] --START--
INFO: Run Behavior\BuildLiteBehavior [ RunTime:0.000077s ]
INFO: [ app_init ] --END-- [ RunTime:0.001467s ]
INFO: [ app_begin ] --START--
INFO: Run Behavior\ReadHtmlCacheBehavior [ RunTime:0.001718s ]
INFO: [ app_begin ] --END-- [ RunTime:0.002169s ]
NOTIC: [8] Undefined offset: 1 E:\sbgl\Common\Common\function.php 第 97 行.

[ 2017-05-24T20:44:08+08:00 ] 192.168.199.64 /index.php/Index/login?stu_id=141110065&pwd=123456789
INFO: [ app_init ] --START--
INFO: Run Behavior\BuildLiteBehavior [ RunTime:0.000030s ]
INFO: [ app_init ] --END-- [ RunTime:0.000597s ]
INFO: [ app_begin ] --START--
INFO: Run Behavior\ReadHtmlCacheBehavior [ RunTime:0.000762s ]
INFO: [ app_begin ] --END-- [ RunTime:0.000913s ]
SQL: SHOW COLUMNS FROM `sbgl_user` [ RunTime:0.0009s ]
SQL: SELECT * FROM `sbgl_user` WHERE ( user='141110065' ) LIMIT 1   [ RunTime:0.0004s ]

[ 2017-05-24T20:44:30+08:00 ] 192.168.199.64 /index.php/Index/login?stu_id=141110065&pwd=123456789
INFO: [ app_init ] --START--
INFO: Run Behavior\BuildLiteBehavior [ RunTime:0.000031s ]
INFO: [ app_init ] --END-- [ RunTime:0.000560s ]
INFO: [ app_begin ] --START--
INFO: Run Behavior\ReadHtmlCacheBehavior [ RunTime:0.000563s ]
INFO: [ app_begin ] --END-- [ RunTime:0.000726s ]
SQL: SHOW COLUMNS FROM `sbgl_user` [ RunTime:0.0008s ]
SQL: SELECT * FROM `sbgl_user` WHERE ( user='141110065' ) LIMIT 1   [ RunTime:0.0004s ]

[ 2017-05-24T20:44:36+08:00 ] 192.168.199.64 /index.php/Index/identification?pwd=M446487282
INFO: [ app_init ] --START--
INFO: Run Behavior\BuildLiteBehavior [ RunTime:0.000042s ]
INFO: [ app_init ] --END-- [ RunTime:0.000709s ]
INFO: [ app_begin ] --START--
INFO: Run Behavior\ReadHtmlCacheBehavior [ RunTime:0.000728s ]
INFO: [ app_begin ] --END-- [ RunTime:0.000924s ]
NOTIC: [8] Undefined offset: 1 E:\sbgl\Common\Common\function.php 第 97 行.

[ 2017-05-24T20:44:41+08:00 ] 192.168.199.64 /index.php/Index/logout
INFO: [ app_init ] --START--
INFO: Run Behavior\BuildLiteBehavior [ RunTime:0.000029s ]
INFO: [ app_init ] --END-- [ RunTime:0.000599s ]
INFO: [ app_begin ] --START--
INFO: Run Behavior\ReadHtmlCacheBehavior [ RunTime:0.000752s ]
INFO: [ app_begin ] --END-- [ RunTime:0.000902s ]

[ 2017-05-24T20:44:44+08:00 ] 192.168.199.64 /index.php/Index/logout
INFO: [ app_init ] --START--
INFO: Run Behavior\BuildLiteBehavior [ RunTime:0.000084s ]
INFO: [ app_init ] --END-- [ RunTime:0.001550s ]
INFO: [ app_begin ] --START--
INFO: Run Behavior\ReadHtmlCacheBehavior [ RunTime:0.001474s ]
INFO: [ app_begin ] --END-- [ RunTime:0.001897s ]

[ 2017-05-24T20:51:04+08:00 ] 192.168.199.64 /index.php/Index/login?stu_id=141110065&pwd=123456789
INFO: [ app_init ] --START--
INFO: Run Behavior\BuildLiteBehavior [ RunTime:0.000023s ]
INFO: [ app_init ] --END-- [ RunTime:0.000474s ]
INFO: [ app_begin ] --START--
INFO: Run Behavior\ReadHtmlCacheBehavior [ RunTime:0.000664s ]
INFO: [ app_begin ] --END-- [ RunTime:0.000789s ]
SQL: SHOW COLUMNS FROM `sbgl_user` [ RunTime:0.0009s ]
SQL: SELECT * FROM `sbgl_user` WHERE ( user='141110065' ) LIMIT 1   [ RunTime:0.0003s ]

[ 2017-05-24T20:52:06+08:00 ] 127.0.0.1 /index.php/Index/register/stu_id/141110065/pwd/123456
INFO: [ app_init ] --START--
INFO: Run Behavior\BuildLiteBehavior [ RunTime:0.000046s ]
INFO: [ app_init ] --END-- [ RunTime:0.000676s ]
INFO: [ app_begin ] --START--
INFO: Run Behavior\ReadHtmlCacheBehavior [ RunTime:0.000995s ]
INFO: [ app_begin ] --END-- [ RunTime:0.001129s ]
SQL: SHOW COLUMNS FROM `sbgl_user` [ RunTime:0.0007s ]
SQL: SELECT * FROM `sbgl_user` WHERE ( user=141110065 ) LIMIT 1   [ RunTime:0.0003s ]
NOTIC: [8] Undefined index: validate E:\sbgl\ThinkPHP\Library\Think\Model.class.php 第 1185 行.
NOTIC: [8] Undefined index: email E:\sbgl\ThinkPHP\Library\Think\Model.class.php 第 1217 行.
NOTIC: [8] Undefined index: phone E:\sbgl\ThinkPHP\Library\Think\Model.class.php 第 1217 行.
NOTIC: [8] Undefined index: phone E:\sbgl\ThinkPHP\Library\Think\Model.class.php 第 1217 行.
NOTIC: [8] Undefined index: sphone E:\sbgl\ThinkPHP\Library\Think\Model.class.php 第 1217 行.
NOTIC: [8] Undefined index: sphone E:\sbgl\ThinkPHP\Library\Think\Model.class.php 第 1217 行.
NOTIC: [8] Undefined index: auto E:\sbgl\ThinkPHP\Library\Think\Model.class.php 第 1128 行.
SQL: INSERT INTO `sbgl_user` (`user`,`psd`,`reg_time`) VALUES ('141110065','$2y$10$heEHPXFM1iND3WeVL38IB.00LfgLMXT22YtUf0xBsT0LOX4lKC0zq','1495630326') [ RunTime:0.0004s ]

[ 2017-05-24T20:52:59+08:00 ] 127.0.0.1 /index.php/Index/identification/pwd/M446487282
INFO: [ app_init ] --START--
INFO: Run Behavior\BuildLiteBehavior [ RunTime:0.000025s ]
INFO: [ app_init ] --END-- [ RunTime:0.000552s ]
INFO: [ app_begin ] --START--
INFO: Run Behavior\ReadHtmlCacheBehavior [ RunTime:0.000940s ]
INFO: [ app_begin ] --END-- [ RunTime:0.001067s ]
SQL: SHOW COLUMNS FROM `sbgl_user` [ RunTime:0.0010s ]
SQL: UPDATE `sbgl_user` SET `verify`='1',`username`='刘锡锋',`class`='计算机1402班' WHERE ( user=141110065 ) [ RunTime:0.0005s ]

[ 2017-05-24T20:53:29+08:00 ] 127.0.0.1 /index.php/Index/login/stu_id/141110065/pwd/123456
INFO: [ app_init ] --START--
INFO: Run Behavior\BuildLiteBehavior [ RunTime:0.000023s ]
INFO: [ app_init ] --END-- [ RunTime:0.000469s ]
INFO: [ app_begin ] --START--
INFO: Run Behavior\ReadHtmlCacheBehavior [ RunTime:0.001237s ]
INFO: [ app_begin ] --END-- [ RunTime:0.001457s ]
SQL: SHOW COLUMNS FROM `sbgl_user` [ RunTime:0.0010s ]
SQL: SELECT * FROM `sbgl_user` WHERE ( user='141110065' ) LIMIT 1   [ RunTime:0.0005s ]

[ 2017-05-24T20:54:32+08:00 ] 192.168.199.64 /index.php/Index/identification?pwd=M446487282
INFO: [ app_init ] --START--
INFO: Run Behavior\BuildLiteBehavior [ RunTime:0.000028s ]
INFO: [ app_init ] --END-- [ RunTime:0.000598s ]
INFO: [ app_begin ] --START--
INFO: Run Behavior\ReadHtmlCacheBehavior [ RunTime:0.000850s ]
INFO: [ app_begin ] --END-- [ RunTime:0.001014s ]
NOTIC: [8] Undefined offset: 1 E:\sbgl\Common\Common\function.php 第 97 行.

[ 2017-05-24T20:54:34+08:00 ] 192.168.199.64 /index.php/Index/logout
INFO: [ app_init ] --START--
INFO: Run Behavior\BuildLiteBehavior [ RunTime:0.000022s ]
INFO: [ app_init ] --END-- [ RunTime:0.000448s ]
INFO: [ app_begin ] --START--
INFO: Run Behavior\ReadHtmlCacheBehavior [ RunTime:0.000723s ]
INFO: [ app_begin ] --END-- [ RunTime:0.000838s ]

[ 2017-05-24T20:54:37+08:00 ] 192.168.199.64 /index.php/Index/logout
INFO: [ app_init ] --START--
INFO: Run Behavior\BuildLiteBehavior [ RunTime:0.000046s ]
INFO: [ app_init ] --END-- [ RunTime:0.000939s ]
INFO: [ app_begin ] --START--
INFO: Run Behavior\ReadHtmlCacheBehavior [ RunTime:0.001359s ]
INFO: [ app_begin ] --END-- [ RunTime:0.001588s ]

[ 2017-05-24T20:54:38+08:00 ] 192.168.199.64 /index.php/Index/logout
INFO: [ app_init ] --START--
INFO: Run Behavior\BuildLiteBehavior [ RunTime:0.000079s ]
INFO: [ app_init ] --END-- [ RunTime:0.001737s ]
INFO: [ app_begin ] --START--
INFO: Run Behavior\ReadHtmlCacheBehavior [ RunTime:0.002390s ]
INFO: [ app_begin ] --END-- [ RunTime:0.002786s ]

[ 2017-05-24T20:54:40+08:00 ] 192.168.199.64 /index.php/Index/logout
INFO: [ app_init ] --START--
INFO: Run Behavior\BuildLiteBehavior [ RunTime:0.000040s ]
INFO: [ app_init ] --END-- [ RunTime:0.000818s ]
INFO: [ app_begin ] --START--
INFO: Run Behavior\ReadHtmlCacheBehavior [ RunTime:0.001199s ]
INFO: [ app_begin ] --END-- [ RunTime:0.001401s ]

[ 2017-05-24T20:56:05+08:00 ] 192.168.199.64 /index.php/Index/login?stu_id=141110065&pwd=123456789
INFO: [ app_init ] --START--
INFO: Run Behavior\BuildLiteBehavior [ RunTime:0.000036s ]
INFO: [ app_init ] --END-- [ RunTime:0.000731s ]
INFO: [ app_begin ] --START--
INFO: Run Behavior\ReadHtmlCacheBehavior [ RunTime:0.001033s ]
INFO: [ app_begin ] --END-- [ RunTime:0.001206s ]
SQL: SHOW COLUMNS FROM `sbgl_user` [ RunTime:0.0009s ]
SQL: SELECT * FROM `sbgl_user` WHERE ( user='141110065' ) LIMIT 1   [ RunTime:0.0004s ]
NOTIC: [8] Undefined index: status E:\sbgl\Home\Controller\IndexController.class.php 第 91 行.

[ 2017-05-24T20:56:15+08:00 ] 192.168.199.64 /index.php/Index/login?stu_id=141110065&pwd=123456789
INFO: [ app_init ] --START--
INFO: Run Behavior\BuildLiteBehavior [ RunTime:0.000033s ]
INFO: [ app_init ] --END-- [ RunTime:0.000694s ]
INFO: [ app_begin ] --START--
INFO: Run Behavior\ReadHtmlCacheBehavior [ RunTime:0.001127s ]
INFO: [ app_begin ] --END-- [ RunTime:0.001351s ]
SQL: SHOW COLUMNS FROM `sbgl_user` [ RunTime:0.0008s ]
SQL: SELECT * FROM `sbgl_user` WHERE ( user='141110065' ) LIMIT 1   [ RunTime:0.0003s ]
NOTIC: [8] Undefined index: status E:\sbgl\Home\Controller\IndexController.class.php 第 91 行.

[ 2017-05-24T20:56:22+08:00 ] 192.168.199.64 /index.php/Index/login?stu_id=141110065&pwd=123456
INFO: [ app_init ] --START--
INFO: Run Behavior\BuildLiteBehavior [ RunTime:0.000031s ]
INFO: [ app_init ] --END-- [ RunTime:0.000629s ]
INFO: [ app_begin ] --START--
INFO: Run Behavior\ReadHtmlCacheBehavior [ RunTime:0.000912s ]
INFO: [ app_begin ] --END-- [ RunTime:0.001063s ]
SQL: SHOW COLUMNS FROM `sbgl_user` [ RunTime:0.0008s ]
SQL: SELECT * FROM `sbgl_user` WHERE ( user='141110065' ) LIMIT 1   [ RunTime:0.0004s ]

[ 2017-05-24T20:56:24+08:00 ] 192.168.199.64 /index.php/Index/logout
INFO: [ app_init ] --START--
INFO: Run Behavior\BuildLiteBehavior [ RunTime:0.000040s ]
INFO: [ app_init ] --END-- [ RunTime:0.000747s ]
INFO: [ app_begin ] --START--
INFO: Run Behavior\ReadHtmlCacheBehavior [ RunTime:0.001103s ]
INFO: [ app_begin ] --END-- [ RunTime:0.001323s ]

[ 2017-05-24T20:58:06+08:00 ] 192.168.199.64 /index.php/Index/login?stu_id=141110065&pwd=123456
INFO: [ app_init ] --START--
INFO: Run Behavior\BuildLiteBehavior [ RunTime:0.000042s ]
INFO: [ app_init ] --END-- [ RunTime:0.000883s ]
INFO: [ app_begin ] --START--
INFO: Run Behavior\ReadHtmlCacheBehavior [ RunTime:0.001208s ]
INFO: [ app_begin ] --END-- [ RunTime:0.001440s ]
SQL: SHOW COLUMNS FROM `sbgl_user` [ RunTime:0.0009s ]
SQL: SELECT * FROM `sbgl_user` WHERE ( user='141110065' ) LIMIT 1   [ RunTime:0.0004s ]

[ 2017-05-24T20:58:08+08:00 ] 192.168.199.64 /index.php/Index/logout
INFO: [ app_init ] --START--
INFO: Run Behavior\BuildLiteBehavior [ RunTime:0.000026s ]
INFO: [ app_init ] --END-- [ RunTime:0.000518s ]
INFO: [ app_begin ] --START--
INFO: Run Behavior\ReadHtmlCacheBehavior [ RunTime:0.001173s ]
INFO: [ app_begin ] --END-- [ RunTime:0.001318s ]

[ 2017-05-24T20:58:24+08:00 ] 192.168.199.64 /index.php/Index/register?stu_id=141110065&pwd=123456
INFO: [ app_init ] --START--
INFO: Run Behavior\BuildLiteBehavior [ RunTime:0.000050s ]
INFO: [ app_init ] --END-- [ RunTime:0.001060s ]
INFO: [ app_begin ] --START--
INFO: Run Behavior\ReadHtmlCacheBehavior [ RunTime:0.001451s ]
INFO: [ app_begin ] --END-- [ RunTime:0.001696s ]
SQL: SHOW COLUMNS FROM `sbgl_user` [ RunTime:0.0007s ]
SQL: SELECT * FROM `sbgl_user` WHERE ( user=141110065 ) LIMIT 1   [ RunTime:0.0003s ]

[ 2017-05-24T20:58:36+08:00 ] 192.168.199.64 /index.php/Index/identification?pwd=1234
INFO: [ app_init ] --START--
INFO: Run Behavior\BuildLiteBehavior [ RunTime:0.000032s ]
INFO: [ app_init ] --END-- [ RunTime:0.000662s ]
INFO: [ app_begin ] --START--
INFO: Run Behavior\ReadHtmlCacheBehavior [ RunTime:0.000950s ]
INFO: [ app_begin ] --END-- [ RunTime:0.001109s ]
NOTIC: [8] Undefined offset: 1 E:\sbgl\Common\Common\function.php 第 97 行.

[ 2017-05-24T20:58:44+08:00 ] 192.168.199.64 /index.php/Index/logout
INFO: [ app_init ] --START--
INFO: Run Behavior\BuildLiteBehavior [ RunTime:0.000049s ]
INFO: [ app_init ] --END-- [ RunTime:0.001013s ]
INFO: [ app_begin ] --START--
INFO: Run Behavior\ReadHtmlCacheBehavior [ RunTime:0.001451s ]
INFO: [ app_begin ] --END-- [ RunTime:0.001698s ]

[ 2017-05-24T21:00:59+08:00 ] 192.168.199.64 /index.php/Index/login?stu_id=141110065&pwd=123456
INFO: [ app_init ] --START--
INFO: Run Behavior\BuildLiteBehavior [ RunTime:0.000040s ]
INFO: [ app_init ] --END-- [ RunTime:0.000844s ]
INFO: [ app_begin ] --START--
INFO: Run Behavior\ReadHtmlCacheBehavior [ RunTime:0.001356s ]
INFO: [ app_begin ] --END-- [ RunTime:0.001565s ]
SQL: SHOW COLUMNS FROM `sbgl_user` [ RunTime:0.0012s ]
SQL: SELECT * FROM `sbgl_user` WHERE ( user='141110065' ) LIMIT 1   [ RunTime:0.0005s ]

[ 2017-05-24T21:01:02+08:00 ] 192.168.199.64 /index.php/Index/logout
INFO: [ app_init ] --START--
INFO: Run Behavior\BuildLiteBehavior [ RunTime:0.000041s ]
INFO: [ app_init ] --END-- [ RunTime:0.000886s ]
INFO: [ app_begin ] --START--
INFO: Run Behavior\ReadHtmlCacheBehavior [ RunTime:0.001371s ]
INFO: [ app_begin ] --END-- [ RunTime:0.001613s ]

[ 2017-05-24T21:01:07+08:00 ] 192.168.199.64 /index.php/Index/logout
INFO: [ app_init ] --START--
INFO: Run Behavior\BuildLiteBehavior [ RunTime:0.000057s ]
INFO: [ app_init ] --END-- [ RunTime:0.001035s ]
INFO: [ app_begin ] --START--
INFO: Run Behavior\ReadHtmlCacheBehavior [ RunTime:0.001391s ]
INFO: [ app_begin ] --END-- [ RunTime:0.001661s ]

[ 2017-05-24T21:01:09+08:00 ] 192.168.199.64 /index.php/Index/logout
INFO: [ app_init ] --START--
INFO: Run Behavior\BuildLiteBehavior [ RunTime:0.000033s ]
INFO: [ app_init ] --END-- [ RunTime:0.000682s ]
INFO: [ app_begin ] --START--
INFO: Run Behavior\ReadHtmlCacheBehavior [ RunTime:0.000982s ]
INFO: [ app_begin ] --END-- [ RunTime:0.001166s ]

[ 2017-05-24T21:02:25+08:00 ] 127.0.0.1 /index.php/Device/borrow/
INFO: [ app_init ] --START--
INFO: Run Behavior\BuildLiteBehavior [ RunTime:0.000021s ]
INFO: [ app_init ] --END-- [ RunTime:0.000473s ]
INFO: [ app_begin ] --START--
INFO: Run Behavior\ReadHtmlCacheBehavior [ RunTime:0.001132s ]
INFO: [ app_begin ] --END-- [ RunTime:0.001322s ]
ERR: 参数错误或者未定义:identifier

[ 2017-05-24T21:02:31+08:00 ] 127.0.0.1 /index.php/Device/borrow/identifier/20175757/
INFO: [ app_init ] --START--
INFO: Run Behavior\BuildLiteBehavior [ RunTime:0.000023s ]
INFO: [ app_init ] --END-- [ RunTime:0.000480s ]
INFO: [ app_begin ] --START--
INFO: Run Behavior\ReadHtmlCacheBehavior [ RunTime:0.000668s ]
INFO: [ app_begin ] --END-- [ RunTime:0.000791s ]
ERR: 参数错误或者未定义:number

[ 2017-05-24T21:02:37+08:00 ] 127.0.0.1 /index.php/Device/borrow/identifier/20175757/number/1/
INFO: [ app_init ] --START--
INFO: Run Behavior\BuildLiteBehavior [ RunTime:0.000027s ]
INFO: [ app_init ] --END-- [ RunTime:0.000520s ]
INFO: [ app_begin ] --START--
INFO: Run Behavior\ReadHtmlCacheBehavior [ RunTime:0.000692s ]
INFO: [ app_begin ] --END-- [ RunTime:0.000828s ]
ERR: 参数错误或者未定义:time

[ 2017-05-24T21:02:42+08:00 ] 127.0.0.1 /index.php/Device/borrow/identifier/20175757/number/1/time/1494086400/
INFO: [ app_init ] --START--
INFO: Run Behavior\BuildLiteBehavior [ RunTime:0.000024s ]
INFO: [ app_init ] --END-- [ RunTime:0.000533s ]
INFO: [ app_begin ] --START--
INFO: Run Behavior\ReadHtmlCacheBehavior [ RunTime:0.000680s ]
INFO: [ app_begin ] --END-- [ RunTime:0.000803s ]
ERR: 参数错误或者未定义:return_time

[ 2017-05-24T21:02:50+08:00 ] 192.168.199.64 /index.php/Index/login?stu_id=141110065&pwd=123456
INFO: [ app_init ] --START--
INFO: Run Behavior\BuildLiteBehavior [ RunTime:0.000022s ]
INFO: [ app_init ] --END-- [ RunTime:0.000471s ]
INFO: [ app_begin ] --START--
INFO: Run Behavior\ReadHtmlCacheBehavior [ RunTime:0.000663s ]
INFO: [ app_begin ] --END-- [ RunTime:0.000788s ]
SQL: SHOW COLUMNS FROM `sbgl_user` [ RunTime:0.0010s ]
SQL: SELECT * FROM `sbgl_user` WHERE ( user='141110065' ) LIMIT 1   [ RunTime:0.0004s ]

[ 2017-05-24T21:02:53+08:00 ] 192.168.199.64 /index.php/Index/logout
INFO: [ app_init ] --START--
INFO: Run Behavior\BuildLiteBehavior [ RunTime:0.000040s ]
INFO: [ app_init ] --END-- [ RunTime:0.000831s ]
INFO: [ app_begin ] --START--
INFO: Run Behavior\ReadHtmlCacheBehavior [ RunTime:0.001203s ]
INFO: [ app_begin ] --END-- [ RunTime:0.001408s ]

[ 2017-05-24T21:02:59+08:00 ] 127.0.0.1 /index.php/Device/borrow/identifier/20175757/number/1/time/1494086400/return_time/1494086400
INFO: [ app_init ] --START--
INFO: Run Behavior\BuildLiteBehavior [ RunTime:0.000023s ]
INFO: [ app_init ] --END-- [ RunTime:0.000470s ]
INFO: [ app_begin ] --START--
INFO: Run Behavior\ReadHtmlCacheBehavior [ RunTime:0.000684s ]
INFO: [ app_begin ] --END-- [ RunTime:0.000826s ]
SQL: SHOW COLUMNS FROM `sbgl_borrow` [ RunTime:0.0779s ]
SQL: SELECT `br_id` FROM `sbgl_borrow` WHERE `br_device_identifier` = 20175757 AND `br_actual_time` is null LIMIT 1   [ RunTime:0.0008s ]

[ 2017-05-24T21:03:11+08:00 ] 192.168.199.64 /index.php/Index/register?stu_id=141110065&pwd=123456789
INFO: [ app_init ] --START--
INFO: Run Behavior\BuildLiteBehavior [ RunTime:0.000034s ]
INFO: [ app_init ] --END-- [ RunTime:0.000685s ]
INFO: [ app_begin ] --START--
INFO: Run Behavior\ReadHtmlCacheBehavior [ RunTime:0.001046s ]
INFO: [ app_begin ] --END-- [ RunTime:0.001231s ]
SQL: SHOW COLUMNS FROM `sbgl_user` [ RunTime:0.0007s ]
SQL: SELECT * FROM `sbgl_user` WHERE ( user=141110065 ) LIMIT 1   [ RunTime:0.0003s ]

[ 2017-05-24T21:03:20+08:00 ] 192.168.199.64 /index.php/Index/identification?pwd=123456789
INFO: [ app_init ] --START--
INFO: Run Behavior\BuildLiteBehavior [ RunTime:0.000043s ]
INFO: [ app_init ] --END-- [ RunTime:0.001013s ]
INFO: [ app_begin ] --START--
INFO: Run Behavior\ReadHtmlCacheBehavior [ RunTime:0.001219s ]
INFO: [ app_begin ] --END-- [ RunTime:0.001503s ]
NOTIC: [8] Undefined offset: 1 E:\sbgl\Common\Common\function.php 第 97 行.

[ 2017-05-24T21:04:12+08:00 ] 192.168.199.234 /index.php/Index/register/stu_id/151110193/pwd/123456
INFO: [ app_init ] --START--
INFO: Run Behavior\BuildLiteBehavior [ RunTime:0.000037s ]
INFO: [ app_init ] --END-- [ RunTime:0.000733s ]
INFO: [ app_begin ] --START--
INFO: Run Behavior\ReadHtmlCacheBehavior [ RunTime:0.000992s ]
INFO: [ app_begin ] --END-- [ RunTime:0.001198s ]
SQL: SHOW COLUMNS FROM `sbgl_user` [ RunTime:0.0009s ]
SQL: SELECT * FROM `sbgl_user` WHERE ( user=151110193 ) LIMIT 1   [ RunTime:0.0004s ]
NOTIC: [8] Undefined index: validate E:\sbgl\ThinkPHP\Library\Think\Model.class.php 第 1185 行.
NOTIC: [8] Undefined index: email E:\sbgl\ThinkPHP\Library\Think\Model.class.php 第 1217 行.
NOTIC: [8] Undefined index: phone E:\sbgl\ThinkPHP\Library\Think\Model.class.php 第 1217 行.
NOTIC: [8] Undefined index: phone E:\sbgl\ThinkPHP\Library\Think\Model.class.php 第 1217 行.
NOTIC: [8] Undefined index: sphone E:\sbgl\ThinkPHP\Library\Think\Model.class.php 第 1217 行.
NOTIC: [8] Undefined index: sphone E:\sbgl\ThinkPHP\Library\Think\Model.class.php 第 1217 行.
NOTIC: [8] Undefined index: auto E:\sbgl\ThinkPHP\Library\Think\Model.class.php 第 1128 行.
SQL: INSERT INTO `sbgl_user` (`user`,`psd`,`reg_time`) VALUES ('151110193','$2y$10$AM/D5cIIajeN6aWIwbCY1uqw9EKLcJ.64GnpAJVhk/Nb8FZG3XkRS','1495631052') [ RunTime:0.0006s ]

[ 2017-05-24T21:04:51+08:00 ] 127.0.0.1 /index.php/Device/repair/
INFO: [ app_init ] --START--
INFO: Run Behavior\BuildLiteBehavior [ RunTime:0.000043s ]
INFO: [ app_init ] --END-- [ RunTime:0.000891s ]
INFO: [ app_begin ] --START--
INFO: Run Behavior\ReadHtmlCacheBehavior [ RunTime:0.000939s ]
INFO: [ app_begin ] --END-- [ RunTime:0.001065s ]
ERR: 参数错误或者未定义:identifier

[ 2017-05-24T21:04:56+08:00 ] 127.0.0.1 /index.php/Device/repair/identifier/
INFO: [ app_init ] --START--
INFO: Run Behavior\BuildLiteBehavior [ RunTime:0.000022s ]
INFO: [ app_init ] --END-- [ RunTime:0.000486s ]
INFO: [ app_begin ] --START--
INFO: Run Behavior\ReadHtmlCacheBehavior [ RunTime:0.001010s ]
INFO: [ app_begin ] --END-- [ RunTime:0.001143s ]
ERR: 参数错误或者未定义:identifier

[ 2017-05-24T21:04:58+08:00 ] 127.0.0.1 /index.php/Device/repair/identifier/20170103/
INFO: [ app_init ] --START--
INFO: Run Behavior\BuildLiteBehavior [ RunTime:0.000022s ]
INFO: [ app_init ] --END-- [ RunTime:0.000470s ]
INFO: [ app_begin ] --START--
INFO: Run Behavior\ReadHtmlCacheBehavior [ RunTime:0.000887s ]
INFO: [ app_begin ] --END-- [ RunTime:0.001003s ]
ERR: 参数错误或者未定义:location

[ 2017-05-24T21:05:03+08:00 ] 127.0.0.1 /index.php/Device/repair/identifier/20170103/location/20301/
INFO: [ app_init ] --START--
INFO: Run Behavior\BuildLiteBehavior [ RunTime:0.000023s ]
INFO: [ app_init ] --END-- [ RunTime:0.000471s ]
INFO: [ app_begin ] --START--
INFO: Run Behavior\ReadHtmlCacheBehavior [ RunTime:0.000893s ]
INFO: [ app_begin ] --END-- [ RunTime:0.001010s ]
ERR: 参数错误或者未定义:matter

[ 2017-05-24T21:05:12+08:00 ] 127.0.0.1 /index.php/Device/repair/identifier/20170103/location/20301/matter/%E5%9D%8F
INFO: [ app_init ] --START--
INFO: Run Behavior\BuildLiteBehavior [ RunTime:0.000022s ]
INFO: [ app_init ] --END-- [ RunTime:0.000468s ]
INFO: [ app_begin ] --START--
INFO: Run Behavior\ReadHtmlCacheBehavior [ RunTime:0.001703s ]
INFO: [ app_begin ] --END-- [ RunTime:0.001922s ]
ERR: 参数错误或者未定义:time

[ 2017-05-24T21:05:16+08:00 ] 127.0.0.1 /index.php/Device/repair/identifier/20170103/location/20301/matter/%E5%9D%8F/time/
INFO: [ app_init ] --START--
INFO: Run Behavior\BuildLiteBehavior [ RunTime:0.000026s ]
INFO: [ app_init ] --END-- [ RunTime:0.000627s ]
INFO: [ app_begin ] --START--
INFO: Run Behavior\ReadHtmlCacheBehavior [ RunTime:0.001339s ]
INFO: [ app_begin ] --END-- [ RunTime:0.001544s ]
ERR: 参数错误或者未定义:time

[ 2017-05-24T21:05:26+08:00 ] 127.0.0.1 /index.php/Device/repair/identifier/20170103/location/20301/matter/%E5%9D%8F/time/1425412637
INFO: [ app_init ] --START--
INFO: Run Behavior\BuildLiteBehavior [ RunTime:0.000022s ]
INFO: [ app_init ] --END-- [ RunTime:0.000474s ]
INFO: [ app_begin ] --START--
INFO: Run Behavior\ReadHtmlCacheBehavior [ RunTime:0.000899s ]
INFO: [ app_begin ] --END-- [ RunTime:0.001015s ]
SQL: SHOW COLUMNS FROM `sbgl_device` [ RunTime:0.0010s ]
SQL: SHOW COLUMNS FROM `sbgl_repair` [ RunTime:0.0026s ]
SQL: SELECT * FROM `sbgl_device` WHERE ( dv_identifier=20170103 ) LIMIT 1   [ RunTime:0.0004s ]
NOTIC: [8] Undefined index: validate E:\sbgl\ThinkPHP\Library\Think\Model.class.php 第 1185 行.
NOTIC: [8] Undefined index: rp_person_address E:\sbgl\ThinkPHP\Library\Think\Model.class.php 第 1217 行.
NOTIC: [8] Undefined index: rp_solve E:\sbgl\ThinkPHP\Library\Think\Model.class.php 第 1217 行.
NOTIC: [8] Undefined index: auto E:\sbgl\ThinkPHP\Library\Think\Model.class.php 第 1128 行.
SQL: INSERT INTO `sbgl_repair` (`rp_device_identifier`,`rp_location`,`rp_matter`,`rp_person`,`rp_time`) VALUES ('20170103','20301','坏','141110065','1425412637') [ RunTime:0.0004s ]

[ 2017-05-24T21:07:43+08:00 ] 192.168.199.64 /index.php/Index/logout
INFO: [ app_init ] --START--
INFO: Run Behavior\BuildLiteBehavior [ RunTime:0.000031s ]
INFO: [ app_init ] --END-- [ RunTime:0.000672s ]
INFO: [ app_begin ] --START--
INFO: Run Behavior\ReadHtmlCacheBehavior [ RunTime:0.001050s ]
INFO: [ app_begin ] --END-- [ RunTime:0.001197s ]

[ 2017-05-24T21:13:55+08:00 ] 127.0.0.1 /index.php/Index/getRoom
INFO: [ app_init ] --START--
INFO: Run Behavior\BuildLiteBehavior [ RunTime:0.000065s ]
INFO: [ app_init ] --END-- [ RunTime:0.001160s ]
INFO: [ app_begin ] --START--
INFO: Run Behavior\ReadHtmlCacheBehavior [ RunTime:0.001434s ]
INFO: [ app_begin ] --END-- [ RunTime:0.001709s ]
SQL: SHOW COLUMNS FROM `sbgl_machine_room` [ RunTime:0.0007s ]
SQL: SELECT `mr_room` FROM `sbgl_machine_room`  [ RunTime:0.0002s ]
NOTIC: [8] Undefined variable: mr E:\sbgl\Home\Controller\IndexController.class.php 第 35 行.
INFO: [ app_end ] --START--
INFO: Run Behavior\ShowPageTraceBehavior [ RunTime:0.000717s ]
INFO: [ app_end ] --END-- [ RunTime:0.000837s ]

[ 2017-05-24T21:49:57+08:00 ] 192.168.199.64 /index.php/Index/login?stu_id=141110065&pwd=123456
INFO: [ app_init ] --START--
INFO: Run Behavior\BuildLiteBehavior [ RunTime:0.000030s ]
INFO: [ app_init ] --END-- [ RunTime:0.000626s ]
INFO: [ app_begin ] --START--
INFO: Run Behavior\ReadHtmlCacheBehavior [ RunTime:0.001150s ]
INFO: [ app_begin ] --END-- [ RunTime:0.001305s ]
SQL: SHOW COLUMNS FROM `sbgl_user` [ RunTime:0.0010s ]
SQL: SELECT * FROM `sbgl_user` WHERE ( user='141110065' ) LIMIT 1   [ RunTime:0.0004s ]

[ 2017-05-24T21:52:25+08:00 ] 192.168.199.234 /index.php/Index/login?stu_id=141110065&pwd=123456789
INFO: [ app_init ] --START--
INFO: Run Behavior\BuildLiteBehavior [ RunTime:0.000024s ]
INFO: [ app_init ] --END-- [ RunTime:0.000482s ]
INFO: [ app_begin ] --START--
INFO: Run Behavior\ReadHtmlCacheBehavior [ RunTime:0.001224s ]
INFO: [ app_begin ] --END-- [ RunTime:0.001427s ]
SQL: SHOW COLUMNS FROM `sbgl_user` [ RunTime:0.0010s ]
SQL: SELECT * FROM `sbgl_user` WHERE ( user='141110065' ) LIMIT 1   [ RunTime:0.0004s ]
NOTIC: [8] Undefined index: status E:\sbgl\Home\Controller\IndexController.class.php 第 91 行.

[ 2017-05-24T21:55:55+08:00 ] 192.168.199.64 /index.php/Index/login?stu_id=141110065&pwd=123456789
INFO: [ app_init ] --START--
INFO: Run Behavior\BuildLiteBehavior [ RunTime:0.000061s ]
INFO: [ app_init ] --END-- [ RunTime:0.001197s ]
INFO: [ app_begin ] --START--
INFO: Run Behavior\ReadHtmlCacheBehavior [ RunTime:0.000936s ]
INFO: [ app_begin ] --END-- [ RunTime:0.001055s ]
SQL: SHOW COLUMNS FROM `sbgl_user` [ RunTime:0.0009s ]
SQL: SELECT * FROM `sbgl_user` WHERE ( user='141110065' ) LIMIT 1   [ RunTime:0.0004s ]
NOTIC: [8] Undefined index: status E:\sbgl\Home\Controller\IndexController.class.php 第 91 行.

[ 2017-05-24T21:56:02+08:00 ] 192.168.199.64 /index.php/Index/login?stu_id=141110065&pwd=123456
INFO: [ app_init ] --START--
INFO: Run Behavior\BuildLiteBehavior [ RunTime:0.000026s ]
INFO: [ app_init ] --END-- [ RunTime:0.000517s ]
INFO: [ app_begin ] --START--
INFO: Run Behavior\ReadHtmlCacheBehavior [ RunTime:0.000949s ]
INFO: [ app_begin ] --END-- [ RunTime:0.001069s ]
SQL: SHOW COLUMNS FROM `sbgl_user` [ RunTime:0.0010s ]
SQL: SELECT * FROM `sbgl_user` WHERE ( user='141110065' ) LIMIT 1   [ RunTime:0.0003s ]

[ 2017-05-24T22:00:23+08:00 ] 192.168.199.64 /index.php/Index/login?stu_id=141110065&pwd=123456
INFO: [ app_init ] --START--
INFO: Run Behavior\BuildLiteBehavior [ RunTime:0.000034s ]
INFO: [ app_init ] --END-- [ RunTime:0.000703s ]
INFO: [ app_begin ] --START--
INFO: Run Behavior\ReadHtmlCacheBehavior [ RunTime:0.002083s ]
INFO: [ app_begin ] --END-- [ RunTime:0.002272s ]
SQL: SHOW COLUMNS FROM `sbgl_user` [ RunTime:0.0010s ]
SQL: SELECT * FROM `sbgl_user` WHERE ( user='141110065' ) LIMIT 1   [ RunTime:0.0004s ]

[ 2017-05-24T22:21:36+08:00 ] 192.168.199.64 /index.php/Index/login?stu_id=141110065&pwd=123456
INFO: [ app_init ] --START--
INFO: Run Behavior\BuildLiteBehavior [ RunTime:0.000034s ]
INFO: [ app_init ] --END-- [ RunTime:0.000753s ]
INFO: [ app_begin ] --START--
INFO: Run Behavior\ReadHtmlCacheBehavior [ RunTime:0.000948s ]
INFO: [ app_begin ] --END-- [ RunTime:0.001132s ]
SQL: SHOW COLUMNS FROM `sbgl_user` [ RunTime:0.0012s ]
SQL: SELECT * FROM `sbgl_user` WHERE ( user='141110065' ) LIMIT 1   [ RunTime:0.0006s ]

[ 2017-05-24T22:22:15+08:00 ] 192.168.199.64 /index.php/Index/login?stu_id=141110065&pwd=123456
INFO: [ app_init ] --START--
INFO: Run Behavior\BuildLiteBehavior [ RunTime:0.000035s ]
INFO: [ app_init ] --END-- [ RunTime:0.000646s ]
INFO: [ app_begin ] --START--
INFO: Run Behavior\ReadHtmlCacheBehavior [ RunTime:0.000783s ]
INFO: [ app_begin ] --END-- [ RunTime:0.000989s ]
SQL: SHOW COLUMNS FROM `sbgl_user` [ RunTime:0.0014s ]
SQL: SELECT * FROM `sbgl_user` WHERE ( user='141110065' ) LIMIT 1   [ RunTime:0.0005s ]

[ 2017-05-24T22:26:46+08:00 ] 192.168.199.64 /index.php/Index/login?stu_id=141110065&pwd=123456
INFO: [ app_init ] --START--
INFO: Run Behavior\BuildLiteBehavior [ RunTime:0.000041s ]
INFO: [ app_init ] --END-- [ RunTime:0.000871s ]
INFO: [ app_begin ] --START--
INFO: Run Behavior\ReadHtmlCacheBehavior [ RunTime:0.001916s ]
INFO: [ app_begin ] --END-- [ RunTime:0.002352s ]
SQL: SHOW COLUMNS FROM `sbgl_user` [ RunTime:0.0010s ]
SQL: SELECT * FROM `sbgl_user` WHERE ( user='141110065' ) LIMIT 1   [ RunTime:0.0004s ]

