[ 2017-06-01T14:43:32+08:00 ] 127.0.0.1 /index.php/Index/login/stu_id/151110192/pwd/admin123
INFO: [ app_init ] --START--
INFO: Run Behavior\BuildLiteBehavior [ RunTime:0.000026s ]
INFO: [ app_init ] --END-- [ RunTime:0.000524s ]
INFO: [ app_begin ] --START--
INFO: Run Behavior\ReadHtmlCacheBehavior [ RunTime:0.000869s ]
INFO: [ app_begin ] --END-- [ RunTime:0.001017s ]
SQL: SHOW COLUMNS FROM `sbgl_user` [ RunTime:0.0009s ]
SQL: SELECT * FROM `sbgl_user` WHERE ( user='151110192' ) LIMIT 1   [ RunTime:0.0004s ]

[ 2017-06-01T14:44:22+08:00 ] 127.0.0.1 /index.php/MachineRoom/getRoom/session_id/vhhanopvt0utcej5vk051htra1/signature/ddfae94ccbaddc576940d0f5f4146d74
INFO: [ app_init ] --START--
INFO: Run Behavior\BuildLiteBehavior [ RunTime:0.000027s ]
INFO: [ app_init ] --END-- [ RunTime:0.000517s ]
INFO: [ app_begin ] --START--
INFO: Run Behavior\ReadHtmlCacheBehavior [ RunTime:0.000795s ]
INFO: [ app_begin ] --END-- [ RunTime:0.000925s ]
NOTIC: [8] Undefined index: timestamp E:\sbgl\Tools\IndexController.class.php 第 23 行.
SQL: SHOW COLUMNS FROM `sbgl_machine_room` [ RunTime:0.0008s ]
SQL: SELECT `mr_room` FROM `sbgl_machine_room`  [ RunTime:0.0003s ]

[ 2017-06-01T14:45:27+08:00 ] 127.0.0.1 /index.php/MachineRoom/getRoom/session_id/vhhanopvt0utcej5vk051htra1/signature/ddfae94ccbaddc576940d0f5f4146d74
INFO: [ app_init ] --START--
INFO: Run Behavior\BuildLiteBehavior [ RunTime:0.000023s ]
INFO: [ app_init ] --END-- [ RunTime:0.000429s ]
INFO: [ app_begin ] --START--
INFO: Run Behavior\ReadHtmlCacheBehavior [ RunTime:0.000645s ]
INFO: [ app_begin ] --END-- [ RunTime:0.000797s ]
NOTIC: [8] Undefined index: timestamp E:\sbgl\Tools\IndexController.class.php 第 23 行.
SQL: SHOW COLUMNS FROM `sbgl_machine_room` [ RunTime:0.0015s ]
SQL: SELECT `mr_room` FROM `sbgl_machine_room` ORDER BY mr_sort asc  [ RunTime:0.0003s ]

[ 2017-06-01T14:45:51+08:00 ] 127.0.0.1 /index.php/MachineRoom/getRoom/session_id/vhhanopvt0utcej5vk051htra1/signature/ddfae94ccbaddc576940d0f5f4146d74
INFO: [ app_init ] --START--
INFO: Run Behavior\BuildLiteBehavior [ RunTime:0.000021s ]
INFO: [ app_init ] --END-- [ RunTime:0.000430s ]
INFO: [ app_begin ] --START--
INFO: Run Behavior\ReadHtmlCacheBehavior [ RunTime:0.000479s ]
INFO: [ app_begin ] --END-- [ RunTime:0.000622s ]
NOTIC: [8] Undefined index: timestamp E:\sbgl\Tools\IndexController.class.php 第 23 行.
SQL: SHOW COLUMNS FROM `sbgl_machine_room` [ RunTime:0.0007s ]
SQL: SELECT `mr_room` FROM `sbgl_machine_room` ORDER BY mr_sort asc  [ RunTime:0.0002s ]

[ 2017-06-01T15:06:03+08:00 ] 127.0.0.1 /index.php/MachineRoom/getRoom/session_id/vhhanopvt0utcej5vk051htra1/signature/ddfae94ccbaddc576940d0f5f4146d74
INFO: [ app_init ] --START--
INFO: Run Behavior\BuildLiteBehavior [ RunTime:0.000021s ]
INFO: [ app_init ] --END-- [ RunTime:0.000514s ]
INFO: [ app_begin ] --START--
INFO: Run Behavior\ReadHtmlCacheBehavior [ RunTime:0.000884s ]
INFO: [ app_begin ] --END-- [ RunTime:0.001041s ]
NOTIC: [8] Undefined index: timestamp E:\sbgl\Tools\IndexController.class.php 第 23 行.
SQL: SHOW COLUMNS FROM `sbgl_machine_room` [ RunTime:0.0007s ]
SQL: SELECT `mr_room` FROM `sbgl_machine_room` ORDER BY mr_sort asc  [ RunTime:0.0003s ]
NOTIC: [8] Undefined index: mr_id E:\sbgl\Home\Controller\MachineRoomController.class.php 第 35 行.
NOTIC: [8] Undefined index: mr_id E:\sbgl\Home\Controller\MachineRoomController.class.php 第 35 行.
NOTIC: [8] Undefined index: mr_id E:\sbgl\Home\Controller\MachineRoomController.class.php 第 35 行.

[ 2017-06-01T15:06:27+08:00 ] 127.0.0.1 /index.php/MachineRoom/getRoom/session_id/vhhanopvt0utcej5vk051htra1/signature/ddfae94ccbaddc576940d0f5f4146d74
INFO: [ app_init ] --START--
INFO: Run Behavior\BuildLiteBehavior [ RunTime:0.000023s ]
INFO: [ app_init ] --END-- [ RunTime:0.000431s ]
INFO: [ app_begin ] --START--
INFO: Run Behavior\ReadHtmlCacheBehavior [ RunTime:0.000682s ]
INFO: [ app_begin ] --END-- [ RunTime:0.000815s ]
NOTIC: [8] Undefined index: timestamp E:\sbgl\Tools\IndexController.class.php 第 23 行.
SQL: SHOW COLUMNS FROM `sbgl_machine_room` [ RunTime:0.0007s ]
SQL: SELECT `mr_id`,`mr_room` FROM `sbgl_machine_room` ORDER BY mr_sort asc  [ RunTime:0.0002s ]

