[ 2017-05-30T20:50:52+08:00 ] 127.0.0.1 /index.php/Index/login/stu_id/151110192/pwd/admin123
INFO: [ app_init ] --START--
INFO: Run Behavior\BuildLiteBehavior [ RunTime:0.000026s ]
INFO: [ app_init ] --END-- [ RunTime:0.000557s ]
INFO: [ app_begin ] --START--
INFO: Run Behavior\ReadHtmlCacheBehavior [ RunTime:0.002908s ]
INFO: [ app_begin ] --END-- [ RunTime:0.003091s ]
SQL: SHOW COLUMNS FROM `sbgl_user` [ RunTime:0.0020s ]
SQL: SELECT * FROM `sbgl_user` WHERE ( user='151110192' ) LIMIT 1   [ RunTime:0.0004s ]

[ 2017-05-30T20:52:09+08:00 ] 127.0.0.1 /index.php/MachineRoom/getLog/session_id/920qkm9d4ic1aa3ndre73d7ga1/signature/d7c931788ccaee552e6d278065640d87
INFO: [ app_init ] --START--
INFO: Run Behavior\BuildLiteBehavior [ RunTime:0.000023s ]
INFO: [ app_init ] --END-- [ RunTime:0.000438s ]
INFO: [ app_begin ] --START--
INFO: Run Behavior\ReadHtmlCacheBehavior [ RunTime:0.000690s ]
INFO: [ app_begin ] --END-- [ RunTime:0.000835s ]
NOTIC: [8] Undefined index: timestamp E:\sbgl\Tools\IndexController.class.php 第 21 行.
SQL: SHOW COLUMNS FROM `sbgl_machine_room_log` [ RunTime:0.0038s ]
SQL: SELECT `mrl_time`,`mr_room`,`mrl_contents` FROM `sbgl_machine_room_log` LEFT JOIN sbgl_machine_room ON sbgl_machine_room_log.mrl_place=sbgl_machine_room.mr_id  ORDER BY mrl_time desc  [ RunTime:0.0008s ]
SQL: SELECT * FROM `sbgl_machine_room_log`  [ RunTime:0.0002s ]

[ 2017-05-30T20:52:48+08:00 ] 127.0.0.1 /index.php/MachineRoom/getLog/session_id/920qkm9d4ic1aa3ndre73d7ga1/signature/d7c931788ccaee552e6d278065640d87
INFO: [ app_init ] --START--
INFO: Run Behavior\BuildLiteBehavior [ RunTime:0.000031s ]
INFO: [ app_init ] --END-- [ RunTime:0.000444s ]
INFO: [ app_begin ] --START--
INFO: Run Behavior\ReadHtmlCacheBehavior [ RunTime:0.000775s ]
INFO: [ app_begin ] --END-- [ RunTime:0.000897s ]
NOTIC: [8] Undefined index: timestamp E:\sbgl\Tools\IndexController.class.php 第 21 行.
SQL: SHOW COLUMNS FROM `sbgl_machine_room_log` [ RunTime:0.0031s ]
SQL: SELECT `mrl_time`,`mr_room`,`mrl_contents` FROM `sbgl_machine_room_log` LEFT JOIN sbgl_machine_room ON sbgl_machine_room_log.mrl_place=sbgl_machine_room.mr_id  ORDER BY mrl_time desc  [ RunTime:0.0005s ]

[ 2017-05-30T20:58:24+08:00 ] 127.0.0.1 /index.php/MachineRoom/getLog/session_id/920qkm9d4ic1aa3ndre73d7ga1/signature/d7c931788ccaee552e6d278065640d87
INFO: [ app_init ] --START--
INFO: Run Behavior\BuildLiteBehavior [ RunTime:0.000033s ]
INFO: [ app_init ] --END-- [ RunTime:0.000508s ]
INFO: [ app_begin ] --START--
INFO: Run Behavior\ReadHtmlCacheBehavior [ RunTime:0.000781s ]
INFO: [ app_begin ] --END-- [ RunTime:0.000888s ]
NOTIC: [8] Undefined index: timestamp E:\sbgl\Tools\IndexController.class.php 第 23 行.
SQL: SHOW COLUMNS FROM `sbgl_machine_room_log` [ RunTime:0.0030s ]
SQL: SELECT `mrl_time`,`mr_room`,`mrl_contents` FROM `sbgl_machine_room_log` LEFT JOIN sbgl_machine_room ON sbgl_machine_room_log.mrl_place=sbgl_machine_room.mr_id  ORDER BY mrl_time desc  [ RunTime:0.0005s ]

[ 2017-05-30T20:58:30+08:00 ] 127.0.0.1 /index.php/MachineRoom/getLog/session_id/920qkm9d4ic1a3ndre73d7ga1/signature/d7c931788ccaee552e6d278065640d87
INFO: [ app_init ] --START--
INFO: Run Behavior\BuildLiteBehavior [ RunTime:0.000023s ]
INFO: [ app_init ] --END-- [ RunTime:0.000428s ]
INFO: [ app_begin ] --START--
INFO: Run Behavior\ReadHtmlCacheBehavior [ RunTime:0.000711s ]
INFO: [ app_begin ] --END-- [ RunTime:0.000838s ]
NOTIC: [8] Undefined index: timestamp E:\sbgl\Tools\IndexController.class.php 第 23 行.

[ 2017-05-30T20:58:34+08:00 ] 127.0.0.1 /index.php/MachineRoom/getLog/session_id/920qkm9d4ic1aa3ndre73d7ga1/signature/d7c931788ccaee552e6d278065640d87
INFO: [ app_init ] --START--
INFO: Run Behavior\BuildLiteBehavior [ RunTime:0.000037s ]
INFO: [ app_init ] --END-- [ RunTime:0.000623s ]
INFO: [ app_begin ] --START--
INFO: Run Behavior\ReadHtmlCacheBehavior [ RunTime:0.000972s ]
INFO: [ app_begin ] --END-- [ RunTime:0.001166s ]
NOTIC: [8] Undefined index: timestamp E:\sbgl\Tools\IndexController.class.php 第 23 行.
SQL: SHOW COLUMNS FROM `sbgl_machine_room_log` [ RunTime:0.0030s ]
SQL: SELECT `mrl_time`,`mr_room`,`mrl_contents` FROM `sbgl_machine_room_log` LEFT JOIN sbgl_machine_room ON sbgl_machine_room_log.mrl_place=sbgl_machine_room.mr_id  ORDER BY mrl_time desc  [ RunTime:0.0012s ]

[ 2017-05-30T21:04:38+08:00 ] 127.0.0.1 /index.php/MachineRoom/getLog/session_id/920qkm9d4ic1aa3ndre73d7ga1/signature/d7c931788ccaee552e6d278065640d87
INFO: [ app_init ] --START--
INFO: Run Behavior\BuildLiteBehavior [ RunTime:0.000022s ]
INFO: [ app_init ] --END-- [ RunTime:0.000458s ]
INFO: [ app_begin ] --START--
INFO: Run Behavior\ReadHtmlCacheBehavior [ RunTime:0.000807s ]
INFO: [ app_begin ] --END-- [ RunTime:0.000925s ]
NOTIC: [8] Undefined index: timestamp E:\sbgl\Tools\IndexController.class.php 第 23 行.
SQL: SHOW COLUMNS FROM `sbgl_machine_room_log` [ RunTime:0.0030s ]
SQL: SELECT `mrl_time`,`mr_room`,`mrl_contents` FROM `sbgl_machine_room_log` LEFT JOIN sbgl_machine_room ON sbgl_machine_room_log.mrl_place=sbgl_machine_room.mr_id  ORDER BY mrl_time desc  [ RunTime:0.0006s ]

[ 2017-05-30T21:04:41+08:00 ] 127.0.0.1 /index.php/MachineRoom/getLog/session_id/920qkm9d4ic1aa3ndre73d7ga1/signature/d7c931788ccaee552e6d278065640d87
INFO: [ app_init ] --START--
INFO: Run Behavior\BuildLiteBehavior [ RunTime:0.000030s ]
INFO: [ app_init ] --END-- [ RunTime:0.000418s ]
INFO: [ app_begin ] --START--
INFO: Run Behavior\ReadHtmlCacheBehavior [ RunTime:0.002236s ]
INFO: [ app_begin ] --END-- [ RunTime:0.002527s ]
NOTIC: [8] Undefined index: timestamp E:\sbgl\Tools\IndexController.class.php 第 23 行.
SQL: SHOW COLUMNS FROM `sbgl_machine_room_log` [ RunTime:0.0009s ]
SQL: SELECT `mrl_time`,`mr_room`,`mrl_contents` FROM `sbgl_machine_room_log` LEFT JOIN sbgl_machine_room ON sbgl_machine_room_log.mrl_place=sbgl_machine_room.mr_id  ORDER BY mrl_time desc  [ RunTime:0.0004s ]

[ 2017-05-30T21:05:02+08:00 ] 127.0.0.1 /index.php/MachineRoom/getLog/session_id/920qkm9d4ic1aa3ndre73d7ga1/signature/d7c931788ccaee552e6d278065640d87
INFO: [ app_init ] --START--
INFO: Run Behavior\BuildLiteBehavior [ RunTime:0.000041s ]
INFO: [ app_init ] --END-- [ RunTime:0.000667s ]
INFO: [ app_begin ] --START--
INFO: Run Behavior\ReadHtmlCacheBehavior [ RunTime:0.000671s ]
INFO: [ app_begin ] --END-- [ RunTime:0.000785s ]

[ 2017-05-30T21:05:29+08:00 ] 127.0.0.1 /index.php/MachineRoom/getLog/session_id/920qkm9d4ic1aa3ndre73d7ga1/signature/d7c931788ccaee552e6d278065640d87
INFO: [ app_init ] --START--
INFO: Run Behavior\BuildLiteBehavior [ RunTime:0.000022s ]
INFO: [ app_init ] --END-- [ RunTime:0.000447s ]
INFO: [ app_begin ] --START--
INFO: Run Behavior\ReadHtmlCacheBehavior [ RunTime:0.000650s ]
INFO: [ app_begin ] --END-- [ RunTime:0.000759s ]
NOTIC: [8] Undefined index: timestamp E:\sbgl\Tools\IndexController.class.php 第 23 行.
SQL: SHOW COLUMNS FROM `sbgl_machine_room_log` [ RunTime:0.0008s ]
SQL: SELECT `mrl_time`,`mr_room`,`mrl_contents` FROM `sbgl_machine_room_log` LEFT JOIN sbgl_machine_room ON sbgl_machine_room_log.mrl_place=sbgl_machine_room.mr_id  ORDER BY mrl_time desc  [ RunTime:0.0004s ]

