[ 2017-05-22T13:06:49+08:00 ] 127.0.0.1 /index.php/Index/register/stu_id/151110188/pwd/123456
INFO: [ app_init ] --START--
INFO: Run Behavior\BuildLiteBehavior [ RunTime:0.000025s ]
INFO: [ app_init ] --END-- [ RunTime:0.000500s ]
INFO: [ app_begin ] --START--
INFO: Run Behavior\ReadHtmlCacheBehavior [ RunTime:0.000652s ]
INFO: [ app_begin ] --END-- [ RunTime:0.000768s ]
ERR: SQLSTATE[HY000] [2002] ”…”⁄ƒø±Íº∆À„ª˙ª˝º´æ‹æ¯£¨Œﬁ∑®¡¨Ω”°£


[ 2017-05-22T13:07:23+08:00 ] 127.0.0.1 /index.php/Index/register/stu_id/151110188
INFO: [ app_init ] --START--
INFO: Run Behavior\BuildLiteBehavior [ RunTime:0.000022s ]
INFO: [ app_init ] --END-- [ RunTime:0.000383s ]
INFO: [ app_begin ] --START--
INFO: Run Behavior\ReadHtmlCacheBehavior [ RunTime:0.000397s ]
INFO: [ app_begin ] --END-- [ RunTime:0.000501s ]
ERR: ÂèÇÊï∞ÈîôËØØÊàñËÄÖÊú™ÂÆö‰πâ:pwd

[ 2017-05-22T13:07:29+08:00 ] 127.0.0.1 /index.php/Index/register/stu_id/151110188/pwd/123456
INFO: [ app_init ] --START--
INFO: Run Behavior\BuildLiteBehavior [ RunTime:0.000023s ]
INFO: [ app_init ] --END-- [ RunTime:0.000400s ]
INFO: [ app_begin ] --START--
INFO: Run Behavior\ReadHtmlCacheBehavior [ RunTime:0.000409s ]
INFO: [ app_begin ] --END-- [ RunTime:0.000513s ]
SQL: SHOW COLUMNS FROM `sbgl_user` [ RunTime:0.0435s ]
SQL: SELECT * FROM `sbgl_user` WHERE ( user=151110188 ) LIMIT 1   [ RunTime:0.0004s ]
NOTIC: [8] Undefined index: validate E:\sbgl\ThinkPHP\Library\Think\Model.class.php Á¨¨ 1185 Ë°å.
NOTIC: [8] Undefined index: sphone E:\sbgl\ThinkPHP\Library\Think\Model.class.php Á¨¨ 1217 Ë°å.
NOTIC: [8] Undefined index: sphone E:\sbgl\ThinkPHP\Library\Think\Model.class.php Á¨¨ 1217 Ë°å.
NOTIC: [8] Undefined index: auto E:\sbgl\ThinkPHP\Library\Think\Model.class.php Á¨¨ 1128 Ë°å.
SQL: INSERT INTO `sbgl_user` (`user`,`psd`,`reg_time`) VALUES ('151110188','$2y$10$CcswkhdzPj632ktnzoShCu6b7wF8WKQzZGya.WEhnMTZdslyqSIhe','1495429649') [ RunTime:0.0012s ]

[ 2017-05-22T13:08:18+08:00 ] 127.0.0.1 /index.php/Index/identification/
INFO: [ app_init ] --START--
INFO: Run Behavior\BuildLiteBehavior [ RunTime:0.000021s ]
INFO: [ app_init ] --END-- [ RunTime:0.000385s ]
INFO: [ app_begin ] --START--
INFO: Run Behavior\ReadHtmlCacheBehavior [ RunTime:0.000399s ]
INFO: [ app_begin ] --END-- [ RunTime:0.000503s ]
ERR: ÂèÇÊï∞ÈîôËØØÊàñËÄÖÊú™ÂÆö‰πâ:pwd

[ 2017-05-22T13:08:24+08:00 ] 127.0.0.1 /index.php/Index/identification/pwd/123456789
INFO: [ app_init ] --START--
INFO: Run Behavior\BuildLiteBehavior [ RunTime:0.000021s ]
INFO: [ app_init ] --END-- [ RunTime:0.000386s ]
INFO: [ app_begin ] --START--
INFO: Run Behavior\ReadHtmlCacheBehavior [ RunTime:0.000404s ]
INFO: [ app_begin ] --END-- [ RunTime:0.000510s ]
NOTIC: [8] Undefined offset: 1 E:\sbgl\Common\Common\function.php Á¨¨ 97 Ë°å.

[ 2017-05-22T13:09:45+08:00 ] 192.168.36.9 /index.php/Index/register?stu_id=141010160&pwd=123456
INFO: [ app_init ] --START--
INFO: Run Behavior\BuildLiteBehavior [ RunTime:0.000034s ]
INFO: [ app_init ] --END-- [ RunTime:0.000695s ]
INFO: [ app_begin ] --START--
INFO: Run Behavior\ReadHtmlCacheBehavior [ RunTime:0.000882s ]
INFO: [ app_begin ] --END-- [ RunTime:0.001050s ]
SQL: SHOW COLUMNS FROM `sbgl_user` [ RunTime:0.0014s ]
SQL: SELECT * FROM `sbgl_user` WHERE ( user=141010160 ) LIMIT 1   [ RunTime:0.0005s ]
NOTIC: [8] Undefined index: validate E:\sbgl\ThinkPHP\Library\Think\Model.class.php Á¨¨ 1185 Ë°å.
NOTIC: [8] Undefined index: sphone E:\sbgl\ThinkPHP\Library\Think\Model.class.php Á¨¨ 1217 Ë°å.
NOTIC: [8] Undefined index: sphone E:\sbgl\ThinkPHP\Library\Think\Model.class.php Á¨¨ 1217 Ë°å.
NOTIC: [8] Undefined index: auto E:\sbgl\ThinkPHP\Library\Think\Model.class.php Á¨¨ 1128 Ë°å.
SQL: INSERT INTO `sbgl_user` (`user`,`psd`,`reg_time`) VALUES ('141010160','$2y$10$aa3jJnHQFdJUGaTrZHbYnuwF/yqeERBnGOcTyNGzEpAiyBqIXmjAC','1495429784') [ RunTime:0.0004s ]

[ 2017-05-22T13:09:51+08:00 ] 192.168.36.9 /index.php/Index/register?stu_id=141010160&pwd=123456
INFO: [ app_init ] --START--
INFO: Run Behavior\BuildLiteBehavior [ RunTime:0.000028s ]
INFO: [ app_init ] --END-- [ RunTime:0.000494s ]
INFO: [ app_begin ] --START--
INFO: Run Behavior\ReadHtmlCacheBehavior [ RunTime:0.000503s ]
INFO: [ app_begin ] --END-- [ RunTime:0.000639s ]
SQL: SHOW COLUMNS FROM `sbgl_user` [ RunTime:0.0010s ]
SQL: SELECT * FROM `sbgl_user` WHERE ( user=141010160 ) LIMIT 1   [ RunTime:0.0003s ]
NOTIC: [8] Undefined index: validate E:\sbgl\ThinkPHP\Library\Think\Model.class.php Á¨¨ 1185 Ë°å.
NOTIC: [8] Undefined index: sphone E:\sbgl\ThinkPHP\Library\Think\Model.class.php Á¨¨ 1217 Ë°å.
NOTIC: [8] Undefined index: sphone E:\sbgl\ThinkPHP\Library\Think\Model.class.php Á¨¨ 1217 Ë°å.
NOTIC: [8] Undefined index: auto E:\sbgl\ThinkPHP\Library\Think\Model.class.php Á¨¨ 1128 Ë°å.
SQL: UPDATE `sbgl_user` SET `user`='141010160',`psd`='$2y$10$qpDPnfkYOv7MVF/DFQasP.D1sMJBc99WALnQxmlO/72tePFLLmqo6',`reg_time`='1495429791' WHERE ( user=141010160 ) [ RunTime:0.0005s ]

[ 2017-05-22T13:09:52+08:00 ] 192.168.36.9 /index.php/Index/register?stu_id=141010160&pwd=123456
INFO: [ app_init ] --START--
INFO: Run Behavior\BuildLiteBehavior [ RunTime:0.000040s ]
INFO: [ app_init ] --END-- [ RunTime:0.000701s ]
INFO: [ app_begin ] --START--
INFO: Run Behavior\ReadHtmlCacheBehavior [ RunTime:0.000723s ]
INFO: [ app_begin ] --END-- [ RunTime:0.000919s ]
SQL: SHOW COLUMNS FROM `sbgl_user` [ RunTime:0.0012s ]
SQL: SELECT * FROM `sbgl_user` WHERE ( user=141010160 ) LIMIT 1   [ RunTime:0.0005s ]
NOTIC: [8] Undefined index: validate E:\sbgl\ThinkPHP\Library\Think\Model.class.php Á¨¨ 1185 Ë°å.
NOTIC: [8] Undefined index: sphone E:\sbgl\ThinkPHP\Library\Think\Model.class.php Á¨¨ 1217 Ë°å.
NOTIC: [8] Undefined index: sphone E:\sbgl\ThinkPHP\Library\Think\Model.class.php Á¨¨ 1217 Ë°å.
NOTIC: [8] Undefined index: auto E:\sbgl\ThinkPHP\Library\Think\Model.class.php Á¨¨ 1128 Ë°å.
SQL: UPDATE `sbgl_user` SET `user`='141010160',`psd`='$2y$10$HnCfhzxq0x70IKqtKK5YvOtukWRWulH.gSwsysLTaH3y48pe44VnW',`reg_time`='1495429792' WHERE ( user=141010160 ) [ RunTime:0.0004s ]

[ 2017-05-22T13:09:53+08:00 ] 192.168.36.9 /index.php/Index/register?stu_id=141010160&pwd=123456
INFO: [ app_init ] --START--
INFO: Run Behavior\BuildLiteBehavior [ RunTime:0.000057s ]
INFO: [ app_init ] --END-- [ RunTime:0.000746s ]
INFO: [ app_begin ] --START--
INFO: Run Behavior\ReadHtmlCacheBehavior [ RunTime:0.000624s ]
INFO: [ app_begin ] --END-- [ RunTime:0.000790s ]
SQL: SHOW COLUMNS FROM `sbgl_user` [ RunTime:0.0011s ]
SQL: SELECT * FROM `sbgl_user` WHERE ( user=141010160 ) LIMIT 1   [ RunTime:0.0004s ]
NOTIC: [8] Undefined index: validate E:\sbgl\ThinkPHP\Library\Think\Model.class.php Á¨¨ 1185 Ë°å.
NOTIC: [8] Undefined index: sphone E:\sbgl\ThinkPHP\Library\Think\Model.class.php Á¨¨ 1217 Ë°å.
NOTIC: [8] Undefined index: sphone E:\sbgl\ThinkPHP\Library\Think\Model.class.php Á¨¨ 1217 Ë°å.
NOTIC: [8] Undefined index: auto E:\sbgl\ThinkPHP\Library\Think\Model.class.php Á¨¨ 1128 Ë°å.
SQL: UPDATE `sbgl_user` SET `user`='141010160',`psd`='$2y$10$CmE6PAaHc/QGPp4OjSBD5OMf3kptstNSivsFAciMpYWN5RH2iDDOC',`reg_time`='1495429793' WHERE ( user=141010160 ) [ RunTime:0.0007s ]

[ 2017-05-22T13:09:54+08:00 ] 192.168.36.9 /index.php/Index/register?stu_id=141010160&pwd=123456
INFO: [ app_init ] --START--
INFO: Run Behavior\BuildLiteBehavior [ RunTime:0.000065s ]
INFO: [ app_init ] --END-- [ RunTime:0.001182s ]
INFO: [ app_begin ] --START--
INFO: Run Behavior\ReadHtmlCacheBehavior [ RunTime:0.001114s ]
INFO: [ app_begin ] --END-- [ RunTime:0.001424s ]
SQL: SHOW COLUMNS FROM `sbgl_user` [ RunTime:0.0015s ]
SQL: SELECT * FROM `sbgl_user` WHERE ( user=141010160 ) LIMIT 1   [ RunTime:0.0007s ]
NOTIC: [8] Undefined index: validate E:\sbgl\ThinkPHP\Library\Think\Model.class.php Á¨¨ 1185 Ë°å.
NOTIC: [8] Undefined index: sphone E:\sbgl\ThinkPHP\Library\Think\Model.class.php Á¨¨ 1217 Ë°å.
NOTIC: [8] Undefined index: sphone E:\sbgl\ThinkPHP\Library\Think\Model.class.php Á¨¨ 1217 Ë°å.
NOTIC: [8] Undefined index: auto E:\sbgl\ThinkPHP\Library\Think\Model.class.php Á¨¨ 1128 Ë°å.
SQL: UPDATE `sbgl_user` SET `user`='141010160',`psd`='$2y$10$9GDyRAxqIp.PAhUiPzupbepMMU2lLoUqZji7Qrl5fBqK0Dr4YN1Ne',`reg_time`='1495429794' WHERE ( user=141010160 ) [ RunTime:0.0004s ]

[ 2017-05-22T13:09:54+08:00 ] 192.168.36.9 /index.php/Index/register?stu_id=141010160&pwd=123456
INFO: [ app_init ] --START--
INFO: Run Behavior\BuildLiteBehavior [ RunTime:0.000037s ]
INFO: [ app_init ] --END-- [ RunTime:0.000664s ]
INFO: [ app_begin ] --START--
INFO: Run Behavior\ReadHtmlCacheBehavior [ RunTime:0.000673s ]
INFO: [ app_begin ] --END-- [ RunTime:0.000858s ]
SQL: SHOW COLUMNS FROM `sbgl_user` [ RunTime:0.0012s ]
SQL: SELECT * FROM `sbgl_user` WHERE ( user=141010160 ) LIMIT 1   [ RunTime:0.0005s ]
NOTIC: [8] Undefined index: validate E:\sbgl\ThinkPHP\Library\Think\Model.class.php Á¨¨ 1185 Ë°å.
NOTIC: [8] Undefined index: sphone E:\sbgl\ThinkPHP\Library\Think\Model.class.php Á¨¨ 1217 Ë°å.
NOTIC: [8] Undefined index: sphone E:\sbgl\ThinkPHP\Library\Think\Model.class.php Á¨¨ 1217 Ë°å.
NOTIC: [8] Undefined index: auto E:\sbgl\ThinkPHP\Library\Think\Model.class.php Á¨¨ 1128 Ë°å.
SQL: UPDATE `sbgl_user` SET `user`='141010160',`psd`='$2y$10$qi9ZPLtIQgKG5byF7iEYK.DeRnm/Li5PQwTwpA.EBIofVmUmTbTWC',`reg_time`='1495429794' WHERE ( user=141010160 ) [ RunTime:0.0004s ]

[ 2017-05-22T13:09:56+08:00 ] 192.168.36.9 /index.php/Index/register?stu_id=141010160&pwd=123456
INFO: [ app_init ] --START--
INFO: Run Behavior\BuildLiteBehavior [ RunTime:0.000079s ]
INFO: [ app_init ] --END-- [ RunTime:0.001393s ]
INFO: [ app_begin ] --START--
INFO: Run Behavior\ReadHtmlCacheBehavior [ RunTime:0.001540s ]
INFO: [ app_begin ] --END-- [ RunTime:0.001942s ]
SQL: SHOW COLUMNS FROM `sbgl_user` [ RunTime:0.0015s ]
SQL: SELECT * FROM `sbgl_user` WHERE ( user=141010160 ) LIMIT 1   [ RunTime:0.0006s ]
NOTIC: [8] Undefined index: validate E:\sbgl\ThinkPHP\Library\Think\Model.class.php Á¨¨ 1185 Ë°å.
NOTIC: [8] Undefined index: sphone E:\sbgl\ThinkPHP\Library\Think\Model.class.php Á¨¨ 1217 Ë°å.
NOTIC: [8] Undefined index: sphone E:\sbgl\ThinkPHP\Library\Think\Model.class.php Á¨¨ 1217 Ë°å.
NOTIC: [8] Undefined index: auto E:\sbgl\ThinkPHP\Library\Think\Model.class.php Á¨¨ 1128 Ë°å.
SQL: UPDATE `sbgl_user` SET `user`='141010160',`psd`='$2y$10$tqD2BP16e5vUl9MUBUZztOBSW5mUfGgCwjMNDMvv5EsdvIUjkbuyy',`reg_time`='1495429796' WHERE ( user=141010160 ) [ RunTime:0.0004s ]

[ 2017-05-22T13:09:57+08:00 ] 192.168.36.9 /index.php/Index/register?stu_id=141010160&pwd=123456
INFO: [ app_init ] --START--
INFO: Run Behavior\BuildLiteBehavior [ RunTime:0.000036s ]
INFO: [ app_init ] --END-- [ RunTime:0.000612s ]
INFO: [ app_begin ] --START--
INFO: Run Behavior\ReadHtmlCacheBehavior [ RunTime:0.000612s ]
INFO: [ app_begin ] --END-- [ RunTime:0.000777s ]
SQL: SHOW COLUMNS FROM `sbgl_user` [ RunTime:0.0011s ]
SQL: SELECT * FROM `sbgl_user` WHERE ( user=141010160 ) LIMIT 1   [ RunTime:0.0004s ]
NOTIC: [8] Undefined index: validate E:\sbgl\ThinkPHP\Library\Think\Model.class.php Á¨¨ 1185 Ë°å.
NOTIC: [8] Undefined index: sphone E:\sbgl\ThinkPHP\Library\Think\Model.class.php Á¨¨ 1217 Ë°å.
NOTIC: [8] Undefined index: sphone E:\sbgl\ThinkPHP\Library\Think\Model.class.php Á¨¨ 1217 Ë°å.
NOTIC: [8] Undefined index: auto E:\sbgl\ThinkPHP\Library\Think\Model.class.php Á¨¨ 1128 Ë°å.
SQL: UPDATE `sbgl_user` SET `user`='141010160',`psd`='$2y$10$9MC8awBmzBeOovCKootCfuQtqrrsBeORiMJBECz8voxTSQYO087HO',`reg_time`='1495429797' WHERE ( user=141010160 ) [ RunTime:0.0004s ]

[ 2017-05-22T13:09:58+08:00 ] 192.168.36.9 /index.php/Index/register?stu_id=141010160&pwd=123456
INFO: [ app_init ] --START--
INFO: Run Behavior\BuildLiteBehavior [ RunTime:0.000028s ]
INFO: [ app_init ] --END-- [ RunTime:0.000489s ]
INFO: [ app_begin ] --START--
INFO: Run Behavior\ReadHtmlCacheBehavior [ RunTime:0.000567s ]
INFO: [ app_begin ] --END-- [ RunTime:0.000706s ]
SQL: SHOW COLUMNS FROM `sbgl_user` [ RunTime:0.0011s ]
SQL: SELECT * FROM `sbgl_user` WHERE ( user=141010160 ) LIMIT 1   [ RunTime:0.0004s ]
NOTIC: [8] Undefined index: validate E:\sbgl\ThinkPHP\Library\Think\Model.class.php Á¨¨ 1185 Ë°å.
NOTIC: [8] Undefined index: sphone E:\sbgl\ThinkPHP\Library\Think\Model.class.php Á¨¨ 1217 Ë°å.
NOTIC: [8] Undefined index: sphone E:\sbgl\ThinkPHP\Library\Think\Model.class.php Á¨¨ 1217 Ë°å.
NOTIC: [8] Undefined index: auto E:\sbgl\ThinkPHP\Library\Think\Model.class.php Á¨¨ 1128 Ë°å.
SQL: UPDATE `sbgl_user` SET `user`='141010160',`psd`='$2y$10$lssLLARJeNU2hDn3fF4SH.MSaWVixqEue.SBvtwsQyACabjXMX1zK',`reg_time`='1495429798' WHERE ( user=141010160 ) [ RunTime:0.0005s ]

[ 2017-05-22T13:09:59+08:00 ] 192.168.36.9 /index.php/Index/register?stu_id=141010160&pwd=123456
INFO: [ app_init ] --START--
INFO: Run Behavior\BuildLiteBehavior [ RunTime:0.000034s ]
INFO: [ app_init ] --END-- [ RunTime:0.000594s ]
INFO: [ app_begin ] --START--
INFO: Run Behavior\ReadHtmlCacheBehavior [ RunTime:0.000609s ]
INFO: [ app_begin ] --END-- [ RunTime:0.000774s ]
SQL: SHOW COLUMNS FROM `sbgl_user` [ RunTime:0.0009s ]
SQL: SELECT * FROM `sbgl_user` WHERE ( user=141010160 ) LIMIT 1   [ RunTime:0.0003s ]
NOTIC: [8] Undefined index: validate E:\sbgl\ThinkPHP\Library\Think\Model.class.php Á¨¨ 1185 Ë°å.
NOTIC: [8] Undefined index: sphone E:\sbgl\ThinkPHP\Library\Think\Model.class.php Á¨¨ 1217 Ë°å.
NOTIC: [8] Undefined index: sphone E:\sbgl\ThinkPHP\Library\Think\Model.class.php Á¨¨ 1217 Ë°å.
NOTIC: [8] Undefined index: auto E:\sbgl\ThinkPHP\Library\Think\Model.class.php Á¨¨ 1128 Ë°å.
SQL: UPDATE `sbgl_user` SET `user`='141010160',`psd`='$2y$10$TAxSSA1ui5v9QZZEzvNpsOJSHolOJJdwc1tUNates5hI5xD5I4hbi',`reg_time`='1495429799' WHERE ( user=141010160 ) [ RunTime:0.0005s ]

[ 2017-05-22T13:10:00+08:00 ] 192.168.36.9 /index.php/Index/register?stu_id=141010160&pwd=123456
INFO: [ app_init ] --START--
INFO: Run Behavior\BuildLiteBehavior [ RunTime:0.000025s ]
INFO: [ app_init ] --END-- [ RunTime:0.000433s ]
INFO: [ app_begin ] --START--
INFO: Run Behavior\ReadHtmlCacheBehavior [ RunTime:0.000421s ]
INFO: [ app_begin ] --END-- [ RunTime:0.000533s ]
SQL: SHOW COLUMNS FROM `sbgl_user` [ RunTime:0.0012s ]
SQL: SELECT * FROM `sbgl_user` WHERE ( user=141010160 ) LIMIT 1   [ RunTime:0.0005s ]
NOTIC: [8] Undefined index: validate E:\sbgl\ThinkPHP\Library\Think\Model.class.php Á¨¨ 1185 Ë°å.
NOTIC: [8] Undefined index: sphone E:\sbgl\ThinkPHP\Library\Think\Model.class.php Á¨¨ 1217 Ë°å.
NOTIC: [8] Undefined index: sphone E:\sbgl\ThinkPHP\Library\Think\Model.class.php Á¨¨ 1217 Ë°å.
NOTIC: [8] Undefined index: auto E:\sbgl\ThinkPHP\Library\Think\Model.class.php Á¨¨ 1128 Ë°å.
SQL: UPDATE `sbgl_user` SET `user`='141010160',`psd`='$2y$10$MfW6.U00IWrY7kPmupmsNuF5.BdeWV6DgswG7fKI5OsWzTJKazGca',`reg_time`='1495429799' WHERE ( user=141010160 ) [ RunTime:0.0006s ]

[ 2017-05-22T13:10:00+08:00 ] 192.168.36.9 /index.php/Index/register?stu_id=141010160&pwd=123456
INFO: [ app_init ] --START--
INFO: Run Behavior\BuildLiteBehavior [ RunTime:0.000084s ]
INFO: [ app_init ] --END-- [ RunTime:0.001453s ]
INFO: [ app_begin ] --START--
INFO: Run Behavior\ReadHtmlCacheBehavior [ RunTime:0.001476s ]
INFO: [ app_begin ] --END-- [ RunTime:0.001905s ]
SQL: SHOW COLUMNS FROM `sbgl_user` [ RunTime:0.0023s ]
SQL: SELECT * FROM `sbgl_user` WHERE ( user=141010160 ) LIMIT 1   [ RunTime:0.0006s ]
NOTIC: [8] Undefined index: validate E:\sbgl\ThinkPHP\Library\Think\Model.class.php Á¨¨ 1185 Ë°å.
NOTIC: [8] Undefined index: sphone E:\sbgl\ThinkPHP\Library\Think\Model.class.php Á¨¨ 1217 Ë°å.
NOTIC: [8] Undefined index: sphone E:\sbgl\ThinkPHP\Library\Think\Model.class.php Á¨¨ 1217 Ë°å.
NOTIC: [8] Undefined index: auto E:\sbgl\ThinkPHP\Library\Think\Model.class.php Á¨¨ 1128 Ë°å.
SQL: UPDATE `sbgl_user` SET `user`='141010160',`psd`='$2y$10$LWnrzk64vbDOCY3zlsn/TurZJspJ1iIYxoRKOb9ftEgr/LunZl0Y2',`reg_time`='1495429800' WHERE ( user=141010160 ) [ RunTime:0.0004s ]

[ 2017-05-22T13:10:01+08:00 ] 192.168.36.9 /index.php/Index/register?stu_id=141010160&pwd=123456
INFO: [ app_init ] --START--
INFO: Run Behavior\BuildLiteBehavior [ RunTime:0.000033s ]
INFO: [ app_init ] --END-- [ RunTime:0.000573s ]
INFO: [ app_begin ] --START--
INFO: Run Behavior\ReadHtmlCacheBehavior [ RunTime:0.000582s ]
INFO: [ app_begin ] --END-- [ RunTime:0.000739s ]
SQL: SHOW COLUMNS FROM `sbgl_user` [ RunTime:0.0011s ]
SQL: SELECT * FROM `sbgl_user` WHERE ( user=141010160 ) LIMIT 1   [ RunTime:0.0004s ]
NOTIC: [8] Undefined index: validate E:\sbgl\ThinkPHP\Library\Think\Model.class.php Á¨¨ 1185 Ë°å.
NOTIC: [8] Undefined index: sphone E:\sbgl\ThinkPHP\Library\Think\Model.class.php Á¨¨ 1217 Ë°å.
NOTIC: [8] Undefined index: sphone E:\sbgl\ThinkPHP\Library\Think\Model.class.php Á¨¨ 1217 Ë°å.
NOTIC: [8] Undefined index: auto E:\sbgl\ThinkPHP\Library\Think\Model.class.php Á¨¨ 1128 Ë°å.
SQL: UPDATE `sbgl_user` SET `user`='141010160',`psd`='$2y$10$uLBX3ugImuGSfk/dZCjqw.dApaAJB84jIo3Z/J3HkaOmxfJpx4hye',`reg_time`='1495429801' WHERE ( user=141010160 ) [ RunTime:0.0004s ]

[ 2017-05-22T13:10:01+08:00 ] 192.168.36.9 /index.php/Index/register?stu_id=141010160&pwd=123456
INFO: [ app_init ] --START--
INFO: Run Behavior\BuildLiteBehavior [ RunTime:0.000024s ]
INFO: [ app_init ] --END-- [ RunTime:0.000402s ]
INFO: [ app_begin ] --START--
INFO: Run Behavior\ReadHtmlCacheBehavior [ RunTime:0.000423s ]
INFO: [ app_begin ] --END-- [ RunTime:0.000536s ]
SQL: SHOW COLUMNS FROM `sbgl_user` [ RunTime:0.0014s ]
SQL: SELECT * FROM `sbgl_user` WHERE ( user=141010160 ) LIMIT 1   [ RunTime:0.0005s ]
NOTIC: [8] Undefined index: validate E:\sbgl\ThinkPHP\Library\Think\Model.class.php Á¨¨ 1185 Ë°å.
NOTIC: [8] Undefined index: sphone E:\sbgl\ThinkPHP\Library\Think\Model.class.php Á¨¨ 1217 Ë°å.
NOTIC: [8] Undefined index: sphone E:\sbgl\ThinkPHP\Library\Think\Model.class.php Á¨¨ 1217 Ë°å.
NOTIC: [8] Undefined index: auto E:\sbgl\ThinkPHP\Library\Think\Model.class.php Á¨¨ 1128 Ë°å.
SQL: UPDATE `sbgl_user` SET `user`='141010160',`psd`='$2y$10$ZSV7T.gxlsUKMXxRmHATyeIELs2rPs6ZBPwR.Iz0e9bP0LuY2Q2sK',`reg_time`='1495429801' WHERE ( user=141010160 ) [ RunTime:0.0004s ]

[ 2017-05-22T13:10:02+08:00 ] 192.168.36.9 /index.php/Index/register?stu_id=141010160&pwd=123456
INFO: [ app_init ] --START--
INFO: Run Behavior\BuildLiteBehavior [ RunTime:0.000029s ]
INFO: [ app_init ] --END-- [ RunTime:0.000500s ]
INFO: [ app_begin ] --START--
INFO: Run Behavior\ReadHtmlCacheBehavior [ RunTime:0.000506s ]
INFO: [ app_begin ] --END-- [ RunTime:0.000642s ]
SQL: SHOW COLUMNS FROM `sbgl_user` [ RunTime:0.0009s ]
SQL: SELECT * FROM `sbgl_user` WHERE ( user=141010160 ) LIMIT 1   [ RunTime:0.0003s ]
NOTIC: [8] Undefined index: validate E:\sbgl\ThinkPHP\Library\Think\Model.class.php Á¨¨ 1185 Ë°å.
NOTIC: [8] Undefined index: sphone E:\sbgl\ThinkPHP\Library\Think\Model.class.php Á¨¨ 1217 Ë°å.
NOTIC: [8] Undefined index: sphone E:\sbgl\ThinkPHP\Library\Think\Model.class.php Á¨¨ 1217 Ë°å.
NOTIC: [8] Undefined index: auto E:\sbgl\ThinkPHP\Library\Think\Model.class.php Á¨¨ 1128 Ë°å.
SQL: UPDATE `sbgl_user` SET `user`='141010160',`psd`='$2y$10$ltlLk0FUKhjTkAfgfjISdOuRG3o31HKldNTe57u2vkwHPypYNtYpe',`reg_time`='1495429802' WHERE ( user=141010160 ) [ RunTime:0.0004s ]

[ 2017-05-22T13:10:02+08:00 ] 192.168.36.9 /index.php/Index/register?stu_id=141010160&pwd=123456
INFO: [ app_init ] --START--
INFO: Run Behavior\BuildLiteBehavior [ RunTime:0.000079s ]
INFO: [ app_init ] --END-- [ RunTime:0.001455s ]
INFO: [ app_begin ] --START--
INFO: Run Behavior\ReadHtmlCacheBehavior [ RunTime:0.001452s ]
INFO: [ app_begin ] --END-- [ RunTime:0.001846s ]
SQL: SHOW COLUMNS FROM `sbgl_user` [ RunTime:0.0010s ]
SQL: SELECT * FROM `sbgl_user` WHERE ( user=141010160 ) LIMIT 1   [ RunTime:0.0005s ]
NOTIC: [8] Undefined index: validate E:\sbgl\ThinkPHP\Library\Think\Model.class.php Á¨¨ 1185 Ë°å.
NOTIC: [8] Undefined index: sphone E:\sbgl\ThinkPHP\Library\Think\Model.class.php Á¨¨ 1217 Ë°å.
NOTIC: [8] Undefined index: sphone E:\sbgl\ThinkPHP\Library\Think\Model.class.php Á¨¨ 1217 Ë°å.
NOTIC: [8] Undefined index: auto E:\sbgl\ThinkPHP\Library\Think\Model.class.php Á¨¨ 1128 Ë°å.
SQL: UPDATE `sbgl_user` SET `user`='141010160',`psd`='$2y$10$Ou066y80UyNOIWnTkYeeK.BGe753.uLMaj6I6rzRMjLZ7h5kwqIiu',`reg_time`='1495429802' WHERE ( user=141010160 ) [ RunTime:0.0004s ]

[ 2017-05-22T13:10:03+08:00 ] 192.168.36.9 /index.php/Index/register?stu_id=141010160&pwd=123456
INFO: [ app_init ] --START--
INFO: Run Behavior\BuildLiteBehavior [ RunTime:0.000049s ]
INFO: [ app_init ] --END-- [ RunTime:0.000856s ]
INFO: [ app_begin ] --START--
INFO: Run Behavior\ReadHtmlCacheBehavior [ RunTime:0.001004s ]
INFO: [ app_begin ] --END-- [ RunTime:0.001274s ]
SQL: SHOW COLUMNS FROM `sbgl_user` [ RunTime:0.0008s ]
SQL: SELECT * FROM `sbgl_user` WHERE ( user=141010160 ) LIMIT 1   [ RunTime:0.0006s ]
NOTIC: [8] Undefined index: validate E:\sbgl\ThinkPHP\Library\Think\Model.class.php Á¨¨ 1185 Ë°å.
NOTIC: [8] Undefined index: sphone E:\sbgl\ThinkPHP\Library\Think\Model.class.php Á¨¨ 1217 Ë°å.
NOTIC: [8] Undefined index: sphone E:\sbgl\ThinkPHP\Library\Think\Model.class.php Á¨¨ 1217 Ë°å.
NOTIC: [8] Undefined index: auto E:\sbgl\ThinkPHP\Library\Think\Model.class.php Á¨¨ 1128 Ë°å.
SQL: UPDATE `sbgl_user` SET `user`='141010160',`psd`='$2y$10$tWInhX2WP8J484ny2JEVLeVWGxlKSXOEBSPffyUi/zmtXtm/Bv1Na',`reg_time`='1495429803' WHERE ( user=141010160 ) [ RunTime:0.0004s ]

[ 2017-05-22T13:10:03+08:00 ] 192.168.36.9 /index.php/Index/register?stu_id=141010160&pwd=123456
INFO: [ app_init ] --START--
INFO: Run Behavior\BuildLiteBehavior [ RunTime:0.000086s ]
INFO: [ app_init ] --END-- [ RunTime:0.001320s ]
INFO: [ app_begin ] --START--
INFO: Run Behavior\ReadHtmlCacheBehavior [ RunTime:0.000901s ]
INFO: [ app_begin ] --END-- [ RunTime:0.001146s ]
SQL: SHOW COLUMNS FROM `sbgl_user` [ RunTime:0.0007s ]
SQL: SELECT * FROM `sbgl_user` WHERE ( user=141010160 ) LIMIT 1   [ RunTime:0.0003s ]
NOTIC: [8] Undefined index: validate E:\sbgl\ThinkPHP\Library\Think\Model.class.php Á¨¨ 1185 Ë°å.
NOTIC: [8] Undefined index: sphone E:\sbgl\ThinkPHP\Library\Think\Model.class.php Á¨¨ 1217 Ë°å.
NOTIC: [8] Undefined index: sphone E:\sbgl\ThinkPHP\Library\Think\Model.class.php Á¨¨ 1217 Ë°å.
NOTIC: [8] Undefined index: auto E:\sbgl\ThinkPHP\Library\Think\Model.class.php Á¨¨ 1128 Ë°å.
SQL: UPDATE `sbgl_user` SET `user`='141010160',`psd`='$2y$10$GjK7qqx4q0F1KrxDAoCXV.jSF5bi1ZpZzVkMxYRMepiRRox2mtvDq',`reg_time`='1495429803' WHERE ( user=141010160 ) [ RunTime:0.0004s ]

[ 2017-05-22T13:10:04+08:00 ] 192.168.36.9 /index.php/Index/register?stu_id=141010160&pwd=123456
INFO: [ app_init ] --START--
INFO: Run Behavior\BuildLiteBehavior [ RunTime:0.000048s ]
INFO: [ app_init ] --END-- [ RunTime:0.000855s ]
INFO: [ app_begin ] --START--
INFO: Run Behavior\ReadHtmlCacheBehavior [ RunTime:0.000895s ]
INFO: [ app_begin ] --END-- [ RunTime:0.001138s ]
SQL: SHOW COLUMNS FROM `sbgl_user` [ RunTime:0.0007s ]
SQL: SELECT * FROM `sbgl_user` WHERE ( user=141010160 ) LIMIT 1   [ RunTime:0.0003s ]
NOTIC: [8] Undefined index: validate E:\sbgl\ThinkPHP\Library\Think\Model.class.php Á¨¨ 1185 Ë°å.
NOTIC: [8] Undefined index: sphone E:\sbgl\ThinkPHP\Library\Think\Model.class.php Á¨¨ 1217 Ë°å.
NOTIC: [8] Undefined index: sphone E:\sbgl\ThinkPHP\Library\Think\Model.class.php Á¨¨ 1217 Ë°å.
NOTIC: [8] Undefined index: auto E:\sbgl\ThinkPHP\Library\Think\Model.class.php Á¨¨ 1128 Ë°å.
SQL: UPDATE `sbgl_user` SET `user`='141010160',`psd`='$2y$10$Iu/9ZcdszYLdjChxqP/tx.X.m76IDqV9aElWEVsi2lnbcqhuDLnuq',`reg_time`='1495429804' WHERE ( user=141010160 ) [ RunTime:0.0004s ]

[ 2017-05-22T13:10:04+08:00 ] 192.168.36.9 /index.php/Index/register?stu_id=141010160&pwd=123456
INFO: [ app_init ] --START--
INFO: Run Behavior\BuildLiteBehavior [ RunTime:0.000079s ]
INFO: [ app_init ] --END-- [ RunTime:0.001474s ]
INFO: [ app_begin ] --START--
INFO: Run Behavior\ReadHtmlCacheBehavior [ RunTime:0.001595s ]
INFO: [ app_begin ] --END-- [ RunTime:0.002007s ]
SQL: SHOW COLUMNS FROM `sbgl_user` [ RunTime:0.0012s ]
SQL: SELECT * FROM `sbgl_user` WHERE ( user=141010160 ) LIMIT 1   [ RunTime:0.0006s ]
NOTIC: [8] Undefined index: validate E:\sbgl\ThinkPHP\Library\Think\Model.class.php Á¨¨ 1185 Ë°å.
NOTIC: [8] Undefined index: sphone E:\sbgl\ThinkPHP\Library\Think\Model.class.php Á¨¨ 1217 Ë°å.
NOTIC: [8] Undefined index: sphone E:\sbgl\ThinkPHP\Library\Think\Model.class.php Á¨¨ 1217 Ë°å.
NOTIC: [8] Undefined index: auto E:\sbgl\ThinkPHP\Library\Think\Model.class.php Á¨¨ 1128 Ë°å.
SQL: UPDATE `sbgl_user` SET `user`='141010160',`psd`='$2y$10$6RkZVyUojchAV4NFmUJ8YOhV.tAL.MWvZ8nwNt78Ic5TtVR5sGv8e',`reg_time`='1495429804' WHERE ( user=141010160 ) [ RunTime:0.0005s ]

[ 2017-05-22T13:10:05+08:00 ] 192.168.36.9 /index.php/Index/register?stu_id=141010160&pwd=123456
INFO: [ app_init ] --START--
INFO: Run Behavior\BuildLiteBehavior [ RunTime:0.000079s ]
INFO: [ app_init ] --END-- [ RunTime:0.001392s ]
INFO: [ app_begin ] --START--
INFO: Run Behavior\ReadHtmlCacheBehavior [ RunTime:0.001443s ]
INFO: [ app_begin ] --END-- [ RunTime:0.001836s ]
SQL: SHOW COLUMNS FROM `sbgl_user` [ RunTime:0.0007s ]
SQL: SELECT * FROM `sbgl_user` WHERE ( user=141010160 ) LIMIT 1   [ RunTime:0.0003s ]
NOTIC: [8] Undefined index: validate E:\sbgl\ThinkPHP\Library\Think\Model.class.php Á¨¨ 1185 Ë°å.
NOTIC: [8] Undefined index: sphone E:\sbgl\ThinkPHP\Library\Think\Model.class.php Á¨¨ 1217 Ë°å.
NOTIC: [8] Undefined index: sphone E:\sbgl\ThinkPHP\Library\Think\Model.class.php Á¨¨ 1217 Ë°å.
NOTIC: [8] Undefined index: auto E:\sbgl\ThinkPHP\Library\Think\Model.class.php Á¨¨ 1128 Ë°å.
SQL: UPDATE `sbgl_user` SET `user`='141010160',`psd`='$2y$10$u/iv7F5yazfAw/zkY7YQsOsfqdmAgayBWJlmcKM5P93eujpfT0kKW',`reg_time`='1495429805' WHERE ( user=141010160 ) [ RunTime:0.0004s ]

[ 2017-05-22T13:10:05+08:00 ] 192.168.36.9 /index.php/Index/register?stu_id=141010160&pwd=123456
INFO: [ app_init ] --START--
INFO: Run Behavior\BuildLiteBehavior [ RunTime:0.000022s ]
INFO: [ app_init ] --END-- [ RunTime:0.000399s ]
INFO: [ app_begin ] --START--
INFO: Run Behavior\ReadHtmlCacheBehavior [ RunTime:0.000407s ]
INFO: [ app_begin ] --END-- [ RunTime:0.000520s ]
SQL: SHOW COLUMNS FROM `sbgl_user` [ RunTime:0.0007s ]
SQL: SELECT * FROM `sbgl_user` WHERE ( user=141010160 ) LIMIT 1   [ RunTime:0.0003s ]
NOTIC: [8] Undefined index: validate E:\sbgl\ThinkPHP\Library\Think\Model.class.php Á¨¨ 1185 Ë°å.
NOTIC: [8] Undefined index: sphone E:\sbgl\ThinkPHP\Library\Think\Model.class.php Á¨¨ 1217 Ë°å.
NOTIC: [8] Undefined index: sphone E:\sbgl\ThinkPHP\Library\Think\Model.class.php Á¨¨ 1217 Ë°å.
NOTIC: [8] Undefined index: auto E:\sbgl\ThinkPHP\Library\Think\Model.class.php Á¨¨ 1128 Ë°å.
SQL: UPDATE `sbgl_user` SET `user`='141010160',`psd`='$2y$10$hLfZINnEohZwTGKW4pJ.Xueyi1.8U5fjqMgAJrVPy6MuFoUdmZ7DK',`reg_time`='1495429805' WHERE ( user=141010160 ) [ RunTime:0.0004s ]

[ 2017-05-22T13:11:28+08:00 ] 192.168.36.9 /index.php/Index/identification?pwd=M652506
INFO: [ app_init ] --START--
INFO: Run Behavior\BuildLiteBehavior [ RunTime:0.000034s ]
INFO: [ app_init ] --END-- [ RunTime:0.000606s ]
INFO: [ app_begin ] --START--
INFO: Run Behavior\ReadHtmlCacheBehavior [ RunTime:0.000607s ]
INFO: [ app_begin ] --END-- [ RunTime:0.000774s ]
SQL: SHOW COLUMNS FROM `sbgl_user` [ RunTime:0.0023s ]
SQL: UPDATE `sbgl_user` SET `verify`='1',`username`='ÊàøÈîêÂÆú',`class`='Êï∞Â≠¶1405Áè≠' WHERE ( user=141010160 ) [ RunTime:0.0010s ]

[ 2017-05-22T13:11:57+08:00 ] 192.168.36.9 /index.php/Index/register?stu_id=141010160&pwd=123456
INFO: [ app_init ] --START--
INFO: Run Behavior\BuildLiteBehavior [ RunTime:0.000055s ]
INFO: [ app_init ] --END-- [ RunTime:0.001031s ]
INFO: [ app_begin ] --START--
INFO: Run Behavior\ReadHtmlCacheBehavior [ RunTime:0.001306s ]
INFO: [ app_begin ] --END-- [ RunTime:0.001556s ]
SQL: SHOW COLUMNS FROM `sbgl_user` [ RunTime:0.0008s ]
SQL: SELECT * FROM `sbgl_user` WHERE ( user=141010160 ) LIMIT 1   [ RunTime:0.0003s ]

[ 2017-05-22T13:12:58+08:00 ] 192.168.36.9 /index.php/Index/login?stu_id=141010160&pwd=123456
INFO: [ app_init ] --START--
INFO: Run Behavior\BuildLiteBehavior [ RunTime:0.000022s ]
INFO: [ app_init ] --END-- [ RunTime:0.000645s ]
INFO: [ app_begin ] --START--
INFO: Run Behavior\ReadHtmlCacheBehavior [ RunTime:0.001417s ]
INFO: [ app_begin ] --END-- [ RunTime:0.001526s ]
SQL: SHOW COLUMNS FROM `sbgl_user` [ RunTime:0.0007s ]
SQL: SELECT * FROM `sbgl_user` WHERE ( user='141010160' ) LIMIT 1   [ RunTime:0.0004s ]

[ 2017-05-22T13:16:52+08:00 ] 127.0.0.1 /index.php/Device/getInformation/identifier/20170201
INFO: [ app_init ] --START--
INFO: Run Behavior\BuildLiteBehavior [ RunTime:0.000022s ]
INFO: [ app_init ] --END-- [ RunTime:0.000474s ]
INFO: [ app_begin ] --START--
INFO: Run Behavior\ReadHtmlCacheBehavior [ RunTime:0.001036s ]
INFO: [ app_begin ] --END-- [ RunTime:0.001200s ]
SQL: SHOW COLUMNS FROM `sbgl_device` [ RunTime:0.0015s ]
SQL: SELECT * FROM `sbgl_device` WHERE `dv_identifier` = 20170201 LIMIT 1   [ RunTime:0.0004s ]

[ 2017-05-22T13:17:55+08:00 ] 192.168.36.9 /index.php/identification/pwd/123456789
INFO: [ app_init ] --START--
INFO: Run Behavior\BuildLiteBehavior [ RunTime:0.000035s ]
INFO: [ app_init ] --END-- [ RunTime:0.000722s ]
INFO: [ app_begin ] --START--
INFO: Run Behavior\ReadHtmlCacheBehavior [ RunTime:0.001377s ]
INFO: [ app_begin ] --END-- [ RunTime:0.001568s ]
ERR: Êó†Ê≥ïÂä†ËΩΩÊéßÂà∂Âô®:Identification

[ 2017-05-22T13:18:30+08:00 ] 192.168.36.9 /index.php/Device/getInformation/identifier/20170201
INFO: [ app_init ] --START--
INFO: Run Behavior\BuildLiteBehavior [ RunTime:0.000050s ]
INFO: [ app_init ] --END-- [ RunTime:0.001047s ]
INFO: [ app_begin ] --START--
INFO: Run Behavior\ReadHtmlCacheBehavior [ RunTime:0.002103s ]
INFO: [ app_begin ] --END-- [ RunTime:0.002410s ]
SQL: SHOW COLUMNS FROM `sbgl_device` [ RunTime:0.0010s ]
SQL: SELECT * FROM `sbgl_device` WHERE `dv_identifier` = 20170201 LIMIT 1   [ RunTime:0.0003s ]

[ 2017-05-22T13:20:06+08:00 ] 192.168.36.9 /index.php/Device/getInformation/identifier/20542465
INFO: [ app_init ] --START--
INFO: Run Behavior\BuildLiteBehavior [ RunTime:0.000023s ]
INFO: [ app_init ] --END-- [ RunTime:0.000461s ]
INFO: [ app_begin ] --START--
INFO: Run Behavior\ReadHtmlCacheBehavior [ RunTime:0.000818s ]
INFO: [ app_begin ] --END-- [ RunTime:0.000960s ]
SQL: SHOW COLUMNS FROM `sbgl_device` [ RunTime:0.0009s ]
SQL: SELECT * FROM `sbgl_device` WHERE `dv_identifier` = 20542465 LIMIT 1   [ RunTime:0.0003s ]
SQL: SHOW COLUMNS FROM `sbgl_device_class` [ RunTime:0.0007s ]
SQL: SHOW COLUMNS FROM `sbgl_repair` [ RunTime:0.0007s ]
SQL: SELECT `dc_name` FROM `sbgl_device_class` WHERE ( dc_id=5 ) LIMIT 1   [ RunTime:0.0002s ]
SQL: SELECT `rp_solve_status` FROM `sbgl_repair` WHERE ( rp_status=2 and rp_solve_status!=2 and rp_device_identifier=20542465 ) LIMIT 1   [ RunTime:0.0002s ]

[ 2017-05-22T13:21:25+08:00 ] 127.0.0.1 /index.php/Device/repair/
INFO: [ app_init ] --START--
INFO: Run Behavior\BuildLiteBehavior [ RunTime:0.000023s ]
INFO: [ app_init ] --END-- [ RunTime:0.000470s ]
INFO: [ app_begin ] --START--
INFO: Run Behavior\ReadHtmlCacheBehavior [ RunTime:0.001051s ]
INFO: [ app_begin ] --END-- [ RunTime:0.001270s ]
ERR: ÂèÇÊï∞ÈîôËØØÊàñËÄÖÊú™ÂÆö‰πâ:identifier

[ 2017-05-22T13:21:31+08:00 ] 127.0.0.1 /index.php/Device/repair/identifier/20170103/
INFO: [ app_init ] --START--
INFO: Run Behavior\BuildLiteBehavior [ RunTime:0.000023s ]
INFO: [ app_init ] --END-- [ RunTime:0.000460s ]
INFO: [ app_begin ] --START--
INFO: Run Behavior\ReadHtmlCacheBehavior [ RunTime:0.000937s ]
INFO: [ app_begin ] --END-- [ RunTime:0.001077s ]
ERR: ÂèÇÊï∞ÈîôËØØÊàñËÄÖÊú™ÂÆö‰πâ:location

[ 2017-05-22T13:21:35+08:00 ] 127.0.0.1 /index.php/Device/repair/identifier/20170103/location/20301/
INFO: [ app_init ] --START--
INFO: Run Behavior\BuildLiteBehavior [ RunTime:0.000023s ]
INFO: [ app_init ] --END-- [ RunTime:0.000480s ]
INFO: [ app_begin ] --START--
INFO: Run Behavior\ReadHtmlCacheBehavior [ RunTime:0.001080s ]
INFO: [ app_begin ] --END-- [ RunTime:0.001367s ]
ERR: ÂèÇÊï∞ÈîôËØØÊàñËÄÖÊú™ÂÆö‰πâ:matter

[ 2017-05-22T13:21:38+08:00 ] 127.0.0.1 /index.php/Device/repair/identifier/20170103/location/20301/matter/
INFO: [ app_init ] --START--
INFO: Run Behavior\BuildLiteBehavior [ RunTime:0.000023s ]
INFO: [ app_init ] --END-- [ RunTime:0.000459s ]
INFO: [ app_begin ] --START--
INFO: Run Behavior\ReadHtmlCacheBehavior [ RunTime:0.000818s ]
INFO: [ app_begin ] --END-- [ RunTime:0.000935s ]
ERR: ÂèÇÊï∞ÈîôËØØÊàñËÄÖÊú™ÂÆö‰πâ:matter

[ 2017-05-22T13:21:44+08:00 ] 127.0.0.1 /index.php/Device/repair/identifier/20170103/location/20301/matter/%E5%9D%8F%E4%BA%86
INFO: [ app_init ] --START--
INFO: Run Behavior\BuildLiteBehavior [ RunTime:0.000042s ]
INFO: [ app_init ] --END-- [ RunTime:0.000857s ]
INFO: [ app_begin ] --START--
INFO: Run Behavior\ReadHtmlCacheBehavior [ RunTime:0.000873s ]
INFO: [ app_begin ] --END-- [ RunTime:0.000997s ]
ERR: ÂèÇÊï∞ÈîôËØØÊàñËÄÖÊú™ÂÆö‰πâ:time

[ 2017-05-22T13:21:47+08:00 ] 127.0.0.1 /index.php/Device/repair/identifier/20170103/location/20301/matter/%E5%9D%8F%E4%BA%86/time
INFO: [ app_init ] --START--
INFO: Run Behavior\BuildLiteBehavior [ RunTime:0.000023s ]
INFO: [ app_init ] --END-- [ RunTime:0.000472s ]
INFO: [ app_begin ] --START--
INFO: Run Behavior\ReadHtmlCacheBehavior [ RunTime:0.001482s ]
INFO: [ app_begin ] --END-- [ RunTime:0.001714s ]
ERR: ÂèÇÊï∞ÈîôËØØÊàñËÄÖÊú™ÂÆö‰πâ:time

[ 2017-05-22T13:21:59+08:00 ] 127.0.0.1 /index.php/Device/repair/identifier/20170103/location/20301/matter/%E5%9D%8F%E4%BA%86/time/145142149
INFO: [ app_init ] --START--
INFO: Run Behavior\BuildLiteBehavior [ RunTime:0.000022s ]
INFO: [ app_init ] --END-- [ RunTime:0.000457s ]
INFO: [ app_begin ] --START--
INFO: Run Behavior\ReadHtmlCacheBehavior [ RunTime:0.001472s ]
INFO: [ app_begin ] --END-- [ RunTime:0.001704s ]
SQL: SHOW COLUMNS FROM `sbgl_device` [ RunTime:0.0010s ]
SQL: SHOW COLUMNS FROM `sbgl_repair` [ RunTime:0.0007s ]
SQL: SELECT * FROM `sbgl_device` WHERE ( dv_identifier=20170103 ) LIMIT 1   [ RunTime:0.0003s ]
NOTIC: [8] Undefined index: validate E:\sbgl\ThinkPHP\Library\Think\Model.class.php Á¨¨ 1185 Ë°å.
NOTIC: [8] Undefined index: rp_solve E:\sbgl\ThinkPHP\Library\Think\Model.class.php Á¨¨ 1217 Ë°å.
NOTIC: [8] Undefined index: auto E:\sbgl\ThinkPHP\Library\Think\Model.class.php Á¨¨ 1128 Ë°å.
SQL: INSERT INTO `sbgl_repair` (`rp_device_identifier`,`rp_location`,`rp_matter`,`rp_person`,`rp_time`) VALUES ('20170103','20301','Âùè‰∫Ü','151110192','145142149') [ RunTime:0.0004s ]

[ 2017-05-22T13:24:43+08:00 ] 127.0.0.1 /index.php/Device/borrow
INFO: [ app_init ] --START--
INFO: Run Behavior\BuildLiteBehavior [ RunTime:0.000022s ]
INFO: [ app_init ] --END-- [ RunTime:0.000545s ]
INFO: [ app_begin ] --START--
INFO: Run Behavior\ReadHtmlCacheBehavior [ RunTime:0.000990s ]
INFO: [ app_begin ] --END-- [ RunTime:0.001124s ]

[ 2017-05-22T13:26:37+08:00 ] 192.168.36.9 /index.php//Device/getInformation/identifier/20170201
INFO: [ app_init ] --START--
INFO: Run Behavior\BuildLiteBehavior [ RunTime:0.000036s ]
INFO: [ app_init ] --END-- [ RunTime:0.000742s ]
INFO: [ app_begin ] --START--
INFO: Run Behavior\ReadHtmlCacheBehavior [ RunTime:0.001463s ]
INFO: [ app_begin ] --END-- [ RunTime:0.001654s ]
SQL: SHOW COLUMNS FROM `sbgl_device` [ RunTime:0.0010s ]
SQL: SELECT * FROM `sbgl_device` WHERE `dv_identifier` = 20170201 LIMIT 1   [ RunTime:0.0003s ]

[ 2017-05-22T13:32:26+08:00 ] 127.0.0.1 /index.php/Index/register/
INFO: [ app_init ] --START--
INFO: Run Behavior\BuildLiteBehavior [ RunTime:0.000027s ]
INFO: [ app_init ] --END-- [ RunTime:0.000539s ]
INFO: [ app_begin ] --START--
INFO: Run Behavior\ReadHtmlCacheBehavior [ RunTime:0.001016s ]
INFO: [ app_begin ] --END-- [ RunTime:0.001150s ]
ERR: ÂèÇÊï∞ÈîôËØØÊàñËÄÖÊú™ÂÆö‰πâ:stu_id

[ 2017-05-22T13:32:31+08:00 ] 127.0.0.1 /index.php/Index/register/
INFO: [ app_init ] --START--
INFO: Run Behavior\BuildLiteBehavior [ RunTime:0.000032s ]
INFO: [ app_init ] --END-- [ RunTime:0.000736s ]
INFO: [ app_begin ] --START--
INFO: Run Behavior\ReadHtmlCacheBehavior [ RunTime:0.000971s ]
INFO: [ app_begin ] --END-- [ RunTime:0.001106s ]
ERR: ÂèÇÊï∞ÈîôËØØÊàñËÄÖÊú™ÂÆö‰πâ:stu_id

[ 2017-05-22T13:32:41+08:00 ] 127.0.0.1 /index.php/Index/register/
INFO: [ app_init ] --START--
INFO: Run Behavior\BuildLiteBehavior [ RunTime:0.000024s ]
INFO: [ app_init ] --END-- [ RunTime:0.000506s ]
INFO: [ app_begin ] --START--
INFO: Run Behavior\ReadHtmlCacheBehavior [ RunTime:0.000906s ]
INFO: [ app_begin ] --END-- [ RunTime:0.001024s ]
ERR: ÂèÇÊï∞ÈîôËØØÊàñËÄÖÊú™ÂÆö‰πâ:stu_id

[ 2017-05-22T13:33:26+08:00 ] 127.0.0.1 /index.php/Index/register/stu_id/151110421/pwd/123456
INFO: [ app_init ] --START--
INFO: Run Behavior\BuildLiteBehavior [ RunTime:0.000027s ]
INFO: [ app_init ] --END-- [ RunTime:0.000778s ]
INFO: [ app_begin ] --START--
INFO: Run Behavior\ReadHtmlCacheBehavior [ RunTime:0.000897s ]
INFO: [ app_begin ] --END-- [ RunTime:0.001031s ]
SQL: SHOW COLUMNS FROM `sbgl_user` [ RunTime:0.0008s ]
SQL: SELECT * FROM `sbgl_user` WHERE ( user=151110421 ) LIMIT 1   [ RunTime:0.0003s ]
NOTIC: [8] Undefined index: validate E:\sbgl\ThinkPHP\Library\Think\Model.class.php Á¨¨ 1185 Ë°å.
NOTIC: [8] Undefined index: sphone E:\sbgl\ThinkPHP\Library\Think\Model.class.php Á¨¨ 1217 Ë°å.
NOTIC: [8] Undefined index: sphone E:\sbgl\ThinkPHP\Library\Think\Model.class.php Á¨¨ 1217 Ë°å.
NOTIC: [8] Undefined index: auto E:\sbgl\ThinkPHP\Library\Think\Model.class.php Á¨¨ 1128 Ë°å.
SQL: INSERT INTO `sbgl_user` (`user`,`psd`,`reg_time`) VALUES ('151110421','$2y$10$wUWkumYW58BwACyo/S0B9uLnSAgCEkG6L7CatBld53IQUqj2AXYA.','1495431206') [ RunTime:0.0004s ]

[ 2017-05-22T13:33:47+08:00 ] 127.0.0.1 /index.php/Index/register/stu_id/151110421/pwd/123456
INFO: [ app_init ] --START--
INFO: Run Behavior\BuildLiteBehavior [ RunTime:0.000027s ]
INFO: [ app_init ] --END-- [ RunTime:0.000540s ]
INFO: [ app_begin ] --START--
INFO: Run Behavior\ReadHtmlCacheBehavior [ RunTime:0.000908s ]
INFO: [ app_begin ] --END-- [ RunTime:0.001028s ]
SQL: SHOW COLUMNS FROM `sbgl_user` [ RunTime:0.0007s ]
SQL: SELECT * FROM `sbgl_user` WHERE ( user=151110421 ) LIMIT 1   [ RunTime:0.0003s ]
NOTIC: [8] Undefined index: validate E:\sbgl\ThinkPHP\Library\Think\Model.class.php Á¨¨ 1185 Ë°å.
NOTIC: [8] Undefined index: sphone E:\sbgl\ThinkPHP\Library\Think\Model.class.php Á¨¨ 1217 Ë°å.
NOTIC: [8] Undefined index: sphone E:\sbgl\ThinkPHP\Library\Think\Model.class.php Á¨¨ 1217 Ë°å.
NOTIC: [8] Undefined index: auto E:\sbgl\ThinkPHP\Library\Think\Model.class.php Á¨¨ 1128 Ë°å.
SQL: UPDATE `sbgl_user` SET `user`='151110421',`psd`='$2y$10$DfAYW9..ksHM/iWpnx7sVOysn4vcd.Tha36Zbl38qPXxEAnXgDurK',`reg_time`='1495431227' WHERE ( user=151110421 ) [ RunTime:0.0005s ]

[ 2017-05-22T13:34:52+08:00 ] 127.0.0.1 /index.php/Index/register/stu_id/151110421/pwd/123456
INFO: [ app_init ] --START--
INFO: Run Behavior\BuildLiteBehavior [ RunTime:0.000024s ]
INFO: [ app_init ] --END-- [ RunTime:0.000503s ]
INFO: [ app_begin ] --START--
INFO: Run Behavior\ReadHtmlCacheBehavior [ RunTime:0.000934s ]
INFO: [ app_begin ] --END-- [ RunTime:0.001055s ]
SQL: SHOW COLUMNS FROM `sbgl_user` [ RunTime:0.0009s ]
SQL: SELECT * FROM `sbgl_user` WHERE ( user=151110421 ) LIMIT 1   [ RunTime:0.0003s ]
NOTIC: [8] Undefined index: validate E:\sbgl\ThinkPHP\Library\Think\Model.class.php Á¨¨ 1185 Ë°å.
NOTIC: [8] Undefined index: sphone E:\sbgl\ThinkPHP\Library\Think\Model.class.php Á¨¨ 1217 Ë°å.
NOTIC: [8] Undefined index: sphone E:\sbgl\ThinkPHP\Library\Think\Model.class.php Á¨¨ 1217 Ë°å.
NOTIC: [8] Undefined index: auto E:\sbgl\ThinkPHP\Library\Think\Model.class.php Á¨¨ 1128 Ë°å.
SQL: UPDATE `sbgl_user` SET `user`='151110421',`psd`='$2y$10$YCfu1Iwf9m84T58eEvSSH.N1K0kl2mZxv67wJuP6yWeB5zYOnaS8.',`reg_time`='1495431292' WHERE ( user=151110421 ) [ RunTime:0.0004s ]

[ 2017-05-22T13:34:56+08:00 ] 127.0.0.1 /index.php/Index/register/stu_id/151110421/pwd/123456
INFO: [ app_init ] --START--
INFO: Run Behavior\BuildLiteBehavior [ RunTime:0.000029s ]
INFO: [ app_init ] --END-- [ RunTime:0.000495s ]
INFO: [ app_begin ] --START--
INFO: Run Behavior\ReadHtmlCacheBehavior [ RunTime:0.001008s ]
INFO: [ app_begin ] --END-- [ RunTime:0.001152s ]
SQL: SHOW COLUMNS FROM `sbgl_user` [ RunTime:0.0007s ]
SQL: SELECT * FROM `sbgl_user` WHERE ( user=151110421 ) LIMIT 1   [ RunTime:0.0003s ]
NOTIC: [8] Undefined index: validate E:\sbgl\ThinkPHP\Library\Think\Model.class.php Á¨¨ 1185 Ë°å.
NOTIC: [8] Undefined index: sphone E:\sbgl\ThinkPHP\Library\Think\Model.class.php Á¨¨ 1217 Ë°å.
NOTIC: [8] Undefined index: sphone E:\sbgl\ThinkPHP\Library\Think\Model.class.php Á¨¨ 1217 Ë°å.
NOTIC: [8] Undefined index: auto E:\sbgl\ThinkPHP\Library\Think\Model.class.php Á¨¨ 1128 Ë°å.
SQL: UPDATE `sbgl_user` SET `user`='151110421',`psd`='$2y$10$df59V/nIRvIAyLGLkfL6X.Th/hbYKdZ1visGtMwTh3ZFSkGjQmHR.',`reg_time`='1495431296' WHERE ( user=151110421 ) [ RunTime:0.0004s ]

[ 2017-05-22T13:35:13+08:00 ] 127.0.0.1 /index.php/Index/register/stu_id/151110421/pwd/123456
INFO: [ app_init ] --START--
INFO: Run Behavior\BuildLiteBehavior [ RunTime:0.000032s ]
INFO: [ app_init ] --END-- [ RunTime:0.000487s ]
INFO: [ app_begin ] --START--
INFO: Run Behavior\ReadHtmlCacheBehavior [ RunTime:0.000899s ]
INFO: [ app_begin ] --END-- [ RunTime:0.001018s ]
SQL: SHOW COLUMNS FROM `sbgl_user` [ RunTime:0.0007s ]
SQL: SELECT * FROM `sbgl_user` WHERE ( user=151110421 ) LIMIT 1   [ RunTime:0.0004s ]
NOTIC: [8] Undefined index: validate E:\sbgl\ThinkPHP\Library\Think\Model.class.php Á¨¨ 1185 Ë°å.
NOTIC: [8] Undefined index: sphone E:\sbgl\ThinkPHP\Library\Think\Model.class.php Á¨¨ 1217 Ë°å.
NOTIC: [8] Undefined index: sphone E:\sbgl\ThinkPHP\Library\Think\Model.class.php Á¨¨ 1217 Ë°å.
NOTIC: [8] Undefined index: auto E:\sbgl\ThinkPHP\Library\Think\Model.class.php Á¨¨ 1128 Ë°å.
SQL: UPDATE `sbgl_user` SET `user`='151110421',`psd`='$2y$10$LhDXGDbXq2LcLkTHRNvVvOWZNSP9wrYxPRPzCjahb6Ht63XeTDEdK',`reg_time`='1495431313' WHERE ( user=151110421 ) [ RunTime:0.0004s ]

[ 2017-05-22T13:35:40+08:00 ] 127.0.0.1 /index.php/Index/register/stu_id/151110421/pwd/123456
INFO: [ app_init ] --START--
INFO: Run Behavior\BuildLiteBehavior [ RunTime:0.000024s ]
INFO: [ app_init ] --END-- [ RunTime:0.000468s ]
INFO: [ app_begin ] --START--
INFO: Run Behavior\ReadHtmlCacheBehavior [ RunTime:0.001016s ]
INFO: [ app_begin ] --END-- [ RunTime:0.001160s ]
SQL: SHOW COLUMNS FROM `sbgl_user` [ RunTime:0.0008s ]
SQL: SELECT * FROM `sbgl_user` WHERE ( user=151110421 ) LIMIT 1   [ RunTime:0.0004s ]
NOTIC: [8] Undefined index: validate E:\sbgl\ThinkPHP\Library\Think\Model.class.php Á¨¨ 1185 Ë°å.
NOTIC: [8] Undefined index: sphone E:\sbgl\ThinkPHP\Library\Think\Model.class.php Á¨¨ 1217 Ë°å.
NOTIC: [8] Undefined index: sphone E:\sbgl\ThinkPHP\Library\Think\Model.class.php Á¨¨ 1217 Ë°å.
NOTIC: [8] Undefined index: auto E:\sbgl\ThinkPHP\Library\Think\Model.class.php Á¨¨ 1128 Ë°å.
SQL: UPDATE `sbgl_user` SET `user`='151110421',`psd`='$2y$10$l3FAYK6e/WWa7gzZ7R8eF..tiEKR/y6ONSsCS.QPPTSdyr0mJOqry',`reg_time`='1495431339' WHERE ( user=151110421 ) [ RunTime:0.0005s ]

[ 2017-05-22T13:41:50+08:00 ] 127.0.0.1 /index.php/Index/register/stu_id/151110421/pwd/123456
INFO: [ app_init ] --START--
INFO: Run Behavior\BuildLiteBehavior [ RunTime:0.000025s ]
INFO: [ app_init ] --END-- [ RunTime:0.000509s ]
INFO: [ app_begin ] --START--
INFO: Run Behavior\ReadHtmlCacheBehavior [ RunTime:0.000906s ]
INFO: [ app_begin ] --END-- [ RunTime:0.001023s ]
SQL: SHOW COLUMNS FROM `sbgl_user` [ RunTime:0.0009s ]
SQL: SELECT * FROM `sbgl_user` WHERE ( user=151110421 ) LIMIT 1   [ RunTime:0.0003s ]
NOTIC: [8] Undefined index: validate E:\sbgl\ThinkPHP\Library\Think\Model.class.php Á¨¨ 1185 Ë°å.
NOTIC: [8] Undefined index: sphone E:\sbgl\ThinkPHP\Library\Think\Model.class.php Á¨¨ 1217 Ë°å.
NOTIC: [8] Undefined index: sphone E:\sbgl\ThinkPHP\Library\Think\Model.class.php Á¨¨ 1217 Ë°å.
NOTIC: [8] Undefined index: auto E:\sbgl\ThinkPHP\Library\Think\Model.class.php Á¨¨ 1128 Ë°å.
SQL: UPDATE `sbgl_user` SET `user`='151110421',`psd`='$2y$10$2hHxLhaHjQ38x.2wpXOuNegTEL6sRLvd2ote2SEK7NQZBY5VqE1Ja',`reg_time`='1495431710' WHERE ( user=151110421 ) [ RunTime:0.0008s ]

[ 2017-05-22T13:42:06+08:00 ] 127.0.0.1 /index.php/Index/register/stu_id/151110421/pwd/123456
INFO: [ app_init ] --START--
INFO: Run Behavior\BuildLiteBehavior [ RunTime:0.000023s ]
INFO: [ app_init ] --END-- [ RunTime:0.000468s ]
INFO: [ app_begin ] --START--
INFO: Run Behavior\ReadHtmlCacheBehavior [ RunTime:0.000842s ]
INFO: [ app_begin ] --END-- [ RunTime:0.000955s ]
SQL: SHOW COLUMNS FROM `sbgl_user` [ RunTime:0.0012s ]
SQL: SELECT * FROM `sbgl_user` WHERE ( user=151110421 ) LIMIT 1   [ RunTime:0.0004s ]
NOTIC: [8] Undefined index: validate E:\sbgl\ThinkPHP\Library\Think\Model.class.php Á¨¨ 1185 Ë°å.
NOTIC: [8] Undefined index: sphone E:\sbgl\ThinkPHP\Library\Think\Model.class.php Á¨¨ 1217 Ë°å.
NOTIC: [8] Undefined index: sphone E:\sbgl\ThinkPHP\Library\Think\Model.class.php Á¨¨ 1217 Ë°å.
NOTIC: [8] Undefined index: auto E:\sbgl\ThinkPHP\Library\Think\Model.class.php Á¨¨ 1128 Ë°å.
SQL: UPDATE `sbgl_user` SET `user`='151110421',`psd`='$2y$10$I11NbrRFgvQwluXNpSmKJeTs/cVm/2l5ofxXHfz2c798.SZIrTlCu',`reg_time`='1495431726' WHERE ( user=151110421 ) [ RunTime:0.0004s ]

[ 2017-05-22T13:42:24+08:00 ] 127.0.0.1 /index.php/Index/register/stu_id/151110421/pwd/123456
INFO: [ app_init ] --START--
INFO: Run Behavior\BuildLiteBehavior [ RunTime:0.000022s ]
INFO: [ app_init ] --END-- [ RunTime:0.000453s ]
INFO: [ app_begin ] --START--
INFO: Run Behavior\ReadHtmlCacheBehavior [ RunTime:0.000812s ]
INFO: [ app_begin ] --END-- [ RunTime:0.000919s ]
SQL: SHOW COLUMNS FROM `sbgl_user` [ RunTime:0.0008s ]
SQL: SELECT * FROM `sbgl_user` WHERE ( user=151110421 ) LIMIT 1   [ RunTime:0.0003s ]
NOTIC: [8] Undefined index: validate E:\sbgl\ThinkPHP\Library\Think\Model.class.php Á¨¨ 1185 Ë°å.
NOTIC: [8] Undefined index: sphone E:\sbgl\ThinkPHP\Library\Think\Model.class.php Á¨¨ 1217 Ë°å.
NOTIC: [8] Undefined index: sphone E:\sbgl\ThinkPHP\Library\Think\Model.class.php Á¨¨ 1217 Ë°å.
NOTIC: [8] Undefined index: auto E:\sbgl\ThinkPHP\Library\Think\Model.class.php Á¨¨ 1128 Ë°å.
SQL: UPDATE `sbgl_user` SET `user`='151110421',`psd`='$2y$10$1AJ1OR6ZgHBx56GEzHUD9OYZIa.Jk6/O.QezCahCAOrXEbVeR8qDu',`reg_time`='1495431744' WHERE ( user=151110421 ) [ RunTime:0.0006s ]

[ 2017-05-22T13:42:42+08:00 ] 127.0.0.1 /index.php/Index/register/stu_id/151110421/pwd/12342
INFO: [ app_init ] --START--
INFO: Run Behavior\BuildLiteBehavior [ RunTime:0.000048s ]
INFO: [ app_init ] --END-- [ RunTime:0.000913s ]
INFO: [ app_begin ] --START--
INFO: Run Behavior\ReadHtmlCacheBehavior [ RunTime:0.001100s ]
INFO: [ app_begin ] --END-- [ RunTime:0.001235s ]
SQL: SHOW COLUMNS FROM `sbgl_user` [ RunTime:0.0008s ]
SQL: SELECT * FROM `sbgl_user` WHERE ( user=151110421 ) LIMIT 1   [ RunTime:0.0004s ]
NOTIC: [8] Undefined index: validate E:\sbgl\ThinkPHP\Library\Think\Model.class.php Á¨¨ 1185 Ë°å.
NOTIC: [8] Undefined index: sphone E:\sbgl\ThinkPHP\Library\Think\Model.class.php Á¨¨ 1217 Ë°å.
NOTIC: [8] Undefined index: sphone E:\sbgl\ThinkPHP\Library\Think\Model.class.php Á¨¨ 1217 Ë°å.
NOTIC: [8] Undefined index: auto E:\sbgl\ThinkPHP\Library\Think\Model.class.php Á¨¨ 1128 Ë°å.
SQL: UPDATE `sbgl_user` SET `user`='151110421',`psd`='$2y$10$bIELfRsznklPNpWHphjGVOw4e6nSTcIT6aIc1ukLDMTTfyh3aYa2K',`reg_time`='1495431762' WHERE ( user=151110421 ) [ RunTime:0.0004s ]

[ 2017-05-22T13:43:20+08:00 ] 127.0.0.1 /index.php/Index/register/stu_id/151110421/pwd/12342
INFO: [ app_init ] --START--
INFO: Run Behavior\BuildLiteBehavior [ RunTime:0.000023s ]
INFO: [ app_init ] --END-- [ RunTime:0.000462s ]
INFO: [ app_begin ] --START--
INFO: Run Behavior\ReadHtmlCacheBehavior [ RunTime:0.000818s ]
INFO: [ app_begin ] --END-- [ RunTime:0.000928s ]
SQL: SHOW COLUMNS FROM `sbgl_user` [ RunTime:0.0010s ]
SQL: SELECT * FROM `sbgl_user` WHERE ( user=151110421 ) LIMIT 1   [ RunTime:0.0003s ]
NOTIC: [8] Undefined index: validate E:\sbgl\ThinkPHP\Library\Think\Model.class.php Á¨¨ 1185 Ë°å.
NOTIC: [8] Undefined index: sphone E:\sbgl\ThinkPHP\Library\Think\Model.class.php Á¨¨ 1217 Ë°å.
NOTIC: [8] Undefined index: sphone E:\sbgl\ThinkPHP\Library\Think\Model.class.php Á¨¨ 1217 Ë°å.
NOTIC: [8] Undefined index: auto E:\sbgl\ThinkPHP\Library\Think\Model.class.php Á¨¨ 1128 Ë°å.
SQL: UPDATE `sbgl_user` SET `user`='151110421',`psd`='$2y$10$CoSTQQp5UFk6J3ltyUL2nuodSG8ZvAxaXjxUZ5JmuVtTDaHotobqm',`reg_time`='1495431800' WHERE ( user=151110421 ) [ RunTime:0.0004s ]

[ 2017-05-22T13:43:37+08:00 ] 127.0.0.1 /index.php/Index/register/stu_id/151110421/pwd/12342
INFO: [ app_init ] --START--
INFO: Run Behavior\BuildLiteBehavior [ RunTime:0.000023s ]
INFO: [ app_init ] --END-- [ RunTime:0.000507s ]
INFO: [ app_begin ] --START--
INFO: Run Behavior\ReadHtmlCacheBehavior [ RunTime:0.001229s ]
INFO: [ app_begin ] --END-- [ RunTime:0.001423s ]
SQL: SHOW COLUMNS FROM `sbgl_user` [ RunTime:0.0007s ]
SQL: SELECT * FROM `sbgl_user` WHERE ( user=151110421 ) LIMIT 1   [ RunTime:0.0003s ]
NOTIC: [8] Undefined index: validate E:\sbgl\ThinkPHP\Library\Think\Model.class.php Á¨¨ 1185 Ë°å.
NOTIC: [8] Undefined index: sphone E:\sbgl\ThinkPHP\Library\Think\Model.class.php Á¨¨ 1217 Ë°å.
NOTIC: [8] Undefined index: sphone E:\sbgl\ThinkPHP\Library\Think\Model.class.php Á¨¨ 1217 Ë°å.
NOTIC: [8] Undefined index: auto E:\sbgl\ThinkPHP\Library\Think\Model.class.php Á¨¨ 1128 Ë°å.
SQL: UPDATE `sbgl_user` SET `user`='151110421',`psd`='$2y$10$PCjlruK55AIAl/BrGlPw2.OmKbX.2ApRmf6UdGkmlgGOsNT4TvMGW',`reg_time`='1495431816' WHERE ( user=151110421 ) [ RunTime:0.0004s ]
INFO: [ app_end ] --START--
INFO: Run Behavior\ShowPageTraceBehavior [ RunTime:0.001226s ]
INFO: [ app_end ] --END-- [ RunTime:0.001341s ]

[ 2017-05-22T13:44:36+08:00 ] 127.0.0.1 /index.php/Index/register/stu_id/151110421/pwd/12342
INFO: [ app_init ] --START--
INFO: Run Behavior\BuildLiteBehavior [ RunTime:0.000025s ]
INFO: [ app_init ] --END-- [ RunTime:0.000547s ]
INFO: [ app_begin ] --START--
INFO: Run Behavior\ReadHtmlCacheBehavior [ RunTime:0.000738s ]
INFO: [ app_begin ] --END-- [ RunTime:0.000872s ]
SQL: SHOW COLUMNS FROM `sbgl_user` [ RunTime:0.0011s ]
SQL: SELECT * FROM `sbgl_user` WHERE ( user=151110421 ) LIMIT 1   [ RunTime:0.0004s ]
NOTIC: [8] Undefined index: validate E:\sbgl\ThinkPHP\Library\Think\Model.class.php Á¨¨ 1185 Ë°å.
NOTIC: [8] Undefined index: sphone E:\sbgl\ThinkPHP\Library\Think\Model.class.php Á¨¨ 1217 Ë°å.
NOTIC: [8] Undefined index: sphone E:\sbgl\ThinkPHP\Library\Think\Model.class.php Á¨¨ 1217 Ë°å.
NOTIC: [8] Undefined index: auto E:\sbgl\ThinkPHP\Library\Think\Model.class.php Á¨¨ 1128 Ë°å.
SQL: UPDATE `sbgl_user` SET `user`='151110421',`psd`='$2y$10$myzp8ez4iiYYkBH27rpyWOyEmbrOZRyVotg1CfctbMfSfQ1TdlsWC',`reg_time`='1495431875' WHERE ( user=151110421 ) [ RunTime:0.0005s ]

[ 2017-05-22T13:45:59+08:00 ] 192.168.36.9 /index.php/Index/register?stu_id=141110065&pwd=123456
INFO: [ app_init ] --START--
INFO: Run Behavior\BuildLiteBehavior [ RunTime:0.000044s ]
INFO: [ app_init ] --END-- [ RunTime:0.000817s ]
INFO: [ app_begin ] --START--
INFO: Run Behavior\ReadHtmlCacheBehavior [ RunTime:0.001113s ]
INFO: [ app_begin ] --END-- [ RunTime:0.001315s ]
SQL: SHOW COLUMNS FROM `sbgl_user` [ RunTime:0.0008s ]
SQL: SELECT * FROM `sbgl_user` WHERE ( user=141110065 ) LIMIT 1   [ RunTime:0.0005s ]
NOTIC: [8] Undefined index: validate E:\sbgl\ThinkPHP\Library\Think\Model.class.php Á¨¨ 1185 Ë°å.
NOTIC: [8] Undefined index: sphone E:\sbgl\ThinkPHP\Library\Think\Model.class.php Á¨¨ 1217 Ë°å.
NOTIC: [8] Undefined index: sphone E:\sbgl\ThinkPHP\Library\Think\Model.class.php Á¨¨ 1217 Ë°å.
NOTIC: [8] Undefined index: auto E:\sbgl\ThinkPHP\Library\Think\Model.class.php Á¨¨ 1128 Ë°å.
SQL: UPDATE `sbgl_user` SET `user`='141110065',`psd`='$2y$10$764Xiz0bSvSPuRtDaxpHS.89VDNVL5yPaAdXWJHd7RDM9neBmr/Gu',`reg_time`='1495431959' WHERE ( user=141110065 ) [ RunTime:0.0005s ]

[ 2017-05-22T13:56:07+08:00 ] 127.0.0.1 /index.php/Device/gerManufacturer
INFO: [ app_init ] --START--
INFO: Run Behavior\BuildLiteBehavior [ RunTime:0.000039s ]
INFO: [ app_init ] --END-- [ RunTime:0.000808s ]
INFO: [ app_begin ] --START--
INFO: Run Behavior\ReadHtmlCacheBehavior [ RunTime:0.000927s ]
INFO: [ app_begin ] --END-- [ RunTime:0.001052s ]
ERR: ÈùûÊ≥ïÊìç‰Ωú:gerManufacturer

[ 2017-05-22T13:56:13+08:00 ] 127.0.0.1 /index.php/Device/getManufacturer
INFO: [ app_init ] --START--
INFO: Run Behavior\BuildLiteBehavior [ RunTime:0.000024s ]
INFO: [ app_init ] --END-- [ RunTime:0.000602s ]
INFO: [ app_begin ] --START--
INFO: Run Behavior\ReadHtmlCacheBehavior [ RunTime:0.000908s ]
INFO: [ app_begin ] --END-- [ RunTime:0.001078s ]
SQL: SHOW COLUMNS FROM `sbgl_manufacturer` [ RunTime:0.0009s ]
SQL: SELECT * FROM `sbgl_manufacturer` ORDER BY mf_id desc  [ RunTime:0.0003s ]

[ 2017-05-22T14:05:40+08:00 ] 192.168.36.9 /index.php/Index/login?stu_id=141100650&pwd=123456
INFO: [ app_init ] --START--
INFO: Run Behavior\BuildLiteBehavior [ RunTime:0.000086s ]
INFO: [ app_init ] --END-- [ RunTime:0.001722s ]
INFO: [ app_begin ] --START--
INFO: Run Behavior\ReadHtmlCacheBehavior [ RunTime:0.001172s ]
INFO: [ app_begin ] --END-- [ RunTime:0.001405s ]
SQL: SHOW COLUMNS FROM `sbgl_user` [ RunTime:0.0010s ]
SQL: SELECT * FROM `sbgl_user` WHERE ( user='141100650' ) LIMIT 1   [ RunTime:0.0004s ]
NOTIC: [8] Undefined index: status E:\sbgl\Home\Controller\IndexController.class.php Á¨¨ 91 Ë°å.

[ 2017-05-22T14:05:48+08:00 ] 192.168.36.9 /index.php/Index/login?stu_id=1411100650&pwd=123456
INFO: [ app_init ] --START--
INFO: Run Behavior\BuildLiteBehavior [ RunTime:0.000050s ]
INFO: [ app_init ] --END-- [ RunTime:0.001042s ]
INFO: [ app_begin ] --START--
INFO: Run Behavior\ReadHtmlCacheBehavior [ RunTime:0.001453s ]
INFO: [ app_begin ] --END-- [ RunTime:0.001747s ]
SQL: SHOW COLUMNS FROM `sbgl_user` [ RunTime:0.0008s ]
SQL: SELECT * FROM `sbgl_user` WHERE ( user='1411100650' ) LIMIT 1   [ RunTime:0.0003s ]
NOTIC: [8] Undefined index: status E:\sbgl\Home\Controller\IndexController.class.php Á¨¨ 91 Ë°å.

[ 2017-05-22T14:05:53+08:00 ] 192.168.36.9 /index.php/Index/login?stu_id=141110065&pwd=123456
INFO: [ app_init ] --START--
INFO: Run Behavior\BuildLiteBehavior [ RunTime:0.000034s ]
INFO: [ app_init ] --END-- [ RunTime:0.000697s ]
INFO: [ app_begin ] --START--
INFO: Run Behavior\ReadHtmlCacheBehavior [ RunTime:0.000987s ]
INFO: [ app_begin ] --END-- [ RunTime:0.001166s ]
SQL: SHOW COLUMNS FROM `sbgl_user` [ RunTime:0.0010s ]
SQL: SELECT * FROM `sbgl_user` WHERE ( user='141110065' ) LIMIT 1   [ RunTime:0.0003s ]

[ 2017-05-22T14:19:55+08:00 ] 192.168.36.9 /index.php/Index/identification?pwd=M652506
INFO: [ app_init ] --START--
INFO: Run Behavior\BuildLiteBehavior [ RunTime:0.000039s ]
INFO: [ app_init ] --END-- [ RunTime:0.000789s ]
INFO: [ app_begin ] --START--
INFO: Run Behavior\ReadHtmlCacheBehavior [ RunTime:0.002159s ]
INFO: [ app_begin ] --END-- [ RunTime:0.002415s ]
NOTIC: [8] Undefined offset: 1 E:\sbgl\Common\Common\function.php Á¨¨ 97 Ë°å.

[ 2017-05-22T14:20:22+08:00 ] 192.168.36.9 /index.php/Index/identification?pwd=M446487282
INFO: [ app_init ] --START--
INFO: Run Behavior\BuildLiteBehavior [ RunTime:0.000041s ]
INFO: [ app_init ] --END-- [ RunTime:0.000991s ]
INFO: [ app_begin ] --START--
INFO: Run Behavior\ReadHtmlCacheBehavior [ RunTime:0.001339s ]
INFO: [ app_begin ] --END-- [ RunTime:0.001567s ]
SQL: SHOW COLUMNS FROM `sbgl_user` [ RunTime:0.0011s ]
SQL: UPDATE `sbgl_user` SET `verify`='1',`username`='ÂàòÈî°Èîã',`class`='ËÆ°ÁÆóÊú∫1402Áè≠' WHERE ( user=141110065 ) [ RunTime:0.0006s ]

[ 2017-05-22T14:27:26+08:00 ] 192.168.36.9 /index.php/Index/register?stu_id=141110065&pwd=123456
INFO: [ app_init ] --START--
INFO: Run Behavior\BuildLiteBehavior [ RunTime:0.000051s ]
INFO: [ app_init ] --END-- [ RunTime:0.001057s ]
INFO: [ app_begin ] --START--
INFO: Run Behavior\ReadHtmlCacheBehavior [ RunTime:0.000974s ]
INFO: [ app_begin ] --END-- [ RunTime:0.001131s ]
SQL: SHOW COLUMNS FROM `sbgl_user` [ RunTime:0.0009s ]
SQL: SELECT * FROM `sbgl_user` WHERE ( user=141110065 ) LIMIT 1   [ RunTime:0.0004s ]

[ 2017-05-22T14:34:25+08:00 ] 192.168.36.9 /index.php/Index/register?stu_id=141010111&pwd=123456
INFO: [ app_init ] --START--
INFO: Run Behavior\BuildLiteBehavior [ RunTime:0.000041s ]
INFO: [ app_init ] --END-- [ RunTime:0.000815s ]
INFO: [ app_begin ] --START--
INFO: Run Behavior\ReadHtmlCacheBehavior [ RunTime:0.001289s ]
INFO: [ app_begin ] --END-- [ RunTime:0.001547s ]
SQL: SHOW COLUMNS FROM `sbgl_user` [ RunTime:0.0010s ]
SQL: SELECT * FROM `sbgl_user` WHERE ( user=141010111 ) LIMIT 1   [ RunTime:0.0003s ]
NOTIC: [8] Undefined index: validate E:\sbgl\ThinkPHP\Library\Think\Model.class.php Á¨¨ 1185 Ë°å.
NOTIC: [8] Undefined index: sphone E:\sbgl\ThinkPHP\Library\Think\Model.class.php Á¨¨ 1217 Ë°å.
NOTIC: [8] Undefined index: sphone E:\sbgl\ThinkPHP\Library\Think\Model.class.php Á¨¨ 1217 Ë°å.
NOTIC: [8] Undefined index: auto E:\sbgl\ThinkPHP\Library\Think\Model.class.php Á¨¨ 1128 Ë°å.
SQL: INSERT INTO `sbgl_user` (`user`,`psd`,`reg_time`) VALUES ('141010111','$2y$10$/OtE/HBTYUQlP.qV/jjBV.wxK9KihXjuriPB124UmOzKMaWlYYxcS','1495434865') [ RunTime:0.0004s ]

[ 2017-05-22T14:36:13+08:00 ] 10.15.133.52 /index.php/Index/register?stu_id=141010111&pwd=123456
INFO: [ app_init ] --START--
INFO: Run Behavior\BuildLiteBehavior [ RunTime:0.000050s ]
INFO: [ app_init ] --END-- [ RunTime:0.001305s ]
INFO: [ app_begin ] --START--
INFO: Run Behavior\ReadHtmlCacheBehavior [ RunTime:0.001299s ]
INFO: [ app_begin ] --END-- [ RunTime:0.001539s ]
SQL: SHOW COLUMNS FROM `sbgl_user` [ RunTime:0.0009s ]
SQL: SELECT * FROM `sbgl_user` WHERE ( user=141010111 ) LIMIT 1   [ RunTime:0.0004s ]
NOTIC: [8] Undefined index: validate E:\sbgl\ThinkPHP\Library\Think\Model.class.php Á¨¨ 1185 Ë°å.
NOTIC: [8] Undefined index: sphone E:\sbgl\ThinkPHP\Library\Think\Model.class.php Á¨¨ 1217 Ë°å.
NOTIC: [8] Undefined index: sphone E:\sbgl\ThinkPHP\Library\Think\Model.class.php Á¨¨ 1217 Ë°å.
NOTIC: [8] Undefined index: auto E:\sbgl\ThinkPHP\Library\Think\Model.class.php Á¨¨ 1128 Ë°å.
SQL: UPDATE `sbgl_user` SET `user`='141010111',`psd`='$2y$10$uW/jSUHAsg7ISlEVU3WlTe9nA5qlD/lRa/nu1APudrJYBpJmUISPO',`reg_time`='1495434973' WHERE ( user=141010111 ) [ RunTime:0.0004s ]

[ 2017-05-22T14:37:04+08:00 ] 192.168.36.9 /index.php/Index/register?stu_id=141110065&pwd=123456
INFO: [ app_init ] --START--
INFO: Run Behavior\BuildLiteBehavior [ RunTime:0.000039s ]
INFO: [ app_init ] --END-- [ RunTime:0.000802s ]
INFO: [ app_begin ] --START--
INFO: Run Behavior\ReadHtmlCacheBehavior [ RunTime:0.001283s ]
INFO: [ app_begin ] --END-- [ RunTime:0.001477s ]
SQL: SHOW COLUMNS FROM `sbgl_user` [ RunTime:0.0013s ]
SQL: SELECT * FROM `sbgl_user` WHERE ( user=141110065 ) LIMIT 1   [ RunTime:0.0004s ]

[ 2017-05-22T14:38:44+08:00 ] 10.15.133.52 /index.php/Index/register?stu_id=14067679&pwd=123456
INFO: [ app_init ] --START--
INFO: Run Behavior\BuildLiteBehavior [ RunTime:0.000049s ]
INFO: [ app_init ] --END-- [ RunTime:0.000987s ]
INFO: [ app_begin ] --START--
INFO: Run Behavior\ReadHtmlCacheBehavior [ RunTime:0.001506s ]
INFO: [ app_begin ] --END-- [ RunTime:0.001754s ]
SQL: SHOW COLUMNS FROM `sbgl_user` [ RunTime:0.0015s ]
SQL: SELECT * FROM `sbgl_user` WHERE ( user=14067679 ) LIMIT 1   [ RunTime:0.0006s ]
NOTIC: [8] Undefined index: validate E:\sbgl\ThinkPHP\Library\Think\Model.class.php Á¨¨ 1185 Ë°å.

[ 2017-05-22T14:38:51+08:00 ] 192.168.36.9 /index.php/Index/register?stu_id=14067679&pwd=123456
INFO: [ app_init ] --START--
INFO: Run Behavior\BuildLiteBehavior [ RunTime:0.000034s ]
INFO: [ app_init ] --END-- [ RunTime:0.000681s ]
INFO: [ app_begin ] --START--
INFO: Run Behavior\ReadHtmlCacheBehavior [ RunTime:0.000933s ]
INFO: [ app_begin ] --END-- [ RunTime:0.001105s ]
SQL: SHOW COLUMNS FROM `sbgl_user` [ RunTime:0.0010s ]
SQL: SELECT * FROM `sbgl_user` WHERE ( user=14067679 ) LIMIT 1   [ RunTime:0.0004s ]
NOTIC: [8] Undefined index: validate E:\sbgl\ThinkPHP\Library\Think\Model.class.php Á¨¨ 1185 Ë°å.

[ 2017-05-22T14:39:09+08:00 ] 192.168.36.9 /index.php/Index/register?stu_id=14067679&pwd=123456
INFO: [ app_init ] --START--
INFO: Run Behavior\BuildLiteBehavior [ RunTime:0.000048s ]
INFO: [ app_init ] --END-- [ RunTime:0.001085s ]
INFO: [ app_begin ] --START--
INFO: Run Behavior\ReadHtmlCacheBehavior [ RunTime:0.001583s ]
INFO: [ app_begin ] --END-- [ RunTime:0.001829s ]
SQL: SHOW COLUMNS FROM `sbgl_user` [ RunTime:0.0014s ]
SQL: SELECT * FROM `sbgl_user` WHERE ( user=14067679 ) LIMIT 1   [ RunTime:0.0006s ]
NOTIC: [8] Undefined index: validate E:\sbgl\ThinkPHP\Library\Think\Model.class.php Á¨¨ 1185 Ë°å.

[ 2017-05-22T14:39:19+08:00 ] 10.15.133.52 /index.php/Index/register?stu_id=140676791&pwd=123456
INFO: [ app_init ] --START--
INFO: Run Behavior\BuildLiteBehavior [ RunTime:0.000051s ]
INFO: [ app_init ] --END-- [ RunTime:0.001025s ]
INFO: [ app_begin ] --START--
INFO: Run Behavior\ReadHtmlCacheBehavior [ RunTime:0.001417s ]
INFO: [ app_begin ] --END-- [ RunTime:0.001703s ]
SQL: SHOW COLUMNS FROM `sbgl_user` [ RunTime:0.0009s ]
SQL: SELECT * FROM `sbgl_user` WHERE ( user=140676791 ) LIMIT 1   [ RunTime:0.0004s ]
NOTIC: [8] Undefined index: validate E:\sbgl\ThinkPHP\Library\Think\Model.class.php Á¨¨ 1185 Ë°å.
NOTIC: [8] Undefined index: sphone E:\sbgl\ThinkPHP\Library\Think\Model.class.php Á¨¨ 1217 Ë°å.
NOTIC: [8] Undefined index: sphone E:\sbgl\ThinkPHP\Library\Think\Model.class.php Á¨¨ 1217 Ë°å.
NOTIC: [8] Undefined index: auto E:\sbgl\ThinkPHP\Library\Think\Model.class.php Á¨¨ 1128 Ë°å.
SQL: INSERT INTO `sbgl_user` (`user`,`psd`,`reg_time`) VALUES ('140676791','$2y$10$dyBpSqgA5yT42PjJWYyvGupHrOM3cr9g8MZvYQ2foVO1RUEzhLoLO','1495435159') [ RunTime:0.0005s ]

[ 2017-05-22T14:39:21+08:00 ] 192.168.36.9 /index.php/Index/register?stu_id=140676791&pwd=123456
INFO: [ app_init ] --START--
INFO: Run Behavior\BuildLiteBehavior [ RunTime:0.000024s ]
INFO: [ app_init ] --END-- [ RunTime:0.000551s ]
INFO: [ app_begin ] --START--
INFO: Run Behavior\ReadHtmlCacheBehavior [ RunTime:0.000766s ]
INFO: [ app_begin ] --END-- [ RunTime:0.000901s ]
SQL: SHOW COLUMNS FROM `sbgl_user` [ RunTime:0.0010s ]
SQL: SELECT * FROM `sbgl_user` WHERE ( user=140676791 ) LIMIT 1   [ RunTime:0.0004s ]
NOTIC: [8] Undefined index: validate E:\sbgl\ThinkPHP\Library\Think\Model.class.php Á¨¨ 1185 Ë°å.
NOTIC: [8] Undefined index: sphone E:\sbgl\ThinkPHP\Library\Think\Model.class.php Á¨¨ 1217 Ë°å.
NOTIC: [8] Undefined index: sphone E:\sbgl\ThinkPHP\Library\Think\Model.class.php Á¨¨ 1217 Ë°å.
NOTIC: [8] Undefined index: auto E:\sbgl\ThinkPHP\Library\Think\Model.class.php Á¨¨ 1128 Ë°å.
SQL: UPDATE `sbgl_user` SET `user`='140676791',`psd`='$2y$10$cunpc2o4wdRHhaEvhVAjfel.KCj.fC7HG5aSJPndyP.231hYj..EO',`reg_time`='1495435161' WHERE ( user=140676791 ) [ RunTime:0.0006s ]

[ 2017-05-22T14:42:00+08:00 ] 10.15.133.52 /index.php/Index/register?stu_id=141010161&pwd=123456
INFO: [ app_init ] --START--
INFO: Run Behavior\BuildLiteBehavior [ RunTime:0.000029s ]
INFO: [ app_init ] --END-- [ RunTime:0.000644s ]
INFO: [ app_begin ] --START--
INFO: Run Behavior\ReadHtmlCacheBehavior [ RunTime:0.001044s ]
INFO: [ app_begin ] --END-- [ RunTime:0.001214s ]
SQL: SHOW COLUMNS FROM `sbgl_user` [ RunTime:0.0011s ]
SQL: SELECT * FROM `sbgl_user` WHERE ( user=141010161 ) LIMIT 1   [ RunTime:0.0004s ]
NOTIC: [8] Undefined index: validate E:\sbgl\ThinkPHP\Library\Think\Model.class.php Á¨¨ 1185 Ë°å.
NOTIC: [8] Undefined index: sphone E:\sbgl\ThinkPHP\Library\Think\Model.class.php Á¨¨ 1217 Ë°å.
NOTIC: [8] Undefined index: sphone E:\sbgl\ThinkPHP\Library\Think\Model.class.php Á¨¨ 1217 Ë°å.
NOTIC: [8] Undefined index: auto E:\sbgl\ThinkPHP\Library\Think\Model.class.php Á¨¨ 1128 Ë°å.
SQL: INSERT INTO `sbgl_user` (`user`,`psd`,`reg_time`) VALUES ('141010161','$2y$10$olM/x27F17bNR/s54Fh1oeozHrogzrR2pDAOGUKt9NWI87LH7Fa0a','1495435320') [ RunTime:0.0004s ]

[ 2017-05-22T14:44:58+08:00 ] 10.15.133.52 /index.php/Index/register?stu_id=141010160&pwd=123456
INFO: [ app_init ] --START--
INFO: Run Behavior\BuildLiteBehavior [ RunTime:0.000035s ]
INFO: [ app_init ] --END-- [ RunTime:0.000773s ]
INFO: [ app_begin ] --START--
INFO: Run Behavior\ReadHtmlCacheBehavior [ RunTime:0.001249s ]
INFO: [ app_begin ] --END-- [ RunTime:0.001416s ]
SQL: SHOW COLUMNS FROM `sbgl_user` [ RunTime:0.0008s ]
SQL: SELECT * FROM `sbgl_user` WHERE ( user=141010160 ) LIMIT 1   [ RunTime:0.0003s ]
NOTIC: [8] Undefined index: validate E:\sbgl\ThinkPHP\Library\Think\Model.class.php Á¨¨ 1185 Ë°å.
NOTIC: [8] Undefined index: sphone E:\sbgl\ThinkPHP\Library\Think\Model.class.php Á¨¨ 1217 Ë°å.
NOTIC: [8] Undefined index: sphone E:\sbgl\ThinkPHP\Library\Think\Model.class.php Á¨¨ 1217 Ë°å.
NOTIC: [8] Undefined index: auto E:\sbgl\ThinkPHP\Library\Think\Model.class.php Á¨¨ 1128 Ë°å.
SQL: INSERT INTO `sbgl_user` (`user`,`psd`,`reg_time`) VALUES ('141010160','$2y$10$/1cybJmUzYjAkE.tgWVZQufgI/8jAiH7KPz399uDLHAIAegE72/u.','1495435498') [ RunTime:0.0004s ]

[ 2017-05-22T14:45:05+08:00 ] 10.15.133.52 /index.php/Index/identification?pwd=M652506
INFO: [ app_init ] --START--
INFO: Run Behavior\BuildLiteBehavior [ RunTime:0.000046s ]
INFO: [ app_init ] --END-- [ RunTime:0.001085s ]
INFO: [ app_begin ] --START--
INFO: Run Behavior\ReadHtmlCacheBehavior [ RunTime:0.001904s ]
INFO: [ app_begin ] --END-- [ RunTime:0.002143s ]
NOTIC: [8] Undefined offset: 0 E:\sbgl\Common\Common\function.php Á¨¨ 75 Ë°å.
NOTIC: [8] Undefined offset: 1 E:\sbgl\Common\Common\function.php Á¨¨ 78 Ë°å.
NOTIC: [8] Undefined offset: 1 E:\sbgl\Common\Common\function.php Á¨¨ 97 Ë°å.

[ 2017-05-22T14:55:28+08:00 ] 10.15.133.52 /index.php/Index/register?stu_id=141010160&pwd=123456
INFO: [ app_init ] --START--
INFO: Run Behavior\BuildLiteBehavior [ RunTime:0.000042s ]
INFO: [ app_init ] --END-- [ RunTime:0.000956s ]
INFO: [ app_begin ] --START--
INFO: Run Behavior\ReadHtmlCacheBehavior [ RunTime:0.001623s ]
INFO: [ app_begin ] --END-- [ RunTime:0.001827s ]
SQL: SHOW COLUMNS FROM `sbgl_user` [ RunTime:0.0009s ]
SQL: SELECT * FROM `sbgl_user` WHERE ( user=141010160 ) LIMIT 1   [ RunTime:0.0004s ]
NOTIC: [8] Undefined index: validate E:\sbgl\ThinkPHP\Library\Think\Model.class.php Á¨¨ 1185 Ë°å.
NOTIC: [8] Undefined index: sphone E:\sbgl\ThinkPHP\Library\Think\Model.class.php Á¨¨ 1217 Ë°å.
NOTIC: [8] Undefined index: sphone E:\sbgl\ThinkPHP\Library\Think\Model.class.php Á¨¨ 1217 Ë°å.
NOTIC: [8] Undefined index: auto E:\sbgl\ThinkPHP\Library\Think\Model.class.php Á¨¨ 1128 Ë°å.
SQL: UPDATE `sbgl_user` SET `user`='141010160',`psd`='$2y$10$0NAFkQ5rjcWpy7GRR77oTO88P.E8xN9n9PySsw53SlV9CEMB3cn2u',`reg_time`='1495436127' WHERE ( user=141010160 ) [ RunTime:0.0004s ]

[ 2017-05-22T14:57:38+08:00 ] 10.15.133.52 /index.php/Index/login?stu_id=141010160&pwd=123456
INFO: [ app_init ] --START--
INFO: Run Behavior\BuildLiteBehavior [ RunTime:0.000034s ]
INFO: [ app_init ] --END-- [ RunTime:0.000777s ]
INFO: [ app_begin ] --START--
INFO: Run Behavior\ReadHtmlCacheBehavior [ RunTime:0.001377s ]
INFO: [ app_begin ] --END-- [ RunTime:0.001549s ]
SQL: SHOW COLUMNS FROM `sbgl_user` [ RunTime:0.0008s ]
SQL: SELECT * FROM `sbgl_user` WHERE ( user='141010160' ) LIMIT 1   [ RunTime:0.0004s ]

[ 2017-05-22T14:57:57+08:00 ] 10.15.133.52 /index.php/Index/identification?pwd=M446487282
INFO: [ app_init ] --START--
INFO: Run Behavior\BuildLiteBehavior [ RunTime:0.000026s ]
INFO: [ app_init ] --END-- [ RunTime:0.000610s ]
INFO: [ app_begin ] --START--
INFO: Run Behavior\ReadHtmlCacheBehavior [ RunTime:0.000946s ]
INFO: [ app_begin ] --END-- [ RunTime:0.001084s ]
NOTIC: [8] Undefined offset: 1 E:\sbgl\Common\Common\function.php Á¨¨ 97 Ë°å.

[ 2017-05-22T15:01:39+08:00 ] 127.0.0.1 /index.php/Index/logout
INFO: [ app_init ] --START--
INFO: Run Behavior\BuildLiteBehavior [ RunTime:0.000025s ]
INFO: [ app_init ] --END-- [ RunTime:0.000591s ]
INFO: [ app_begin ] --START--
INFO: Run Behavior\ReadHtmlCacheBehavior [ RunTime:0.001028s ]
INFO: [ app_begin ] --END-- [ RunTime:0.001185s ]

[ 2017-05-22T15:03:33+08:00 ] 192.168.36.9 /index.php/Index/login?stu_id=141100650&pwd=123456
INFO: [ app_init ] --START--
INFO: Run Behavior\BuildLiteBehavior [ RunTime:0.000047s ]
INFO: [ app_init ] --END-- [ RunTime:0.000943s ]
INFO: [ app_begin ] --START--
INFO: Run Behavior\ReadHtmlCacheBehavior [ RunTime:0.001373s ]
INFO: [ app_begin ] --END-- [ RunTime:0.001568s ]
SQL: SHOW COLUMNS FROM `sbgl_user` [ RunTime:0.0011s ]
SQL: SELECT * FROM `sbgl_user` WHERE ( user='141100650' ) LIMIT 1   [ RunTime:0.0004s ]
NOTIC: [8] Undefined index: status E:\sbgl\Home\Controller\IndexController.class.php Á¨¨ 91 Ë°å.

[ 2017-05-22T15:03:37+08:00 ] 192.168.36.9 /index.php/Index/login?stu_id=141110065&pwd=123456
INFO: [ app_init ] --START--
INFO: Run Behavior\BuildLiteBehavior [ RunTime:0.000029s ]
INFO: [ app_init ] --END-- [ RunTime:0.000592s ]
INFO: [ app_begin ] --START--
INFO: Run Behavior\ReadHtmlCacheBehavior [ RunTime:0.002409s ]
INFO: [ app_begin ] --END-- [ RunTime:0.002693s ]
SQL: SHOW COLUMNS FROM `sbgl_user` [ RunTime:0.0011s ]
SQL: SELECT * FROM `sbgl_user` WHERE ( user='141110065' ) LIMIT 1   [ RunTime:0.0003s ]
NOTIC: [8] Undefined index: status E:\sbgl\Home\Controller\IndexController.class.php Á¨¨ 91 Ë°å.

[ 2017-05-22T15:03:48+08:00 ] 192.168.36.9 /index.php/Index/login?stu_id=141010160&pwd=123456
INFO: [ app_init ] --START--
INFO: Run Behavior\BuildLiteBehavior [ RunTime:0.000042s ]
INFO: [ app_init ] --END-- [ RunTime:0.001068s ]
INFO: [ app_begin ] --START--
INFO: Run Behavior\ReadHtmlCacheBehavior [ RunTime:0.001621s ]
INFO: [ app_begin ] --END-- [ RunTime:0.001832s ]
SQL: SHOW COLUMNS FROM `sbgl_user` [ RunTime:0.0009s ]
SQL: SELECT * FROM `sbgl_user` WHERE ( user='141010160' ) LIMIT 1   [ RunTime:0.0004s ]

[ 2017-05-22T15:03:57+08:00 ] 192.168.36.9 /index.php/Index/logout
INFO: [ app_init ] --START--
INFO: Run Behavior\BuildLiteBehavior [ RunTime:0.000041s ]
INFO: [ app_init ] --END-- [ RunTime:0.000953s ]
INFO: [ app_begin ] --START--
INFO: Run Behavior\ReadHtmlCacheBehavior [ RunTime:0.000982s ]
INFO: [ app_begin ] --END-- [ RunTime:0.001108s ]

[ 2017-05-22T15:10:04+08:00 ] 127.0.0.1 /index.php/Index/logout
INFO: [ app_init ] --START--
INFO: Run Behavior\BuildLiteBehavior [ RunTime:0.000047s ]
INFO: [ app_init ] --END-- [ RunTime:0.000887s ]
INFO: [ app_begin ] --START--
INFO: Run Behavior\ReadHtmlCacheBehavior [ RunTime:0.001322s ]
INFO: [ app_begin ] --END-- [ RunTime:0.001581s ]

[ 2017-05-22T15:19:35+08:00 ] 127.0.0.1 /index.php/Device/getManufacturer
INFO: [ app_init ] --START--
INFO: Run Behavior\BuildLiteBehavior [ RunTime:0.000024s ]
INFO: [ app_init ] --END-- [ RunTime:0.000520s ]
INFO: [ app_begin ] --START--
INFO: Run Behavior\ReadHtmlCacheBehavior [ RunTime:0.000669s ]
INFO: [ app_begin ] --END-- [ RunTime:0.000800s ]
SQL: SHOW COLUMNS FROM `sbgl_manufacturer` [ RunTime:0.0008s ]
SQL: SELECT * FROM `sbgl_manufacturer` ORDER BY mf_id desc  [ RunTime:0.0003s ]

