[ 2017-05-19T07:27:24+08:00 ] 127.0.0.1 /index.php/Index/login
INFO: [ app_init ] --START--
INFO: Run Behavior\BuildLiteBehavior [ RunTime:0.000034s ]
INFO: [ app_init ] --END-- [ RunTime:0.000711s ]
INFO: [ app_begin ] --START--
INFO: Run Behavior\ReadHtmlCacheBehavior [ RunTime:0.000915s ]
INFO: [ app_begin ] --END-- [ RunTime:0.001088s ]
ERR: 参数错误或者未定义:stu_id

[ 2017-05-19T07:27:35+08:00 ] 127.0.0.1 /index.php/Index/login/stu_id/151110192/
INFO: [ app_init ] --START--
INFO: Run Behavior\BuildLiteBehavior [ RunTime:0.000023s ]
INFO: [ app_init ] --END-- [ RunTime:0.000413s ]
INFO: [ app_begin ] --START--
INFO: Run Behavior\ReadHtmlCacheBehavior [ RunTime:0.000443s ]
INFO: [ app_begin ] --END-- [ RunTime:0.000547s ]
ERR: 参数错误或者未定义:pwd

[ 2017-05-19T07:27:46+08:00 ] 127.0.0.1 /index.php/Index/login/stu_id/151110192/pwd/admin123
INFO: [ app_init ] --START--
INFO: Run Behavior\BuildLiteBehavior [ RunTime:0.000022s ]
INFO: [ app_init ] --END-- [ RunTime:0.000406s ]
INFO: [ app_begin ] --START--
INFO: Run Behavior\ReadHtmlCacheBehavior [ RunTime:0.000409s ]
INFO: [ app_begin ] --END-- [ RunTime:0.000522s ]
SQL: SHOW COLUMNS FROM `sbgl_user` [ RunTime:0.0374s ]
ERR: Think\Model:checkNamePwd方法不存在！

[ 2017-05-19T07:28:08+08:00 ] 127.0.0.1 /index.php/Index/login/stu_id/151110192/pwd/admin123
INFO: [ app_init ] --START--
INFO: Run Behavior\BuildLiteBehavior [ RunTime:0.000021s ]
INFO: [ app_init ] --END-- [ RunTime:0.000398s ]
INFO: [ app_begin ] --START--
INFO: Run Behavior\ReadHtmlCacheBehavior [ RunTime:0.000423s ]
INFO: [ app_begin ] --END-- [ RunTime:0.000526s ]
SQL: SHOW COLUMNS FROM `sbgl_user` [ RunTime:0.0008s ]
SQL: SELECT * FROM `sbgl_user` WHERE ( user='151110192' ) LIMIT 1   [ RunTime:0.0008s ]

[ 2017-05-19T07:28:13+08:00 ] 127.0.0.1 /index.php/Index/login/stu_id/151110192/pwd/admin12
INFO: [ app_init ] --START--
INFO: Run Behavior\BuildLiteBehavior [ RunTime:0.000021s ]
INFO: [ app_init ] --END-- [ RunTime:0.000386s ]
INFO: [ app_begin ] --START--
INFO: Run Behavior\ReadHtmlCacheBehavior [ RunTime:0.000401s ]
INFO: [ app_begin ] --END-- [ RunTime:0.000505s ]
SQL: SHOW COLUMNS FROM `sbgl_user` [ RunTime:0.0010s ]
SQL: SELECT * FROM `sbgl_user` WHERE ( user='151110192' ) LIMIT 1   [ RunTime:0.0003s ]
NOTIC: [8] Undefined index: status E:\sbgl\Home\Controller\IndexController.class.php 第 89 行.

[ 2017-05-19T07:28:17+08:00 ] 127.0.0.1 /index.php/Index/login/stu_id/151110192/pwd/admin123
INFO: [ app_init ] --START--
INFO: Run Behavior\BuildLiteBehavior [ RunTime:0.000023s ]
INFO: [ app_init ] --END-- [ RunTime:0.000445s ]
INFO: [ app_begin ] --START--
INFO: Run Behavior\ReadHtmlCacheBehavior [ RunTime:0.000419s ]
INFO: [ app_begin ] --END-- [ RunTime:0.000522s ]
SQL: SHOW COLUMNS FROM `sbgl_user` [ RunTime:0.0009s ]
SQL: SELECT * FROM `sbgl_user` WHERE ( user='151110192' ) LIMIT 1   [ RunTime:0.0004s ]

[ 2017-05-19T07:28:49+08:00 ] 127.0.0.1 /index.php/Index/login/stu_id/151110192/pwd/admin
INFO: [ app_init ] --START--
INFO: Run Behavior\BuildLiteBehavior [ RunTime:0.000022s ]
INFO: [ app_init ] --END-- [ RunTime:0.000412s ]
INFO: [ app_begin ] --START--
INFO: Run Behavior\ReadHtmlCacheBehavior [ RunTime:0.000403s ]
INFO: [ app_begin ] --END-- [ RunTime:0.000505s ]
SQL: SHOW COLUMNS FROM `sbgl_user` [ RunTime:0.0010s ]
SQL: SELECT * FROM `sbgl_user` WHERE ( user='151110192' ) LIMIT 1   [ RunTime:0.0003s ]
NOTIC: [8] Undefined index: status E:\sbgl\Home\Controller\IndexController.class.php 第 89 行.

[ 2017-05-19T07:28:56+08:00 ] 127.0.0.1 /index.php/Index/login/stu_id/151110192/pwd/admin
INFO: [ app_init ] --START--
INFO: Run Behavior\BuildLiteBehavior [ RunTime:0.000133s ]
INFO: [ app_init ] --END-- [ RunTime:0.002058s ]
INFO: [ app_begin ] --START--
INFO: Run Behavior\ReadHtmlCacheBehavior [ RunTime:0.001415s ]
INFO: [ app_begin ] --END-- [ RunTime:0.001754s ]
SQL: SHOW COLUMNS FROM `sbgl_user` [ RunTime:0.0018s ]
SQL: SELECT * FROM `sbgl_user` WHERE ( user='151110192' ) LIMIT 1   [ RunTime:0.0006s ]
NOTIC: [8] Undefined index: status E:\sbgl\Home\Controller\IndexController.class.php 第 89 行.

[ 2017-05-19T07:29:00+08:00 ] 127.0.0.1 /index.php/Index/login/stu_id/151110/pwd/admin
INFO: [ app_init ] --START--
INFO: Run Behavior\BuildLiteBehavior [ RunTime:0.000021s ]
INFO: [ app_init ] --END-- [ RunTime:0.000389s ]
INFO: [ app_begin ] --START--
INFO: Run Behavior\ReadHtmlCacheBehavior [ RunTime:0.000403s ]
INFO: [ app_begin ] --END-- [ RunTime:0.000505s ]
SQL: SHOW COLUMNS FROM `sbgl_user` [ RunTime:0.0009s ]
SQL: SELECT * FROM `sbgl_user` WHERE ( user='151110' ) LIMIT 1   [ RunTime:0.0009s ]
NOTIC: [8] Undefined index: status E:\sbgl\Home\Controller\IndexController.class.php 第 89 行.

[ 2017-05-19T07:33:30+08:00 ] 127.0.0.1 /index.php/Index/login/stu_id/15111092/pwd/admin123
INFO: [ app_init ] --START--
INFO: Run Behavior\BuildLiteBehavior [ RunTime:0.000040s ]
INFO: [ app_init ] --END-- [ RunTime:0.000492s ]
INFO: [ app_begin ] --START--
INFO: Run Behavior\ReadHtmlCacheBehavior [ RunTime:0.000619s ]
INFO: [ app_begin ] --END-- [ RunTime:0.000723s ]
SQL: SHOW COLUMNS FROM `sbgl_user` [ RunTime:0.0009s ]
SQL: SELECT * FROM `sbgl_user` WHERE ( user='15111092' ) LIMIT 1   [ RunTime:0.0003s ]
NOTIC: [8] Undefined index: status E:\sbgl\Home\Controller\IndexController.class.php 第 89 行.

[ 2017-05-19T07:33:39+08:00 ] 127.0.0.1 /index.php/Index/login/stu_id/151110192/pwd/admin123
INFO: [ app_init ] --START--
INFO: Run Behavior\BuildLiteBehavior [ RunTime:0.000040s ]
INFO: [ app_init ] --END-- [ RunTime:0.000678s ]
INFO: [ app_begin ] --START--
INFO: Run Behavior\ReadHtmlCacheBehavior [ RunTime:0.000504s ]
INFO: [ app_begin ] --END-- [ RunTime:0.000644s ]
SQL: SHOW COLUMNS FROM `sbgl_user` [ RunTime:0.0008s ]
SQL: SELECT * FROM `sbgl_user` WHERE ( user='151110192' ) LIMIT 1   [ RunTime:0.0003s ]

[ 2017-05-19T07:35:39+08:00 ] 127.0.0.1 /index.php/Index/login/stu_id/151110192/pwd/admin123
INFO: [ app_init ] --START--
INFO: Run Behavior\BuildLiteBehavior [ RunTime:0.000023s ]
INFO: [ app_init ] --END-- [ RunTime:0.000687s ]
INFO: [ app_begin ] --START--
INFO: Run Behavior\ReadHtmlCacheBehavior [ RunTime:0.001639s ]
INFO: [ app_begin ] --END-- [ RunTime:0.001872s ]
SQL: SHOW COLUMNS FROM `sbgl_user` [ RunTime:0.0007s ]
SQL: SELECT * FROM `sbgl_user` WHERE ( user='151110192' ) LIMIT 1   [ RunTime:0.0004s ]

[ 2017-05-19T07:49:02+08:00 ] 127.0.0.1 /index.php/Index/login/stu_id/151110192/pwd/admin123
INFO: [ app_init ] --START--
INFO: Run Behavior\BuildLiteBehavior [ RunTime:0.000024s ]
INFO: [ app_init ] --END-- [ RunTime:0.000474s ]
INFO: [ app_begin ] --START--
INFO: Run Behavior\ReadHtmlCacheBehavior [ RunTime:0.000720s ]
INFO: [ app_begin ] --END-- [ RunTime:0.000849s ]
SQL: SHOW COLUMNS FROM `sbgl_user` [ RunTime:0.0008s ]
SQL: SELECT * FROM `sbgl_user` WHERE ( user='151110192' ) LIMIT 1   [ RunTime:0.0003s ]

[ 2017-05-19T07:49:22+08:00 ] 127.0.0.1 /index.php/Index/login/stu_id/151110192/pwd/admin123
INFO: [ app_init ] --START--
INFO: Run Behavior\BuildLiteBehavior [ RunTime:0.000028s ]
INFO: [ app_init ] --END-- [ RunTime:0.000656s ]
INFO: [ app_begin ] --START--
INFO: Run Behavior\ReadHtmlCacheBehavior [ RunTime:0.000887s ]
INFO: [ app_begin ] --END-- [ RunTime:0.001062s ]
SQL: SHOW COLUMNS FROM `sbgl_user` [ RunTime:0.0007s ]
SQL: SELECT * FROM `sbgl_user` WHERE ( user='151110192' ) LIMIT 1   [ RunTime:0.0007s ]

[ 2017-05-19T07:49:41+08:00 ] 127.0.0.1 /index.php/Index/login/stu_id/151110192/pwd/admin123
INFO: [ app_init ] --START--
INFO: Run Behavior\BuildLiteBehavior [ RunTime:0.000022s ]
INFO: [ app_init ] --END-- [ RunTime:0.000464s ]
INFO: [ app_begin ] --START--
INFO: Run Behavior\ReadHtmlCacheBehavior [ RunTime:0.000671s ]
INFO: [ app_begin ] --END-- [ RunTime:0.000786s ]
SQL: SHOW COLUMNS FROM `sbgl_user` [ RunTime:0.0007s ]
SQL: SELECT * FROM `sbgl_user` WHERE ( user='151110192' ) LIMIT 1   [ RunTime:0.0003s ]

[ 2017-05-19T07:50:03+08:00 ] 127.0.0.1 /index.php/Index/login/stu_id/15111019/pwd/admin123
INFO: [ app_init ] --START--
INFO: Run Behavior\BuildLiteBehavior [ RunTime:0.000039s ]
INFO: [ app_init ] --END-- [ RunTime:0.000771s ]
INFO: [ app_begin ] --START--
INFO: Run Behavior\ReadHtmlCacheBehavior [ RunTime:0.000717s ]
INFO: [ app_begin ] --END-- [ RunTime:0.000838s ]
SQL: SHOW COLUMNS FROM `sbgl_user` [ RunTime:0.0013s ]
SQL: SELECT * FROM `sbgl_user` WHERE ( user='15111019' ) LIMIT 1   [ RunTime:0.0004s ]
NOTIC: [8] Undefined index: status E:\sbgl\Home\Controller\IndexController.class.php 第 89 行.

[ 2017-05-19T07:50:16+08:00 ] 127.0.0.1 /index.php/Index/login/stu_id/151110192/pwd/admin
INFO: [ app_init ] --START--
INFO: Run Behavior\BuildLiteBehavior [ RunTime:0.000022s ]
INFO: [ app_init ] --END-- [ RunTime:0.000473s ]
INFO: [ app_begin ] --START--
INFO: Run Behavior\ReadHtmlCacheBehavior [ RunTime:0.000654s ]
INFO: [ app_begin ] --END-- [ RunTime:0.000768s ]
SQL: SHOW COLUMNS FROM `sbgl_user` [ RunTime:0.0009s ]
SQL: SELECT * FROM `sbgl_user` WHERE ( user='151110192' ) LIMIT 1   [ RunTime:0.0004s ]
NOTIC: [8] Undefined index: status E:\sbgl\Home\Controller\IndexController.class.php 第 89 行.

[ 2017-05-19T07:50:26+08:00 ] 127.0.0.1 /index.php/Index/login/stu_id/151110192/pwd/admin123
INFO: [ app_init ] --START--
INFO: Run Behavior\BuildLiteBehavior [ RunTime:0.000022s ]
INFO: [ app_init ] --END-- [ RunTime:0.000460s ]
INFO: [ app_begin ] --START--
INFO: Run Behavior\ReadHtmlCacheBehavior [ RunTime:0.000795s ]
INFO: [ app_begin ] --END-- [ RunTime:0.000925s ]
SQL: SHOW COLUMNS FROM `sbgl_user` [ RunTime:0.0008s ]
SQL: SELECT * FROM `sbgl_user` WHERE ( user='151110192' ) LIMIT 1   [ RunTime:0.0003s ]

[ 2017-05-19T07:50:55+08:00 ] 127.0.0.1 /index.php/Index/login/stu_id/151110192/pwd/admin123
INFO: [ app_init ] --START--
INFO: Run Behavior\BuildLiteBehavior [ RunTime:0.000021s ]
INFO: [ app_init ] --END-- [ RunTime:0.000449s ]
INFO: [ app_begin ] --START--
INFO: Run Behavior\ReadHtmlCacheBehavior [ RunTime:0.000642s ]
INFO: [ app_begin ] --END-- [ RunTime:0.000755s ]
SQL: SHOW COLUMNS FROM `sbgl_user` [ RunTime:0.0007s ]
SQL: SELECT * FROM `sbgl_user` WHERE ( user='151110192' ) LIMIT 1   [ RunTime:0.0003s ]
NOTIC: [8] Undefined index: status E:\sbgl\Home\Controller\IndexController.class.php 第 89 行.

[ 2017-05-19T07:51:30+08:00 ] 127.0.0.1 /index.php/Index/login/stu_id/151110192/pwd/admin123
INFO: [ app_init ] --START--
INFO: Run Behavior\BuildLiteBehavior [ RunTime:0.000021s ]
INFO: [ app_init ] --END-- [ RunTime:0.000479s ]
INFO: [ app_begin ] --START--
INFO: Run Behavior\ReadHtmlCacheBehavior [ RunTime:0.000805s ]
INFO: [ app_begin ] --END-- [ RunTime:0.000941s ]
SQL: SHOW COLUMNS FROM `sbgl_user` [ RunTime:0.0008s ]
SQL: SELECT * FROM `sbgl_user` WHERE ( user='151110192' ) LIMIT 1   [ RunTime:0.0003s ]
NOTIC: [8] Undefined index: status E:\sbgl\Home\Controller\IndexController.class.php 第 89 行.

[ 2017-05-19T08:40:14+08:00 ] 127.0.0.1 /index.php/Index/identification
INFO: [ app_init ] --START--
INFO: Run Behavior\BuildLiteBehavior [ RunTime:0.000022s ]
INFO: [ app_init ] --END-- [ RunTime:0.000462s ]
INFO: [ app_begin ] --START--
INFO: Run Behavior\ReadHtmlCacheBehavior [ RunTime:0.001636s ]
INFO: [ app_begin ] --END-- [ RunTime:0.001858s ]
ERR: 参数错误或者未定义:pwd

[ 2017-05-19T08:40:24+08:00 ] 127.0.0.1 /index.php/Index/identification/pwd/admin
INFO: [ app_init ] --START--
INFO: Run Behavior\BuildLiteBehavior [ RunTime:0.000025s ]
INFO: [ app_init ] --END-- [ RunTime:0.000703s ]
INFO: [ app_begin ] --START--
INFO: Run Behavior\ReadHtmlCacheBehavior [ RunTime:0.000907s ]
INFO: [ app_begin ] --END-- [ RunTime:0.001030s ]
NOTIC: [8] Undefined offset: 1 E:\sbgl\Common\Common\function.php 第 97 行.

[ 2017-05-19T08:40:50+08:00 ] 127.0.0.1 /index.php/Index/identification/pwd/qwe17875511931
INFO: [ app_init ] --START--
INFO: Run Behavior\BuildLiteBehavior [ RunTime:0.000071s ]
INFO: [ app_init ] --END-- [ RunTime:0.000668s ]
INFO: [ app_begin ] --START--
INFO: Run Behavior\ReadHtmlCacheBehavior [ RunTime:0.000838s ]
INFO: [ app_begin ] --END-- [ RunTime:0.001002s ]
NOTIC: [8] Undefined offset: 1 E:\sbgl\Common\Common\function.php 第 97 行.

[ 2017-05-19T08:41:00+08:00 ] 127.0.0.1 /index.php/Index/identification/pwd/qwe13729389428
INFO: [ app_init ] --START--
INFO: Run Behavior\BuildLiteBehavior [ RunTime:0.000024s ]
INFO: [ app_init ] --END-- [ RunTime:0.000503s ]
INFO: [ app_begin ] --START--
INFO: Run Behavior\ReadHtmlCacheBehavior [ RunTime:0.000830s ]
INFO: [ app_begin ] --END-- [ RunTime:0.000945s ]

[ 2017-05-19T08:57:08+08:00 ] 127.0.0.1 /index.php/Index/identification/pwd/qwe1372938942
INFO: [ app_init ] --START--
INFO: Run Behavior\BuildLiteBehavior [ RunTime:0.000053s ]
INFO: [ app_init ] --END-- [ RunTime:0.000564s ]
INFO: [ app_begin ] --START--
INFO: Run Behavior\ReadHtmlCacheBehavior [ RunTime:0.000754s ]
INFO: [ app_begin ] --END-- [ RunTime:0.000861s ]
NOTIC: [8] Undefined offset: 1 E:\sbgl\Common\Common\function.php 第 97 行.

[ 2017-05-19T08:57:16+08:00 ] 127.0.0.1 /index.php/Index/identification/pwd/qwe13729389428
INFO: [ app_init ] --START--
INFO: Run Behavior\BuildLiteBehavior [ RunTime:0.000030s ]
INFO: [ app_init ] --END-- [ RunTime:0.000925s ]
INFO: [ app_begin ] --START--
INFO: Run Behavior\ReadHtmlCacheBehavior [ RunTime:0.000804s ]
INFO: [ app_begin ] --END-- [ RunTime:0.000980s ]
SQL: SHOW COLUMNS FROM `sbgl_user` [ RunTime:0.0009s ]
NOTIC: [8] Undefined variable: id E:\sbgl\Home\Controller\IndexController.class.php 第 112 行.

[ 2017-05-19T08:57:58+08:00 ] 127.0.0.1 /index.php/Index/identification/pwd/qwe13729389428
INFO: [ app_init ] --START--
INFO: Run Behavior\BuildLiteBehavior [ RunTime:0.000039s ]
INFO: [ app_init ] --END-- [ RunTime:0.000989s ]
INFO: [ app_begin ] --START--
INFO: Run Behavior\ReadHtmlCacheBehavior [ RunTime:0.002197s ]
INFO: [ app_begin ] --END-- [ RunTime:0.002326s ]
SQL: SHOW COLUMNS FROM `sbgl_user` [ RunTime:0.0013s ]
SQL: UPDATE `sbgl_user` SET `verify`='1' WHERE `id` = 1 [ RunTime:0.0005s ]

[ 2017-05-19T09:00:29+08:00 ] 127.0.0.1 /index.php/Index/identification/pwd/qwe13729389428
INFO: [ app_init ] --START--
INFO: Run Behavior\BuildLiteBehavior [ RunTime:0.000023s ]
INFO: [ app_init ] --END-- [ RunTime:0.000558s ]
INFO: [ app_begin ] --START--
INFO: Run Behavior\ReadHtmlCacheBehavior [ RunTime:0.001444s ]
INFO: [ app_begin ] --END-- [ RunTime:0.001717s ]
NOTIC: [8] Undefined offset: 0 E:\sbgl\Common\Common\function.php 第 75 行.
NOTIC: [8] Undefined offset: 1 E:\sbgl\Common\Common\function.php 第 78 行.
NOTIC: [8] Undefined offset: 1 E:\sbgl\Common\Common\function.php 第 97 行.

[ 2017-05-19T09:00:36+08:00 ] 127.0.0.1 /index.php/Index/identification/pwd/qwe13729389428
INFO: [ app_init ] --START--
INFO: Run Behavior\BuildLiteBehavior [ RunTime:0.000025s ]
INFO: [ app_init ] --END-- [ RunTime:0.000503s ]
INFO: [ app_begin ] --START--
INFO: Run Behavior\ReadHtmlCacheBehavior [ RunTime:0.000953s ]
INFO: [ app_begin ] --END-- [ RunTime:0.001059s ]
SQL: SHOW COLUMNS FROM `sbgl_user` [ RunTime:0.0015s ]
SQL: UPDATE `sbgl_user` SET `verify`='1' WHERE `id` = 1 [ RunTime:0.0005s ]

[ 2017-05-19T09:00:36+08:00 ] 127.0.0.1 /index.php/Index/identification/pwd/qwe1372938942
INFO: [ app_init ] --START--
INFO: Run Behavior\BuildLiteBehavior [ RunTime:0.000025s ]
INFO: [ app_init ] --END-- [ RunTime:0.000626s ]
INFO: [ app_begin ] --START--
INFO: Run Behavior\ReadHtmlCacheBehavior [ RunTime:0.000788s ]
INFO: [ app_begin ] --END-- [ RunTime:0.000911s ]
NOTIC: [8] Undefined offset: 1 E:\sbgl\Common\Common\function.php 第 97 行.

[ 2017-05-19T09:00:36+08:00 ] 127.0.0.1 /index.php/Index/identification/pwd/qwe1372938942
INFO: [ app_init ] --START--
INFO: Run Behavior\BuildLiteBehavior [ RunTime:0.000026s ]
INFO: [ app_init ] --END-- [ RunTime:0.000565s ]
INFO: [ app_begin ] --START--
INFO: Run Behavior\ReadHtmlCacheBehavior [ RunTime:0.000992s ]
INFO: [ app_begin ] --END-- [ RunTime:0.001155s ]
NOTIC: [8] Undefined offset: 1 E:\sbgl\Common\Common\function.php 第 97 行.

[ 2017-05-19T09:00:37+08:00 ] 127.0.0.1 /index.php/Index/identification/pwd/qwe13729389428
INFO: [ app_init ] --START--
INFO: Run Behavior\BuildLiteBehavior [ RunTime:0.000022s ]
INFO: [ app_init ] --END-- [ RunTime:0.000486s ]
INFO: [ app_begin ] --START--
INFO: Run Behavior\ReadHtmlCacheBehavior [ RunTime:0.002143s ]
INFO: [ app_begin ] --END-- [ RunTime:0.002305s ]
SQL: SHOW COLUMNS FROM `sbgl_user` [ RunTime:0.0009s ]
SQL: UPDATE `sbgl_user` SET `verify`='1' WHERE `id` = 1 [ RunTime:0.0003s ]

[ 2017-05-19T09:02:18+08:00 ] 127.0.0.1 /index.php/Index/identification/pwd/qwe13729389428
INFO: [ app_init ] --START--
INFO: Run Behavior\BuildLiteBehavior [ RunTime:0.000043s ]
INFO: [ app_init ] --END-- [ RunTime:0.000540s ]
INFO: [ app_begin ] --START--
INFO: Run Behavior\ReadHtmlCacheBehavior [ RunTime:0.000670s ]
INFO: [ app_begin ] --END-- [ RunTime:0.000783s ]
SQL: SHOW COLUMNS FROM `sbgl_user` [ RunTime:0.0017s ]
SQL: UPDATE `sbgl_user` SET `verify`='1' WHERE `id` = 1 [ RunTime:0.0007s ]

[ 2017-05-19T09:23:47+08:00 ] 127.0.0.1 /index.php/Index/identification/pwd/qwe13729389428
INFO: [ app_init ] --START--
INFO: Run Behavior\BuildLiteBehavior [ RunTime:0.000043s ]
INFO: [ app_init ] --END-- [ RunTime:0.000891s ]
INFO: [ app_begin ] --START--
INFO: Run Behavior\ReadHtmlCacheBehavior [ RunTime:0.000830s ]
INFO: [ app_begin ] --END-- [ RunTime:0.000958s ]
SQL: SHOW COLUMNS FROM `sbgl_user` [ RunTime:0.0029s ]
SQL: UPDATE `sbgl_user` SET `verify`='1' WHERE `id` = 1 [ RunTime:0.0006s ]

[ 2017-05-19T09:24:03+08:00 ] 127.0.0.1 /index.php/Index/identification/pwd/qwe13729389428
INFO: [ app_init ] --START--
INFO: Run Behavior\BuildLiteBehavior [ RunTime:0.000023s ]
INFO: [ app_init ] --END-- [ RunTime:0.000537s ]
INFO: [ app_begin ] --START--
INFO: Run Behavior\ReadHtmlCacheBehavior [ RunTime:0.000672s ]
INFO: [ app_begin ] --END-- [ RunTime:0.000796s ]
SQL: SHOW COLUMNS FROM `sbgl_user` [ RunTime:0.0016s ]
SQL: UPDATE `sbgl_user` SET `verify`='1' WHERE `id` = 1 [ RunTime:0.0007s ]

[ 2017-05-19T09:43:22+08:00 ] 127.0.0.1 /index.php/Index/identification/pwd/qwe13729389428
INFO: [ app_init ] --START--
INFO: Run Behavior\BuildLiteBehavior [ RunTime:0.000038s ]
INFO: [ app_init ] --END-- [ RunTime:0.001063s ]
INFO: [ app_begin ] --START--
INFO: Run Behavior\ReadHtmlCacheBehavior [ RunTime:0.001460s ]
INFO: [ app_begin ] --END-- [ RunTime:0.001726s ]
NOTIC: [8] Undefined offset: 1 E:\sbgl\Common\Common\function.php 第 97 行.

[ 2017-05-19T09:43:24+08:00 ] 127.0.0.1 /index.php/Index/identification/pwd/qwe13729389428
INFO: [ app_init ] --START--
INFO: Run Behavior\BuildLiteBehavior [ RunTime:0.000024s ]
INFO: [ app_init ] --END-- [ RunTime:0.000506s ]
INFO: [ app_begin ] --START--
INFO: Run Behavior\ReadHtmlCacheBehavior [ RunTime:0.000901s ]
INFO: [ app_begin ] --END-- [ RunTime:0.001017s ]
NOTIC: [8] Undefined offset: 1 E:\sbgl\Common\Common\function.php 第 97 行.

[ 2017-05-19T12:13:05+08:00 ] 127.0.0.1 /index.php/Index/identification/pwd/qwe13729389428
INFO: [ app_init ] --START--
INFO: Run Behavior\BuildLiteBehavior [ RunTime:0.000026s ]
INFO: [ app_init ] --END-- [ RunTime:0.000485s ]
INFO: [ app_begin ] --START--
INFO: Run Behavior\ReadHtmlCacheBehavior [ RunTime:0.000748s ]
INFO: [ app_begin ] --END-- [ RunTime:0.000860s ]
NOTIC: [8] Undefined offset: 1 E:\sbgl\Common\Common\function.php 第 117 行.
SQL: SHOW COLUMNS FROM `sbgl_user` [ RunTime:0.0035s ]
SQL: UPDATE `sbgl_user` SET `verify`='1' WHERE `id` = 1 [ RunTime:0.0010s ]

[ 2017-05-19T12:13:47+08:00 ] 127.0.0.1 /index.php/Index/identification/pwd/qwe13729389428
INFO: [ app_init ] --START--
INFO: Run Behavior\BuildLiteBehavior [ RunTime:0.000022s ]
INFO: [ app_init ] --END-- [ RunTime:0.000503s ]
INFO: [ app_begin ] --START--
INFO: Run Behavior\ReadHtmlCacheBehavior [ RunTime:0.000929s ]
INFO: [ app_begin ] --END-- [ RunTime:0.001044s ]
NOTIC: [8] Undefined offset: 1 E:\sbgl\Common\Common\function.php 第 117 行.
SQL: SHOW COLUMNS FROM `sbgl_user` [ RunTime:0.0017s ]
SQL: UPDATE `sbgl_user` SET `verify`='1' WHERE `id` = 1 [ RunTime:0.0005s ]

[ 2017-05-19T12:15:14+08:00 ] 127.0.0.1 /index.php/Index/identification/pwd/qwe13729389428
INFO: [ app_init ] --START--
INFO: Run Behavior\BuildLiteBehavior [ RunTime:0.000022s ]
INFO: [ app_init ] --END-- [ RunTime:0.000465s ]
INFO: [ app_begin ] --START--
INFO: Run Behavior\ReadHtmlCacheBehavior [ RunTime:0.001061s ]
INFO: [ app_begin ] --END-- [ RunTime:0.001200s ]
NOTIC: [8] Undefined offset: 1 E:\sbgl\Common\Common\function.php 第 117 行.
SQL: SHOW COLUMNS FROM `sbgl_user` [ RunTime:0.0016s ]
SQL: UPDATE `sbgl_user` SET `verify`='1' WHERE `id` = 1 [ RunTime:0.0004s ]

[ 2017-05-19T12:15:14+08:00 ] 127.0.0.1 /index.php/Index/identification/pwd/qwe13729389428
INFO: [ app_init ] --START--
INFO: Run Behavior\BuildLiteBehavior [ RunTime:0.000023s ]
INFO: [ app_init ] --END-- [ RunTime:0.000463s ]
INFO: [ app_begin ] --START--
INFO: Run Behavior\ReadHtmlCacheBehavior [ RunTime:0.001219s ]
INFO: [ app_begin ] --END-- [ RunTime:0.001425s ]
NOTIC: [8] Undefined offset: 1 E:\sbgl\Common\Common\function.php 第 117 行.
SQL: SHOW COLUMNS FROM `sbgl_user` [ RunTime:0.0015s ]
SQL: UPDATE `sbgl_user` SET `verify`='1' WHERE `id` = 1 [ RunTime:0.0004s ]

[ 2017-05-19T12:15:14+08:00 ] 127.0.0.1 /index.php/Index/identification/pwd/qwe13729389428
INFO: [ app_init ] --START--
INFO: Run Behavior\BuildLiteBehavior [ RunTime:0.000026s ]
INFO: [ app_init ] --END-- [ RunTime:0.000691s ]
INFO: [ app_begin ] --START--
INFO: Run Behavior\ReadHtmlCacheBehavior [ RunTime:0.000754s ]
INFO: [ app_begin ] --END-- [ RunTime:0.000908s ]
NOTIC: [8] Undefined offset: 1 E:\sbgl\Common\Common\function.php 第 117 行.
SQL: SHOW COLUMNS FROM `sbgl_user` [ RunTime:0.0015s ]
SQL: UPDATE `sbgl_user` SET `verify`='1' WHERE `id` = 1 [ RunTime:0.0003s ]

[ 2017-05-19T12:19:50+08:00 ] 127.0.0.1 /index.php/Index/identification/pwd/qwe13729389428
INFO: [ app_init ] --START--
INFO: Run Behavior\BuildLiteBehavior [ RunTime:0.000022s ]
INFO: [ app_init ] --END-- [ RunTime:0.000451s ]
INFO: [ app_begin ] --START--
INFO: Run Behavior\ReadHtmlCacheBehavior [ RunTime:0.001080s ]
INFO: [ app_begin ] --END-- [ RunTime:0.001304s ]
NOTIC: [8] Undefined offset: 1 E:\sbgl\Common\Common\function.php 第 97 行.

[ 2017-05-19T12:20:03+08:00 ] 127.0.0.1 /index.php/Index/identification/pwd/qwe13729389428
INFO: [ app_init ] --START--
INFO: Run Behavior\BuildLiteBehavior [ RunTime:0.000025s ]
INFO: [ app_init ] --END-- [ RunTime:0.000511s ]
INFO: [ app_begin ] --START--
INFO: Run Behavior\ReadHtmlCacheBehavior [ RunTime:0.001073s ]
INFO: [ app_begin ] --END-- [ RunTime:0.001213s ]
NOTIC: [8] Undefined offset: 0 E:\sbgl\Common\Common\function.php 第 75 行.
NOTIC: [8] Undefined offset: 1 E:\sbgl\Common\Common\function.php 第 78 行.
NOTIC: [8] Undefined offset: 1 E:\sbgl\Common\Common\function.php 第 97 行.

[ 2017-05-19T12:20:26+08:00 ] 127.0.0.1 /index.php/Index/identification/pwd/qwe13729389428
INFO: [ app_init ] --START--
INFO: Run Behavior\BuildLiteBehavior [ RunTime:0.000023s ]
INFO: [ app_init ] --END-- [ RunTime:0.000494s ]
INFO: [ app_begin ] --START--
INFO: Run Behavior\ReadHtmlCacheBehavior [ RunTime:0.000878s ]
INFO: [ app_begin ] --END-- [ RunTime:0.001022s ]
SQL: SHOW COLUMNS FROM `sbgl_user` [ RunTime:0.0020s ]
SQL: UPDATE `sbgl_user` SET `verify`='1' WHERE `id` = 1 [ RunTime:0.0007s ]

[ 2017-05-19T12:20:32+08:00 ] 127.0.0.1 /index.php/Index/identification/pwd/qwe13729389428
INFO: [ app_init ] --START--
INFO: Run Behavior\BuildLiteBehavior [ RunTime:0.000039s ]
INFO: [ app_init ] --END-- [ RunTime:0.000777s ]
INFO: [ app_begin ] --START--
INFO: Run Behavior\ReadHtmlCacheBehavior [ RunTime:0.000755s ]
INFO: [ app_begin ] --END-- [ RunTime:0.000873s ]
NOTIC: [8] Undefined offset: 1 E:\sbgl\Common\Common\function.php 第 97 行.

[ 2017-05-19T13:29:01+08:00 ] 127.0.0.1 /index.php/Index/identification/pwd/qwe13729389428
INFO: [ app_init ] --START--
INFO: Run Behavior\BuildLiteBehavior [ RunTime:0.000023s ]
INFO: [ app_init ] --END-- [ RunTime:0.000503s ]
INFO: [ app_begin ] --START--
INFO: Run Behavior\ReadHtmlCacheBehavior [ RunTime:0.003877s ]
INFO: [ app_begin ] --END-- [ RunTime:0.004229s ]
NOTIC: [8] Undefined offset: 1 E:\sbgl\Common\Common\function.php 第 97 行.

[ 2017-05-19T13:29:43+08:00 ] 127.0.0.1 /index.php/Index/identification/pwd/qwe13729389428
INFO: [ app_init ] --START--
INFO: Run Behavior\BuildLiteBehavior [ RunTime:0.000044s ]
INFO: [ app_init ] --END-- [ RunTime:0.000947s ]
INFO: [ app_begin ] --START--
INFO: Run Behavior\ReadHtmlCacheBehavior [ RunTime:0.000760s ]
INFO: [ app_begin ] --END-- [ RunTime:0.000882s ]
SQL: SHOW COLUMNS FROM `sbgl_user` [ RunTime:0.0008s ]
SQL: UPDATE `sbgl_user` SET `verify`='1' WHERE `id` = 1 [ RunTime:0.0003s ]

[ 2017-05-19T13:29:56+08:00 ] 127.0.0.1 /index.php/Index/identification/pwd/qwe13729389428
INFO: [ app_init ] --START--
INFO: Run Behavior\BuildLiteBehavior [ RunTime:0.000022s ]
INFO: [ app_init ] --END-- [ RunTime:0.000485s ]
INFO: [ app_begin ] --START--
INFO: Run Behavior\ReadHtmlCacheBehavior [ RunTime:0.000915s ]
INFO: [ app_begin ] --END-- [ RunTime:0.001070s ]
SQL: SHOW COLUMNS FROM `sbgl_user` [ RunTime:0.0011s ]
SQL: UPDATE `sbgl_user` SET `verify`='1' WHERE `id` = 1 [ RunTime:0.0003s ]

[ 2017-05-19T13:30:04+08:00 ] 127.0.0.1 /index.php/Index/identification/pwd/qwe1372938942
INFO: [ app_init ] --START--
INFO: Run Behavior\BuildLiteBehavior [ RunTime:0.000077s ]
INFO: [ app_init ] --END-- [ RunTime:0.000923s ]
INFO: [ app_begin ] --START--
INFO: Run Behavior\ReadHtmlCacheBehavior [ RunTime:0.000759s ]
INFO: [ app_begin ] --END-- [ RunTime:0.000881s ]
NOTIC: [8] Undefined offset: 0 E:\sbgl\Common\Common\function.php 第 75 行.
NOTIC: [8] Undefined offset: 1 E:\sbgl\Common\Common\function.php 第 78 行.
NOTIC: [8] Undefined offset: 1 E:\sbgl\Common\Common\function.php 第 97 行.

[ 2017-05-19T13:31:05+08:00 ] 127.0.0.1 /index.php/Index/identification/pwd/qwe1372938942
INFO: [ app_init ] --START--
INFO: Run Behavior\BuildLiteBehavior [ RunTime:0.000024s ]
INFO: [ app_init ] --END-- [ RunTime:0.000519s ]
INFO: [ app_begin ] --START--
INFO: Run Behavior\ReadHtmlCacheBehavior [ RunTime:0.000761s ]
INFO: [ app_begin ] --END-- [ RunTime:0.000879s ]
NOTIC: [8] Undefined offset: 1 E:\sbgl\Common\Common\function.php 第 97 行.

[ 2017-05-19T13:31:10+08:00 ] 127.0.0.1 /index.php/Index/identification/pwd/qwe13729389428
INFO: [ app_init ] --START--
INFO: Run Behavior\BuildLiteBehavior [ RunTime:0.000045s ]
INFO: [ app_init ] --END-- [ RunTime:0.000800s ]
INFO: [ app_begin ] --START--
INFO: Run Behavior\ReadHtmlCacheBehavior [ RunTime:0.000787s ]
INFO: [ app_begin ] --END-- [ RunTime:0.000912s ]
SQL: SHOW COLUMNS FROM `sbgl_user` [ RunTime:0.0013s ]
SQL: UPDATE `sbgl_user` SET `verify`='1' WHERE `id` = 1 [ RunTime:0.0004s ]

[ 2017-05-19T13:31:38+08:00 ] 127.0.0.1 /index.php/Index/identification/pwd/qwe13729389428
INFO: [ app_init ] --START--
INFO: Run Behavior\BuildLiteBehavior [ RunTime:0.000048s ]
INFO: [ app_init ] --END-- [ RunTime:0.000694s ]
INFO: [ app_begin ] --START--
INFO: Run Behavior\ReadHtmlCacheBehavior [ RunTime:0.000752s ]
INFO: [ app_begin ] --END-- [ RunTime:0.000866s ]
SQL: SHOW COLUMNS FROM `sbgl_user` [ RunTime:0.0013s ]
SQL: UPDATE `sbgl_user` SET `verify`='1' WHERE `id` = 1 [ RunTime:0.0004s ]

[ 2017-05-19T13:31:56+08:00 ] 127.0.0.1 /index.php/Index/identification/pwd/qwe1372938942
INFO: [ app_init ] --START--
INFO: Run Behavior\BuildLiteBehavior [ RunTime:0.000060s ]
INFO: [ app_init ] --END-- [ RunTime:0.001121s ]
INFO: [ app_begin ] --START--
INFO: Run Behavior\ReadHtmlCacheBehavior [ RunTime:0.000760s ]
INFO: [ app_begin ] --END-- [ RunTime:0.000884s ]
NOTIC: [8] Undefined offset: 1 E:\sbgl\Common\Common\function.php 第 97 行.

[ 2017-05-19T13:32:39+08:00 ] 127.0.0.1 /index.php/Index/identification/pwd/qwe1372938942
INFO: [ app_init ] --START--
INFO: Run Behavior\BuildLiteBehavior [ RunTime:0.000055s ]
INFO: [ app_init ] --END-- [ RunTime:0.001451s ]
INFO: [ app_begin ] --START--
INFO: Run Behavior\ReadHtmlCacheBehavior [ RunTime:0.000934s ]
INFO: [ app_begin ] --END-- [ RunTime:0.001095s ]
NOTIC: [8] Undefined offset: 1 E:\sbgl\Common\Common\function.php 第 97 行.

[ 2017-05-19T13:32:42+08:00 ] 127.0.0.1 /index.php/Index/identification/pwd/qwe13729389428
INFO: [ app_init ] --START--
INFO: Run Behavior\BuildLiteBehavior [ RunTime:0.000024s ]
INFO: [ app_init ] --END-- [ RunTime:0.000569s ]
INFO: [ app_begin ] --START--
INFO: Run Behavior\ReadHtmlCacheBehavior [ RunTime:0.000739s ]
INFO: [ app_begin ] --END-- [ RunTime:0.000855s ]
SQL: SHOW COLUMNS FROM `sbgl_user` [ RunTime:0.0010s ]
SQL: UPDATE `sbgl_user` SET `verify`='1' WHERE `id` = 1 [ RunTime:0.0003s ]

[ 2017-05-19T13:38:42+08:00 ] 127.0.0.1 /index.php/Index/identification/pwd/qwe13729389428
INFO: [ app_init ] --START--
INFO: Run Behavior\BuildLiteBehavior [ RunTime:0.000027s ]
INFO: [ app_init ] --END-- [ RunTime:0.000572s ]
INFO: [ app_begin ] --START--
INFO: Run Behavior\ReadHtmlCacheBehavior [ RunTime:0.001704s ]
INFO: [ app_begin ] --END-- [ RunTime:0.001951s ]
SQL: SHOW COLUMNS FROM `sbgl_user` [ RunTime:0.0009s ]
SQL: UPDATE `sbgl_user` SET `verify`='1',`username`='陈海钦' WHERE `id` = 1 [ RunTime:0.0004s ]

[ 2017-05-19T13:42:43+08:00 ] 127.0.0.1 /index.php/Index/register/stu_id/151110192/pwd/admin123
INFO: [ app_init ] --START--
INFO: Run Behavior\BuildLiteBehavior [ RunTime:0.000030s ]
INFO: [ app_init ] --END-- [ RunTime:0.000768s ]
INFO: [ app_begin ] --START--
INFO: Run Behavior\ReadHtmlCacheBehavior [ RunTime:0.001274s ]
INFO: [ app_begin ] --END-- [ RunTime:0.001497s ]
SQL: SHOW COLUMNS FROM `sbgl_user` [ RunTime:0.0010s ]
SQL: SELECT * FROM `sbgl_user` WHERE ( user=151110192 ) LIMIT 1   [ RunTime:0.0004s ]
NOTIC: [8] Undefined index: validate E:\sbgl\ThinkPHP\Library\Think\Model.class.php 第 1185 行.
NOTIC: [8] Undefined index: sphone E:\sbgl\ThinkPHP\Library\Think\Model.class.php 第 1217 行.
NOTIC: [8] Undefined index: sphone E:\sbgl\ThinkPHP\Library\Think\Model.class.php 第 1217 行.
NOTIC: [8] Undefined index: auto E:\sbgl\ThinkPHP\Library\Think\Model.class.php 第 1128 行.
SQL: INSERT INTO `sbgl_user` (`user`,`psd`,`reg_time`) VALUES ('151110192','$2y$10$c.utLqlHe8/ws5/ThZbAFuNlW9n.9xTSI3q5emVLrFQoTE1KmUmEK','1495172563') [ RunTime:0.0011s ]

[ 2017-05-19T13:42:47+08:00 ] 127.0.0.1 /index.php/Index/register/stu_id/151110192/pwd/admin123
INFO: [ app_init ] --START--
INFO: Run Behavior\BuildLiteBehavior [ RunTime:0.000052s ]
INFO: [ app_init ] --END-- [ RunTime:0.000993s ]
INFO: [ app_begin ] --START--
INFO: Run Behavior\ReadHtmlCacheBehavior [ RunTime:0.001422s ]
INFO: [ app_begin ] --END-- [ RunTime:0.001682s ]
SQL: SHOW COLUMNS FROM `sbgl_user` [ RunTime:0.0010s ]
SQL: SELECT * FROM `sbgl_user` WHERE ( user=151110192 ) LIMIT 1   [ RunTime:0.0005s ]
NOTIC: [8] Undefined index: validate E:\sbgl\ThinkPHP\Library\Think\Model.class.php 第 1185 行.
NOTIC: [8] Undefined index: sphone E:\sbgl\ThinkPHP\Library\Think\Model.class.php 第 1217 行.
NOTIC: [8] Undefined index: sphone E:\sbgl\ThinkPHP\Library\Think\Model.class.php 第 1217 行.
NOTIC: [8] Undefined index: auto E:\sbgl\ThinkPHP\Library\Think\Model.class.php 第 1128 行.
SQL: UPDATE `sbgl_user` SET `user`='151110192',`psd`='$2y$10$nLjhnhgoRbkgoy4UkE9ct.ghu7xGClhd9rgnGCk9Hg4HWgytx.aNa',`reg_time`='1495172567' WHERE ( user=151110192 ) [ RunTime:0.0004s ]

[ 2017-05-19T13:45:37+08:00 ] 127.0.0.1 /index.php/Index/register/stu_id/151110192/pwd/admin123
INFO: [ app_init ] --START--
INFO: Run Behavior\BuildLiteBehavior [ RunTime:0.000032s ]
INFO: [ app_init ] --END-- [ RunTime:0.000705s ]
INFO: [ app_begin ] --START--
INFO: Run Behavior\ReadHtmlCacheBehavior [ RunTime:0.004943s ]
INFO: [ app_begin ] --END-- [ RunTime:0.005147s ]
SQL: SHOW COLUMNS FROM `sbgl_user` [ RunTime:0.0008s ]
SQL: SELECT * FROM `sbgl_user` WHERE ( user=151110192 ) LIMIT 1   [ RunTime:0.0003s ]
NOTIC: [8] Undefined index: validate E:\sbgl\ThinkPHP\Library\Think\Model.class.php 第 1185 行.
NOTIC: [8] Undefined index: sphone E:\sbgl\ThinkPHP\Library\Think\Model.class.php 第 1217 行.
NOTIC: [8] Undefined index: sphone E:\sbgl\ThinkPHP\Library\Think\Model.class.php 第 1217 行.
NOTIC: [8] Undefined index: auto E:\sbgl\ThinkPHP\Library\Think\Model.class.php 第 1128 行.
SQL: INSERT INTO `sbgl_user` (`user`,`psd`,`reg_time`) VALUES ('151110192','$2y$10$xs8HbZ5HizdkpRn8hxl2AuT.toSf01wlSDU.WB80PwKTYB7dZbFmK','1495172737') [ RunTime:0.0004s ]
NOTIC: [8] Undefined index: msg E:\sbgl\Home\Controller\IndexController.class.php 第 73 行.
NOTIC: [8] Undefined index: msg E:\sbgl\Home\Controller\IndexController.class.php 第 74 行.

[ 2017-05-19T13:46:06+08:00 ] 127.0.0.1 /index.php/Index/register/stu_id/151110192/admin
INFO: [ app_init ] --START--
INFO: Run Behavior\BuildLiteBehavior [ RunTime:0.000022s ]
INFO: [ app_init ] --END-- [ RunTime:0.000552s ]
INFO: [ app_begin ] --START--
INFO: Run Behavior\ReadHtmlCacheBehavior [ RunTime:0.000884s ]
INFO: [ app_begin ] --END-- [ RunTime:0.001015s ]
ERR: 参数错误或者未定义:pwd

[ 2017-05-19T13:46:18+08:00 ] 127.0.0.1 /index.php/Index/register/stu_id/151110192/pwd/admin
INFO: [ app_init ] --START--
INFO: Run Behavior\BuildLiteBehavior [ RunTime:0.000026s ]
INFO: [ app_init ] --END-- [ RunTime:0.000588s ]
INFO: [ app_begin ] --START--
INFO: Run Behavior\ReadHtmlCacheBehavior [ RunTime:0.001267s ]
INFO: [ app_begin ] --END-- [ RunTime:0.001506s ]
SQL: SHOW COLUMNS FROM `sbgl_user` [ RunTime:0.0011s ]
SQL: SELECT * FROM `sbgl_user` WHERE ( user=151110192 ) LIMIT 1   [ RunTime:0.0003s ]
NOTIC: [8] Undefined index: validate E:\sbgl\ThinkPHP\Library\Think\Model.class.php 第 1185 行.
NOTIC: [8] Undefined index: sphone E:\sbgl\ThinkPHP\Library\Think\Model.class.php 第 1217 行.
NOTIC: [8] Undefined index: sphone E:\sbgl\ThinkPHP\Library\Think\Model.class.php 第 1217 行.
NOTIC: [8] Undefined index: auto E:\sbgl\ThinkPHP\Library\Think\Model.class.php 第 1128 行.
SQL: UPDATE `sbgl_user` SET `user`='151110192',`psd`='$2y$10$UHoGKimtvdtczIFkUIE99uYHD.3PTHItWKEKjXmD.L1ftTBIWF6Uu',`reg_time`='1495172778' WHERE ( user=151110192 ) [ RunTime:0.0004s ]
NOTIC: [8] Undefined index: msg E:\sbgl\Home\Controller\IndexController.class.php 第 57 行.
NOTIC: [8] Undefined index: msg E:\sbgl\Home\Controller\IndexController.class.php 第 58 行.

[ 2017-05-19T13:47:18+08:00 ] 127.0.0.1 /index.php/Index/identification/pwd/dsf
INFO: [ app_init ] --START--
INFO: Run Behavior\BuildLiteBehavior [ RunTime:0.000033s ]
INFO: [ app_init ] --END-- [ RunTime:0.000492s ]
INFO: [ app_begin ] --START--
INFO: Run Behavior\ReadHtmlCacheBehavior [ RunTime:0.000686s ]
INFO: [ app_begin ] --END-- [ RunTime:0.000804s ]
NOTIC: [8] Undefined offset: 1 E:\sbgl\Common\Common\function.php 第 97 行.

[ 2017-05-19T13:47:25+08:00 ] 127.0.0.1 /index.php/Index/identification/pwd/qwe13729389428
INFO: [ app_init ] --START--
INFO: Run Behavior\BuildLiteBehavior [ RunTime:0.000023s ]
INFO: [ app_init ] --END-- [ RunTime:0.000467s ]
INFO: [ app_begin ] --START--
INFO: Run Behavior\ReadHtmlCacheBehavior [ RunTime:0.002066s ]
INFO: [ app_begin ] --END-- [ RunTime:0.002281s ]
NOTIC: [8] Undefined offset: 1 E:\sbgl\Common\Common\function.php 第 97 行.

[ 2017-05-19T13:48:12+08:00 ] 127.0.0.1 /index.php/Index/identification/pwd/qwe13729389428
INFO: [ app_init ] --START--
INFO: Run Behavior\BuildLiteBehavior [ RunTime:0.000050s ]
INFO: [ app_init ] --END-- [ RunTime:0.001233s ]
INFO: [ app_begin ] --START--
INFO: Run Behavior\ReadHtmlCacheBehavior [ RunTime:0.001512s ]
INFO: [ app_begin ] --END-- [ RunTime:0.001800s ]
NOTIC: [8] Undefined offset: 1 E:\sbgl\Common\Common\function.php 第 97 行.

[ 2017-05-19T13:49:06+08:00 ] 127.0.0.1 /index.php/Index/identification/pwd/qwe13729389428
INFO: [ app_init ] --START--
INFO: Run Behavior\BuildLiteBehavior [ RunTime:0.000023s ]
INFO: [ app_init ] --END-- [ RunTime:0.000499s ]
INFO: [ app_begin ] --START--
INFO: Run Behavior\ReadHtmlCacheBehavior [ RunTime:0.000885s ]
INFO: [ app_begin ] --END-- [ RunTime:0.001021s ]
NOTIC: [8] Undefined offset: 1 E:\sbgl\Common\Common\function.php 第 97 行.

[ 2017-05-19T13:49:34+08:00 ] 127.0.0.1 /index.php/Index/register/stu_id/151110192/pwd/123456
INFO: [ app_init ] --START--
INFO: Run Behavior\BuildLiteBehavior [ RunTime:0.000023s ]
INFO: [ app_init ] --END-- [ RunTime:0.000465s ]
INFO: [ app_begin ] --START--
INFO: Run Behavior\ReadHtmlCacheBehavior [ RunTime:0.000737s ]
INFO: [ app_begin ] --END-- [ RunTime:0.000850s ]
SQL: SHOW COLUMNS FROM `sbgl_user` [ RunTime:0.0009s ]
SQL: SELECT * FROM `sbgl_user` WHERE ( user=151110192 ) LIMIT 1   [ RunTime:0.0003s ]
NOTIC: [8] Undefined index: validate E:\sbgl\ThinkPHP\Library\Think\Model.class.php 第 1185 行.
NOTIC: [8] Undefined index: sphone E:\sbgl\ThinkPHP\Library\Think\Model.class.php 第 1217 行.
NOTIC: [8] Undefined index: sphone E:\sbgl\ThinkPHP\Library\Think\Model.class.php 第 1217 行.
NOTIC: [8] Undefined index: auto E:\sbgl\ThinkPHP\Library\Think\Model.class.php 第 1128 行.
SQL: UPDATE `sbgl_user` SET `user`='151110192',`psd`='$2y$10$fl7EAbi3i2oyq9kmY1vte.SLnzx08B7nGUw8uInAweRrY6uFLsI2m',`reg_time`='1495172974' WHERE ( user=151110192 ) [ RunTime:0.0004s ]
NOTIC: [8] Undefined index: msg E:\sbgl\Home\Controller\IndexController.class.php 第 57 行.
NOTIC: [8] Undefined index: msg E:\sbgl\Home\Controller\IndexController.class.php 第 58 行.

[ 2017-05-19T14:06:44+08:00 ] 127.0.0.1 /index.php/Index/identification/pwd/qwe13729389428
INFO: [ app_init ] --START--
INFO: Run Behavior\BuildLiteBehavior [ RunTime:0.000022s ]
INFO: [ app_init ] --END-- [ RunTime:0.000484s ]
INFO: [ app_begin ] --START--
INFO: Run Behavior\ReadHtmlCacheBehavior [ RunTime:0.001070s ]
INFO: [ app_begin ] --END-- [ RunTime:0.001212s ]
NOTIC: [8] Undefined offset: 1 E:\sbgl\Common\Common\function.php 第 97 行.

[ 2017-05-19T14:19:32+08:00 ] 127.0.0.1 /index.php/Index/register/stu_id/151110192/pwd/123456
INFO: [ app_init ] --START--
INFO: Run Behavior\BuildLiteBehavior [ RunTime:0.000085s ]
INFO: [ app_init ] --END-- [ RunTime:0.000895s ]
INFO: [ app_begin ] --START--
INFO: Run Behavior\ReadHtmlCacheBehavior [ RunTime:0.000802s ]
INFO: [ app_begin ] --END-- [ RunTime:0.000980s ]
SQL: SHOW COLUMNS FROM `sbgl_user` [ RunTime:0.0012s ]
SQL: SELECT * FROM `sbgl_user` WHERE ( user=151110192 ) LIMIT 1   [ RunTime:0.0007s ]
NOTIC: [8] Undefined index: validate E:\sbgl\ThinkPHP\Library\Think\Model.class.php 第 1185 行.
NOTIC: [8] Undefined index: sphone E:\sbgl\ThinkPHP\Library\Think\Model.class.php 第 1217 行.
NOTIC: [8] Undefined index: sphone E:\sbgl\ThinkPHP\Library\Think\Model.class.php 第 1217 行.
NOTIC: [8] Undefined index: auto E:\sbgl\ThinkPHP\Library\Think\Model.class.php 第 1128 行.
SQL: INSERT INTO `sbgl_user` (`user`,`psd`,`reg_time`) VALUES ('151110192','$2y$10$J2rFFsq7V6eCl4VkcLNPW./C9ocupfmOf/O/51X0xVnEdOR6GTZ/u','1495174772') [ RunTime:0.0007s ]

[ 2017-05-19T14:19:53+08:00 ] 127.0.0.1 /index.php/Index/identification/pwd/admin
INFO: [ app_init ] --START--
INFO: Run Behavior\BuildLiteBehavior [ RunTime:0.000051s ]
INFO: [ app_init ] --END-- [ RunTime:0.000640s ]
INFO: [ app_begin ] --START--
INFO: Run Behavior\ReadHtmlCacheBehavior [ RunTime:0.000777s ]
INFO: [ app_begin ] --END-- [ RunTime:0.000894s ]
NOTIC: [8] Undefined offset: 1 E:\sbgl\Common\Common\function.php 第 97 行.

[ 2017-05-19T14:19:58+08:00 ] 127.0.0.1 /index.php/Index/identification/pwd/qwe13729389428
INFO: [ app_init ] --START--
INFO: Run Behavior\BuildLiteBehavior [ RunTime:0.000024s ]
INFO: [ app_init ] --END-- [ RunTime:0.000525s ]
INFO: [ app_begin ] --START--
INFO: Run Behavior\ReadHtmlCacheBehavior [ RunTime:0.001357s ]
INFO: [ app_begin ] --END-- [ RunTime:0.001575s ]
NOTIC: [8] Undefined offset: 1 E:\sbgl\Common\Common\function.php 第 115 行.
SQL: SHOW COLUMNS FROM `sbgl_user` [ RunTime:0.0009s ]
SQL: UPDATE `sbgl_user` SET `verify`='1',`username`='陈海钦' WHERE ( user=151110192 ) [ RunTime:0.0004s ]

[ 2017-05-19T14:20:29+08:00 ] 127.0.0.1 /index.php/Index/identification/pwd/qwe13729389428
INFO: [ app_init ] --START--
INFO: Run Behavior\BuildLiteBehavior [ RunTime:0.000025s ]
INFO: [ app_init ] --END-- [ RunTime:0.000500s ]
INFO: [ app_begin ] --START--
INFO: Run Behavior\ReadHtmlCacheBehavior [ RunTime:0.001551s ]
INFO: [ app_begin ] --END-- [ RunTime:0.001732s ]
SQL: SHOW COLUMNS FROM `sbgl_user` [ RunTime:0.0009s ]
SQL: UPDATE `sbgl_user` SET `verify`='1',`username`='陈海钦' WHERE ( user=151110192 ) [ RunTime:0.0003s ]

[ 2017-05-19T14:22:27+08:00 ] 127.0.0.1 /index.php/Index/login/stu_id/151110192/pwd/sd
INFO: [ app_init ] --START--
INFO: Run Behavior\BuildLiteBehavior [ RunTime:0.000053s ]
INFO: [ app_init ] --END-- [ RunTime:0.000830s ]
INFO: [ app_begin ] --START--
INFO: Run Behavior\ReadHtmlCacheBehavior [ RunTime:0.000822s ]
INFO: [ app_begin ] --END-- [ RunTime:0.001011s ]
SQL: SHOW COLUMNS FROM `sbgl_user` [ RunTime:0.0016s ]
SQL: SELECT * FROM `sbgl_user` WHERE ( user='151110192' ) LIMIT 1   [ RunTime:0.0005s ]
NOTIC: [8] Undefined index: status E:\sbgl\Home\Controller\IndexController.class.php 第 91 行.

[ 2017-05-19T14:22:33+08:00 ] 127.0.0.1 /index.php/Index/login/stu_id/151110192/pwd/123456
INFO: [ app_init ] --START--
INFO: Run Behavior\BuildLiteBehavior [ RunTime:0.000028s ]
INFO: [ app_init ] --END-- [ RunTime:0.000577s ]
INFO: [ app_begin ] --START--
INFO: Run Behavior\ReadHtmlCacheBehavior [ RunTime:0.000737s ]
INFO: [ app_begin ] --END-- [ RunTime:0.000856s ]
SQL: SHOW COLUMNS FROM `sbgl_user` [ RunTime:0.0011s ]
SQL: SELECT * FROM `sbgl_user` WHERE ( user='151110192' ) LIMIT 1   [ RunTime:0.0004s ]

[ 2017-05-19T19:40:27+08:00 ] 127.0.0.1 /index.php/Device/getInformation/20170103
INFO: [ app_init ] --START--
INFO: Run Behavior\BuildLiteBehavior [ RunTime:0.000023s ]
INFO: [ app_init ] --END-- [ RunTime:0.000407s ]
INFO: [ app_begin ] --START--
INFO: Run Behavior\ReadHtmlCacheBehavior [ RunTime:0.000451s ]
INFO: [ app_begin ] --END-- [ RunTime:0.000558s ]
ERR: 参数错误或者未定义:identifier

[ 2017-05-19T19:40:36+08:00 ] 127.0.0.1 /index.php/Device/getInformation/identifier/20170103
INFO: [ app_init ] --START--
INFO: Run Behavior\BuildLiteBehavior [ RunTime:0.000025s ]
INFO: [ app_init ] --END-- [ RunTime:0.000436s ]
INFO: [ app_begin ] --START--
INFO: Run Behavior\ReadHtmlCacheBehavior [ RunTime:0.000458s ]
INFO: [ app_begin ] --END-- [ RunTime:0.000606s ]
SQL: SHOW COLUMNS FROM `sbgl_device` [ RunTime:0.0011s ]
SQL: SELECT * FROM `sbgl_device` WHERE `dv_identifier` = 20170103 LIMIT 1   [ RunTime:0.0003s ]
SQL: SHOW COLUMNS FROM `sbgl_device_class` [ RunTime:0.0011s ]
SQL: SHOW COLUMNS FROM `sbgl_repair` [ RunTime:0.0011s ]
SQL: SELECT `dc_name` FROM `sbgl_device_class` WHERE ( dc_id=5 ) LIMIT 1   [ RunTime:0.0003s ]
SQL: SELECT `rp_solve_status` FROM `sbgl_repair` WHERE ( rp_status=2 and rp_solve_status!=2 and rp_device_identifier=20170103 ) LIMIT 1   [ RunTime:0.0003s ]

[ 2017-05-19T19:44:58+08:00 ] 127.0.0.1 /index.php/Device/getInformation/identifier/20170103
INFO: [ app_init ] --START--
INFO: Run Behavior\BuildLiteBehavior [ RunTime:0.000022s ]
INFO: [ app_init ] --END-- [ RunTime:0.000416s ]
INFO: [ app_begin ] --START--
INFO: Run Behavior\ReadHtmlCacheBehavior [ RunTime:0.000474s ]
INFO: [ app_begin ] --END-- [ RunTime:0.000641s ]
SQL: SHOW COLUMNS FROM `sbgl_device` [ RunTime:0.0010s ]
SQL: SELECT * FROM `sbgl_device` WHERE `dv_identifier` = 20170103 LIMIT 1   [ RunTime:0.0003s ]
SQL: SHOW COLUMNS FROM `sbgl_device_class` [ RunTime:0.0007s ]
SQL: SHOW COLUMNS FROM `sbgl_repair` [ RunTime:0.0009s ]
SQL: SELECT `dc_name` FROM `sbgl_device_class` WHERE ( dc_id=5 ) LIMIT 1   [ RunTime:0.0003s ]
SQL: SELECT `rp_solve_status` FROM `sbgl_repair` WHERE ( rp_status=2 and rp_solve_status!=2 and rp_device_identifier=20170103 ) LIMIT 1   [ RunTime:0.0002s ]

[ 2017-05-19T19:45:10+08:00 ] 127.0.0.1 /index.php/Device/getInformation/identifier/20170103
INFO: [ app_init ] --START--
INFO: Run Behavior\BuildLiteBehavior [ RunTime:0.000023s ]
INFO: [ app_init ] --END-- [ RunTime:0.000419s ]
INFO: [ app_begin ] --START--
INFO: Run Behavior\ReadHtmlCacheBehavior [ RunTime:0.000458s ]
INFO: [ app_begin ] --END-- [ RunTime:0.000565s ]
SQL: SHOW COLUMNS FROM `sbgl_device` [ RunTime:0.0011s ]
SQL: SELECT * FROM `sbgl_device` WHERE `dv_identifier` = 20170103 LIMIT 1   [ RunTime:0.0004s ]
SQL: SHOW COLUMNS FROM `sbgl_device_class` [ RunTime:0.0009s ]
SQL: SHOW COLUMNS FROM `sbgl_repair` [ RunTime:0.0010s ]
SQL: SELECT `dc_name` FROM `sbgl_device_class` WHERE ( dc_id=5 ) LIMIT 1   [ RunTime:0.0003s ]
SQL: SELECT `rp_solve_status` FROM `sbgl_repair` WHERE ( rp_status=2 and rp_solve_status!=2 and rp_device_identifier=20170103 ) LIMIT 1   [ RunTime:0.0002s ]

[ 2017-05-19T19:46:14+08:00 ] 127.0.0.1 /index.php/Device/getInformation/identifier/20170103
INFO: [ app_init ] --START--
INFO: Run Behavior\BuildLiteBehavior [ RunTime:0.000046s ]
INFO: [ app_init ] --END-- [ RunTime:0.000710s ]
INFO: [ app_begin ] --START--
INFO: Run Behavior\ReadHtmlCacheBehavior [ RunTime:0.001048s ]
INFO: [ app_begin ] --END-- [ RunTime:0.001212s ]
SQL: SHOW COLUMNS FROM `sbgl_device` [ RunTime:0.0009s ]
SQL: SELECT * FROM `sbgl_device` WHERE `dv_identifier` = 20170103 LIMIT 1   [ RunTime:0.0003s ]
SQL: SHOW COLUMNS FROM `sbgl_device_class` [ RunTime:0.0014s ]
SQL: SHOW COLUMNS FROM `sbgl_repair` [ RunTime:0.0009s ]
SQL: SELECT `dc_name` FROM `sbgl_device_class` WHERE ( dc_id=5 ) LIMIT 1   [ RunTime:0.0003s ]
SQL: SELECT `rp_solve_status` FROM `sbgl_repair` WHERE ( rp_status=2 and rp_solve_status!=2 and rp_device_identifier=20170103 ) LIMIT 1   [ RunTime:0.0003s ]

[ 2017-05-19T19:55:42+08:00 ] 127.0.0.1 /index.php/Device/getInformation/identifier/20170103
INFO: [ app_init ] --START--
INFO: Run Behavior\BuildLiteBehavior [ RunTime:0.000057s ]
INFO: [ app_init ] --END-- [ RunTime:0.000606s ]
INFO: [ app_begin ] --START--
INFO: Run Behavior\ReadHtmlCacheBehavior [ RunTime:0.000686s ]
INFO: [ app_begin ] --END-- [ RunTime:0.000804s ]
SQL: SHOW COLUMNS FROM `sbgl_device` [ RunTime:0.0010s ]
SQL: SELECT * FROM `sbgl_device` WHERE `dv_identifier` = 20170103 LIMIT 1   [ RunTime:0.0003s ]
SQL: SHOW COLUMNS FROM `sbgl_device_class` [ RunTime:0.0013s ]
SQL: SHOW COLUMNS FROM `sbgl_repair` [ RunTime:0.0012s ]
SQL: SELECT `dc_name` FROM `sbgl_device_class` WHERE ( dc_id=5 ) LIMIT 1   [ RunTime:0.0003s ]
SQL: SELECT `rp_solve_status` FROM `sbgl_repair` WHERE ( rp_status=2 and rp_solve_status!=2 and rp_device_identifier=20170103 ) LIMIT 1   [ RunTime:0.0002s ]

[ 2017-05-19T19:56:51+08:00 ] 127.0.0.1 /index.php/Device/getInformation/identifier/20170103
INFO: [ app_init ] --START--
INFO: Run Behavior\BuildLiteBehavior [ RunTime:0.000022s ]
INFO: [ app_init ] --END-- [ RunTime:0.000494s ]
INFO: [ app_begin ] --START--
INFO: Run Behavior\ReadHtmlCacheBehavior [ RunTime:0.000440s ]
INFO: [ app_begin ] --END-- [ RunTime:0.000542s ]
SQL: SHOW COLUMNS FROM `sbgl_device` [ RunTime:0.0012s ]
SQL: SELECT * FROM `sbgl_device` WHERE `dv_identifier` = 20170103 LIMIT 1   [ RunTime:0.0004s ]
SQL: SHOW COLUMNS FROM `sbgl_device_class` [ RunTime:0.0007s ]
SQL: SHOW COLUMNS FROM `sbgl_repair` [ RunTime:0.0008s ]
SQL: SELECT `dc_name` FROM `sbgl_device_class` WHERE ( dc_id=5 ) LIMIT 1   [ RunTime:0.0002s ]
SQL: SELECT `rp_solve_status` FROM `sbgl_repair` WHERE ( rp_status=2 and rp_solve_status!=2 and rp_device_identifier=20170103 ) LIMIT 1   [ RunTime:0.0002s ]

[ 2017-05-19T19:56:59+08:00 ] 127.0.0.1 /index.php/Device/getInformation/identifier/2017010
INFO: [ app_init ] --START--
INFO: Run Behavior\BuildLiteBehavior [ RunTime:0.000039s ]
INFO: [ app_init ] --END-- [ RunTime:0.000659s ]
INFO: [ app_begin ] --START--
INFO: Run Behavior\ReadHtmlCacheBehavior [ RunTime:0.000449s ]
INFO: [ app_begin ] --END-- [ RunTime:0.000569s ]
SQL: SHOW COLUMNS FROM `sbgl_device` [ RunTime:0.0010s ]
SQL: SELECT * FROM `sbgl_device` WHERE `dv_identifier` = 2017010 LIMIT 1   [ RunTime:0.0007s ]

[ 2017-05-19T19:59:55+08:00 ] 127.0.0.1 /index.php/Device/getInformation/identifier/20170103
INFO: [ app_init ] --START--
INFO: Run Behavior\BuildLiteBehavior [ RunTime:0.000022s ]
INFO: [ app_init ] --END-- [ RunTime:0.000405s ]
INFO: [ app_begin ] --START--
INFO: Run Behavior\ReadHtmlCacheBehavior [ RunTime:0.001008s ]
INFO: [ app_begin ] --END-- [ RunTime:0.001302s ]
SQL: SHOW COLUMNS FROM `sbgl_device` [ RunTime:0.0008s ]
SQL: SELECT * FROM `sbgl_device` WHERE `dv_identifier` = 20170103 LIMIT 1   [ RunTime:0.0003s ]
SQL: SHOW COLUMNS FROM `sbgl_device_class` [ RunTime:0.0005s ]
SQL: SHOW COLUMNS FROM `sbgl_repair` [ RunTime:0.0010s ]
SQL: SELECT `dc_name` FROM `sbgl_device_class` WHERE ( dc_id=5 ) LIMIT 1   [ RunTime:0.0004s ]
SQL: SELECT `rp_solve_status` FROM `sbgl_repair` WHERE ( rp_status=2 and rp_solve_status!=2 and rp_device_identifier=20170103 ) LIMIT 1   [ RunTime:0.0003s ]

[ 2017-05-19T20:00:31+08:00 ] 127.0.0.1 /index.php/Device/getInformation/identifier/20170103
INFO: [ app_init ] --START--
INFO: Run Behavior\BuildLiteBehavior [ RunTime:0.000030s ]
INFO: [ app_init ] --END-- [ RunTime:0.000411s ]
INFO: [ app_begin ] --START--
INFO: Run Behavior\ReadHtmlCacheBehavior [ RunTime:0.000456s ]
INFO: [ app_begin ] --END-- [ RunTime:0.000573s ]
SQL: SHOW COLUMNS FROM `sbgl_device` [ RunTime:0.0006s ]
SQL: SELECT * FROM `sbgl_device` WHERE `dv_identifier` = 20170103 LIMIT 1   [ RunTime:0.0003s ]
SQL: SHOW COLUMNS FROM `sbgl_device_class` [ RunTime:0.0005s ]
SQL: SHOW COLUMNS FROM `sbgl_repair` [ RunTime:0.0006s ]
SQL: SELECT `dc_name` FROM `sbgl_device_class` WHERE ( dc_id=5 ) LIMIT 1   [ RunTime:0.0002s ]
SQL: SELECT `rp_solve_status` FROM `sbgl_repair` WHERE ( rp_status=2 and rp_solve_status!=2 and rp_device_identifier=20170103 ) LIMIT 1   [ RunTime:0.0002s ]

[ 2017-05-19T20:01:08+08:00 ] 127.0.0.1 /index.php/Device/getInformation/identifier/20170103
INFO: [ app_init ] --START--
INFO: Run Behavior\BuildLiteBehavior [ RunTime:0.000022s ]
INFO: [ app_init ] --END-- [ RunTime:0.000424s ]
INFO: [ app_begin ] --START--
INFO: Run Behavior\ReadHtmlCacheBehavior [ RunTime:0.000440s ]
INFO: [ app_begin ] --END-- [ RunTime:0.000579s ]
SQL: SHOW COLUMNS FROM `sbgl_device` [ RunTime:0.0008s ]
SQL: SELECT * FROM `sbgl_device` WHERE `dv_identifier` = 20170103 LIMIT 1   [ RunTime:0.0003s ]
SQL: SHOW COLUMNS FROM `sbgl_device_class` [ RunTime:0.0007s ]
SQL: SHOW COLUMNS FROM `sbgl_repair` [ RunTime:0.0007s ]
SQL: SELECT `dc_name` FROM `sbgl_device_class` WHERE ( dc_id=5 ) LIMIT 1   [ RunTime:0.0002s ]
SQL: SELECT `rp_solve_status` FROM `sbgl_repair` WHERE ( rp_status=2 and rp_solve_status!=2 and rp_device_identifier=20170103 ) LIMIT 1   [ RunTime:0.0002s ]

[ 2017-05-19T20:01:21+08:00 ] 127.0.0.1 /index.php/Device/getInformation/identifier/20170103
INFO: [ app_init ] --START--
INFO: Run Behavior\BuildLiteBehavior [ RunTime:0.000023s ]
INFO: [ app_init ] --END-- [ RunTime:0.000453s ]
INFO: [ app_begin ] --START--
INFO: Run Behavior\ReadHtmlCacheBehavior [ RunTime:0.000415s ]
INFO: [ app_begin ] --END-- [ RunTime:0.000569s ]
SQL: SHOW COLUMNS FROM `sbgl_device` [ RunTime:0.0008s ]
SQL: SELECT * FROM `sbgl_device` WHERE `dv_identifier` = 20170103 LIMIT 1   [ RunTime:0.0003s ]
SQL: SHOW COLUMNS FROM `sbgl_device_class` [ RunTime:0.0007s ]
SQL: SHOW COLUMNS FROM `sbgl_repair` [ RunTime:0.0007s ]
SQL: SELECT `dc_name` FROM `sbgl_device_class` WHERE ( dc_id=5 ) LIMIT 1   [ RunTime:0.0002s ]
SQL: SELECT `rp_solve_status` FROM `sbgl_repair` WHERE ( rp_status=2 and rp_solve_status!=2 and rp_device_identifier=20170103 ) LIMIT 1   [ RunTime:0.0003s ]

[ 2017-05-19T20:01:40+08:00 ] 127.0.0.1 /index.php/Device/getInformation/identifier/2017010
INFO: [ app_init ] --START--
INFO: Run Behavior\BuildLiteBehavior [ RunTime:0.000022s ]
INFO: [ app_init ] --END-- [ RunTime:0.000425s ]
INFO: [ app_begin ] --START--
INFO: Run Behavior\ReadHtmlCacheBehavior [ RunTime:0.000435s ]
INFO: [ app_begin ] --END-- [ RunTime:0.000538s ]
SQL: SHOW COLUMNS FROM `sbgl_device` [ RunTime:0.0007s ]
SQL: SELECT * FROM `sbgl_device` WHERE `dv_identifier` = 2017010 LIMIT 1   [ RunTime:0.0003s ]

[ 2017-05-19T20:12:08+08:00 ] 127.0.0.1 /index.php/Device/borrow/
INFO: [ app_init ] --START--
INFO: Run Behavior\BuildLiteBehavior [ RunTime:0.000026s ]
INFO: [ app_init ] --END-- [ RunTime:0.000527s ]
INFO: [ app_begin ] --START--
INFO: Run Behavior\ReadHtmlCacheBehavior [ RunTime:0.000954s ]
INFO: [ app_begin ] --END-- [ RunTime:0.001100s ]
ERR: 参数错误或者未定义:identifier

[ 2017-05-19T20:13:02+08:00 ] 127.0.0.1 /index.php/Device/borrow/identifier/20175757/number/1/time/1494086400/return_time/1494086400
INFO: [ app_init ] --START--
INFO: Run Behavior\BuildLiteBehavior [ RunTime:0.000025s ]
INFO: [ app_init ] --END-- [ RunTime:0.000696s ]
INFO: [ app_begin ] --START--
INFO: Run Behavior\ReadHtmlCacheBehavior [ RunTime:0.001021s ]
INFO: [ app_begin ] --END-- [ RunTime:0.001143s ]
SQL: SHOW COLUMNS FROM `sbgl_borrow` [ RunTime:0.0011s ]
NOTIC: [8] Undefined index: validate E:\sbgl\ThinkPHP\Library\Think\Model.class.php 第 1185 行.
NOTIC: [8] Undefined index: br_remark E:\sbgl\ThinkPHP\Library\Think\Model.class.php 第 1217 行.
NOTIC: [8] Undefined index: auto E:\sbgl\ThinkPHP\Library\Think\Model.class.php 第 1128 行.
ERR: 1364:Field 'br_return_time' doesn't have a default value
 [ SQL语句 ] : INSERT INTO `sbgl_borrow` (`br_device_identifier`,`br_device_number`,`br_time`,`br_actual_time`,`br_user`) VALUES ('20175757','1','1494086400','1494086400','151110192')
ERR: 1364:Field 'br_return_time' doesn't have a default value
 [ SQL语句 ] : INSERT INTO `sbgl_borrow` (`br_device_identifier`,`br_device_number`,`br_time`,`br_actual_time`,`br_user`) VALUES ('20175757','1','1494086400','1494086400','151110192')

[ 2017-05-19T20:14:11+08:00 ] 127.0.0.1 /index.php/Device/borrow/identifier/20175757/number/1/time/1494086400/return_time/1494086400
INFO: [ app_init ] --START--
INFO: Run Behavior\BuildLiteBehavior [ RunTime:0.000022s ]
INFO: [ app_init ] --END-- [ RunTime:0.000498s ]
INFO: [ app_begin ] --START--
INFO: Run Behavior\ReadHtmlCacheBehavior [ RunTime:0.000751s ]
INFO: [ app_begin ] --END-- [ RunTime:0.000861s ]
SQL: SHOW COLUMNS FROM `sbgl_borrow` [ RunTime:0.0010s ]
NOTIC: [8] Undefined index: validate E:\sbgl\ThinkPHP\Library\Think\Model.class.php 第 1185 行.
NOTIC: [8] Undefined index: br_remark E:\sbgl\ThinkPHP\Library\Think\Model.class.php 第 1217 行.
NOTIC: [8] Undefined index: auto E:\sbgl\ThinkPHP\Library\Think\Model.class.php 第 1128 行.
SQL: INSERT INTO `sbgl_borrow` (`br_device_identifier`,`br_device_number`,`br_time`,`br_return_time`,`br_user`) VALUES ('20175757','1','1494086400','1494086400','151110192') [ RunTime:0.0007s ]

[ 2017-05-19T20:14:53+08:00 ] 127.0.0.1 /index.php/Device/borrow/identifier/20175757/number/1/time/1494086400/return_time/1494086400
INFO: [ app_init ] --START--
INFO: Run Behavior\BuildLiteBehavior [ RunTime:0.000022s ]
INFO: [ app_init ] --END-- [ RunTime:0.000487s ]
INFO: [ app_begin ] --START--
INFO: Run Behavior\ReadHtmlCacheBehavior [ RunTime:0.000738s ]
INFO: [ app_begin ] --END-- [ RunTime:0.000882s ]
SQL: SHOW COLUMNS FROM `sbgl_borrow` [ RunTime:0.0009s ]
NOTIC: [8] Undefined index: validate E:\sbgl\ThinkPHP\Library\Think\Model.class.php 第 1185 行.
NOTIC: [8] Undefined index: br_remark E:\sbgl\ThinkPHP\Library\Think\Model.class.php 第 1217 行.
NOTIC: [8] Undefined index: auto E:\sbgl\ThinkPHP\Library\Think\Model.class.php 第 1128 行.
SQL: INSERT INTO `sbgl_borrow` (`br_device_identifier`,`br_device_number`,`br_time`,`br_return_time`,`br_user`) VALUES ('20175757','1','1494086400','1494086400','151110192') [ RunTime:0.0004s ]

[ 2017-05-19T20:20:26+08:00 ] 127.0.0.1 /index.php/Device/borrow/identifier/20175757/number/1/time/1494086400/return_time/1494086400
INFO: [ app_init ] --START--
INFO: Run Behavior\BuildLiteBehavior [ RunTime:0.000025s ]
INFO: [ app_init ] --END-- [ RunTime:0.000532s ]
INFO: [ app_begin ] --START--
INFO: Run Behavior\ReadHtmlCacheBehavior [ RunTime:0.000971s ]
INFO: [ app_begin ] --END-- [ RunTime:0.001103s ]
SQL: SHOW COLUMNS FROM `sbgl_borrow` [ RunTime:0.0012s ]
SQL: SELECT `br_id` FROM `sbgl_borrow` WHERE ( br_device_identifier=20175757 and br_actual_time='' ) LIMIT 1   [ RunTime:0.0003s ]
NOTIC: [8] Undefined index: validate E:\sbgl\ThinkPHP\Library\Think\Model.class.php 第 1185 行.
NOTIC: [8] Undefined index: br_remark E:\sbgl\ThinkPHP\Library\Think\Model.class.php 第 1217 行.
NOTIC: [8] Undefined index: auto E:\sbgl\ThinkPHP\Library\Think\Model.class.php 第 1128 行.
SQL: INSERT INTO `sbgl_borrow` (`br_device_identifier`,`br_device_number`,`br_time`,`br_return_time`,`br_user`) VALUES ('20175757','1','1494086400','1494086400','151110192') [ RunTime:0.0004s ]

[ 2017-05-19T20:25:05+08:00 ] 127.0.0.1 /index.php/Device/borrow/identifier/20175757/number/1/time/1494086400/return_time/1494086400
INFO: [ app_init ] --START--
INFO: Run Behavior\BuildLiteBehavior [ RunTime:0.000023s ]
INFO: [ app_init ] --END-- [ RunTime:0.000527s ]
INFO: [ app_begin ] --START--
INFO: Run Behavior\ReadHtmlCacheBehavior [ RunTime:0.001526s ]
INFO: [ app_begin ] --END-- [ RunTime:0.001787s ]
SQL: SHOW COLUMNS FROM `sbgl_borrow` [ RunTime:0.0009s ]
ERR: 1064:You have an error in your SQL syntax; check the manual that corresponds to your MySQL server version for the right syntax to use near ') LIMIT 1' at line 1
 [ SQL语句 ] : SELECT `br_id` FROM `sbgl_borrow` WHERE ( br_device_identifier=20175757 and br_actual_time= ) LIMIT 1  
ERR: 1064:You have an error in your SQL syntax; check the manual that corresponds to your MySQL server version for the right syntax to use near ') LIMIT 1' at line 1
 [ SQL语句 ] : SELECT `br_id` FROM `sbgl_borrow` WHERE ( br_device_identifier=20175757 and br_actual_time= ) LIMIT 1  

[ 2017-05-19T20:27:57+08:00 ] 127.0.0.1 /index.php/Device/borrow/identifier/20175757/number/1/time/1494086400/return_time/1494086400
INFO: [ app_init ] --START--
INFO: Run Behavior\BuildLiteBehavior [ RunTime:0.000022s ]
INFO: [ app_init ] --END-- [ RunTime:0.000511s ]
INFO: [ app_begin ] --START--
INFO: Run Behavior\ReadHtmlCacheBehavior [ RunTime:0.000912s ]
INFO: [ app_begin ] --END-- [ RunTime:0.001028s ]
SQL: SHOW COLUMNS FROM `sbgl_borrow` [ RunTime:0.0008s ]
SQL: SELECT `br_id` FROM `sbgl_borrow` WHERE `br_device_identifier` = 20175757 AND `br_actual_time` = 'NULL' LIMIT 1   [ RunTime:0.0003s ]
NOTIC: [8] Undefined index: validate E:\sbgl\ThinkPHP\Library\Think\Model.class.php 第 1185 行.
NOTIC: [8] Undefined index: br_remark E:\sbgl\ThinkPHP\Library\Think\Model.class.php 第 1217 行.
NOTIC: [8] Undefined index: auto E:\sbgl\ThinkPHP\Library\Think\Model.class.php 第 1128 行.
SQL: INSERT INTO `sbgl_borrow` (`br_device_identifier`,`br_device_number`,`br_time`,`br_return_time`,`br_user`) VALUES ('20175757','1','1494086400','1494086400','151110192') [ RunTime:0.0003s ]

[ 2017-05-19T20:27:59+08:00 ] 127.0.0.1 /index.php/Device/borrow/identifier/20175757/number/1/time/1494086400/return_time/1494086400
INFO: [ app_init ] --START--
INFO: Run Behavior\BuildLiteBehavior [ RunTime:0.000023s ]
INFO: [ app_init ] --END-- [ RunTime:0.000518s ]
INFO: [ app_begin ] --START--
INFO: Run Behavior\ReadHtmlCacheBehavior [ RunTime:0.000943s ]
INFO: [ app_begin ] --END-- [ RunTime:0.001074s ]
SQL: SHOW COLUMNS FROM `sbgl_borrow` [ RunTime:0.0009s ]
SQL: SELECT `br_id` FROM `sbgl_borrow` WHERE `br_device_identifier` = 20175757 AND `br_actual_time` = 'NULL' LIMIT 1   [ RunTime:0.0003s ]
NOTIC: [8] Undefined index: validate E:\sbgl\ThinkPHP\Library\Think\Model.class.php 第 1185 行.
NOTIC: [8] Undefined index: br_remark E:\sbgl\ThinkPHP\Library\Think\Model.class.php 第 1217 行.
NOTIC: [8] Undefined index: auto E:\sbgl\ThinkPHP\Library\Think\Model.class.php 第 1128 行.
SQL: INSERT INTO `sbgl_borrow` (`br_device_identifier`,`br_device_number`,`br_time`,`br_return_time`,`br_user`) VALUES ('20175757','1','1494086400','1494086400','151110192') [ RunTime:0.0005s ]

[ 2017-05-19T20:29:53+08:00 ] 127.0.0.1 /index.php/Device/borrow/identifier/20175757/number/1/time/1494086400/return_time/1494086400
INFO: [ app_init ] --START--
INFO: Run Behavior\BuildLiteBehavior [ RunTime:0.000064s ]
INFO: [ app_init ] --END-- [ RunTime:0.000718s ]
INFO: [ app_begin ] --START--
INFO: Run Behavior\ReadHtmlCacheBehavior [ RunTime:0.000870s ]
INFO: [ app_begin ] --END-- [ RunTime:0.001123s ]
SQL: SHOW COLUMNS FROM `sbgl_borrow` [ RunTime:0.0008s ]
SQL: SELECT `br_id` FROM `sbgl_borrow` WHERE `br_device_identifier` = 20175757 AND `br_actual_time` = 'NULL' LIMIT 1   [ RunTime:0.0005s ]
NOTIC: [8] Undefined index: validate E:\sbgl\ThinkPHP\Library\Think\Model.class.php 第 1185 行.
NOTIC: [8] Undefined index: br_remark E:\sbgl\ThinkPHP\Library\Think\Model.class.php 第 1217 行.
NOTIC: [8] Undefined index: auto E:\sbgl\ThinkPHP\Library\Think\Model.class.php 第 1128 行.
SQL: INSERT INTO `sbgl_borrow` (`br_device_identifier`,`br_device_number`,`br_time`,`br_return_time`,`br_user`) VALUES ('20175757','1','1494086400','1494086400','151110192') [ RunTime:0.0004s ]

[ 2017-05-19T20:29:56+08:00 ] 127.0.0.1 /index.php/Device/borrow/identifier/20175757/number/1/time/1494086400/return_time/1494086400
INFO: [ app_init ] --START--
INFO: Run Behavior\BuildLiteBehavior [ RunTime:0.000022s ]
INFO: [ app_init ] --END-- [ RunTime:0.000422s ]
INFO: [ app_begin ] --START--
INFO: Run Behavior\ReadHtmlCacheBehavior [ RunTime:0.000447s ]
INFO: [ app_begin ] --END-- [ RunTime:0.000561s ]
SQL: SHOW COLUMNS FROM `sbgl_borrow` [ RunTime:0.0008s ]
SQL: SELECT `br_id` FROM `sbgl_borrow` WHERE `br_device_identifier` = 20175757 AND `br_actual_time` = 'NULL' LIMIT 1   [ RunTime:0.0004s ]
NOTIC: [8] Undefined index: validate E:\sbgl\ThinkPHP\Library\Think\Model.class.php 第 1185 行.
NOTIC: [8] Undefined index: br_remark E:\sbgl\ThinkPHP\Library\Think\Model.class.php 第 1217 行.
NOTIC: [8] Undefined index: auto E:\sbgl\ThinkPHP\Library\Think\Model.class.php 第 1128 行.
SQL: INSERT INTO `sbgl_borrow` (`br_device_identifier`,`br_device_number`,`br_time`,`br_return_time`,`br_user`) VALUES ('20175757','1','1494086400','1494086400','151110192') [ RunTime:0.0004s ]

[ 2017-05-19T20:32:28+08:00 ] 127.0.0.1 /index.php/Device/borrow/identifier/20175757/number/1/time/1494086400/return_time/1494086400
INFO: [ app_init ] --START--
INFO: Run Behavior\BuildLiteBehavior [ RunTime:0.000027s ]
INFO: [ app_init ] --END-- [ RunTime:0.000446s ]
INFO: [ app_begin ] --START--
INFO: Run Behavior\ReadHtmlCacheBehavior [ RunTime:0.000443s ]
INFO: [ app_begin ] --END-- [ RunTime:0.000555s ]
SQL: SHOW COLUMNS FROM `sbgl_borrow` [ RunTime:0.0008s ]
SQL: SELECT `br_id` FROM `sbgl_borrow` WHERE `br_actual_time` = 'NULL' LIMIT 1   [ RunTime:0.0003s ]
NOTIC: [8] Undefined index: validate E:\sbgl\ThinkPHP\Library\Think\Model.class.php 第 1185 行.
NOTIC: [8] Undefined index: br_remark E:\sbgl\ThinkPHP\Library\Think\Model.class.php 第 1217 行.
NOTIC: [8] Undefined index: auto E:\sbgl\ThinkPHP\Library\Think\Model.class.php 第 1128 行.
SQL: INSERT INTO `sbgl_borrow` (`br_device_identifier`,`br_device_number`,`br_time`,`br_return_time`,`br_user`) VALUES ('20175757','1','1494086400','1494086400','151110192') [ RunTime:0.0003s ]

[ 2017-05-19T20:32:40+08:00 ] 127.0.0.1 /index.php/Device/borrow/identifier/20175757/number/1/time/1494086400/return_time/1494086400
INFO: [ app_init ] --START--
INFO: Run Behavior\BuildLiteBehavior [ RunTime:0.000029s ]
INFO: [ app_init ] --END-- [ RunTime:0.000444s ]
INFO: [ app_begin ] --START--
INFO: Run Behavior\ReadHtmlCacheBehavior [ RunTime:0.000455s ]
INFO: [ app_begin ] --END-- [ RunTime:0.000568s ]
SQL: SHOW COLUMNS FROM `sbgl_borrow` [ RunTime:0.0010s ]
SQL: SELECT `br_id` FROM `sbgl_borrow` WHERE `br_actual_time` = 'NULL' LIMIT 1   [ RunTime:0.0003s ]
NOTIC: [8] Undefined index: validate E:\sbgl\ThinkPHP\Library\Think\Model.class.php 第 1185 行.
NOTIC: [8] Undefined index: br_remark E:\sbgl\ThinkPHP\Library\Think\Model.class.php 第 1217 行.
NOTIC: [8] Undefined index: auto E:\sbgl\ThinkPHP\Library\Think\Model.class.php 第 1128 行.
SQL: INSERT INTO `sbgl_borrow` (`br_device_identifier`,`br_device_number`,`br_time`,`br_return_time`,`br_user`) VALUES ('20175757','1','1494086400','1494086400','151110192') [ RunTime:0.0004s ]

[ 2017-05-19T20:43:46+08:00 ] 127.0.0.1 /index.php/Device/borrow/identifier/20175757/number/1/time/1494086400/return_time/1494086400
INFO: [ app_init ] --START--
INFO: Run Behavior\BuildLiteBehavior [ RunTime:0.000031s ]
INFO: [ app_init ] --END-- [ RunTime:0.000703s ]
INFO: [ app_begin ] --START--
INFO: Run Behavior\ReadHtmlCacheBehavior [ RunTime:0.000895s ]
INFO: [ app_begin ] --END-- [ RunTime:0.001063s ]
SQL: SHOW COLUMNS FROM `sbgl_borrow` [ RunTime:0.0008s ]
SQL: SELECT `br_id` FROM `sbgl_borrow` WHERE `br_actual_time` = '' LIMIT 1   [ RunTime:0.0003s ]
NOTIC: [8] Undefined index: validate E:\sbgl\ThinkPHP\Library\Think\Model.class.php 第 1185 行.
NOTIC: [8] Undefined index: br_remark E:\sbgl\ThinkPHP\Library\Think\Model.class.php 第 1217 行.
NOTIC: [8] Undefined index: auto E:\sbgl\ThinkPHP\Library\Think\Model.class.php 第 1128 行.
SQL: INSERT INTO `sbgl_borrow` (`br_device_identifier`,`br_device_number`,`br_time`,`br_return_time`,`br_user`) VALUES ('20175757','1','1494086400','1494086400','151110192') [ RunTime:0.0004s ]

[ 2017-05-19T20:43:53+08:00 ] 127.0.0.1 /index.php/Device/borrow/identifier/20175757/number/1/time/1494086400/return_time/1494086400
INFO: [ app_init ] --START--
INFO: Run Behavior\BuildLiteBehavior [ RunTime:0.000025s ]
INFO: [ app_init ] --END-- [ RunTime:0.000539s ]
INFO: [ app_begin ] --START--
INFO: Run Behavior\ReadHtmlCacheBehavior [ RunTime:0.001016s ]
INFO: [ app_begin ] --END-- [ RunTime:0.001166s ]
SQL: SHOW COLUMNS FROM `sbgl_borrow` [ RunTime:0.0008s ]
SQL: SELECT `br_id` FROM `sbgl_borrow` WHERE `br_actual_time` = '' LIMIT 1   [ RunTime:0.0003s ]
NOTIC: [8] Undefined index: validate E:\sbgl\ThinkPHP\Library\Think\Model.class.php 第 1185 行.
NOTIC: [8] Undefined index: br_remark E:\sbgl\ThinkPHP\Library\Think\Model.class.php 第 1217 行.
NOTIC: [8] Undefined index: auto E:\sbgl\ThinkPHP\Library\Think\Model.class.php 第 1128 行.
SQL: INSERT INTO `sbgl_borrow` (`br_device_identifier`,`br_device_number`,`br_time`,`br_return_time`,`br_user`) VALUES ('20175757','1','1494086400','1494086400','151110192') [ RunTime:0.0006s ]

[ 2017-05-19T20:44:54+08:00 ] 127.0.0.1 /index.php/Device/borrow/identifier/20175757/number/1/time/1494086400/return_time/1494086400
INFO: [ app_init ] --START--
INFO: Run Behavior\BuildLiteBehavior [ RunTime:0.000021s ]
INFO: [ app_init ] --END-- [ RunTime:0.000484s ]
INFO: [ app_begin ] --START--
INFO: Run Behavior\ReadHtmlCacheBehavior [ RunTime:0.001627s ]
INFO: [ app_begin ] --END-- [ RunTime:0.001774s ]
SQL: SHOW COLUMNS FROM `sbgl_borrow` [ RunTime:0.0008s ]
SQL: SELECT `br_id` FROM `sbgl_borrow` WHERE `br_actual_time` <> '' LIMIT 1   [ RunTime:0.0004s ]

[ 2017-05-19T20:45:29+08:00 ] 127.0.0.1 /index.php/Device/borrow/identifier/20175757/number/1/time/1494086400/return_time/1494086400
INFO: [ app_init ] --START--
INFO: Run Behavior\BuildLiteBehavior [ RunTime:0.000022s ]
INFO: [ app_init ] --END-- [ RunTime:0.000498s ]
INFO: [ app_begin ] --START--
INFO: Run Behavior\ReadHtmlCacheBehavior [ RunTime:0.001683s ]
INFO: [ app_begin ] --END-- [ RunTime:0.001955s ]
SQL: SHOW COLUMNS FROM `sbgl_borrow` [ RunTime:0.0007s ]
SQL: SELECT `br_id` FROM `sbgl_borrow` WHERE `br_actual_time` = '' LIMIT 1   [ RunTime:0.0003s ]
NOTIC: [8] Undefined index: validate E:\sbgl\ThinkPHP\Library\Think\Model.class.php 第 1185 行.
NOTIC: [8] Undefined index: br_remark E:\sbgl\ThinkPHP\Library\Think\Model.class.php 第 1217 行.
NOTIC: [8] Undefined index: auto E:\sbgl\ThinkPHP\Library\Think\Model.class.php 第 1128 行.
SQL: INSERT INTO `sbgl_borrow` (`br_device_identifier`,`br_device_number`,`br_time`,`br_return_time`,`br_user`) VALUES ('20175757','1','1494086400','1494086400','151110192') [ RunTime:0.0004s ]

[ 2017-05-19T20:45:36+08:00 ] 127.0.0.1 /index.php/Device/borrow/identifier/20175757/number/1/time/1494086400/return_time/1494086400
INFO: [ app_init ] --START--
INFO: Run Behavior\BuildLiteBehavior [ RunTime:0.000022s ]
INFO: [ app_init ] --END-- [ RunTime:0.000487s ]
INFO: [ app_begin ] --START--
INFO: Run Behavior\ReadHtmlCacheBehavior [ RunTime:0.000954s ]
INFO: [ app_begin ] --END-- [ RunTime:0.001071s ]
SQL: SHOW COLUMNS FROM `sbgl_borrow` [ RunTime:0.0007s ]
SQL: SELECT `br_id` FROM `sbgl_borrow` WHERE `br_actual_time` = '' LIMIT 1   [ RunTime:0.0003s ]
NOTIC: [8] Undefined index: validate E:\sbgl\ThinkPHP\Library\Think\Model.class.php 第 1185 行.
NOTIC: [8] Undefined index: br_remark E:\sbgl\ThinkPHP\Library\Think\Model.class.php 第 1217 行.
NOTIC: [8] Undefined index: auto E:\sbgl\ThinkPHP\Library\Think\Model.class.php 第 1128 行.
SQL: INSERT INTO `sbgl_borrow` (`br_device_identifier`,`br_device_number`,`br_time`,`br_return_time`,`br_user`) VALUES ('20175757','1','1494086400','1494086400','151110192') [ RunTime:0.0002s ]

[ 2017-05-19T20:48:01+08:00 ] 127.0.0.1 /index.php/Device/borrow/identifier/20175757/number/1/time/1494086400/return_time/1494086400
INFO: [ app_init ] --START--
INFO: Run Behavior\BuildLiteBehavior [ RunTime:0.000023s ]
INFO: [ app_init ] --END-- [ RunTime:0.000529s ]
INFO: [ app_begin ] --START--
INFO: Run Behavior\ReadHtmlCacheBehavior [ RunTime:0.001492s ]
INFO: [ app_begin ] --END-- [ RunTime:0.001700s ]
SQL: SHOW COLUMNS FROM `sbgl_borrow` [ RunTime:0.0008s ]
SQL: SELECT `br_id` FROM `sbgl_borrow` WHERE `br_actual_time` is null LIMIT 1   [ RunTime:0.0003s ]

[ 2017-05-19T20:48:27+08:00 ] 127.0.0.1 /index.php/Device/borrow/identifier/20175757/number/1/time/1494086400/return_time/1494086400
INFO: [ app_init ] --START--
INFO: Run Behavior\BuildLiteBehavior [ RunTime:0.000022s ]
INFO: [ app_init ] --END-- [ RunTime:0.000483s ]
INFO: [ app_begin ] --START--
INFO: Run Behavior\ReadHtmlCacheBehavior [ RunTime:0.000904s ]
INFO: [ app_begin ] --END-- [ RunTime:0.001072s ]
SQL: SHOW COLUMNS FROM `sbgl_borrow` [ RunTime:0.0007s ]
SQL: SELECT `br_id` FROM `sbgl_borrow` WHERE `br_device_identifier` = 20175757 AND `br_actual_time` is null LIMIT 1   [ RunTime:0.0003s ]
NOTIC: [8] Undefined index: validate E:\sbgl\ThinkPHP\Library\Think\Model.class.php 第 1185 行.
NOTIC: [8] Undefined index: br_remark E:\sbgl\ThinkPHP\Library\Think\Model.class.php 第 1217 行.
NOTIC: [8] Undefined index: auto E:\sbgl\ThinkPHP\Library\Think\Model.class.php 第 1128 行.
SQL: INSERT INTO `sbgl_borrow` (`br_device_identifier`,`br_device_number`,`br_time`,`br_return_time`,`br_user`) VALUES ('20175757','1','1494086400','1494086400','151110192') [ RunTime:0.0003s ]

[ 2017-05-19T20:48:33+08:00 ] 127.0.0.1 /index.php/Device/borrow/identifier/20175757/number/1/time/1494086400/return_time/1494086400
INFO: [ app_init ] --START--
INFO: Run Behavior\BuildLiteBehavior [ RunTime:0.000024s ]
INFO: [ app_init ] --END-- [ RunTime:0.000508s ]
INFO: [ app_begin ] --START--
INFO: Run Behavior\ReadHtmlCacheBehavior [ RunTime:0.001235s ]
INFO: [ app_begin ] --END-- [ RunTime:0.001374s ]
SQL: SHOW COLUMNS FROM `sbgl_borrow` [ RunTime:0.0007s ]
SQL: SELECT `br_id` FROM `sbgl_borrow` WHERE `br_device_identifier` = 20175757 AND `br_actual_time` is null LIMIT 1   [ RunTime:0.0003s ]

[ 2017-05-19T22:14:29+08:00 ] 127.0.0.1 /index.php/Device/getRepair
INFO: [ app_init ] --START--
INFO: Run Behavior\BuildLiteBehavior [ RunTime:0.000022s ]
INFO: [ app_init ] --END-- [ RunTime:0.000481s ]
INFO: [ app_begin ] --START--
INFO: Run Behavior\ReadHtmlCacheBehavior [ RunTime:0.000624s ]
INFO: [ app_begin ] --END-- [ RunTime:0.000838s ]
SQL: SHOW COLUMNS FROM `sbgl_repair` [ RunTime:0.0010s ]
SQL: SELECT * FROM `sbgl_repair` WHERE ( rp_solve_status!=2 ) ORDER BY rp_time desc  [ RunTime:0.0004s ]

[ 2017-05-19T22:16:21+08:00 ] 127.0.0.1 /index.php/Device/getRepair
INFO: [ app_init ] --START--
INFO: Run Behavior\BuildLiteBehavior [ RunTime:0.000033s ]
INFO: [ app_init ] --END-- [ RunTime:0.000545s ]
INFO: [ app_begin ] --START--
INFO: Run Behavior\ReadHtmlCacheBehavior [ RunTime:0.001338s ]
INFO: [ app_begin ] --END-- [ RunTime:0.001565s ]
SQL: SHOW COLUMNS FROM `sbgl_repair` [ RunTime:0.0010s ]
SQL: SELECT * FROM `sbgl_repair` WHERE ( rp_solve_status!=2 ) ORDER BY rp_time desc  [ RunTime:0.0006s ]

