[ 2017-11-21T14:51:27+08:00 ] 192.168.199.179 /
INFO: [ app_init ] --START--
INFO: Run Behavior\BuildLiteBehavior [ RunTime:0.000031s ]
INFO: [ app_init ] --END-- [ RunTime:0.001943s ]
INFO: [ app_begin ] --START--
INFO: Run Behavior\ReadHtmlCacheBehavior [ RunTime:0.002446s ]
INFO: [ app_begin ] --END-- [ RunTime:0.002593s ]
NOTIC: [8] Undefined index: session_id E:\sbgl\Tools\IndexController.class.php 第 20 行.
NOTIC: [8] Undefined index: timestamp E:\sbgl\Tools\IndexController.class.php 第 28 行.
NOTIC: [8] Undefined index: signature E:\sbgl\Tools\IndexController.class.php 第 29 行.

[ 2017-11-21T15:08:54+08:00 ] 192.168.199.180 /
INFO: [ app_init ] --START--
INFO: Run Behavior\BuildLiteBehavior [ RunTime:0.000052s ]
INFO: [ app_init ] --END-- [ RunTime:0.001215s ]
INFO: [ app_begin ] --START--
INFO: Run Behavior\ReadHtmlCacheBehavior [ RunTime:0.002428s ]
INFO: [ app_begin ] --END-- [ RunTime:0.002720s ]
NOTIC: [8] Undefined index: session_id E:\sbgl\Tools\IndexController.class.php 第 20 行.
NOTIC: [8] Undefined index: timestamp E:\sbgl\Tools\IndexController.class.php 第 28 行.
NOTIC: [8] Undefined index: signature E:\sbgl\Tools\IndexController.class.php 第 29 行.

[ 2017-11-21T15:37:39+08:00 ] 192.168.199.179 /
INFO: [ app_init ] --START--
INFO: Run Behavior\BuildLiteBehavior [ RunTime:0.000033s ]
INFO: [ app_init ] --END-- [ RunTime:0.000616s ]
INFO: [ app_begin ] --START--
INFO: Run Behavior\ReadHtmlCacheBehavior [ RunTime:0.001492s ]
INFO: [ app_begin ] --END-- [ RunTime:0.001622s ]
NOTIC: [8] Undefined index: session_id E:\sbgl\Tools\IndexController.class.php 第 20 行.
NOTIC: [8] Undefined index: timestamp E:\sbgl\Tools\IndexController.class.php 第 28 行.
NOTIC: [8] Undefined index: signature E:\sbgl\Tools\IndexController.class.php 第 29 行.

