[ 2017-11-18T17:19:09+08:00 ] 127.0.0.1 /
INFO: [ app_init ] --START--
INFO: Run Behavior\BuildLiteBehavior [ RunTime:0.000024s ]
INFO: [ app_init ] --END-- [ RunTime:0.000634s ]
INFO: [ app_begin ] --START--
INFO: Run Behavior\ReadHtmlCacheBehavior [ RunTime:0.000726s ]
INFO: [ app_begin ] --END-- [ RunTime:0.000844s ]
NOTIC: [8] Undefined index: session_id E:\sbgl\Tools\IndexController.class.php 第 20 行.
NOTIC: [8] Undefined index: timestamp E:\sbgl\Tools\IndexController.class.php 第 28 行.
NOTIC: [8] Undefined index: signature E:\sbgl\Tools\IndexController.class.php 第 29 行.

[ 2017-11-18T17:24:18+08:00 ] 127.0.0.1 /
INFO: [ app_init ] --START--
INFO: Run Behavior\BuildLiteBehavior [ RunTime:0.000042s ]
INFO: [ app_init ] --END-- [ RunTime:0.001023s ]
INFO: [ app_begin ] --START--
INFO: Run Behavior\ReadHtmlCacheBehavior [ RunTime:0.000752s ]
INFO: [ app_begin ] --END-- [ RunTime:0.000891s ]
NOTIC: [8] Undefined index: session_id E:\sbgl\Tools\IndexController.class.php 第 20 行.
NOTIC: [8] Undefined index: timestamp E:\sbgl\Tools\IndexController.class.php 第 28 行.
NOTIC: [8] Undefined index: signature E:\sbgl\Tools\IndexController.class.php 第 29 行.

