[ 2018-03-22T17:29:04+08:00 ] 127.0.0.1 /
INFO: [ app_init ] --START--
INFO: Run Behavior\BuildLiteBehavior [ RunTime:0.000054s ]
INFO: [ app_init ] --END-- [ RunTime:0.013264s ]
INFO: [ app_begin ] --START--
INFO: Run Behavior\ReadHtmlCacheBehavior [ RunTime:0.003869s ]
INFO: [ app_begin ] --END-- [ RunTime:0.004220s ]
NOTIC: [8] Undefined index: session_id E:\sbgl\Tools\IndexController.class.php 第 20 行.
NOTIC: [8] Undefined index: timestamp E:\sbgl\Tools\IndexController.class.php 第 28 行.
NOTIC: [8] Undefined index: signature E:\sbgl\Tools\IndexController.class.php 第 29 行.
SQL: SHOW COLUMNS FROM `sbgl_machine_room` [ RunTime:0.1677s ]
SQL: SELECT * FROM `sbgl_machine_room`  [ RunTime:0.0180s ]
INFO: [ view_parse ] --START--
INFO: Run Behavior\ParseTemplateBehavior [ RunTime:0.222318s ]
INFO: [ view_parse ] --END-- [ RunTime:0.222759s ]
INFO: [ view_filter ] --START--
INFO: Run Behavior\WriteHtmlCacheBehavior [ RunTime:0.010938s ]
INFO: [ view_filter ] --END-- [ RunTime:0.011280s ]
INFO: [ app_end ] --START--
INFO: Run Behavior\ShowPageTraceBehavior [ RunTime:0.011454s ]
INFO: [ app_end ] --END-- [ RunTime:0.011786s ]

[ 2018-03-22T17:29:08+08:00 ] 127.0.0.1 /index.php/Index/index
INFO: [ app_init ] --START--
INFO: Run Behavior\BuildLiteBehavior [ RunTime:0.000037s ]
INFO: [ app_init ] --END-- [ RunTime:0.000655s ]
INFO: [ app_begin ] --START--
INFO: Run Behavior\ReadHtmlCacheBehavior [ RunTime:0.001508s ]
INFO: [ app_begin ] --END-- [ RunTime:0.001709s ]
NOTIC: [8] Undefined index: session_id E:\sbgl\Tools\IndexController.class.php 第 20 行.
NOTIC: [8] Undefined index: timestamp E:\sbgl\Tools\IndexController.class.php 第 28 行.
NOTIC: [8] Undefined index: signature E:\sbgl\Tools\IndexController.class.php 第 29 行.
SQL: SHOW COLUMNS FROM `sbgl_machine_room` [ RunTime:0.0310s ]
SQL: SELECT `mr_number` FROM `sbgl_machine_room` WHERE ( mr_room='203' ) LIMIT 1   [ RunTime:0.0058s ]

[ 2018-03-22T17:31:12+08:00 ] 127.0.0.1 /
INFO: [ app_init ] --START--
INFO: Run Behavior\BuildLiteBehavior [ RunTime:0.000033s ]
INFO: [ app_init ] --END-- [ RunTime:0.000963s ]
INFO: [ app_begin ] --START--
INFO: Run Behavior\ReadHtmlCacheBehavior [ RunTime:0.000877s ]
INFO: [ app_begin ] --END-- [ RunTime:0.001003s ]
NOTIC: [8] Undefined index: session_id E:\sbgl\Tools\IndexController.class.php 第 20 行.
NOTIC: [8] Undefined index: timestamp E:\sbgl\Tools\IndexController.class.php 第 28 行.
NOTIC: [8] Undefined index: signature E:\sbgl\Tools\IndexController.class.php 第 29 行.
SQL: SHOW COLUMNS FROM `sbgl_machine_room` [ RunTime:0.0006s ]
SQL: SELECT * FROM `sbgl_machine_room`  [ RunTime:0.0002s ]
INFO: [ view_parse ] --START--
INFO: Run Behavior\ParseTemplateBehavior [ RunTime:0.018098s ]
INFO: [ view_parse ] --END-- [ RunTime:0.018223s ]
INFO: [ view_filter ] --START--
INFO: Run Behavior\WriteHtmlCacheBehavior [ RunTime:0.000665s ]
INFO: [ view_filter ] --END-- [ RunTime:0.000770s ]
INFO: [ app_end ] --START--
INFO: Run Behavior\ShowPageTraceBehavior [ RunTime:0.000895s ]
INFO: [ app_end ] --END-- [ RunTime:0.001008s ]

[ 2018-03-22T17:39:25+08:00 ] 127.0.0.1 /
INFO: [ app_init ] --START--
INFO: Run Behavior\BuildLiteBehavior [ RunTime:0.000023s ]
INFO: [ app_init ] --END-- [ RunTime:0.000515s ]
INFO: [ app_begin ] --START--
INFO: Run Behavior\ReadHtmlCacheBehavior [ RunTime:0.000795s ]
INFO: [ app_begin ] --END-- [ RunTime:0.000965s ]
NOTIC: [8] Undefined index: session_id E:\sbgl\Tools\IndexController.class.php 第 20 行.
NOTIC: [8] Undefined index: timestamp E:\sbgl\Tools\IndexController.class.php 第 28 行.
NOTIC: [8] Undefined index: signature E:\sbgl\Tools\IndexController.class.php 第 29 行.
SQL: SHOW COLUMNS FROM `sbgl_machine_room` [ RunTime:0.0011s ]
SQL: SELECT * FROM `sbgl_machine_room`  [ RunTime:0.0005s ]
INFO: [ view_parse ] --START--
INFO: Run Behavior\ParseTemplateBehavior [ RunTime:0.014820s ]
INFO: [ view_parse ] --END-- [ RunTime:0.015082s ]
INFO: [ view_filter ] --START--
INFO: Run Behavior\WriteHtmlCacheBehavior [ RunTime:0.001746s ]
INFO: [ view_filter ] --END-- [ RunTime:0.001876s ]
INFO: [ app_end ] --START--
INFO: Run Behavior\ShowPageTraceBehavior [ RunTime:0.001111s ]
INFO: [ app_end ] --END-- [ RunTime:0.001254s ]

[ 2018-03-22T17:40:41+08:00 ] 127.0.0.1 /
INFO: [ app_init ] --START--
INFO: Run Behavior\BuildLiteBehavior [ RunTime:0.000025s ]
INFO: [ app_init ] --END-- [ RunTime:0.000663s ]
INFO: [ app_begin ] --START--
INFO: Run Behavior\ReadHtmlCacheBehavior [ RunTime:0.000813s ]
INFO: [ app_begin ] --END-- [ RunTime:0.000935s ]
NOTIC: [8] Undefined index: session_id E:\sbgl\Tools\IndexController.class.php 第 20 行.
NOTIC: [8] Undefined index: timestamp E:\sbgl\Tools\IndexController.class.php 第 28 行.
NOTIC: [8] Undefined index: signature E:\sbgl\Tools\IndexController.class.php 第 29 行.
SQL: SHOW COLUMNS FROM `sbgl_machine_room` [ RunTime:0.0008s ]
SQL: SELECT * FROM `sbgl_machine_room`  [ RunTime:0.0002s ]
INFO: [ view_parse ] --START--
INFO: Run Behavior\ParseTemplateBehavior [ RunTime:0.014419s ]
INFO: [ view_parse ] --END-- [ RunTime:0.014556s ]
INFO: [ view_filter ] --START--
INFO: Run Behavior\WriteHtmlCacheBehavior [ RunTime:0.000726s ]
INFO: [ view_filter ] --END-- [ RunTime:0.000836s ]
INFO: [ app_end ] --START--
INFO: Run Behavior\ShowPageTraceBehavior [ RunTime:0.000836s ]
INFO: [ app_end ] --END-- [ RunTime:0.000964s ]

