[ 2018-03-04T14:42:56+08:00 ] 127.0.0.1 /
INFO: [ app_init ] --START--
INFO: Run Behavior\BuildLiteBehavior [ RunTime:0.000024s ]
INFO: [ app_init ] --END-- [ RunTime:0.000651s ]
INFO: [ app_begin ] --START--
INFO: Run Behavior\ReadHtmlCacheBehavior [ RunTime:0.001412s ]
INFO: [ app_begin ] --END-- [ RunTime:0.001592s ]
NOTIC: [8] Undefined index: session_id E:\sbgl\Tools\IndexController.class.php 第 20 行.
NOTIC: [8] Undefined index: timestamp E:\sbgl\Tools\IndexController.class.php 第 28 行.
NOTIC: [8] Undefined index: signature E:\sbgl\Tools\IndexController.class.php 第 29 行.

[ 2018-03-04T14:43:16+08:00 ] 127.0.0.1 /index.php/Index/getRoom
INFO: [ app_init ] --START--
INFO: Run Behavior\BuildLiteBehavior [ RunTime:0.000022s ]
INFO: [ app_init ] --END-- [ RunTime:0.000409s ]
INFO: [ app_begin ] --START--
INFO: Run Behavior\ReadHtmlCacheBehavior [ RunTime:0.000520s ]
INFO: [ app_begin ] --END-- [ RunTime:0.000706s ]
NOTIC: [8] Undefined index: session_id E:\sbgl\Tools\IndexController.class.php 第 20 行.
NOTIC: [8] Undefined index: timestamp E:\sbgl\Tools\IndexController.class.php 第 28 行.
NOTIC: [8] Undefined index: signature E:\sbgl\Tools\IndexController.class.php 第 29 行.
SQL: SHOW COLUMNS FROM `sbgl_machine_room` [ RunTime:0.0030s ]
SQL: SELECT `mr_room` FROM `sbgl_machine_room`  [ RunTime:0.0004s ]
NOTIC: [8] Undefined variable: mr E:\sbgl\Home\Controller\IndexController.class.php 第 35 行.
INFO: [ app_end ] --START--
INFO: Run Behavior\ShowPageTraceBehavior [ RunTime:0.001448s ]
INFO: [ app_end ] --END-- [ RunTime:0.001582s ]

[ 2018-03-04T14:43:41+08:00 ] 127.0.0.1 /index.php/Index/register
INFO: [ app_init ] --START--
INFO: Run Behavior\BuildLiteBehavior [ RunTime:0.000021s ]
INFO: [ app_init ] --END-- [ RunTime:0.000413s ]
INFO: [ app_begin ] --START--
INFO: Run Behavior\ReadHtmlCacheBehavior [ RunTime:0.000425s ]
INFO: [ app_begin ] --END-- [ RunTime:0.000539s ]
NOTIC: [8] Undefined index: session_id E:\sbgl\Tools\IndexController.class.php 第 20 行.
NOTIC: [8] Undefined index: timestamp E:\sbgl\Tools\IndexController.class.php 第 28 行.
NOTIC: [8] Undefined index: signature E:\sbgl\Tools\IndexController.class.php 第 29 行.
ERR: 参数错误或者未定义:stu_id

[ 2018-03-04T14:43:53+08:00 ] 127.0.0.1 /index.php/Index/register/stu_id/sd
INFO: [ app_init ] --START--
INFO: Run Behavior\BuildLiteBehavior [ RunTime:0.000024s ]
INFO: [ app_init ] --END-- [ RunTime:0.000412s ]
INFO: [ app_begin ] --START--
INFO: Run Behavior\ReadHtmlCacheBehavior [ RunTime:0.000431s ]
INFO: [ app_begin ] --END-- [ RunTime:0.000543s ]
NOTIC: [8] Undefined index: session_id E:\sbgl\Tools\IndexController.class.php 第 20 行.
NOTIC: [8] Undefined index: timestamp E:\sbgl\Tools\IndexController.class.php 第 28 行.
NOTIC: [8] Undefined index: signature E:\sbgl\Tools\IndexController.class.php 第 29 行.
ERR: 参数错误或者未定义:pwd

[ 2018-03-04T14:43:58+08:00 ] 127.0.0.1 /index.php/Index/register/stu_id/sd/pwd/sdf
INFO: [ app_init ] --START--
INFO: Run Behavior\BuildLiteBehavior [ RunTime:0.000023s ]
INFO: [ app_init ] --END-- [ RunTime:0.000411s ]
INFO: [ app_begin ] --START--
INFO: Run Behavior\ReadHtmlCacheBehavior [ RunTime:0.000428s ]
INFO: [ app_begin ] --END-- [ RunTime:0.000541s ]
NOTIC: [8] Undefined index: session_id E:\sbgl\Tools\IndexController.class.php 第 20 行.
NOTIC: [8] Undefined index: timestamp E:\sbgl\Tools\IndexController.class.php 第 28 行.
NOTIC: [8] Undefined index: signature E:\sbgl\Tools\IndexController.class.php 第 29 行.
SQL: SHOW COLUMNS FROM `sbgl_user` [ RunTime:0.0012s ]
ERR: 1054:Unknown column 'sd' in 'where clause'
 [ SQL语句 ] : SELECT * FROM `sbgl_user` WHERE ( user=sd ) LIMIT 1  
ERR: 1054:Unknown column 'sd' in 'where clause'
 [ SQL语句 ] : SELECT * FROM `sbgl_user` WHERE ( user=sd ) LIMIT 1  

[ 2018-03-04T14:45:06+08:00 ] 127.0.0.1 /index.php/Index/register/stu_id/2323/pwd/sdf
INFO: [ app_init ] --START--
INFO: Run Behavior\BuildLiteBehavior [ RunTime:0.000021s ]
INFO: [ app_init ] --END-- [ RunTime:0.000482s ]
INFO: [ app_begin ] --START--
INFO: Run Behavior\ReadHtmlCacheBehavior [ RunTime:0.001239s ]
INFO: [ app_begin ] --END-- [ RunTime:0.001496s ]
NOTIC: [8] Undefined index: session_id E:\sbgl\Tools\IndexController.class.php 第 20 行.
NOTIC: [8] Undefined index: timestamp E:\sbgl\Tools\IndexController.class.php 第 28 行.
NOTIC: [8] Undefined index: signature E:\sbgl\Tools\IndexController.class.php 第 29 行.
SQL: SHOW COLUMNS FROM `sbgl_user` [ RunTime:0.0010s ]
SQL: SELECT * FROM `sbgl_user` WHERE ( user=2323 ) LIMIT 1   [ RunTime:0.0153s ]
NOTIC: [8] Undefined index: validate E:\sbgl\ThinkPHP\Library\Think\Model.class.php 第 1185 行.
INFO: [ app_end ] --START--
INFO: Run Behavior\ShowPageTraceBehavior [ RunTime:0.000745s ]
INFO: [ app_end ] --END-- [ RunTime:0.000944s ]

[ 2018-03-04T14:47:09+08:00 ] 127.0.0.1 /index.php/Index/register/stu_id/2323/pwd/sdf
INFO: [ app_init ] --START--
INFO: Run Behavior\BuildLiteBehavior [ RunTime:0.000027s ]
INFO: [ app_init ] --END-- [ RunTime:0.000496s ]
INFO: [ app_begin ] --START--
INFO: Run Behavior\ReadHtmlCacheBehavior [ RunTime:0.000655s ]
INFO: [ app_begin ] --END-- [ RunTime:0.000775s ]
NOTIC: [8] Undefined index: session_id E:\sbgl\Tools\IndexController.class.php 第 20 行.
NOTIC: [8] Undefined index: timestamp E:\sbgl\Tools\IndexController.class.php 第 28 行.
NOTIC: [8] Undefined index: signature E:\sbgl\Tools\IndexController.class.php 第 29 行.
SQL: SHOW COLUMNS FROM `sbgl_user` [ RunTime:0.0009s ]
SQL: SELECT * FROM `sbgl_user` WHERE ( user=2323 ) LIMIT 1   [ RunTime:0.0003s ]
NOTIC: [8] Undefined index: validate E:\sbgl\ThinkPHP\Library\Think\Model.class.php 第 1185 行.
INFO: [ app_end ] --START--
INFO: Run Behavior\ShowPageTraceBehavior [ RunTime:0.000605s ]
INFO: [ app_end ] --END-- [ RunTime:0.000722s ]

[ 2018-03-04T14:47:23+08:00 ] 127.0.0.1 /index.php/Index/register/stu_id/2323/pwd/sdf
INFO: [ app_init ] --START--
INFO: Run Behavior\BuildLiteBehavior [ RunTime:0.000026s ]
INFO: [ app_init ] --END-- [ RunTime:0.000411s ]
INFO: [ app_begin ] --START--
INFO: Run Behavior\ReadHtmlCacheBehavior [ RunTime:0.000432s ]
INFO: [ app_begin ] --END-- [ RunTime:0.000546s ]
NOTIC: [8] Undefined index: session_id E:\sbgl\Tools\IndexController.class.php 第 20 行.
NOTIC: [8] Undefined index: timestamp E:\sbgl\Tools\IndexController.class.php 第 28 行.
NOTIC: [8] Undefined index: signature E:\sbgl\Tools\IndexController.class.php 第 29 行.
SQL: SHOW COLUMNS FROM `sbgl_user` [ RunTime:0.0008s ]
SQL: SELECT * FROM `sbgl_user` WHERE ( user=2323 ) LIMIT 1   [ RunTime:0.0003s ]
NOTIC: [8] Undefined index: validate E:\sbgl\ThinkPHP\Library\Think\Model.class.php 第 1185 行.
INFO: [ app_end ] --START--
INFO: Run Behavior\ShowPageTraceBehavior [ RunTime:0.000451s ]
INFO: [ app_end ] --END-- [ RunTime:0.000566s ]

[ 2018-03-04T14:47:31+08:00 ] 127.0.0.1 /index.php/Index/register/stu_id/2323/pwd/sdf
INFO: [ app_init ] --START--
INFO: Run Behavior\BuildLiteBehavior [ RunTime:0.000026s ]
INFO: [ app_init ] --END-- [ RunTime:0.000428s ]
INFO: [ app_begin ] --START--
INFO: Run Behavior\ReadHtmlCacheBehavior [ RunTime:0.000427s ]
INFO: [ app_begin ] --END-- [ RunTime:0.000539s ]
NOTIC: [8] Undefined index: session_id E:\sbgl\Tools\IndexController.class.php 第 20 行.
NOTIC: [8] Undefined index: timestamp E:\sbgl\Tools\IndexController.class.php 第 28 行.
NOTIC: [8] Undefined index: signature E:\sbgl\Tools\IndexController.class.php 第 29 行.
SQL: SHOW COLUMNS FROM `sbgl_user` [ RunTime:0.0012s ]
SQL: SELECT * FROM `sbgl_user` WHERE ( user=2323 ) LIMIT 1   [ RunTime:0.0005s ]
NOTIC: [8] Undefined index: validate E:\sbgl\ThinkPHP\Library\Think\Model.class.php 第 1185 行.
INFO: [ app_end ] --START--
INFO: Run Behavior\ShowPageTraceBehavior [ RunTime:0.000459s ]
INFO: [ app_end ] --END-- [ RunTime:0.000579s ]

[ 2018-03-04T14:47:46+08:00 ] 127.0.0.1 /index.php/Index/register/stu_id/2323/pwd/sdf
INFO: [ app_init ] --START--
INFO: Run Behavior\BuildLiteBehavior [ RunTime:0.000026s ]
INFO: [ app_init ] --END-- [ RunTime:0.000446s ]
INFO: [ app_begin ] --START--
INFO: Run Behavior\ReadHtmlCacheBehavior [ RunTime:0.000432s ]
INFO: [ app_begin ] --END-- [ RunTime:0.000544s ]
NOTIC: [8] Undefined index: session_id E:\sbgl\Tools\IndexController.class.php 第 20 行.
NOTIC: [8] Undefined index: timestamp E:\sbgl\Tools\IndexController.class.php 第 28 行.
NOTIC: [8] Undefined index: signature E:\sbgl\Tools\IndexController.class.php 第 29 行.
SQL: SHOW COLUMNS FROM `sbgl_user` [ RunTime:0.0016s ]
SQL: SELECT * FROM `sbgl_user` WHERE ( user=2323 ) LIMIT 1   [ RunTime:0.0005s ]
NOTIC: [8] Undefined index: validate E:\sbgl\ThinkPHP\Library\Think\Model.class.php 第 1185 行.
INFO: [ app_end ] --START--
INFO: Run Behavior\ShowPageTraceBehavior [ RunTime:0.000633s ]
INFO: [ app_end ] --END-- [ RunTime:0.000763s ]

[ 2018-03-04T14:49:06+08:00 ] 127.0.0.1 /index.php/Index/register/stu_id/2323/pwd/sdf
INFO: [ app_init ] --START--
INFO: Run Behavior\BuildLiteBehavior [ RunTime:0.000027s ]
INFO: [ app_init ] --END-- [ RunTime:0.000415s ]
INFO: [ app_begin ] --START--
INFO: Run Behavior\ReadHtmlCacheBehavior [ RunTime:0.000422s ]
INFO: [ app_begin ] --END-- [ RunTime:0.000534s ]
NOTIC: [8] Undefined index: session_id E:\sbgl\Tools\IndexController.class.php 第 20 行.
NOTIC: [8] Undefined index: timestamp E:\sbgl\Tools\IndexController.class.php 第 28 行.
NOTIC: [8] Undefined index: signature E:\sbgl\Tools\IndexController.class.php 第 29 行.
SQL: SHOW COLUMNS FROM `sbgl_user` [ RunTime:0.0009s ]
SQL: SELECT * FROM `sbgl_user` WHERE ( user=2323 ) LIMIT 1   [ RunTime:0.0003s ]
NOTIC: [8] Undefined index: validate E:\sbgl\ThinkPHP\Library\Think\Model.class.php 第 1185 行.
INFO: [ app_end ] --START--
INFO: Run Behavior\ShowPageTraceBehavior [ RunTime:0.000462s ]
INFO: [ app_end ] --END-- [ RunTime:0.000587s ]

[ 2018-03-04T14:59:08+08:00 ] 127.0.0.1 /index.php/Index/register/stu_id/2323/pwd/sdf
INFO: [ app_init ] --START--
INFO: Run Behavior\BuildLiteBehavior [ RunTime:0.000030s ]
INFO: [ app_init ] --END-- [ RunTime:0.000697s ]
INFO: [ app_begin ] --START--
INFO: Run Behavior\ReadHtmlCacheBehavior [ RunTime:0.000632s ]
INFO: [ app_begin ] --END-- [ RunTime:0.000747s ]
NOTIC: [2] base64_decode() expects parameter 1 to be string, array given E:\sbgl\Tools\Rsa.class.php 第 111 行.
ERR: 参数错误或者未定义:stu_id

[ 2018-03-04T14:59:11+08:00 ] 127.0.0.1 /index.php/Index/register/stu_id/2323/pwd/sdf
INFO: [ app_init ] --START--
INFO: Run Behavior\BuildLiteBehavior [ RunTime:0.000029s ]
INFO: [ app_init ] --END-- [ RunTime:0.000542s ]
INFO: [ app_begin ] --START--
INFO: Run Behavior\ReadHtmlCacheBehavior [ RunTime:0.000709s ]
INFO: [ app_begin ] --END-- [ RunTime:0.000850s ]
NOTIC: [2] base64_decode() expects parameter 1 to be string, array given E:\sbgl\Tools\Rsa.class.php 第 111 行.
ERR: 参数错误或者未定义:stu_id

[ 2018-03-04T14:59:55+08:00 ] 127.0.0.1 /index.php/Index/register/stu_id/2323/pwd/sdf
ERR: 参数错误或者未定义:stu_id

[ 2018-03-04T15:02:42+08:00 ] 127.0.0.1 /index.php/Index/register/stu_id/2323/pwd/sdf
ERR: 参数错误或者未定义:stu_id

[ 2018-03-04T15:02:57+08:00 ] 127.0.0.1 /index.php/Index/register/stu_id/2323/pwd/sdf
INFO: [ app_init ] --START--
INFO: Run Behavior\BuildLiteBehavior [ RunTime:0.000026s ]
INFO: [ app_init ] --END-- [ RunTime:0.000706s ]
INFO: [ app_begin ] --START--
INFO: Run Behavior\ReadHtmlCacheBehavior [ RunTime:0.000906s ]
INFO: [ app_begin ] --END-- [ RunTime:0.001113s ]
NOTIC: [2] base64_decode() expects parameter 1 to be string, array given E:\sbgl\Tools\Rsa.class.php 第 111 行.
ERR: 参数错误或者未定义:stu_id

[ 2018-03-04T15:07:18+08:00 ] 127.0.0.1 /index.php/Index/register/stu_id/2323/pwd/sdf
INFO: [ app_init ] --START--
INFO: Run Behavior\BuildLiteBehavior [ RunTime:0.000023s ]
INFO: [ app_init ] --END-- [ RunTime:0.000520s ]
INFO: [ app_begin ] --START--
INFO: Run Behavior\ReadHtmlCacheBehavior [ RunTime:0.000749s ]
INFO: [ app_begin ] --END-- [ RunTime:0.000946s ]
NOTIC: [2] openssl_private_encrypt() expects parameter 1 to be string, array given E:\sbgl\Tools\Rsa.class.php 第 213 行.
NOTIC: [2] Invalid argument supplied for foreach() E:\sbgl\ThinkPHP\Common\functions.php 第 408 行.
NOTIC: [8] Array to string conversion E:\sbgl\Tools\IndexController.class.php 第 21 行.
NOTIC: [8] Undefined index: session_id E:\sbgl\Tools\IndexController.class.php 第 27 行.
NOTIC: [8] Undefined index: timestamp E:\sbgl\Tools\IndexController.class.php 第 35 行.
NOTIC: [8] Undefined index: signature E:\sbgl\Tools\IndexController.class.php 第 36 行.
ERR: 参数错误或者未定义:stu_id

[ 2018-03-04T15:08:01+08:00 ] 127.0.0.1 /index.php/Index/register/stu_id/2323/pwd/sdf
INFO: [ app_init ] --START--
INFO: Run Behavior\BuildLiteBehavior [ RunTime:0.000022s ]
INFO: [ app_init ] --END-- [ RunTime:0.000443s ]
INFO: [ app_begin ] --START--
INFO: Run Behavior\ReadHtmlCacheBehavior [ RunTime:0.000433s ]
INFO: [ app_begin ] --END-- [ RunTime:0.000546s ]
NOTIC: [2] Invalid argument supplied for foreach() E:\sbgl\ThinkPHP\Common\functions.php 第 408 行.
NOTIC: [8] Array to string conversion E:\sbgl\Tools\IndexController.class.php 第 22 行.
NOTIC: [8] Undefined index: session_id E:\sbgl\Tools\IndexController.class.php 第 28 行.
NOTIC: [8] Undefined index: timestamp E:\sbgl\Tools\IndexController.class.php 第 36 行.
NOTIC: [8] Undefined index: signature E:\sbgl\Tools\IndexController.class.php 第 37 行.
ERR: 参数错误或者未定义:stu_id

[ 2018-03-04T15:09:37+08:00 ] 127.0.0.1 /index.php/Index/register/stu_id/2323/pwd/sdf
INFO: [ app_init ] --START--
INFO: Run Behavior\BuildLiteBehavior [ RunTime:0.000021s ]
INFO: [ app_init ] --END-- [ RunTime:0.000488s ]
INFO: [ app_begin ] --START--
INFO: Run Behavior\ReadHtmlCacheBehavior [ RunTime:0.000627s ]
INFO: [ app_begin ] --END-- [ RunTime:0.000744s ]
NOTIC: [2] Invalid argument supplied for foreach() E:\sbgl\ThinkPHP\Common\functions.php 第 408 行.
NOTIC: [8] Array to string conversion E:\sbgl\Tools\IndexController.class.php 第 23 行.
NOTIC: [8] Undefined index: session_id E:\sbgl\Tools\IndexController.class.php 第 29 行.
NOTIC: [8] Undefined index: timestamp E:\sbgl\Tools\IndexController.class.php 第 37 行.
NOTIC: [8] Undefined index: signature E:\sbgl\Tools\IndexController.class.php 第 38 行.
ERR: 参数错误或者未定义:stu_id

[ 2018-03-04T15:10:22+08:00 ] 127.0.0.1 /index.php/Index/register/stu_id/2323/pwd/sdf
INFO: [ app_init ] --START--
INFO: Run Behavior\BuildLiteBehavior [ RunTime:0.000042s ]
INFO: [ app_init ] --END-- [ RunTime:0.000701s ]
INFO: [ app_begin ] --START--
INFO: Run Behavior\ReadHtmlCacheBehavior [ RunTime:0.000558s ]
INFO: [ app_begin ] --END-- [ RunTime:0.000682s ]
NOTIC: [2] Invalid argument supplied for foreach() E:\sbgl\ThinkPHP\Common\functions.php 第 408 行.
NOTIC: [8] Array to string conversion E:\sbgl\Tools\IndexController.class.php 第 23 行.
NOTIC: [8] Undefined index: session_id E:\sbgl\Tools\IndexController.class.php 第 29 行.
NOTIC: [8] Undefined index: timestamp E:\sbgl\Tools\IndexController.class.php 第 37 行.
NOTIC: [8] Undefined index: signature E:\sbgl\Tools\IndexController.class.php 第 38 行.
ERR: 参数错误或者未定义:stu_id

[ 2018-03-04T15:10:41+08:00 ] 127.0.0.1 /index.php/Index/register/stu_id/2323/pwd/sdf
INFO: [ app_init ] --START--
INFO: Run Behavior\BuildLiteBehavior [ RunTime:0.000023s ]
INFO: [ app_init ] --END-- [ RunTime:0.000421s ]
INFO: [ app_begin ] --START--
INFO: Run Behavior\ReadHtmlCacheBehavior [ RunTime:0.000699s ]
INFO: [ app_begin ] --END-- [ RunTime:0.000822s ]
NOTIC: [2] Invalid argument supplied for foreach() E:\sbgl\ThinkPHP\Common\functions.php 第 408 行.
NOTIC: [8] Undefined index: session_id E:\sbgl\Tools\IndexController.class.php 第 29 行.
NOTIC: [8] Undefined index: timestamp E:\sbgl\Tools\IndexController.class.php 第 37 行.
NOTIC: [8] Undefined index: signature E:\sbgl\Tools\IndexController.class.php 第 38 行.
ERR: 参数错误或者未定义:stu_id

[ 2018-03-04T15:11:37+08:00 ] 127.0.0.1 /index.php/Index/register/stu_id/2323/pwd/sdf
INFO: [ app_init ] --START--
INFO: Run Behavior\BuildLiteBehavior [ RunTime:0.000027s ]
INFO: [ app_init ] --END-- [ RunTime:0.000444s ]
INFO: [ app_begin ] --START--
INFO: Run Behavior\ReadHtmlCacheBehavior [ RunTime:0.000441s ]
INFO: [ app_begin ] --END-- [ RunTime:0.000553s ]
NOTIC: [2] Invalid argument supplied for foreach() E:\sbgl\ThinkPHP\Common\functions.php 第 408 行.
NOTIC: [8] Undefined index: session_id E:\sbgl\Tools\IndexController.class.php 第 30 行.
NOTIC: [8] Undefined index: timestamp E:\sbgl\Tools\IndexController.class.php 第 38 行.
NOTIC: [8] Undefined index: signature E:\sbgl\Tools\IndexController.class.php 第 39 行.
ERR: 参数错误或者未定义:stu_id

[ 2018-03-04T15:17:55+08:00 ] 127.0.0.1 /index.php/Index/register/stu_id/2323/pwd/sdf
INFO: [ app_init ] --START--
INFO: Run Behavior\BuildLiteBehavior [ RunTime:0.000021s ]
INFO: [ app_init ] --END-- [ RunTime:0.000487s ]
INFO: [ app_begin ] --START--
INFO: Run Behavior\ReadHtmlCacheBehavior [ RunTime:0.000647s ]
INFO: [ app_begin ] --END-- [ RunTime:0.000768s ]
NOTIC: [4096] Object of class stdClass could not be converted to string E:\sbgl\Tools\IndexController.class.php 第 23 行.
NOTIC: [8] Undefined index: session_id E:\sbgl\Tools\IndexController.class.php 第 31 行.
NOTIC: [8] Undefined index: timestamp E:\sbgl\Tools\IndexController.class.php 第 39 行.
NOTIC: [8] Undefined index: signature E:\sbgl\Tools\IndexController.class.php 第 40 行.
SQL: SHOW COLUMNS FROM `sbgl_user` [ RunTime:0.0016s ]
SQL: SELECT * FROM `sbgl_user` WHERE ( user=1121 ) LIMIT 1   [ RunTime:0.0004s ]
NOTIC: [8] Undefined index: validate E:\sbgl\ThinkPHP\Library\Think\Model.class.php 第 1185 行.
INFO: [ app_end ] --START--
INFO: Run Behavior\ShowPageTraceBehavior [ RunTime:0.001768s ]
INFO: [ app_end ] --END-- [ RunTime:0.001964s ]

[ 2018-03-04T15:20:38+08:00 ] 127.0.0.1 /index.php/Index/register/stu_id/2323/pwd/sdf
INFO: [ app_init ] --START--
INFO: Run Behavior\BuildLiteBehavior [ RunTime:0.000024s ]
INFO: [ app_init ] --END-- [ RunTime:0.000532s ]
INFO: [ app_begin ] --START--
INFO: Run Behavior\ReadHtmlCacheBehavior [ RunTime:0.000633s ]
INFO: [ app_begin ] --END-- [ RunTime:0.000749s ]
NOTIC: [2] base64_decode() expects parameter 1 to be string, array given E:\sbgl\Tools\Rsa.class.php 第 111 行.
NOTIC: [2] Invalid argument supplied for foreach() E:\sbgl\ThinkPHP\Common\functions.php 第 408 行.
NOTIC: [8] Undefined index: session_id E:\sbgl\Tools\IndexController.class.php 第 24 行.
NOTIC: [8] Undefined index: timestamp E:\sbgl\Tools\IndexController.class.php 第 32 行.
NOTIC: [8] Undefined index: signature E:\sbgl\Tools\IndexController.class.php 第 33 行.
ERR: 参数错误或者未定义:stu_id

[ 2018-03-04T15:53:51+08:00 ] 127.0.0.1 /index.php/Index/register/stu_id/2323/pwd/sdf
INFO: [ app_init ] --START--
INFO: Run Behavior\BuildLiteBehavior [ RunTime:0.000023s ]
INFO: [ app_init ] --END-- [ RunTime:0.000501s ]
INFO: [ app_begin ] --START--
INFO: Run Behavior\ReadHtmlCacheBehavior [ RunTime:0.000669s ]
INFO: [ app_begin ] --END-- [ RunTime:0.000800s ]
NOTIC: [2] base64_decode() expects parameter 1 to be string, array given E:\sbgl\Tools\Rsa.class.php 第 111 行.
NOTIC: [2] Invalid argument supplied for foreach() E:\sbgl\ThinkPHP\Common\functions.php 第 408 行.
NOTIC: [8] Undefined index: session_id E:\sbgl\Tools\IndexController.class.php 第 24 行.
NOTIC: [8] Undefined index: timestamp E:\sbgl\Tools\IndexController.class.php 第 32 行.
NOTIC: [8] Undefined index: signature E:\sbgl\Tools\IndexController.class.php 第 33 行.
ERR: 参数错误或者未定义:stu_id

[ 2018-03-04T15:53:53+08:00 ] 127.0.0.1 /index.php/Index/register/stu_id/2323/pwd/sdf
INFO: [ app_init ] --START--
INFO: Run Behavior\BuildLiteBehavior [ RunTime:0.000024s ]
INFO: [ app_init ] --END-- [ RunTime:0.000452s ]
INFO: [ app_begin ] --START--
INFO: Run Behavior\ReadHtmlCacheBehavior [ RunTime:0.000467s ]
INFO: [ app_begin ] --END-- [ RunTime:0.000589s ]
NOTIC: [2] base64_decode() expects parameter 1 to be string, array given E:\sbgl\Tools\Rsa.class.php 第 111 行.
NOTIC: [2] Invalid argument supplied for foreach() E:\sbgl\ThinkPHP\Common\functions.php 第 408 行.
NOTIC: [8] Undefined index: session_id E:\sbgl\Tools\IndexController.class.php 第 24 行.
NOTIC: [8] Undefined index: timestamp E:\sbgl\Tools\IndexController.class.php 第 32 行.
NOTIC: [8] Undefined index: signature E:\sbgl\Tools\IndexController.class.php 第 33 行.
ERR: 参数错误或者未定义:stu_id

[ 2018-03-04T15:53:53+08:00 ] 127.0.0.1 /index.php/Index/register/stu_id/2323/pwd/sdf
INFO: [ app_init ] --START--
INFO: Run Behavior\BuildLiteBehavior [ RunTime:0.000021s ]
INFO: [ app_init ] --END-- [ RunTime:0.000409s ]
INFO: [ app_begin ] --START--
INFO: Run Behavior\ReadHtmlCacheBehavior [ RunTime:0.000427s ]
INFO: [ app_begin ] --END-- [ RunTime:0.000540s ]
NOTIC: [2] base64_decode() expects parameter 1 to be string, array given E:\sbgl\Tools\Rsa.class.php 第 111 行.
NOTIC: [2] Invalid argument supplied for foreach() E:\sbgl\ThinkPHP\Common\functions.php 第 408 行.
NOTIC: [8] Undefined index: session_id E:\sbgl\Tools\IndexController.class.php 第 24 行.
NOTIC: [8] Undefined index: timestamp E:\sbgl\Tools\IndexController.class.php 第 32 行.
NOTIC: [8] Undefined index: signature E:\sbgl\Tools\IndexController.class.php 第 33 行.
ERR: 参数错误或者未定义:stu_id

[ 2018-03-04T15:56:19+08:00 ] 127.0.0.1 /index.php/Index/register/stu_id/2323/pwd/sdf
INFO: [ app_init ] --START--
INFO: Run Behavior\BuildLiteBehavior [ RunTime:0.000042s ]
INFO: [ app_init ] --END-- [ RunTime:0.000995s ]
INFO: [ app_begin ] --START--
INFO: Run Behavior\ReadHtmlCacheBehavior [ RunTime:0.001158s ]
INFO: [ app_begin ] --END-- [ RunTime:0.001350s ]
NOTIC: [2] base64_decode() expects parameter 1 to be string, array given E:\sbgl\Tools\Rsa.class.php 第 111 行.
NOTIC: [2] Invalid argument supplied for foreach() E:\sbgl\ThinkPHP\Common\functions.php 第 408 行.
NOTIC: [8] Undefined index: session_id E:\sbgl\Tools\IndexController.class.php 第 24 行.
NOTIC: [8] Undefined index: timestamp E:\sbgl\Tools\IndexController.class.php 第 32 行.
NOTIC: [8] Undefined index: signature E:\sbgl\Tools\IndexController.class.php 第 33 行.
ERR: 参数错误或者未定义:stu_id

[ 2018-03-04T15:56:20+08:00 ] 127.0.0.1 /index.php/Index/register/stu_id/2323/pwd/sdf
INFO: [ app_init ] --START--
INFO: Run Behavior\BuildLiteBehavior [ RunTime:0.000022s ]
INFO: [ app_init ] --END-- [ RunTime:0.000412s ]
INFO: [ app_begin ] --START--
INFO: Run Behavior\ReadHtmlCacheBehavior [ RunTime:0.000461s ]
INFO: [ app_begin ] --END-- [ RunTime:0.000580s ]
NOTIC: [2] base64_decode() expects parameter 1 to be string, array given E:\sbgl\Tools\Rsa.class.php 第 111 行.
NOTIC: [2] Invalid argument supplied for foreach() E:\sbgl\ThinkPHP\Common\functions.php 第 408 行.
NOTIC: [8] Undefined index: session_id E:\sbgl\Tools\IndexController.class.php 第 24 行.
NOTIC: [8] Undefined index: timestamp E:\sbgl\Tools\IndexController.class.php 第 32 行.
NOTIC: [8] Undefined index: signature E:\sbgl\Tools\IndexController.class.php 第 33 行.
ERR: 参数错误或者未定义:stu_id

[ 2018-03-04T15:56:20+08:00 ] 127.0.0.1 /index.php/Index/register/stu_id/2323/pwd/sdf
INFO: [ app_init ] --START--
INFO: Run Behavior\BuildLiteBehavior [ RunTime:0.000023s ]
INFO: [ app_init ] --END-- [ RunTime:0.000587s ]
INFO: [ app_begin ] --START--
INFO: Run Behavior\ReadHtmlCacheBehavior [ RunTime:0.000440s ]
INFO: [ app_begin ] --END-- [ RunTime:0.000553s ]
NOTIC: [2] base64_decode() expects parameter 1 to be string, array given E:\sbgl\Tools\Rsa.class.php 第 111 行.
NOTIC: [2] Invalid argument supplied for foreach() E:\sbgl\ThinkPHP\Common\functions.php 第 408 行.
NOTIC: [8] Undefined index: session_id E:\sbgl\Tools\IndexController.class.php 第 24 行.
NOTIC: [8] Undefined index: timestamp E:\sbgl\Tools\IndexController.class.php 第 32 行.
NOTIC: [8] Undefined index: signature E:\sbgl\Tools\IndexController.class.php 第 33 行.
ERR: 参数错误或者未定义:stu_id

