[ 2017-09-15T19:55:17+08:00 ] 127.0.0.1 /admin.php/Login/login.html
INFO: [ app_begin ] --START--
INFO: Run Behavior\ReadHtmlCacheBehavior [ RunTime:0.000987s ]
INFO: [ app_begin ] --END-- [ RunTime:0.001498s ]
SQL: SHOW COLUMNS FROM `sbgl_node` [ RunTime:0.0007s ]
SQL: SHOW COLUMNS FROM `sbgl_role` [ RunTime:0.0005s ]
SQL: SHOW COLUMNS FROM `sbgl_user` [ RunTime:0.0007s ]
SQL: SELECT * FROM `sbgl_node` WHERE ( public=0 )  [ RunTime:0.0003s ]
NOTIC: [8] Undefined variable: public E:\sbgl\Tools\AdminController.class.php 第 27 行.
SQL: SHOW COLUMNS FROM `sbgl_user` [ RunTime:0.0006s ]
SQL: SELECT * FROM `sbgl_user` WHERE ( user='151110192' ) LIMIT 1   [ RunTime:0.0004s ]
SQL: UPDATE `sbgl_user` SET `login_time`='1505476517',`login_ip`='127.0.0.1',`login_number`='94' WHERE `id` = 1 [ RunTime:0.0722s ]

[ 2017-09-15T19:55:26+08:00 ] 127.0.0.1 /admin.php/Device/deviceList?p=1&start=&end=&dc=&mf=&mr=&num=&iden=
INFO: [ app_begin ] --START--
INFO: Run Behavior\ReadHtmlCacheBehavior [ RunTime:0.001214s ]
INFO: [ app_begin ] --END-- [ RunTime:0.001689s ]
SQL: SHOW COLUMNS FROM `sbgl_node` [ RunTime:0.0007s ]
SQL: SHOW COLUMNS FROM `sbgl_role` [ RunTime:0.0006s ]
SQL: SHOW COLUMNS FROM `sbgl_user` [ RunTime:0.0007s ]
SQL: SELECT * FROM `sbgl_node` WHERE ( public=0 )  [ RunTime:0.0007s ]
NOTIC: [8] Undefined variable: public E:\sbgl\Tools\AdminController.class.php 第 27 行.
SQL: SELECT * FROM `sbgl_role` WHERE `id` = 2 LIMIT 1   [ RunTime:0.0003s ]
SQL: SELECT * FROM `sbgl_node` WHERE `id` IN ('30','79','80','58','59','60','61','81','91','32','33','34','35','36','37','41','42','50','51','52','53','77','90','62','63','64','65','66','67','68','69','70','89','71','72','73','74','75','76','54','55','56','57','85','86','87','88','13','14','15','16','17','18','19','20','21','22','23','24','25','26','27','28','78','83','39','40','46','47','48','49')  [ RunTime:0.0006s ]
NOTIC: [8] Undefined variable: list E:\sbgl\Tools\AdminController.class.php 第 44 行.
SQL: SHOW COLUMNS FROM `sbgl_device_class` [ RunTime:0.0007s ]
SQL: SHOW COLUMNS FROM `sbgl_manufacturer` [ RunTime:0.0006s ]
SQL: SHOW COLUMNS FROM `sbgl_machine_room` [ RunTime:0.0008s ]
SQL: SELECT * FROM `sbgl_device_class`  [ RunTime:0.0003s ]
SQL: SELECT * FROM `sbgl_manufacturer`  [ RunTime:0.0003s ]
SQL: SELECT * FROM `sbgl_machine_room`  [ RunTime:0.0002s ]
SQL: SHOW COLUMNS FROM `sbgl_device` [ RunTime:0.0009s ]
SQL: SELECT * FROM `sbgl_device` LEFT JOIN sbgl_device_class on sbgl_device.dv_dcid=sbgl_device_class.dc_id  ORDER BY dv_time desc,dv_identifier desc LIMIT 0,10   [ RunTime:0.0010s ]
SQL: SELECT COUNT(*) AS tp_count FROM `sbgl_device` LIMIT 1   [ RunTime:0.0002s ]

[ 2017-09-15T19:55:31+08:00 ] 127.0.0.1 /admin.php/Buy/manufacturerList?p=1
INFO: [ app_begin ] --START--
INFO: Run Behavior\ReadHtmlCacheBehavior [ RunTime:0.001263s ]
INFO: [ app_begin ] --END-- [ RunTime:0.001737s ]
SQL: SHOW COLUMNS FROM `sbgl_node` [ RunTime:0.0008s ]
SQL: SHOW COLUMNS FROM `sbgl_role` [ RunTime:0.0006s ]
SQL: SHOW COLUMNS FROM `sbgl_user` [ RunTime:0.0007s ]
SQL: SELECT * FROM `sbgl_node` WHERE ( public=0 )  [ RunTime:0.0003s ]
NOTIC: [8] Undefined variable: public E:\sbgl\Tools\AdminController.class.php 第 27 行.
SQL: SELECT * FROM `sbgl_role` WHERE `id` = 2 LIMIT 1   [ RunTime:0.0005s ]
SQL: SELECT * FROM `sbgl_node` WHERE `id` IN ('30','79','80','58','59','60','61','81','91','32','33','34','35','36','37','41','42','50','51','52','53','77','90','62','63','64','65','66','67','68','69','70','89','71','72','73','74','75','76','54','55','56','57','85','86','87','88','13','14','15','16','17','18','19','20','21','22','23','24','25','26','27','28','78','83','39','40','46','47','48','49')  [ RunTime:0.0006s ]
NOTIC: [8] Undefined variable: list E:\sbgl\Tools\AdminController.class.php 第 44 行.
SQL: SHOW COLUMNS FROM `sbgl_manufacturer` [ RunTime:0.0007s ]
SQL: SELECT COUNT(*) AS tp_count FROM `sbgl_manufacturer` LIMIT 1   [ RunTime:0.0002s ]
SQL: SELECT * FROM `sbgl_manufacturer` ORDER BY mf_id desc LIMIT 0,10   [ RunTime:0.0003s ]

[ 2017-09-15T19:55:44+08:00 ] 127.0.0.1 /admin.php/Buy/buyList?p=1
INFO: [ app_begin ] --START--
INFO: Run Behavior\ReadHtmlCacheBehavior [ RunTime:0.000909s ]
INFO: [ app_begin ] --END-- [ RunTime:0.001358s ]
SQL: SHOW COLUMNS FROM `sbgl_node` [ RunTime:0.0008s ]
SQL: SHOW COLUMNS FROM `sbgl_role` [ RunTime:0.0006s ]
SQL: SHOW COLUMNS FROM `sbgl_user` [ RunTime:0.0007s ]
SQL: SELECT * FROM `sbgl_node` WHERE ( public=0 )  [ RunTime:0.0003s ]
NOTIC: [8] Undefined variable: public E:\sbgl\Tools\AdminController.class.php 第 27 行.
SQL: SELECT * FROM `sbgl_role` WHERE `id` = 2 LIMIT 1   [ RunTime:0.0003s ]
SQL: SELECT * FROM `sbgl_node` WHERE `id` IN ('30','79','80','58','59','60','61','81','91','32','33','34','35','36','37','41','42','50','51','52','53','77','90','62','63','64','65','66','67','68','69','70','89','71','72','73','74','75','76','54','55','56','57','85','86','87','88','13','14','15','16','17','18','19','20','21','22','23','24','25','26','27','28','78','83','39','40','46','47','48','49')  [ RunTime:0.0006s ]
NOTIC: [8] Undefined variable: list E:\sbgl\Tools\AdminController.class.php 第 44 行.
SQL: SHOW COLUMNS FROM `sbgl_buy` [ RunTime:0.0031s ]
SQL: SELECT COUNT(*) AS tp_count FROM `sbgl_buy` LIMIT 1   [ RunTime:0.0002s ]
SQL: SELECT * FROM `sbgl_buy` LEFT JOIN sbgl_manufacturer on sbgl_buy.manufacturer_id=sbgl_manufacturer.mf_id  ORDER BY time desc,id desc LIMIT 0,10   [ RunTime:0.0005s ]

[ 2017-09-15T20:14:42+08:00 ] 127.0.0.1 /admin.php/Buy/manufacturerList?p=1
INFO: [ app_begin ] --START--
INFO: Run Behavior\ReadHtmlCacheBehavior [ RunTime:0.000476s ]
INFO: [ app_begin ] --END-- [ RunTime:0.000890s ]
SQL: SHOW COLUMNS FROM `sbgl_node` [ RunTime:0.0009s ]
SQL: SHOW COLUMNS FROM `sbgl_role` [ RunTime:0.0010s ]
SQL: SHOW COLUMNS FROM `sbgl_user` [ RunTime:0.0013s ]
SQL: SELECT * FROM `sbgl_node` WHERE ( public=0 )  [ RunTime:0.0004s ]
NOTIC: [8] Undefined variable: public E:\sbgl\Tools\AdminController.class.php 第 27 行.
SQL: SELECT * FROM `sbgl_role` WHERE `id` = 2 LIMIT 1   [ RunTime:0.0003s ]
SQL: SELECT * FROM `sbgl_node` WHERE `id` IN ('30','79','80','58','59','60','61','81','91','32','33','34','35','36','37','41','42','50','51','52','53','77','90','62','63','64','65','66','67','68','69','70','89','71','72','73','74','75','76','54','55','56','57','85','86','87','88','13','14','15','16','17','18','19','20','21','22','23','24','25','26','27','28','78','83','39','40','46','47','48','49')  [ RunTime:0.0007s ]
NOTIC: [8] Undefined variable: list E:\sbgl\Tools\AdminController.class.php 第 44 行.
SQL: SHOW COLUMNS FROM `sbgl_manufacturer` [ RunTime:0.0007s ]
SQL: SELECT COUNT(*) AS tp_count FROM `sbgl_manufacturer` LIMIT 1   [ RunTime:0.0002s ]
SQL: SELECT * FROM `sbgl_manufacturer` ORDER BY mf_id desc LIMIT 0,10   [ RunTime:0.0002s ]

[ 2017-09-15T20:17:37+08:00 ] 127.0.0.1 /admin.php/User/userList?p=1&start=&end=
INFO: [ app_begin ] --START--
INFO: Run Behavior\ReadHtmlCacheBehavior [ RunTime:0.001063s ]
INFO: [ app_begin ] --END-- [ RunTime:0.001586s ]
SQL: SHOW COLUMNS FROM `sbgl_node` [ RunTime:0.0007s ]
SQL: SHOW COLUMNS FROM `sbgl_role` [ RunTime:0.0007s ]
SQL: SHOW COLUMNS FROM `sbgl_user` [ RunTime:0.0007s ]
SQL: SELECT * FROM `sbgl_node` WHERE ( public=0 )  [ RunTime:0.0004s ]
NOTIC: [8] Undefined variable: public E:\sbgl\Tools\AdminController.class.php 第 27 行.
SQL: SELECT * FROM `sbgl_role` WHERE `id` = 2 LIMIT 1   [ RunTime:0.0005s ]
SQL: SELECT * FROM `sbgl_node` WHERE `id` IN ('30','79','80','58','59','60','61','81','91','32','33','34','35','36','37','41','42','50','51','52','53','77','90','62','63','64','65','66','67','68','69','70','89','71','72','73','74','75','76','54','55','56','57','85','86','87','88','13','14','15','16','17','18','19','20','21','22','23','24','25','26','27','28','78','83','39','40','46','47','48','49')  [ RunTime:0.0006s ]
NOTIC: [8] Undefined variable: list E:\sbgl\Tools\AdminController.class.php 第 44 行.
SQL: SHOW COLUMNS FROM `sbgl_user` [ RunTime:0.0007s ]
SQL: SELECT COUNT(*) AS tp_count FROM `sbgl_user` LIMIT 1   [ RunTime:0.0002s ]
SQL: SELECT `id`,`user`,`phone`,`sphone`,`email`,`status`,`reg_time` FROM `sbgl_user` ORDER BY reg_time desc LIMIT 0,10   [ RunTime:0.0003s ]

