[ 2017-09-17T11:31:36+08:00 ] 127.0.0.1 /admin.php/Login/login.html
INFO: [ app_begin ] --START--
INFO: Run Behavior\ReadHtmlCacheBehavior [ RunTime:0.000933s ]
INFO: [ app_begin ] --END-- [ RunTime:0.001551s ]
SQL: SHOW COLUMNS FROM `sbgl_node` [ RunTime:0.0007s ]
SQL: SHOW COLUMNS FROM `sbgl_role` [ RunTime:0.0006s ]
SQL: SHOW COLUMNS FROM `sbgl_user` [ RunTime:0.0008s ]
SQL: SELECT * FROM `sbgl_node` WHERE ( public=0 )  [ RunTime:0.0003s ]
NOTIC: [8] Undefined variable: public E:\sbgl\Tools\AdminController.class.php 第 27 行.
SQL: SHOW COLUMNS FROM `sbgl_user` [ RunTime:0.0007s ]
SQL: SELECT * FROM `sbgl_user` WHERE ( user='151110192' ) LIMIT 1   [ RunTime:0.0176s ]
NOTIC: [8] Undefined index: status E:\sbgl\Admin\Controller\LoginController.class.php 第 23 行.

[ 2017-09-17T11:31:43+08:00 ] 127.0.0.1 /admin.php/Login/login.html
INFO: [ app_begin ] --START--
INFO: Run Behavior\ReadHtmlCacheBehavior [ RunTime:0.000804s ]
INFO: [ app_begin ] --END-- [ RunTime:0.001305s ]
SQL: SHOW COLUMNS FROM `sbgl_node` [ RunTime:0.0008s ]
SQL: SHOW COLUMNS FROM `sbgl_role` [ RunTime:0.0006s ]
SQL: SHOW COLUMNS FROM `sbgl_user` [ RunTime:0.0008s ]
SQL: SELECT * FROM `sbgl_node` WHERE ( public=0 )  [ RunTime:0.0003s ]
NOTIC: [8] Undefined variable: public E:\sbgl\Tools\AdminController.class.php 第 27 行.
SQL: SHOW COLUMNS FROM `sbgl_user` [ RunTime:0.0007s ]
SQL: SELECT * FROM `sbgl_user` WHERE ( user='151110192' ) LIMIT 1   [ RunTime:0.0005s ]
SQL: UPDATE `sbgl_user` SET `login_time`='1505619103',`login_ip`='127.0.0.1',`login_number`='95' WHERE `id` = 1 [ RunTime:0.0343s ]

[ 2017-09-17T11:31:46+08:00 ] 127.0.0.1 /admin.php/Device/deviceList?p=1&start=&end=&dc=&mf=&mr=&num=&iden=
INFO: [ app_begin ] --START--
INFO: Run Behavior\ReadHtmlCacheBehavior [ RunTime:0.000726s ]
INFO: [ app_begin ] --END-- [ RunTime:0.001130s ]
SQL: SHOW COLUMNS FROM `sbgl_node` [ RunTime:0.0007s ]
SQL: SHOW COLUMNS FROM `sbgl_role` [ RunTime:0.0006s ]
SQL: SHOW COLUMNS FROM `sbgl_user` [ RunTime:0.0007s ]
SQL: SELECT * FROM `sbgl_node` WHERE ( public=0 )  [ RunTime:0.0003s ]
NOTIC: [8] Undefined variable: public E:\sbgl\Tools\AdminController.class.php 第 27 行.
SQL: SELECT * FROM `sbgl_role` WHERE `id` = 2 LIMIT 1   [ RunTime:0.0003s ]
SQL: SELECT * FROM `sbgl_node` WHERE `id` IN ('30','79','80','58','59','60','61','81','91','32','33','34','35','36','37','41','42','50','51','52','53','77','90','62','63','64','65','66','67','68','69','70','89','71','72','73','74','75','76','54','55','56','57','85','86','87','88','13','14','15','16','17','18','19','20','21','22','23','24','25','26','27','28','78','83','39','40','46','47','48','49')  [ RunTime:0.0005s ]
NOTIC: [8] Undefined variable: list E:\sbgl\Tools\AdminController.class.php 第 44 行.
SQL: SHOW COLUMNS FROM `sbgl_device_class` [ RunTime:0.0006s ]
SQL: SHOW COLUMNS FROM `sbgl_manufacturer` [ RunTime:0.0006s ]
SQL: SHOW COLUMNS FROM `sbgl_machine_room` [ RunTime:0.0014s ]
SQL: SELECT * FROM `sbgl_device_class`  [ RunTime:0.0003s ]
SQL: SELECT * FROM `sbgl_manufacturer`  [ RunTime:0.0002s ]
SQL: SELECT * FROM `sbgl_machine_room`  [ RunTime:0.0002s ]
SQL: SHOW COLUMNS FROM `sbgl_device` [ RunTime:0.0010s ]
SQL: SELECT * FROM `sbgl_device` LEFT JOIN sbgl_device_class on sbgl_device.dv_dcid=sbgl_device_class.dc_id  ORDER BY dv_time desc,dv_identifier desc LIMIT 0,10   [ RunTime:0.0021s ]
SQL: SELECT COUNT(*) AS tp_count FROM `sbgl_device` LIMIT 1   [ RunTime:0.0002s ]

[ 2017-09-17T11:33:52+08:00 ] 127.0.0.1 /admin.php/Device/deviceList?p=1&start=&end=&dc=&mf=&mr=&num=&iden=
INFO: [ app_begin ] --START--
INFO: Run Behavior\ReadHtmlCacheBehavior [ RunTime:0.001072s ]
INFO: [ app_begin ] --END-- [ RunTime:0.001558s ]
SQL: SHOW COLUMNS FROM `sbgl_node` [ RunTime:0.0006s ]
SQL: SHOW COLUMNS FROM `sbgl_role` [ RunTime:0.0006s ]
SQL: SHOW COLUMNS FROM `sbgl_user` [ RunTime:0.0007s ]
SQL: SELECT * FROM `sbgl_node` WHERE ( public=0 )  [ RunTime:0.0003s ]
NOTIC: [8] Undefined variable: public E:\sbgl\Tools\AdminController.class.php 第 27 行.
SQL: SELECT * FROM `sbgl_role` WHERE `id` = 2 LIMIT 1   [ RunTime:0.0002s ]
SQL: SELECT * FROM `sbgl_node` WHERE `id` IN ('30','79','80','58','59','60','61','81','91','32','33','34','35','36','37','41','42','50','51','52','53','77','90','62','63','64','65','66','67','68','69','70','89','71','72','73','74','75','76','54','55','56','57','85','86','87','88','13','14','15','16','17','18','19','20','21','22','23','24','25','26','27','28','78','83','39','40','46','47','48','49')  [ RunTime:0.0005s ]
NOTIC: [8] Undefined variable: list E:\sbgl\Tools\AdminController.class.php 第 44 行.
SQL: SHOW COLUMNS FROM `sbgl_device_class` [ RunTime:0.0007s ]
SQL: SHOW COLUMNS FROM `sbgl_manufacturer` [ RunTime:0.0007s ]
SQL: SHOW COLUMNS FROM `sbgl_machine_room` [ RunTime:0.0008s ]
SQL: SELECT * FROM `sbgl_device_class`  [ RunTime:0.0003s ]
SQL: SELECT * FROM `sbgl_manufacturer`  [ RunTime:0.0002s ]
SQL: SELECT * FROM `sbgl_machine_room`  [ RunTime:0.0002s ]
SQL: SHOW COLUMNS FROM `sbgl_device` [ RunTime:0.0008s ]
SQL: SELECT * FROM `sbgl_device` LEFT JOIN sbgl_device_class on sbgl_device.dv_dcid=sbgl_device_class.dc_id  ORDER BY dv_time desc,dv_identifier desc LIMIT 0,10   [ RunTime:0.0003s ]
SQL: SELECT COUNT(*) AS tp_count FROM `sbgl_device` LIMIT 1   [ RunTime:0.0002s ]

[ 2017-09-17T11:33:54+08:00 ] 127.0.0.1 /admin.php/Buy/manufacturerList?p=1
INFO: [ app_begin ] --START--
INFO: Run Behavior\ReadHtmlCacheBehavior [ RunTime:0.001075s ]
INFO: [ app_begin ] --END-- [ RunTime:0.001574s ]
SQL: SHOW COLUMNS FROM `sbgl_node` [ RunTime:0.0006s ]
SQL: SHOW COLUMNS FROM `sbgl_role` [ RunTime:0.0004s ]
SQL: SHOW COLUMNS FROM `sbgl_user` [ RunTime:0.0006s ]
SQL: SELECT * FROM `sbgl_node` WHERE ( public=0 )  [ RunTime:0.0003s ]
NOTIC: [8] Undefined variable: public E:\sbgl\Tools\AdminController.class.php 第 27 行.
SQL: SELECT * FROM `sbgl_role` WHERE `id` = 2 LIMIT 1   [ RunTime:0.0002s ]
SQL: SELECT * FROM `sbgl_node` WHERE `id` IN ('30','79','80','58','59','60','61','81','91','32','33','34','35','36','37','41','42','50','51','52','53','77','90','62','63','64','65','66','67','68','69','70','89','71','72','73','74','75','76','54','55','56','57','85','86','87','88','13','14','15','16','17','18','19','20','21','22','23','24','25','26','27','28','78','83','39','40','46','47','48','49')  [ RunTime:0.0006s ]
NOTIC: [8] Undefined variable: list E:\sbgl\Tools\AdminController.class.php 第 44 行.
SQL: SHOW COLUMNS FROM `sbgl_manufacturer` [ RunTime:0.0006s ]
SQL: SELECT COUNT(*) AS tp_count FROM `sbgl_manufacturer` LIMIT 1   [ RunTime:0.0003s ]
SQL: SELECT * FROM `sbgl_manufacturer` ORDER BY mf_id desc LIMIT 0,10   [ RunTime:0.0004s ]

[ 2017-09-17T11:33:55+08:00 ] 127.0.0.1 /admin.php/Buy/buyList?p=1
INFO: [ app_begin ] --START--
INFO: Run Behavior\ReadHtmlCacheBehavior [ RunTime:0.001052s ]
INFO: [ app_begin ] --END-- [ RunTime:0.001559s ]
SQL: SHOW COLUMNS FROM `sbgl_node` [ RunTime:0.0235s ]
SQL: SHOW COLUMNS FROM `sbgl_role` [ RunTime:0.0010s ]
SQL: SHOW COLUMNS FROM `sbgl_user` [ RunTime:0.0008s ]
SQL: SELECT * FROM `sbgl_node` WHERE ( public=0 )  [ RunTime:0.0005s ]
NOTIC: [8] Undefined variable: public E:\sbgl\Tools\AdminController.class.php 第 27 行.
SQL: SELECT * FROM `sbgl_role` WHERE `id` = 2 LIMIT 1   [ RunTime:0.0003s ]
SQL: SELECT * FROM `sbgl_node` WHERE `id` IN ('30','79','80','58','59','60','61','81','91','32','33','34','35','36','37','41','42','50','51','52','53','77','90','62','63','64','65','66','67','68','69','70','89','71','72','73','74','75','76','54','55','56','57','85','86','87','88','13','14','15','16','17','18','19','20','21','22','23','24','25','26','27','28','78','83','39','40','46','47','48','49')  [ RunTime:0.0006s ]
NOTIC: [8] Undefined variable: list E:\sbgl\Tools\AdminController.class.php 第 44 行.
SQL: SHOW COLUMNS FROM `sbgl_buy` [ RunTime:0.0008s ]
SQL: SELECT COUNT(*) AS tp_count FROM `sbgl_buy` LIMIT 1   [ RunTime:0.0003s ]
SQL: SELECT * FROM `sbgl_buy` LEFT JOIN sbgl_manufacturer on sbgl_buy.manufacturer_id=sbgl_manufacturer.mf_id  ORDER BY time desc,id desc LIMIT 0,10   [ RunTime:0.0004s ]

[ 2017-09-17T11:33:59+08:00 ] 127.0.0.1 /admin.php/Repair/repairList?p=1
INFO: [ app_begin ] --START--
INFO: Run Behavior\ReadHtmlCacheBehavior [ RunTime:0.001068s ]
INFO: [ app_begin ] --END-- [ RunTime:0.001578s ]
SQL: SHOW COLUMNS FROM `sbgl_node` [ RunTime:0.0008s ]
SQL: SHOW COLUMNS FROM `sbgl_role` [ RunTime:0.0008s ]
SQL: SHOW COLUMNS FROM `sbgl_user` [ RunTime:0.0009s ]
SQL: SELECT * FROM `sbgl_node` WHERE ( public=0 )  [ RunTime:0.0003s ]
NOTIC: [8] Undefined variable: public E:\sbgl\Tools\AdminController.class.php 第 27 行.
SQL: SELECT * FROM `sbgl_role` WHERE `id` = 2 LIMIT 1   [ RunTime:0.0003s ]
SQL: SELECT * FROM `sbgl_node` WHERE `id` IN ('30','79','80','58','59','60','61','81','91','32','33','34','35','36','37','41','42','50','51','52','53','77','90','62','63','64','65','66','67','68','69','70','89','71','72','73','74','75','76','54','55','56','57','85','86','87','88','13','14','15','16','17','18','19','20','21','22','23','24','25','26','27','28','78','83','39','40','46','47','48','49')  [ RunTime:0.0007s ]
NOTIC: [8] Undefined variable: list E:\sbgl\Tools\AdminController.class.php 第 44 行.
SQL: SHOW COLUMNS FROM `sbgl_repair` [ RunTime:0.0007s ]
SQL: SELECT COUNT(*) AS tp_count FROM `sbgl_repair` LIMIT 1   [ RunTime:0.0002s ]
SQL: SELECT * FROM `sbgl_repair` ORDER BY rp_time desc,rp_id desc LIMIT 0,10   [ RunTime:0.0003s ]

[ 2017-09-17T11:34:00+08:00 ] 127.0.0.1 /admin.php/Borrow/borrowList?p=1
INFO: [ app_begin ] --START--
INFO: Run Behavior\ReadHtmlCacheBehavior [ RunTime:0.001175s ]
INFO: [ app_begin ] --END-- [ RunTime:0.001808s ]
SQL: SHOW COLUMNS FROM `sbgl_node` [ RunTime:0.0007s ]
SQL: SHOW COLUMNS FROM `sbgl_role` [ RunTime:0.0006s ]
SQL: SHOW COLUMNS FROM `sbgl_user` [ RunTime:0.0008s ]
SQL: SELECT * FROM `sbgl_node` WHERE ( public=0 )  [ RunTime:0.0004s ]
NOTIC: [8] Undefined variable: public E:\sbgl\Tools\AdminController.class.php 第 27 行.
SQL: SELECT * FROM `sbgl_role` WHERE `id` = 2 LIMIT 1   [ RunTime:0.0003s ]
SQL: SELECT * FROM `sbgl_node` WHERE `id` IN ('30','79','80','58','59','60','61','81','91','32','33','34','35','36','37','41','42','50','51','52','53','77','90','62','63','64','65','66','67','68','69','70','89','71','72','73','74','75','76','54','55','56','57','85','86','87','88','13','14','15','16','17','18','19','20','21','22','23','24','25','26','27','28','78','83','39','40','46','47','48','49')  [ RunTime:0.0006s ]
NOTIC: [8] Undefined variable: list E:\sbgl\Tools\AdminController.class.php 第 44 行.
SQL: SHOW COLUMNS FROM `sbgl_borrow` [ RunTime:0.0008s ]
SQL: SELECT COUNT(*) AS tp_count FROM `sbgl_borrow` LIMIT 1   [ RunTime:0.0002s ]
SQL: SELECT * FROM `sbgl_borrow` ORDER BY br_time desc,br_id desc LIMIT 0,10   [ RunTime:0.0004s ]

[ 2017-09-17T11:34:02+08:00 ] 127.0.0.1 /admin.php/MachineRoom/logList?p=1
INFO: [ app_begin ] --START--
INFO: Run Behavior\ReadHtmlCacheBehavior [ RunTime:0.001026s ]
INFO: [ app_begin ] --END-- [ RunTime:0.001518s ]
SQL: SHOW COLUMNS FROM `sbgl_node` [ RunTime:0.0007s ]
SQL: SHOW COLUMNS FROM `sbgl_role` [ RunTime:0.0005s ]
SQL: SHOW COLUMNS FROM `sbgl_user` [ RunTime:0.0007s ]
SQL: SELECT * FROM `sbgl_node` WHERE ( public=0 )  [ RunTime:0.0003s ]
NOTIC: [8] Undefined variable: public E:\sbgl\Tools\AdminController.class.php 第 27 行.
SQL: SELECT * FROM `sbgl_role` WHERE `id` = 2 LIMIT 1   [ RunTime:0.0003s ]
SQL: SELECT * FROM `sbgl_node` WHERE `id` IN ('30','79','80','58','59','60','61','81','91','32','33','34','35','36','37','41','42','50','51','52','53','77','90','62','63','64','65','66','67','68','69','70','89','71','72','73','74','75','76','54','55','56','57','85','86','87','88','13','14','15','16','17','18','19','20','21','22','23','24','25','26','27','28','78','83','39','40','46','47','48','49')  [ RunTime:0.0007s ]
NOTIC: [8] Undefined variable: list E:\sbgl\Tools\AdminController.class.php 第 44 行.
SQL: SHOW COLUMNS FROM `sbgl_machine_room_log` [ RunTime:0.0007s ]
SQL: SELECT COUNT(*) AS tp_count FROM `sbgl_machine_room_log` LIMIT 1   [ RunTime:0.0449s ]
SQL: SELECT * FROM `sbgl_machine_room_log` LEFT JOIN sbgl_machine_room ON sbgl_machine_room_log.mrl_place=sbgl_machine_room.mr_id  ORDER BY mrl_time desc LIMIT 0,10   [ RunTime:0.0122s ]

[ 2017-09-17T12:20:28+08:00 ] 127.0.0.1 /admin.php/Buy/manufacturerList?p=1
INFO: [ app_begin ] --START--
INFO: Run Behavior\ReadHtmlCacheBehavior [ RunTime:0.000551s ]
INFO: [ app_begin ] --END-- [ RunTime:0.000971s ]
SQL: SHOW COLUMNS FROM `sbgl_node` [ RunTime:0.0009s ]
SQL: SHOW COLUMNS FROM `sbgl_role` [ RunTime:0.0007s ]
SQL: SHOW COLUMNS FROM `sbgl_user` [ RunTime:0.0007s ]
SQL: SELECT * FROM `sbgl_node` WHERE ( public=0 )  [ RunTime:0.0004s ]
NOTIC: [8] Undefined variable: public E:\sbgl\Tools\AdminController.class.php 第 27 行.
SQL: SELECT * FROM `sbgl_role` WHERE `id` = 2 LIMIT 1   [ RunTime:0.0003s ]
SQL: SELECT * FROM `sbgl_node` WHERE `id` IN ('30','79','80','58','59','60','61','81','91','32','33','34','35','36','37','41','42','50','51','52','53','77','90','62','63','64','65','66','67','68','69','70','89','71','72','73','74','75','76','54','55','56','57','85','86','87','88','13','14','15','16','17','18','19','20','21','22','23','24','25','26','27','28','78','83','39','40','46','47','48','49')  [ RunTime:0.0006s ]
NOTIC: [8] Undefined variable: list E:\sbgl\Tools\AdminController.class.php 第 44 行.
SQL: SHOW COLUMNS FROM `sbgl_manufacturer` [ RunTime:0.0007s ]
SQL: SELECT COUNT(*) AS tp_count FROM `sbgl_manufacturer` LIMIT 1   [ RunTime:0.0003s ]
SQL: SELECT * FROM `sbgl_manufacturer` ORDER BY mf_id desc LIMIT 0,10   [ RunTime:0.0003s ]

[ 2017-09-17T12:20:29+08:00 ] 127.0.0.1 /admin.php/Buy/buyList?p=1
INFO: [ app_begin ] --START--
INFO: Run Behavior\ReadHtmlCacheBehavior [ RunTime:0.000573s ]
INFO: [ app_begin ] --END-- [ RunTime:0.000999s ]
SQL: SHOW COLUMNS FROM `sbgl_node` [ RunTime:0.0008s ]
SQL: SHOW COLUMNS FROM `sbgl_role` [ RunTime:0.0006s ]
SQL: SHOW COLUMNS FROM `sbgl_user` [ RunTime:0.0007s ]
SQL: SELECT * FROM `sbgl_node` WHERE ( public=0 )  [ RunTime:0.0004s ]
NOTIC: [8] Undefined variable: public E:\sbgl\Tools\AdminController.class.php 第 27 行.
SQL: SELECT * FROM `sbgl_role` WHERE `id` = 2 LIMIT 1   [ RunTime:0.0003s ]
SQL: SELECT * FROM `sbgl_node` WHERE `id` IN ('30','79','80','58','59','60','61','81','91','32','33','34','35','36','37','41','42','50','51','52','53','77','90','62','63','64','65','66','67','68','69','70','89','71','72','73','74','75','76','54','55','56','57','85','86','87','88','13','14','15','16','17','18','19','20','21','22','23','24','25','26','27','28','78','83','39','40','46','47','48','49')  [ RunTime:0.0005s ]
NOTIC: [8] Undefined variable: list E:\sbgl\Tools\AdminController.class.php 第 44 行.
SQL: SHOW COLUMNS FROM `sbgl_buy` [ RunTime:0.0011s ]
SQL: SELECT COUNT(*) AS tp_count FROM `sbgl_buy` LIMIT 1   [ RunTime:0.0003s ]
SQL: SELECT * FROM `sbgl_buy` LEFT JOIN sbgl_manufacturer on sbgl_buy.manufacturer_id=sbgl_manufacturer.mf_id  ORDER BY time desc,id desc LIMIT 0,10   [ RunTime:0.0012s ]

