[ 2017-05-30T01:10:15+08:00 ] 127.0.0.1 /admin.php/Index/index.html
INFO: [ app_init ] --START--
INFO: Run Behavior\BuildLiteBehavior [ RunTime:0.000022s ]
INFO: [ app_init ] --END-- [ RunTime:0.000478s ]
INFO: [ app_begin ] --START--
INFO: Run Behavior\ReadHtmlCacheBehavior [ RunTime:0.000766s ]
INFO: [ app_begin ] --END-- [ RunTime:0.000890s ]
SQL: SHOW COLUMNS FROM `sbgl_node` [ RunTime:0.0009s ]
SQL: SHOW COLUMNS FROM `sbgl_role` [ RunTime:0.0006s ]
SQL: SHOW COLUMNS FROM `sbgl_user` [ RunTime:0.0008s ]
SQL: SELECT * FROM `sbgl_node` WHERE ( public=0 )  [ RunTime:0.0004s ]
NOTIC: [8] Undefined variable: public E:\sbgl\Tools\AdminController.class.php 第 24 行.

[ 2017-05-30T01:10:15+08:00 ] 127.0.0.1 /admin.php/Login/login.html
INFO: [ app_init ] --START--
INFO: Run Behavior\BuildLiteBehavior [ RunTime:0.000024s ]
INFO: [ app_init ] --END-- [ RunTime:0.000479s ]
INFO: [ app_begin ] --START--
INFO: Run Behavior\ReadHtmlCacheBehavior [ RunTime:0.000754s ]
INFO: [ app_begin ] --END-- [ RunTime:0.000885s ]
SQL: SHOW COLUMNS FROM `sbgl_node` [ RunTime:0.0009s ]
SQL: SHOW COLUMNS FROM `sbgl_role` [ RunTime:0.0007s ]
SQL: SHOW COLUMNS FROM `sbgl_user` [ RunTime:0.0007s ]
SQL: SELECT * FROM `sbgl_node` WHERE ( public=0 )  [ RunTime:0.0003s ]
NOTIC: [8] Undefined variable: public E:\sbgl\Tools\AdminController.class.php 第 24 行.
SQL: SELECT * FROM `sbgl_user` LIMIT 1   [ RunTime:0.0003s ]
SQL: SELECT * FROM `sbgl_role` WHERE `id` = 2 LIMIT 1   [ RunTime:0.0003s ]
SQL: SELECT * FROM `sbgl_node` WHERE `id` IN ('30','79','80','50','51','52','53','58','59','60','61','81','32','33','34','35','36','37','41','42','77','62','63','64','65','66','67','68','69','70','89','71','72','73','74','75','76','54','55','56','57','85','86','87','88','13','14','15','16','17','18','19','20','21','22','23','24','25','26','27','28','78','83','39','40','46','47','48','49')  [ RunTime:0.0005s ]
NOTIC: [8] Undefined variable: list E:\sbgl\Tools\AdminController.class.php 第 38 行.
SQL: SHOW COLUMNS FROM `sbgl_user` [ RunTime:0.0008s ]
INFO: [ view_parse ] --START--
INFO: Run Behavior\ParseTemplateBehavior [ RunTime:0.010587s ]
INFO: [ view_parse ] --END-- [ RunTime:0.010708s ]
INFO: [ view_filter ] --START--
INFO: Run Behavior\WriteHtmlCacheBehavior [ RunTime:0.000531s ]
INFO: [ view_filter ] --END-- [ RunTime:0.000629s ]
INFO: [ app_end ] --START--
INFO: Run Behavior\ShowPageTraceBehavior [ RunTime:0.000610s ]
INFO: [ app_end ] --END-- [ RunTime:0.000720s ]

[ 2017-05-30T01:10:15+08:00 ] 127.0.0.1 /admin.php/Login/verifyImg
INFO: [ app_init ] --START--
INFO: Run Behavior\BuildLiteBehavior [ RunTime:0.000034s ]
INFO: [ app_init ] --END-- [ RunTime:0.000653s ]
INFO: [ app_begin ] --START--
INFO: Run Behavior\ReadHtmlCacheBehavior [ RunTime:0.000545s ]
INFO: [ app_begin ] --END-- [ RunTime:0.001103s ]
SQL: SHOW COLUMNS FROM `sbgl_node` [ RunTime:0.0009s ]
SQL: SHOW COLUMNS FROM `sbgl_role` [ RunTime:0.0006s ]
SQL: SHOW COLUMNS FROM `sbgl_user` [ RunTime:0.0007s ]
SQL: SELECT * FROM `sbgl_node` WHERE ( public=0 )  [ RunTime:0.0004s ]
NOTIC: [8] Undefined variable: public E:\sbgl\Tools\AdminController.class.php 第 24 行.
SQL: SELECT * FROM `sbgl_user` LIMIT 1   [ RunTime:0.0004s ]
SQL: SELECT * FROM `sbgl_role` WHERE `id` = 2 LIMIT 1   [ RunTime:0.0004s ]
SQL: SELECT * FROM `sbgl_node` WHERE `id` IN ('30','79','80','50','51','52','53','58','59','60','61','81','32','33','34','35','36','37','41','42','77','62','63','64','65','66','67','68','69','70','89','71','72','73','74','75','76','54','55','56','57','85','86','87','88','13','14','15','16','17','18','19','20','21','22','23','24','25','26','27','28','78','83','39','40','46','47','48','49')  [ RunTime:0.0010s ]
NOTIC: [8] Undefined variable: list E:\sbgl\Tools\AdminController.class.php 第 38 行.
INFO: [ app_end ] --START--
INFO: Run Behavior\ShowPageTraceBehavior [ RunTime:0.001390s ]
INFO: [ app_end ] --END-- [ RunTime:0.001661s ]

[ 2017-05-30T20:24:28+08:00 ] 127.0.0.1 /admin.php/
INFO: [ app_init ] --START--
INFO: Run Behavior\BuildLiteBehavior [ RunTime:0.000030s ]
INFO: [ app_init ] --END-- [ RunTime:0.001016s ]
INFO: [ app_begin ] --START--
INFO: Run Behavior\ReadHtmlCacheBehavior [ RunTime:0.001411s ]
INFO: [ app_begin ] --END-- [ RunTime:0.001578s ]
SQL: SHOW COLUMNS FROM `sbgl_node` [ RunTime:0.0026s ]
SQL: SHOW COLUMNS FROM `sbgl_role` [ RunTime:0.0011s ]
SQL: SHOW COLUMNS FROM `sbgl_user` [ RunTime:0.0011s ]
SQL: SELECT * FROM `sbgl_node` WHERE ( public=0 )  [ RunTime:0.0009s ]
NOTIC: [8] Undefined variable: public E:\sbgl\Tools\AdminController.class.php 第 24 行.

[ 2017-05-30T20:24:28+08:00 ] 127.0.0.1 /admin.php/Login/login.html
INFO: [ app_init ] --START--
INFO: Run Behavior\BuildLiteBehavior [ RunTime:0.000065s ]
INFO: [ app_init ] --END-- [ RunTime:0.001404s ]
INFO: [ app_begin ] --START--
INFO: Run Behavior\ReadHtmlCacheBehavior [ RunTime:0.002539s ]
INFO: [ app_begin ] --END-- [ RunTime:0.003242s ]
SQL: SHOW COLUMNS FROM `sbgl_node` [ RunTime:0.0024s ]
SQL: SHOW COLUMNS FROM `sbgl_role` [ RunTime:0.0017s ]
SQL: SHOW COLUMNS FROM `sbgl_user` [ RunTime:0.0020s ]
SQL: SELECT * FROM `sbgl_node` WHERE ( public=0 )  [ RunTime:0.0007s ]
NOTIC: [8] Undefined variable: public E:\sbgl\Tools\AdminController.class.php 第 24 行.
SQL: SELECT * FROM `sbgl_user` LIMIT 1   [ RunTime:0.0016s ]
SQL: SELECT * FROM `sbgl_role` WHERE `id` = 2 LIMIT 1   [ RunTime:0.0012s ]
SQL: SELECT * FROM `sbgl_node` WHERE `id` IN ('30','79','80','50','51','52','53','58','59','60','61','81','32','33','34','35','36','37','41','42','77','62','63','64','65','66','67','68','69','70','89','71','72','73','74','75','76','54','55','56','57','85','86','87','88','13','14','15','16','17','18','19','20','21','22','23','24','25','26','27','28','78','83','39','40','46','47','48','49')  [ RunTime:0.0018s ]
NOTIC: [8] Undefined variable: list E:\sbgl\Tools\AdminController.class.php 第 38 行.
SQL: SHOW COLUMNS FROM `sbgl_user` [ RunTime:0.0023s ]
INFO: [ view_parse ] --START--
INFO: Run Behavior\ParseTemplateBehavior [ RunTime:0.043596s ]
INFO: [ view_parse ] --END-- [ RunTime:0.043959s ]
INFO: [ view_filter ] --START--
INFO: Run Behavior\WriteHtmlCacheBehavior [ RunTime:0.001757s ]
INFO: [ view_filter ] --END-- [ RunTime:0.001952s ]
INFO: [ app_end ] --START--
INFO: Run Behavior\ShowPageTraceBehavior [ RunTime:0.003673s ]
INFO: [ app_end ] --END-- [ RunTime:0.004303s ]

[ 2017-05-30T20:24:28+08:00 ] 127.0.0.1 /admin.php/Login/verifyImg
INFO: [ app_init ] --START--
INFO: Run Behavior\BuildLiteBehavior [ RunTime:0.000025s ]
INFO: [ app_init ] --END-- [ RunTime:0.000510s ]
INFO: [ app_begin ] --START--
INFO: Run Behavior\ReadHtmlCacheBehavior [ RunTime:0.000875s ]
INFO: [ app_begin ] --END-- [ RunTime:0.001073s ]
SQL: SHOW COLUMNS FROM `sbgl_node` [ RunTime:0.0008s ]
SQL: SHOW COLUMNS FROM `sbgl_role` [ RunTime:0.0007s ]
SQL: SHOW COLUMNS FROM `sbgl_user` [ RunTime:0.0009s ]
SQL: SELECT * FROM `sbgl_node` WHERE ( public=0 )  [ RunTime:0.0003s ]
NOTIC: [8] Undefined variable: public E:\sbgl\Tools\AdminController.class.php 第 24 行.
SQL: SELECT * FROM `sbgl_user` LIMIT 1   [ RunTime:0.0003s ]
SQL: SELECT * FROM `sbgl_role` WHERE `id` = 2 LIMIT 1   [ RunTime:0.0008s ]
SQL: SELECT * FROM `sbgl_node` WHERE `id` IN ('30','79','80','50','51','52','53','58','59','60','61','81','32','33','34','35','36','37','41','42','77','62','63','64','65','66','67','68','69','70','89','71','72','73','74','75','76','54','55','56','57','85','86','87','88','13','14','15','16','17','18','19','20','21','22','23','24','25','26','27','28','78','83','39','40','46','47','48','49')  [ RunTime:0.0008s ]
NOTIC: [8] Undefined variable: list E:\sbgl\Tools\AdminController.class.php 第 38 行.
INFO: [ app_end ] --START--
INFO: Run Behavior\ShowPageTraceBehavior [ RunTime:0.000910s ]
INFO: [ app_end ] --END-- [ RunTime:0.001181s ]

[ 2017-05-30T20:24:36+08:00 ] 127.0.0.1 /admin.php/Login/login.html
INFO: [ app_init ] --START--
INFO: Run Behavior\BuildLiteBehavior [ RunTime:0.000021s ]
INFO: [ app_init ] --END-- [ RunTime:0.000484s ]
INFO: [ app_begin ] --START--
INFO: Run Behavior\ReadHtmlCacheBehavior [ RunTime:0.000695s ]
INFO: [ app_begin ] --END-- [ RunTime:0.000788s ]
SQL: SHOW COLUMNS FROM `sbgl_node` [ RunTime:0.0009s ]
SQL: SHOW COLUMNS FROM `sbgl_role` [ RunTime:0.0006s ]
SQL: SHOW COLUMNS FROM `sbgl_user` [ RunTime:0.0010s ]
SQL: SELECT * FROM `sbgl_node` WHERE ( public=0 )  [ RunTime:0.0003s ]
NOTIC: [8] Undefined variable: public E:\sbgl\Tools\AdminController.class.php 第 24 行.
SQL: SELECT * FROM `sbgl_user` LIMIT 1   [ RunTime:0.0003s ]
SQL: SELECT * FROM `sbgl_role` WHERE `id` = 2 LIMIT 1   [ RunTime:0.0002s ]
SQL: SELECT * FROM `sbgl_node` WHERE `id` IN ('30','79','80','50','51','52','53','58','59','60','61','81','32','33','34','35','36','37','41','42','77','62','63','64','65','66','67','68','69','70','89','71','72','73','74','75','76','54','55','56','57','85','86','87','88','13','14','15','16','17','18','19','20','21','22','23','24','25','26','27','28','78','83','39','40','46','47','48','49')  [ RunTime:0.0006s ]
NOTIC: [8] Undefined variable: list E:\sbgl\Tools\AdminController.class.php 第 38 行.
SQL: SHOW COLUMNS FROM `sbgl_user` [ RunTime:0.0008s ]
SQL: SELECT * FROM `sbgl_user` WHERE ( user='151110192' ) LIMIT 1   [ RunTime:0.0003s ]
SQL: UPDATE `sbgl_user` SET `login_time`='1496147076',`login_ip`='127.0.0.1',`login_number`='57' WHERE `id` = 1 [ RunTime:0.0012s ]

[ 2017-05-30T20:24:37+08:00 ] 127.0.0.1 /admin.php/Index/index
INFO: [ app_init ] --START--
INFO: Run Behavior\BuildLiteBehavior [ RunTime:0.000023s ]
INFO: [ app_init ] --END-- [ RunTime:0.000430s ]
INFO: [ app_begin ] --START--
INFO: Run Behavior\ReadHtmlCacheBehavior [ RunTime:0.000453s ]
INFO: [ app_begin ] --END-- [ RunTime:0.000600s ]
SQL: SHOW COLUMNS FROM `sbgl_node` [ RunTime:0.0009s ]
SQL: SHOW COLUMNS FROM `sbgl_role` [ RunTime:0.0007s ]
SQL: SHOW COLUMNS FROM `sbgl_user` [ RunTime:0.0008s ]
SQL: SELECT * FROM `sbgl_node` WHERE ( public=0 )  [ RunTime:0.0003s ]
NOTIC: [8] Undefined variable: public E:\sbgl\Tools\AdminController.class.php 第 24 行.
SQL: SELECT * FROM `sbgl_user` WHERE `id` = 1 LIMIT 1   [ RunTime:0.0003s ]
SQL: SELECT * FROM `sbgl_role` WHERE `id` = 2 LIMIT 1   [ RunTime:0.0003s ]
SQL: SELECT * FROM `sbgl_node` WHERE `id` IN ('30','79','80','50','51','52','53','58','59','60','61','81','32','33','34','35','36','37','41','42','77','62','63','64','65','66','67','68','69','70','89','71','72','73','74','75','76','54','55','56','57','85','86','87','88','13','14','15','16','17','18','19','20','21','22','23','24','25','26','27','28','78','83','39','40','46','47','48','49')  [ RunTime:0.0006s ]
NOTIC: [8] Undefined variable: list E:\sbgl\Tools\AdminController.class.php 第 38 行.
SQL: SHOW COLUMNS FROM `sbgl_node_class` [ RunTime:0.0008s ]
SQL: SHOW COLUMNS FROM `sbgl_system` [ RunTime:0.0044s ]
SQL: SELECT * FROM `sbgl_system` WHERE ( name='backstage' ) LIMIT 1   [ RunTime:0.0004s ]
SQL: SELECT * FROM `sbgl_user` WHERE `id` = 1 LIMIT 1   [ RunTime:0.0003s ]
SQL: SELECT * FROM `sbgl_role` WHERE `id` = 2 LIMIT 1   [ RunTime:0.0002s ]
SQL: SELECT * FROM `sbgl_node` WHERE ( display=1 and id in(30,79,80,50,51,52,53,58,59,60,61,81,32,33,34,35,36,37,41,42,77,62,63,64,65,66,67,68,69,70,89,71,72,73,74,75,76,54,55,56,57,85,86,87,88,13,14,15,16,17,18,19,20,21,22,23,24,25,26,27,28,78,83,39,40,46,47,48,49) ) ORDER BY sort asc  [ RunTime:0.0008s ]
SQL: SELECT * FROM `sbgl_node_class` WHERE `id` IN ('3','4','8','14','12','5','7','2','13') ORDER BY sort asc  [ RunTime:0.0005s ]
INFO: [ view_parse ] --START--
INFO: Run Behavior\ParseTemplateBehavior [ RunTime:0.014110s ]
INFO: [ view_parse ] --END-- [ RunTime:0.014243s ]
INFO: [ view_filter ] --START--
INFO: Run Behavior\WriteHtmlCacheBehavior [ RunTime:0.000644s ]
INFO: [ view_filter ] --END-- [ RunTime:0.000753s ]
INFO: [ app_end ] --START--
INFO: Run Behavior\ShowPageTraceBehavior [ RunTime:0.000950s ]
INFO: [ app_end ] --END-- [ RunTime:0.001149s ]

[ 2017-05-30T20:24:37+08:00 ] 127.0.0.1 /admin.php/Index/desktop
INFO: [ app_init ] --START--
INFO: Run Behavior\BuildLiteBehavior [ RunTime:0.000023s ]
INFO: [ app_init ] --END-- [ RunTime:0.000471s ]
INFO: [ app_begin ] --START--
INFO: Run Behavior\ReadHtmlCacheBehavior [ RunTime:0.000816s ]
INFO: [ app_begin ] --END-- [ RunTime:0.001040s ]
SQL: SHOW COLUMNS FROM `sbgl_node` [ RunTime:0.0012s ]
SQL: SHOW COLUMNS FROM `sbgl_role` [ RunTime:0.0008s ]
SQL: SHOW COLUMNS FROM `sbgl_user` [ RunTime:0.0007s ]
SQL: SELECT * FROM `sbgl_node` WHERE ( public=0 )  [ RunTime:0.0003s ]
NOTIC: [8] Undefined variable: public E:\sbgl\Tools\AdminController.class.php 第 24 行.
SQL: SELECT * FROM `sbgl_user` WHERE `id` = 1 LIMIT 1   [ RunTime:0.0005s ]
SQL: SELECT * FROM `sbgl_role` WHERE `id` = 2 LIMIT 1   [ RunTime:0.0003s ]
SQL: SELECT * FROM `sbgl_node` WHERE `id` IN ('30','79','80','50','51','52','53','58','59','60','61','81','32','33','34','35','36','37','41','42','77','62','63','64','65','66','67','68','69','70','89','71','72','73','74','75','76','54','55','56','57','85','86','87','88','13','14','15','16','17','18','19','20','21','22','23','24','25','26','27','28','78','83','39','40','46','47','48','49')  [ RunTime:0.0009s ]
NOTIC: [8] Undefined variable: list E:\sbgl\Tools\AdminController.class.php 第 38 行.
SQL: SHOW COLUMNS FROM `sbgl_device` [ RunTime:0.0009s ]
SQL: SELECT COUNT(*) AS tp_count FROM `sbgl_device` LIMIT 1   [ RunTime:0.0004s ]
SQL: SELECT COUNT(*) AS tp_count FROM `sbgl_device` WHERE ( dv_time>=1496073600 AND dv_time<=1496159999 ) LIMIT 1   [ RunTime:0.0006s ]
SQL: SELECT COUNT(*) AS tp_count FROM `sbgl_device` WHERE ( dv_time>=1495987200 AND dv_time<=1496073599 ) LIMIT 1   [ RunTime:0.0008s ]
SQL: SELECT COUNT(*) AS tp_count FROM `sbgl_device` WHERE ( dv_time>=1495382400 AND dv_time<=1495987199 ) LIMIT 1   [ RunTime:0.0004s ]
SQL: SELECT COUNT(*) AS tp_count FROM `sbgl_device` WHERE ( dv_time>=1493568000 AND dv_time<=1496246399 ) LIMIT 1   [ RunTime:0.0005s ]
SQL: SHOW COLUMNS FROM `sbgl_buy` [ RunTime:0.0015s ]
SQL: SELECT COUNT(*) AS tp_count FROM `sbgl_buy` LIMIT 1   [ RunTime:0.0003s ]
SQL: SELECT COUNT(*) AS tp_count FROM `sbgl_buy` WHERE ( time>=1496073600 AND time<=1496159999 ) LIMIT 1   [ RunTime:0.0003s ]
SQL: SELECT COUNT(*) AS tp_count FROM `sbgl_buy` WHERE ( time>=1495987200 AND time<=1496073599 ) LIMIT 1   [ RunTime:0.0005s ]
SQL: SELECT COUNT(*) AS tp_count FROM `sbgl_buy` WHERE ( time>=1495382400 AND time<=1495987199 ) LIMIT 1   [ RunTime:0.0003s ]
SQL: SELECT COUNT(*) AS tp_count FROM `sbgl_buy` WHERE ( time>=1493568000 AND time<=1496246399 ) LIMIT 1   [ RunTime:0.0003s ]
SQL: SHOW COLUMNS FROM `sbgl_repair` [ RunTime:0.0010s ]
SQL: SELECT COUNT(*) AS tp_count FROM `sbgl_repair` LIMIT 1   [ RunTime:0.0003s ]
SQL: SELECT COUNT(*) AS tp_count FROM `sbgl_repair` WHERE ( rp_time>=1496073600 AND rp_time<=1496159999 ) LIMIT 1   [ RunTime:0.0007s ]
SQL: SELECT COUNT(*) AS tp_count FROM `sbgl_repair` WHERE ( rp_time>=1495987200 AND rp_time<=1496073599 ) LIMIT 1   [ RunTime:0.0002s ]
SQL: SELECT COUNT(*) AS tp_count FROM `sbgl_repair` WHERE ( rp_time>=1495382400 AND rp_time<=1495987199 ) LIMIT 1   [ RunTime:0.0002s ]
SQL: SELECT COUNT(*) AS tp_count FROM `sbgl_repair` WHERE ( rp_time>=1493568000 AND rp_time<=1496246399 ) LIMIT 1   [ RunTime:0.0002s ]
SQL: SHOW COLUMNS FROM `sbgl_borrow` [ RunTime:0.0009s ]
SQL: SELECT COUNT(*) AS tp_count FROM `sbgl_borrow` LIMIT 1   [ RunTime:0.0002s ]
SQL: SELECT COUNT(*) AS tp_count FROM `sbgl_borrow` WHERE ( br_time>=1496073600 AND br_time<=1496159999 ) LIMIT 1   [ RunTime:0.0003s ]
SQL: SELECT COUNT(*) AS tp_count FROM `sbgl_borrow` WHERE ( br_time>=1495987200 AND br_time<=1496073599 ) LIMIT 1   [ RunTime:0.0004s ]
SQL: SELECT COUNT(*) AS tp_count FROM `sbgl_borrow` WHERE ( br_time>=1495382400 AND br_time<=1495987199 ) LIMIT 1   [ RunTime:0.0002s ]
SQL: SELECT COUNT(*) AS tp_count FROM `sbgl_borrow` WHERE ( br_time>=1493568000 AND br_time<=1496246399 ) LIMIT 1   [ RunTime:0.0002s ]
SQL: SELECT COUNT(*) AS tp_count FROM `sbgl_user` WHERE ( type=0 ) LIMIT 1   [ RunTime:0.0002s ]
SQL: SELECT COUNT(*) AS tp_count FROM `sbgl_user` WHERE ( reg_time>=1496073600 AND reg_time<=1496159999 AND type=0 ) LIMIT 1   [ RunTime:0.0002s ]
SQL: SELECT COUNT(*) AS tp_count FROM `sbgl_user` WHERE ( reg_time>=1495987200 AND reg_time<=1496073599 AND type=0 ) LIMIT 1   [ RunTime:0.0002s ]
SQL: SELECT COUNT(*) AS tp_count FROM `sbgl_user` WHERE ( reg_time>=1495382400 AND reg_time<=1495987199 AND type=0 ) LIMIT 1   [ RunTime:0.0002s ]
SQL: SELECT COUNT(*) AS tp_count FROM `sbgl_user` WHERE ( reg_time>=1493568000 AND reg_time<=1496246399 AND type=0 ) LIMIT 1   [ RunTime:0.0002s ]
SQL: SELECT COUNT(*) AS tp_count FROM `sbgl_user` WHERE ( type=1 ) LIMIT 1   [ RunTime:0.0002s ]
SQL: SELECT COUNT(*) AS tp_count FROM `sbgl_user` WHERE ( reg_time>=1496073600 AND reg_time<=1496159999 AND type=1 ) LIMIT 1   [ RunTime:0.0002s ]
SQL: SELECT COUNT(*) AS tp_count FROM `sbgl_user` WHERE ( reg_time>=1495987200 AND reg_time<=1496073599 AND type=1 ) LIMIT 1   [ RunTime:0.0002s ]
SQL: SELECT COUNT(*) AS tp_count FROM `sbgl_user` WHERE ( reg_time>=1495382400 AND reg_time<=1495987199 AND type=1 ) LIMIT 1   [ RunTime:0.0002s ]
SQL: SELECT COUNT(*) AS tp_count FROM `sbgl_user` WHERE ( reg_time>=1493568000 AND reg_time<=1496246399 AND type=1 ) LIMIT 1   [ RunTime:0.0003s ]
INFO: [ view_parse ] --START--
INFO: Run Behavior\ParseTemplateBehavior [ RunTime:0.018284s ]
INFO: [ view_parse ] --END-- [ RunTime:0.018570s ]
INFO: [ view_filter ] --START--
INFO: Run Behavior\WriteHtmlCacheBehavior [ RunTime:0.000816s ]
INFO: [ view_filter ] --END-- [ RunTime:0.001001s ]
INFO: [ app_end ] --START--
INFO: Run Behavior\ShowPageTraceBehavior [ RunTime:0.000649s ]
INFO: [ app_end ] --END-- [ RunTime:0.000815s ]

[ 2017-05-30T20:24:40+08:00 ] 127.0.0.1 /admin.php/Borrow/borrowList
INFO: [ app_init ] --START--
INFO: Run Behavior\BuildLiteBehavior [ RunTime:0.000024s ]
INFO: [ app_init ] --END-- [ RunTime:0.000458s ]
INFO: [ app_begin ] --START--
INFO: Run Behavior\ReadHtmlCacheBehavior [ RunTime:0.001243s ]
INFO: [ app_begin ] --END-- [ RunTime:0.001488s ]
SQL: SHOW COLUMNS FROM `sbgl_node` [ RunTime:0.0008s ]
SQL: SHOW COLUMNS FROM `sbgl_role` [ RunTime:0.0006s ]
SQL: SHOW COLUMNS FROM `sbgl_user` [ RunTime:0.0008s ]
SQL: SELECT * FROM `sbgl_node` WHERE ( public=0 )  [ RunTime:0.0003s ]
NOTIC: [8] Undefined variable: public E:\sbgl\Tools\AdminController.class.php 第 24 行.
SQL: SELECT * FROM `sbgl_user` WHERE `id` = 1 LIMIT 1   [ RunTime:0.0005s ]
SQL: SELECT * FROM `sbgl_role` WHERE `id` = 2 LIMIT 1   [ RunTime:0.0010s ]
SQL: SELECT * FROM `sbgl_node` WHERE `id` IN ('30','79','80','50','51','52','53','58','59','60','61','81','32','33','34','35','36','37','41','42','77','62','63','64','65','66','67','68','69','70','89','71','72','73','74','75','76','54','55','56','57','85','86','87','88','13','14','15','16','17','18','19','20','21','22','23','24','25','26','27','28','78','83','39','40','46','47','48','49')  [ RunTime:0.0008s ]
NOTIC: [8] Undefined variable: list E:\sbgl\Tools\AdminController.class.php 第 38 行.
INFO: [ view_parse ] --START--
INFO: Run Behavior\ParseTemplateBehavior [ RunTime:0.032254s ]
INFO: [ view_parse ] --END-- [ RunTime:0.032397s ]
INFO: [ view_filter ] --START--
INFO: Run Behavior\WriteHtmlCacheBehavior [ RunTime:0.000732s ]
INFO: [ view_filter ] --END-- [ RunTime:0.000863s ]
INFO: [ app_end ] --START--
INFO: Run Behavior\ShowPageTraceBehavior [ RunTime:0.000525s ]
INFO: [ app_end ] --END-- [ RunTime:0.000637s ]

[ 2017-05-30T20:24:40+08:00 ] 127.0.0.1 /admin.php/Borrow/borrowList?p=1
INFO: [ app_init ] --START--
INFO: Run Behavior\BuildLiteBehavior [ RunTime:0.000023s ]
INFO: [ app_init ] --END-- [ RunTime:0.000462s ]
INFO: [ app_begin ] --START--
INFO: Run Behavior\ReadHtmlCacheBehavior [ RunTime:0.000565s ]
INFO: [ app_begin ] --END-- [ RunTime:0.000817s ]
SQL: SHOW COLUMNS FROM `sbgl_node` [ RunTime:0.0009s ]
SQL: SHOW COLUMNS FROM `sbgl_role` [ RunTime:0.0008s ]
SQL: SHOW COLUMNS FROM `sbgl_user` [ RunTime:0.0009s ]
SQL: SELECT * FROM `sbgl_node` WHERE ( public=0 )  [ RunTime:0.0003s ]
NOTIC: [8] Undefined variable: public E:\sbgl\Tools\AdminController.class.php 第 24 行.
SQL: SELECT * FROM `sbgl_user` WHERE `id` = 1 LIMIT 1   [ RunTime:0.0003s ]
SQL: SELECT * FROM `sbgl_role` WHERE `id` = 2 LIMIT 1   [ RunTime:0.0002s ]
SQL: SELECT * FROM `sbgl_node` WHERE `id` IN ('30','79','80','50','51','52','53','58','59','60','61','81','32','33','34','35','36','37','41','42','77','62','63','64','65','66','67','68','69','70','89','71','72','73','74','75','76','54','55','56','57','85','86','87','88','13','14','15','16','17','18','19','20','21','22','23','24','25','26','27','28','78','83','39','40','46','47','48','49')  [ RunTime:0.0007s ]
NOTIC: [8] Undefined variable: list E:\sbgl\Tools\AdminController.class.php 第 38 行.
SQL: SHOW COLUMNS FROM `sbgl_borrow` [ RunTime:0.0011s ]
SQL: SELECT COUNT(*) AS tp_count FROM `sbgl_borrow` LIMIT 1   [ RunTime:0.0003s ]
SQL: SELECT * FROM `sbgl_borrow` ORDER BY br_time desc,br_id desc LIMIT 0,2   [ RunTime:0.0003s ]

[ 2017-05-30T21:00:21+08:00 ] 127.0.0.1 /admin.php/Repair/repairList
INFO: [ app_init ] --START--
INFO: Run Behavior\BuildLiteBehavior [ RunTime:0.000023s ]
INFO: [ app_init ] --END-- [ RunTime:0.000431s ]
INFO: [ app_begin ] --START--
INFO: Run Behavior\ReadHtmlCacheBehavior [ RunTime:0.000629s ]
INFO: [ app_begin ] --END-- [ RunTime:0.000745s ]
SQL: SHOW COLUMNS FROM `sbgl_node` [ RunTime:0.0011s ]
SQL: SHOW COLUMNS FROM `sbgl_role` [ RunTime:0.0008s ]
SQL: SHOW COLUMNS FROM `sbgl_user` [ RunTime:0.0008s ]
SQL: SELECT * FROM `sbgl_node` WHERE ( public=0 )  [ RunTime:0.0004s ]
NOTIC: [8] Undefined variable: public E:\sbgl\Tools\AdminController.class.php 第 24 行.
SQL: SELECT * FROM `sbgl_user` WHERE `id` = 1 LIMIT 1   [ RunTime:0.0005s ]
SQL: SELECT * FROM `sbgl_role` WHERE `id` = 2 LIMIT 1   [ RunTime:0.0003s ]
SQL: SELECT * FROM `sbgl_node` WHERE `id` IN ('30','79','80','50','51','52','53','58','59','60','61','81','32','33','34','35','36','37','41','42','77','62','63','64','65','66','67','68','69','70','89','71','72','73','74','75','76','54','55','56','57','85','86','87','88','13','14','15','16','17','18','19','20','21','22','23','24','25','26','27','28','78','83','39','40','46','47','48','49')  [ RunTime:0.0007s ]
NOTIC: [8] Undefined variable: list E:\sbgl\Tools\AdminController.class.php 第 38 行.
INFO: [ view_parse ] --START--
INFO: Run Behavior\ParseTemplateBehavior [ RunTime:0.015253s ]
INFO: [ view_parse ] --END-- [ RunTime:0.015392s ]
INFO: [ view_filter ] --START--
INFO: Run Behavior\WriteHtmlCacheBehavior [ RunTime:0.000717s ]
INFO: [ view_filter ] --END-- [ RunTime:0.000855s ]
INFO: [ app_end ] --START--
INFO: Run Behavior\ShowPageTraceBehavior [ RunTime:0.001003s ]
INFO: [ app_end ] --END-- [ RunTime:0.001194s ]

[ 2017-05-30T21:00:21+08:00 ] 127.0.0.1 /admin.php/Repair/repairList?p=1
INFO: [ app_init ] --START--
INFO: Run Behavior\BuildLiteBehavior [ RunTime:0.000029s ]
INFO: [ app_init ] --END-- [ RunTime:0.000659s ]
INFO: [ app_begin ] --START--
INFO: Run Behavior\ReadHtmlCacheBehavior [ RunTime:0.000719s ]
INFO: [ app_begin ] --END-- [ RunTime:0.000820s ]
SQL: SHOW COLUMNS FROM `sbgl_node` [ RunTime:0.0012s ]
SQL: SHOW COLUMNS FROM `sbgl_role` [ RunTime:0.0009s ]
SQL: SHOW COLUMNS FROM `sbgl_user` [ RunTime:0.0009s ]
SQL: SELECT * FROM `sbgl_node` WHERE ( public=0 )  [ RunTime:0.0003s ]
NOTIC: [8] Undefined variable: public E:\sbgl\Tools\AdminController.class.php 第 24 行.
SQL: SELECT * FROM `sbgl_user` WHERE `id` = 1 LIMIT 1   [ RunTime:0.0002s ]
SQL: SELECT * FROM `sbgl_role` WHERE `id` = 2 LIMIT 1   [ RunTime:0.0002s ]
SQL: SELECT * FROM `sbgl_node` WHERE `id` IN ('30','79','80','50','51','52','53','58','59','60','61','81','32','33','34','35','36','37','41','42','77','62','63','64','65','66','67','68','69','70','89','71','72','73','74','75','76','54','55','56','57','85','86','87','88','13','14','15','16','17','18','19','20','21','22','23','24','25','26','27','28','78','83','39','40','46','47','48','49')  [ RunTime:0.0005s ]
NOTIC: [8] Undefined variable: list E:\sbgl\Tools\AdminController.class.php 第 38 行.
SQL: SHOW COLUMNS FROM `sbgl_repair` [ RunTime:0.0008s ]
SQL: SELECT COUNT(*) AS tp_count FROM `sbgl_repair` LIMIT 1   [ RunTime:0.0002s ]
SQL: SELECT * FROM `sbgl_repair` ORDER BY rp_time desc,rp_id desc LIMIT 0,2   [ RunTime:0.0003s ]

[ 2017-05-30T21:00:27+08:00 ] 127.0.0.1 /admin.php/Repair/confirm/id/35
INFO: [ app_init ] --START--
INFO: Run Behavior\BuildLiteBehavior [ RunTime:0.000052s ]
INFO: [ app_init ] --END-- [ RunTime:0.001107s ]
INFO: [ app_begin ] --START--
INFO: Run Behavior\ReadHtmlCacheBehavior [ RunTime:0.000890s ]
INFO: [ app_begin ] --END-- [ RunTime:0.001095s ]
SQL: SHOW COLUMNS FROM `sbgl_node` [ RunTime:0.0011s ]
SQL: SHOW COLUMNS FROM `sbgl_role` [ RunTime:0.0010s ]
SQL: SHOW COLUMNS FROM `sbgl_user` [ RunTime:0.0009s ]
SQL: SELECT * FROM `sbgl_node` WHERE ( public=0 )  [ RunTime:0.0006s ]
NOTIC: [8] Undefined variable: public E:\sbgl\Tools\AdminController.class.php 第 24 行.
SQL: SELECT * FROM `sbgl_user` WHERE `id` = 1 LIMIT 1   [ RunTime:0.0004s ]
SQL: SELECT * FROM `sbgl_role` WHERE `id` = 2 LIMIT 1   [ RunTime:0.0003s ]
SQL: SELECT * FROM `sbgl_node` WHERE `id` IN ('30','79','80','50','51','52','53','58','59','60','61','81','32','33','34','35','36','37','41','42','77','62','63','64','65','66','67','68','69','70','89','71','72','73','74','75','76','54','55','56','57','85','86','87','88','13','14','15','16','17','18','19','20','21','22','23','24','25','26','27','28','78','83','39','40','46','47','48','49')  [ RunTime:0.0007s ]
NOTIC: [8] Undefined variable: list E:\sbgl\Tools\AdminController.class.php 第 38 行.
SQL: SHOW COLUMNS FROM `sbgl_repair` [ RunTime:0.0014s ]
SQL: SHOW COLUMNS FROM `sbgl_matter_solve` [ RunTime:0.0010s ]
SQL: SELECT * FROM `sbgl_repair` WHERE `rp_id` = 35 LIMIT 1   [ RunTime:0.0004s ]
SQL: SELECT * FROM `sbgl_matter_solve`  [ RunTime:0.0005s ]
INFO: [ view_parse ] --START--
INFO: Run Behavior\ParseTemplateBehavior [ RunTime:0.020039s ]
INFO: [ view_parse ] --END-- [ RunTime:0.020251s ]
INFO: [ view_filter ] --START--
INFO: Run Behavior\WriteHtmlCacheBehavior [ RunTime:0.000902s ]
INFO: [ view_filter ] --END-- [ RunTime:0.001138s ]
INFO: [ app_end ] --START--
INFO: Run Behavior\ShowPageTraceBehavior [ RunTime:0.000871s ]
INFO: [ app_end ] --END-- [ RunTime:0.001020s ]

[ 2017-05-30T21:08:04+08:00 ] 127.0.0.1 /admin.php/Repair/addRepair
INFO: [ app_init ] --START--
INFO: Run Behavior\BuildLiteBehavior [ RunTime:0.000121s ]
INFO: [ app_init ] --END-- [ RunTime:0.000982s ]
INFO: [ app_begin ] --START--
INFO: Run Behavior\ReadHtmlCacheBehavior [ RunTime:0.001970s ]
INFO: [ app_begin ] --END-- [ RunTime:0.002228s ]
SQL: SHOW COLUMNS FROM `sbgl_node` [ RunTime:0.0017s ]
SQL: SHOW COLUMNS FROM `sbgl_role` [ RunTime:0.0015s ]
SQL: SHOW COLUMNS FROM `sbgl_user` [ RunTime:0.0014s ]
SQL: SELECT * FROM `sbgl_node` WHERE ( public=0 )  [ RunTime:0.0004s ]
NOTIC: [8] Undefined variable: public E:\sbgl\Tools\AdminController.class.php 第 24 行.
SQL: SELECT * FROM `sbgl_user` WHERE `id` = 1 LIMIT 1   [ RunTime:0.0005s ]
SQL: SELECT * FROM `sbgl_role` WHERE `id` = 2 LIMIT 1   [ RunTime:0.0004s ]
SQL: SELECT * FROM `sbgl_node` WHERE `id` IN ('30','79','80','50','51','52','53','58','59','60','61','81','32','33','34','35','36','37','41','42','77','62','63','64','65','66','67','68','69','70','89','71','72','73','74','75','76','54','55','56','57','85','86','87','88','13','14','15','16','17','18','19','20','21','22','23','24','25','26','27','28','78','83','39','40','46','47','48','49')  [ RunTime:0.0006s ]
NOTIC: [8] Undefined variable: list E:\sbgl\Tools\AdminController.class.php 第 38 行.
SQL: SHOW COLUMNS FROM `sbgl_repair` [ RunTime:0.0008s ]
SQL: SHOW COLUMNS FROM `sbgl_matter_solve` [ RunTime:0.0017s ]
SQL: SHOW COLUMNS FROM `sbgl_device` [ RunTime:0.0014s ]
SQL: SELECT * FROM `sbgl_matter_solve` WHERE ( ms_type=1 )  [ RunTime:0.0005s ]
SQL: SELECT * FROM `sbgl_matter_solve` WHERE ( ms_type=2 )  [ RunTime:0.0003s ]
INFO: [ view_parse ] --START--
INFO: Run Behavior\ParseTemplateBehavior [ RunTime:0.015978s ]
INFO: [ view_parse ] --END-- [ RunTime:0.016165s ]
INFO: [ view_filter ] --START--
INFO: Run Behavior\WriteHtmlCacheBehavior [ RunTime:0.000884s ]
INFO: [ view_filter ] --END-- [ RunTime:0.001036s ]
INFO: [ app_end ] --START--
INFO: Run Behavior\ShowPageTraceBehavior [ RunTime:0.000615s ]
INFO: [ app_end ] --END-- [ RunTime:0.000732s ]

[ 2017-05-30T21:08:54+08:00 ] 127.0.0.1 /admin.php/Repair/addRepair
INFO: [ app_init ] --START--
INFO: Run Behavior\BuildLiteBehavior [ RunTime:0.000150s ]
INFO: [ app_init ] --END-- [ RunTime:0.001722s ]
INFO: [ app_begin ] --START--
INFO: Run Behavior\ReadHtmlCacheBehavior [ RunTime:0.000721s ]
INFO: [ app_begin ] --END-- [ RunTime:0.000848s ]
SQL: SHOW COLUMNS FROM `sbgl_node` [ RunTime:0.0012s ]
SQL: SHOW COLUMNS FROM `sbgl_role` [ RunTime:0.0010s ]
SQL: SHOW COLUMNS FROM `sbgl_user` [ RunTime:0.0009s ]
SQL: SELECT * FROM `sbgl_node` WHERE ( public=0 )  [ RunTime:0.0005s ]
NOTIC: [8] Undefined variable: public E:\sbgl\Tools\AdminController.class.php 第 24 行.
SQL: SELECT * FROM `sbgl_user` WHERE `id` = 1 LIMIT 1   [ RunTime:0.0006s ]
SQL: SELECT * FROM `sbgl_role` WHERE `id` = 2 LIMIT 1   [ RunTime:0.0004s ]
SQL: SELECT * FROM `sbgl_node` WHERE `id` IN ('30','79','80','50','51','52','53','58','59','60','61','81','32','33','34','35','36','37','41','42','77','62','63','64','65','66','67','68','69','70','89','71','72','73','74','75','76','54','55','56','57','85','86','87','88','13','14','15','16','17','18','19','20','21','22','23','24','25','26','27','28','78','83','39','40','46','47','48','49')  [ RunTime:0.0014s ]
NOTIC: [8] Undefined variable: list E:\sbgl\Tools\AdminController.class.php 第 38 行.
SQL: SHOW COLUMNS FROM `sbgl_repair` [ RunTime:0.0026s ]
SQL: SHOW COLUMNS FROM `sbgl_matter_solve` [ RunTime:0.0013s ]
SQL: SHOW COLUMNS FROM `sbgl_device` [ RunTime:0.0015s ]
SQL: SELECT * FROM `sbgl_matter_solve` WHERE ( ms_type=1 )  [ RunTime:0.0004s ]
SQL: SELECT * FROM `sbgl_matter_solve` WHERE ( ms_type=2 )  [ RunTime:0.0002s ]
INFO: [ view_parse ] --START--
INFO: Run Behavior\ParseTemplateBehavior [ RunTime:0.015409s ]
INFO: [ view_parse ] --END-- [ RunTime:0.015557s ]
INFO: [ view_filter ] --START--
INFO: Run Behavior\WriteHtmlCacheBehavior [ RunTime:0.000656s ]
INFO: [ view_filter ] --END-- [ RunTime:0.000775s ]
INFO: [ app_end ] --START--
INFO: Run Behavior\ShowPageTraceBehavior [ RunTime:0.000596s ]
INFO: [ app_end ] --END-- [ RunTime:0.000717s ]

[ 2017-05-30T21:08:59+08:00 ] 127.0.0.1 /admin.php/Repair/confirm/id/34
INFO: [ app_init ] --START--
INFO: Run Behavior\BuildLiteBehavior [ RunTime:0.000024s ]
INFO: [ app_init ] --END-- [ RunTime:0.000459s ]
INFO: [ app_begin ] --START--
INFO: Run Behavior\ReadHtmlCacheBehavior [ RunTime:0.000696s ]
INFO: [ app_begin ] --END-- [ RunTime:0.000849s ]
SQL: SHOW COLUMNS FROM `sbgl_node` [ RunTime:0.0011s ]
SQL: SHOW COLUMNS FROM `sbgl_role` [ RunTime:0.0012s ]
SQL: SHOW COLUMNS FROM `sbgl_user` [ RunTime:0.0011s ]
SQL: SELECT * FROM `sbgl_node` WHERE ( public=0 )  [ RunTime:0.0005s ]
NOTIC: [8] Undefined variable: public E:\sbgl\Tools\AdminController.class.php 第 24 行.
SQL: SELECT * FROM `sbgl_user` WHERE `id` = 1 LIMIT 1   [ RunTime:0.0003s ]
SQL: SELECT * FROM `sbgl_role` WHERE `id` = 2 LIMIT 1   [ RunTime:0.0002s ]
SQL: SELECT * FROM `sbgl_node` WHERE `id` IN ('30','79','80','50','51','52','53','58','59','60','61','81','32','33','34','35','36','37','41','42','77','62','63','64','65','66','67','68','69','70','89','71','72','73','74','75','76','54','55','56','57','85','86','87','88','13','14','15','16','17','18','19','20','21','22','23','24','25','26','27','28','78','83','39','40','46','47','48','49')  [ RunTime:0.0005s ]
NOTIC: [8] Undefined variable: list E:\sbgl\Tools\AdminController.class.php 第 38 行.
SQL: SHOW COLUMNS FROM `sbgl_repair` [ RunTime:0.0009s ]
SQL: SHOW COLUMNS FROM `sbgl_matter_solve` [ RunTime:0.0021s ]
SQL: SELECT * FROM `sbgl_repair` WHERE `rp_id` = 34 LIMIT 1   [ RunTime:0.0006s ]
SQL: SELECT * FROM `sbgl_matter_solve`  [ RunTime:0.0003s ]
INFO: [ view_parse ] --START--
INFO: Run Behavior\ParseTemplateBehavior [ RunTime:0.015215s ]
INFO: [ view_parse ] --END-- [ RunTime:0.015458s ]
INFO: [ view_filter ] --START--
INFO: Run Behavior\WriteHtmlCacheBehavior [ RunTime:0.001326s ]
INFO: [ view_filter ] --END-- [ RunTime:0.001565s ]
INFO: [ app_end ] --START--
INFO: Run Behavior\ShowPageTraceBehavior [ RunTime:0.001166s ]
INFO: [ app_end ] --END-- [ RunTime:0.001341s ]

[ 2017-05-30T21:09:08+08:00 ] 127.0.0.1 /admin.php/Repair/addRepair
INFO: [ app_init ] --START--
INFO: Run Behavior\BuildLiteBehavior [ RunTime:0.000026s ]
INFO: [ app_init ] --END-- [ RunTime:0.000465s ]
INFO: [ app_begin ] --START--
INFO: Run Behavior\ReadHtmlCacheBehavior [ RunTime:0.000946s ]
INFO: [ app_begin ] --END-- [ RunTime:0.001149s ]
SQL: SHOW COLUMNS FROM `sbgl_node` [ RunTime:0.0007s ]
SQL: SHOW COLUMNS FROM `sbgl_role` [ RunTime:0.0007s ]
SQL: SHOW COLUMNS FROM `sbgl_user` [ RunTime:0.0009s ]
SQL: SELECT * FROM `sbgl_node` WHERE ( public=0 )  [ RunTime:0.0013s ]
NOTIC: [8] Undefined variable: public E:\sbgl\Tools\AdminController.class.php 第 24 行.
SQL: SELECT * FROM `sbgl_user` WHERE `id` = 1 LIMIT 1   [ RunTime:0.0006s ]
SQL: SELECT * FROM `sbgl_role` WHERE `id` = 2 LIMIT 1   [ RunTime:0.0006s ]
SQL: SELECT * FROM `sbgl_node` WHERE `id` IN ('30','79','80','50','51','52','53','58','59','60','61','81','32','33','34','35','36','37','41','42','77','62','63','64','65','66','67','68','69','70','89','71','72','73','74','75','76','54','55','56','57','85','86','87','88','13','14','15','16','17','18','19','20','21','22','23','24','25','26','27','28','78','83','39','40','46','47','48','49')  [ RunTime:0.0012s ]
NOTIC: [8] Undefined variable: list E:\sbgl\Tools\AdminController.class.php 第 38 行.
SQL: SHOW COLUMNS FROM `sbgl_repair` [ RunTime:0.0010s ]
SQL: SHOW COLUMNS FROM `sbgl_matter_solve` [ RunTime:0.0008s ]
SQL: SHOW COLUMNS FROM `sbgl_device` [ RunTime:0.0014s ]
SQL: SELECT * FROM `sbgl_matter_solve` WHERE ( ms_type=1 )  [ RunTime:0.0006s ]
SQL: SELECT * FROM `sbgl_matter_solve` WHERE ( ms_type=2 )  [ RunTime:0.0006s ]
INFO: [ view_parse ] --START--
INFO: Run Behavior\ParseTemplateBehavior [ RunTime:0.013389s ]
INFO: [ view_parse ] --END-- [ RunTime:0.013679s ]
INFO: [ view_filter ] --START--
INFO: Run Behavior\WriteHtmlCacheBehavior [ RunTime:0.001899s ]
INFO: [ view_filter ] --END-- [ RunTime:0.002138s ]
INFO: [ app_end ] --START--
INFO: Run Behavior\ShowPageTraceBehavior [ RunTime:0.001227s ]
INFO: [ app_end ] --END-- [ RunTime:0.001450s ]

[ 2017-05-30T21:09:27+08:00 ] 127.0.0.1 /admin.php/Repair/repairList
INFO: [ app_init ] --START--
INFO: Run Behavior\BuildLiteBehavior [ RunTime:0.000026s ]
INFO: [ app_init ] --END-- [ RunTime:0.000699s ]
INFO: [ app_begin ] --START--
INFO: Run Behavior\ReadHtmlCacheBehavior [ RunTime:0.000702s ]
INFO: [ app_begin ] --END-- [ RunTime:0.000823s ]
SQL: SHOW COLUMNS FROM `sbgl_node` [ RunTime:0.0008s ]
SQL: SHOW COLUMNS FROM `sbgl_role` [ RunTime:0.0006s ]
SQL: SHOW COLUMNS FROM `sbgl_user` [ RunTime:0.0007s ]
SQL: SELECT * FROM `sbgl_node` WHERE ( public=0 )  [ RunTime:0.0005s ]
NOTIC: [8] Undefined variable: public E:\sbgl\Tools\AdminController.class.php 第 24 行.
SQL: SELECT * FROM `sbgl_user` WHERE `id` = 1 LIMIT 1   [ RunTime:0.0004s ]
SQL: SELECT * FROM `sbgl_role` WHERE `id` = 2 LIMIT 1   [ RunTime:0.0003s ]
SQL: SELECT * FROM `sbgl_node` WHERE `id` IN ('30','79','80','50','51','52','53','58','59','60','61','81','32','33','34','35','36','37','41','42','77','62','63','64','65','66','67','68','69','70','89','71','72','73','74','75','76','54','55','56','57','85','86','87','88','13','14','15','16','17','18','19','20','21','22','23','24','25','26','27','28','78','83','39','40','46','47','48','49')  [ RunTime:0.0006s ]
NOTIC: [8] Undefined variable: list E:\sbgl\Tools\AdminController.class.php 第 38 行.
INFO: [ view_parse ] --START--
INFO: Run Behavior\ParseTemplateBehavior [ RunTime:0.009058s ]
INFO: [ view_parse ] --END-- [ RunTime:0.009196s ]
INFO: [ view_filter ] --START--
INFO: Run Behavior\WriteHtmlCacheBehavior [ RunTime:0.000502s ]
INFO: [ view_filter ] --END-- [ RunTime:0.000605s ]
INFO: [ app_end ] --START--
INFO: Run Behavior\ShowPageTraceBehavior [ RunTime:0.001100s ]
INFO: [ app_end ] --END-- [ RunTime:0.001318s ]

[ 2017-05-30T21:09:28+08:00 ] 127.0.0.1 /admin.php/Repair/repairList?p=1
INFO: [ app_init ] --START--
INFO: Run Behavior\BuildLiteBehavior [ RunTime:0.000026s ]
INFO: [ app_init ] --END-- [ RunTime:0.000444s ]
INFO: [ app_begin ] --START--
INFO: Run Behavior\ReadHtmlCacheBehavior [ RunTime:0.000711s ]
INFO: [ app_begin ] --END-- [ RunTime:0.000813s ]
SQL: SHOW COLUMNS FROM `sbgl_node` [ RunTime:0.0007s ]
SQL: SHOW COLUMNS FROM `sbgl_role` [ RunTime:0.0007s ]
SQL: SHOW COLUMNS FROM `sbgl_user` [ RunTime:0.0008s ]
SQL: SELECT * FROM `sbgl_node` WHERE ( public=0 )  [ RunTime:0.0003s ]
NOTIC: [8] Undefined variable: public E:\sbgl\Tools\AdminController.class.php 第 24 行.
SQL: SELECT * FROM `sbgl_user` WHERE `id` = 1 LIMIT 1   [ RunTime:0.0003s ]
SQL: SELECT * FROM `sbgl_role` WHERE `id` = 2 LIMIT 1   [ RunTime:0.0002s ]
SQL: SELECT * FROM `sbgl_node` WHERE `id` IN ('30','79','80','50','51','52','53','58','59','60','61','81','32','33','34','35','36','37','41','42','77','62','63','64','65','66','67','68','69','70','89','71','72','73','74','75','76','54','55','56','57','85','86','87','88','13','14','15','16','17','18','19','20','21','22','23','24','25','26','27','28','78','83','39','40','46','47','48','49')  [ RunTime:0.0007s ]
NOTIC: [8] Undefined variable: list E:\sbgl\Tools\AdminController.class.php 第 38 行.
SQL: SHOW COLUMNS FROM `sbgl_repair` [ RunTime:0.0007s ]
SQL: SELECT COUNT(*) AS tp_count FROM `sbgl_repair` LIMIT 1   [ RunTime:0.0002s ]
SQL: SELECT * FROM `sbgl_repair` ORDER BY rp_time desc,rp_id desc LIMIT 0,2   [ RunTime:0.0004s ]

[ 2017-05-30T21:10:45+08:00 ] 127.0.0.1 /admin.php/Repair/addRepair
INFO: [ app_init ] --START--
INFO: Run Behavior\BuildLiteBehavior [ RunTime:0.000035s ]
INFO: [ app_init ] --END-- [ RunTime:0.000720s ]
INFO: [ app_begin ] --START--
INFO: Run Behavior\ReadHtmlCacheBehavior [ RunTime:0.000872s ]
INFO: [ app_begin ] --END-- [ RunTime:0.001005s ]
SQL: SHOW COLUMNS FROM `sbgl_node` [ RunTime:0.0010s ]
SQL: SHOW COLUMNS FROM `sbgl_role` [ RunTime:0.0012s ]
SQL: SHOW COLUMNS FROM `sbgl_user` [ RunTime:0.0008s ]
SQL: SELECT * FROM `sbgl_node` WHERE ( public=0 )  [ RunTime:0.0004s ]
NOTIC: [8] Undefined variable: public E:\sbgl\Tools\AdminController.class.php 第 24 行.
SQL: SELECT * FROM `sbgl_user` WHERE `id` = 1 LIMIT 1   [ RunTime:0.0003s ]
SQL: SELECT * FROM `sbgl_role` WHERE `id` = 2 LIMIT 1   [ RunTime:0.0003s ]
SQL: SELECT * FROM `sbgl_node` WHERE `id` IN ('30','79','80','50','51','52','53','58','59','60','61','81','32','33','34','35','36','37','41','42','77','62','63','64','65','66','67','68','69','70','89','71','72','73','74','75','76','54','55','56','57','85','86','87','88','13','14','15','16','17','18','19','20','21','22','23','24','25','26','27','28','78','83','39','40','46','47','48','49')  [ RunTime:0.0005s ]
NOTIC: [8] Undefined variable: list E:\sbgl\Tools\AdminController.class.php 第 38 行.
SQL: SHOW COLUMNS FROM `sbgl_repair` [ RunTime:0.0020s ]
SQL: SHOW COLUMNS FROM `sbgl_matter_solve` [ RunTime:0.0024s ]
SQL: SHOW COLUMNS FROM `sbgl_device` [ RunTime:0.0017s ]
SQL: SELECT * FROM `sbgl_matter_solve` WHERE ( ms_type=1 )  [ RunTime:0.0006s ]
SQL: SELECT * FROM `sbgl_matter_solve` WHERE ( ms_type=2 )  [ RunTime:0.0003s ]
INFO: [ view_parse ] --START--
INFO: Run Behavior\ParseTemplateBehavior [ RunTime:0.014297s ]
INFO: [ view_parse ] --END-- [ RunTime:0.014429s ]
INFO: [ view_filter ] --START--
INFO: Run Behavior\WriteHtmlCacheBehavior [ RunTime:0.000646s ]
INFO: [ view_filter ] --END-- [ RunTime:0.000758s ]
INFO: [ app_end ] --START--
INFO: Run Behavior\ShowPageTraceBehavior [ RunTime:0.000640s ]
INFO: [ app_end ] --END-- [ RunTime:0.000747s ]

[ 2017-05-30T21:11:12+08:00 ] 127.0.0.1 /admin.php/Repair/confirm/id/34
INFO: [ app_init ] --START--
INFO: Run Behavior\BuildLiteBehavior [ RunTime:0.000057s ]
INFO: [ app_init ] --END-- [ RunTime:0.000980s ]
INFO: [ app_begin ] --START--
INFO: Run Behavior\ReadHtmlCacheBehavior [ RunTime:0.000958s ]
INFO: [ app_begin ] --END-- [ RunTime:0.001097s ]
SQL: SHOW COLUMNS FROM `sbgl_node` [ RunTime:0.0010s ]
SQL: SHOW COLUMNS FROM `sbgl_role` [ RunTime:0.0008s ]
SQL: SHOW COLUMNS FROM `sbgl_user` [ RunTime:0.0012s ]
SQL: SELECT * FROM `sbgl_node` WHERE ( public=0 )  [ RunTime:0.0014s ]
NOTIC: [8] Undefined variable: public E:\sbgl\Tools\AdminController.class.php 第 24 行.
SQL: SELECT * FROM `sbgl_user` WHERE `id` = 1 LIMIT 1   [ RunTime:0.0008s ]
SQL: SELECT * FROM `sbgl_role` WHERE `id` = 2 LIMIT 1   [ RunTime:0.0005s ]
SQL: SELECT * FROM `sbgl_node` WHERE `id` IN ('30','79','80','50','51','52','53','58','59','60','61','81','32','33','34','35','36','37','41','42','77','62','63','64','65','66','67','68','69','70','89','71','72','73','74','75','76','54','55','56','57','85','86','87','88','13','14','15','16','17','18','19','20','21','22','23','24','25','26','27','28','78','83','39','40','46','47','48','49')  [ RunTime:0.0009s ]
NOTIC: [8] Undefined variable: list E:\sbgl\Tools\AdminController.class.php 第 38 行.
SQL: SHOW COLUMNS FROM `sbgl_repair` [ RunTime:0.0018s ]
SQL: SHOW COLUMNS FROM `sbgl_matter_solve` [ RunTime:0.0011s ]
SQL: SELECT * FROM `sbgl_repair` WHERE `rp_id` = 34 LIMIT 1   [ RunTime:0.0004s ]
SQL: SELECT * FROM `sbgl_matter_solve`  [ RunTime:0.0003s ]
INFO: [ view_parse ] --START--
INFO: Run Behavior\ParseTemplateBehavior [ RunTime:0.028377s ]
INFO: [ view_parse ] --END-- [ RunTime:0.028588s ]
INFO: [ view_filter ] --START--
INFO: Run Behavior\WriteHtmlCacheBehavior [ RunTime:0.000558s ]
INFO: [ view_filter ] --END-- [ RunTime:0.000660s ]
INFO: [ app_end ] --START--
INFO: Run Behavior\ShowPageTraceBehavior [ RunTime:0.000589s ]
INFO: [ app_end ] --END-- [ RunTime:0.000694s ]

[ 2017-05-30T21:11:17+08:00 ] 127.0.0.1 /admin.php/Repair/confirm/id/34
INFO: [ app_init ] --START--
INFO: Run Behavior\BuildLiteBehavior [ RunTime:0.000028s ]
INFO: [ app_init ] --END-- [ RunTime:0.000641s ]
INFO: [ app_begin ] --START--
INFO: Run Behavior\ReadHtmlCacheBehavior [ RunTime:0.000905s ]
INFO: [ app_begin ] --END-- [ RunTime:0.001095s ]
SQL: SHOW COLUMNS FROM `sbgl_node` [ RunTime:0.0011s ]
SQL: SHOW COLUMNS FROM `sbgl_role` [ RunTime:0.0016s ]
SQL: SHOW COLUMNS FROM `sbgl_user` [ RunTime:0.0012s ]
SQL: SELECT * FROM `sbgl_node` WHERE ( public=0 )  [ RunTime:0.0004s ]
NOTIC: [8] Undefined variable: public E:\sbgl\Tools\AdminController.class.php 第 24 行.
SQL: SELECT * FROM `sbgl_user` WHERE `id` = 1 LIMIT 1   [ RunTime:0.0005s ]
SQL: SELECT * FROM `sbgl_role` WHERE `id` = 2 LIMIT 1   [ RunTime:0.0004s ]
SQL: SELECT * FROM `sbgl_node` WHERE `id` IN ('30','79','80','50','51','52','53','58','59','60','61','81','32','33','34','35','36','37','41','42','77','62','63','64','65','66','67','68','69','70','89','71','72','73','74','75','76','54','55','56','57','85','86','87','88','13','14','15','16','17','18','19','20','21','22','23','24','25','26','27','28','78','83','39','40','46','47','48','49')  [ RunTime:0.0018s ]
NOTIC: [8] Undefined variable: list E:\sbgl\Tools\AdminController.class.php 第 38 行.
SQL: SHOW COLUMNS FROM `sbgl_repair` [ RunTime:0.0012s ]
SQL: SHOW COLUMNS FROM `sbgl_matter_solve` [ RunTime:0.0011s ]
SQL: SELECT * FROM `sbgl_repair` WHERE `rp_id` = 34 LIMIT 1   [ RunTime:0.0005s ]
SQL: SELECT * FROM `sbgl_matter_solve`  [ RunTime:0.0009s ]
INFO: [ view_parse ] --START--
INFO: Run Behavior\ParseTemplateBehavior [ RunTime:0.021064s ]
INFO: [ view_parse ] --END-- [ RunTime:0.021225s ]
INFO: [ view_filter ] --START--
INFO: Run Behavior\WriteHtmlCacheBehavior [ RunTime:0.002146s ]
INFO: [ view_filter ] --END-- [ RunTime:0.002360s ]
INFO: [ app_end ] --START--
INFO: Run Behavior\ShowPageTraceBehavior [ RunTime:0.001822s ]
INFO: [ app_end ] --END-- [ RunTime:0.002123s ]

[ 2017-05-30T21:11:28+08:00 ] 127.0.0.1 /admin.php/Repair/confirm/id/34
INFO: [ app_init ] --START--
INFO: Run Behavior\BuildLiteBehavior [ RunTime:0.000025s ]
INFO: [ app_init ] --END-- [ RunTime:0.000455s ]
INFO: [ app_begin ] --START--
INFO: Run Behavior\ReadHtmlCacheBehavior [ RunTime:0.000722s ]
INFO: [ app_begin ] --END-- [ RunTime:0.000856s ]
SQL: SHOW COLUMNS FROM `sbgl_node` [ RunTime:0.0008s ]
SQL: SHOW COLUMNS FROM `sbgl_role` [ RunTime:0.0008s ]
SQL: SHOW COLUMNS FROM `sbgl_user` [ RunTime:0.0009s ]
SQL: SELECT * FROM `sbgl_node` WHERE ( public=0 )  [ RunTime:0.0019s ]
NOTIC: [8] Undefined variable: public E:\sbgl\Tools\AdminController.class.php 第 24 行.
SQL: SELECT * FROM `sbgl_user` WHERE `id` = 1 LIMIT 1   [ RunTime:0.0012s ]
SQL: SELECT * FROM `sbgl_role` WHERE `id` = 2 LIMIT 1   [ RunTime:0.0005s ]
SQL: SELECT * FROM `sbgl_node` WHERE `id` IN ('30','79','80','50','51','52','53','58','59','60','61','81','32','33','34','35','36','37','41','42','77','62','63','64','65','66','67','68','69','70','89','71','72','73','74','75','76','54','55','56','57','85','86','87','88','13','14','15','16','17','18','19','20','21','22','23','24','25','26','27','28','78','83','39','40','46','47','48','49')  [ RunTime:0.0009s ]
NOTIC: [8] Undefined variable: list E:\sbgl\Tools\AdminController.class.php 第 38 行.
SQL: SHOW COLUMNS FROM `sbgl_repair` [ RunTime:0.0011s ]
SQL: SHOW COLUMNS FROM `sbgl_matter_solve` [ RunTime:0.0008s ]
SQL: SELECT * FROM `sbgl_repair` WHERE `rp_id` = 34 LIMIT 1   [ RunTime:0.0003s ]
SQL: SELECT * FROM `sbgl_matter_solve`  [ RunTime:0.0003s ]
INFO: [ view_parse ] --START--
INFO: Run Behavior\ParseTemplateBehavior [ RunTime:0.024472s ]
INFO: [ view_parse ] --END-- [ RunTime:0.024780s ]
INFO: [ view_filter ] --START--
INFO: Run Behavior\WriteHtmlCacheBehavior [ RunTime:0.001721s ]
INFO: [ view_filter ] --END-- [ RunTime:0.002158s ]
INFO: [ app_end ] --START--
INFO: Run Behavior\ShowPageTraceBehavior [ RunTime:0.001086s ]
INFO: [ app_end ] --END-- [ RunTime:0.001401s ]

[ 2017-05-30T21:11:41+08:00 ] 127.0.0.1 /admin.php/Repair/confirm/id/34
INFO: [ app_init ] --START--
INFO: Run Behavior\BuildLiteBehavior [ RunTime:0.000027s ]
INFO: [ app_init ] --END-- [ RunTime:0.000612s ]
INFO: [ app_begin ] --START--
INFO: Run Behavior\ReadHtmlCacheBehavior [ RunTime:0.000825s ]
INFO: [ app_begin ] --END-- [ RunTime:0.000972s ]
SQL: SHOW COLUMNS FROM `sbgl_node` [ RunTime:0.0008s ]
SQL: SHOW COLUMNS FROM `sbgl_role` [ RunTime:0.0006s ]
SQL: SHOW COLUMNS FROM `sbgl_user` [ RunTime:0.0007s ]
SQL: SELECT * FROM `sbgl_node` WHERE ( public=0 )  [ RunTime:0.0003s ]
NOTIC: [8] Undefined variable: public E:\sbgl\Tools\AdminController.class.php 第 24 行.
SQL: SELECT * FROM `sbgl_user` WHERE `id` = 1 LIMIT 1   [ RunTime:0.0003s ]
SQL: SELECT * FROM `sbgl_role` WHERE `id` = 2 LIMIT 1   [ RunTime:0.0003s ]
SQL: SELECT * FROM `sbgl_node` WHERE `id` IN ('30','79','80','50','51','52','53','58','59','60','61','81','32','33','34','35','36','37','41','42','77','62','63','64','65','66','67','68','69','70','89','71','72','73','74','75','76','54','55','56','57','85','86','87','88','13','14','15','16','17','18','19','20','21','22','23','24','25','26','27','28','78','83','39','40','46','47','48','49')  [ RunTime:0.0018s ]
NOTIC: [8] Undefined variable: list E:\sbgl\Tools\AdminController.class.php 第 38 行.
SQL: SHOW COLUMNS FROM `sbgl_repair` [ RunTime:0.0017s ]
SQL: SHOW COLUMNS FROM `sbgl_matter_solve` [ RunTime:0.0016s ]
SQL: SELECT * FROM `sbgl_repair` WHERE `rp_id` = 34 LIMIT 1   [ RunTime:0.0009s ]
SQL: SELECT * FROM `sbgl_matter_solve`  [ RunTime:0.0006s ]
INFO: [ view_parse ] --START--
INFO: Run Behavior\ParseTemplateBehavior [ RunTime:0.024741s ]
INFO: [ view_parse ] --END-- [ RunTime:0.024941s ]
INFO: [ view_filter ] --START--
INFO: Run Behavior\WriteHtmlCacheBehavior [ RunTime:0.000973s ]
INFO: [ view_filter ] --END-- [ RunTime:0.001168s ]
INFO: [ app_end ] --START--
INFO: Run Behavior\ShowPageTraceBehavior [ RunTime:0.001745s ]
INFO: [ app_end ] --END-- [ RunTime:0.002043s ]

[ 2017-05-30T21:11:57+08:00 ] 127.0.0.1 /admin.php/Repair/confirm/id/34
INFO: [ app_init ] --START--
INFO: Run Behavior\BuildLiteBehavior [ RunTime:0.000026s ]
INFO: [ app_init ] --END-- [ RunTime:0.000585s ]
INFO: [ app_begin ] --START--
INFO: Run Behavior\ReadHtmlCacheBehavior [ RunTime:0.000687s ]
INFO: [ app_begin ] --END-- [ RunTime:0.000813s ]
SQL: SHOW COLUMNS FROM `sbgl_node` [ RunTime:0.0013s ]
SQL: SHOW COLUMNS FROM `sbgl_role` [ RunTime:0.0010s ]
SQL: SHOW COLUMNS FROM `sbgl_user` [ RunTime:0.0013s ]
SQL: SELECT * FROM `sbgl_node` WHERE ( public=0 )  [ RunTime:0.0004s ]
NOTIC: [8] Undefined variable: public E:\sbgl\Tools\AdminController.class.php 第 24 行.
SQL: SELECT * FROM `sbgl_user` WHERE `id` = 1 LIMIT 1   [ RunTime:0.0004s ]
SQL: SELECT * FROM `sbgl_role` WHERE `id` = 2 LIMIT 1   [ RunTime:0.0003s ]
SQL: SELECT * FROM `sbgl_node` WHERE `id` IN ('30','79','80','50','51','52','53','58','59','60','61','81','32','33','34','35','36','37','41','42','77','62','63','64','65','66','67','68','69','70','89','71','72','73','74','75','76','54','55','56','57','85','86','87','88','13','14','15','16','17','18','19','20','21','22','23','24','25','26','27','28','78','83','39','40','46','47','48','49')  [ RunTime:0.0008s ]
NOTIC: [8] Undefined variable: list E:\sbgl\Tools\AdminController.class.php 第 38 行.
SQL: SHOW COLUMNS FROM `sbgl_repair` [ RunTime:0.0010s ]
SQL: SHOW COLUMNS FROM `sbgl_matter_solve` [ RunTime:0.0007s ]
SQL: SELECT * FROM `sbgl_repair` WHERE `rp_id` = 34 LIMIT 1   [ RunTime:0.0003s ]
SQL: SELECT * FROM `sbgl_matter_solve`  [ RunTime:0.0015s ]
INFO: [ view_parse ] --START--
INFO: Run Behavior\ParseTemplateBehavior [ RunTime:0.025890s ]
INFO: [ view_parse ] --END-- [ RunTime:0.026079s ]
INFO: [ view_filter ] --START--
INFO: Run Behavior\WriteHtmlCacheBehavior [ RunTime:0.000471s ]
INFO: [ view_filter ] --END-- [ RunTime:0.000567s ]
INFO: [ app_end ] --START--
INFO: Run Behavior\ShowPageTraceBehavior [ RunTime:0.000627s ]
INFO: [ app_end ] --END-- [ RunTime:0.000748s ]

[ 2017-05-30T21:15:39+08:00 ] 127.0.0.1 /admin.php/Borrow/checkBorrow/id/35
INFO: [ app_init ] --START--
INFO: Run Behavior\BuildLiteBehavior [ RunTime:0.000031s ]
INFO: [ app_init ] --END-- [ RunTime:0.000564s ]
INFO: [ app_begin ] --START--
INFO: Run Behavior\ReadHtmlCacheBehavior [ RunTime:0.001351s ]
INFO: [ app_begin ] --END-- [ RunTime:0.001579s ]
SQL: SHOW COLUMNS FROM `sbgl_node` [ RunTime:0.0013s ]
SQL: SHOW COLUMNS FROM `sbgl_role` [ RunTime:0.0008s ]
SQL: SHOW COLUMNS FROM `sbgl_user` [ RunTime:0.0008s ]
SQL: SELECT * FROM `sbgl_node` WHERE ( public=0 )  [ RunTime:0.0004s ]
NOTIC: [8] Undefined variable: public E:\sbgl\Tools\AdminController.class.php 第 24 行.
SQL: SELECT * FROM `sbgl_user` WHERE `id` = 1 LIMIT 1   [ RunTime:0.0003s ]
SQL: SELECT * FROM `sbgl_role` WHERE `id` = 2 LIMIT 1   [ RunTime:0.0003s ]
SQL: SELECT * FROM `sbgl_node` WHERE `id` IN ('30','79','80','50','51','52','53','58','59','60','61','81','32','33','34','35','36','37','41','42','77','62','63','64','65','66','67','68','69','70','89','71','72','73','74','75','76','54','55','56','57','85','86','87','88','13','14','15','16','17','18','19','20','21','22','23','24','25','26','27','28','78','83','39','40','46','47','48','49')  [ RunTime:0.0018s ]
NOTIC: [8] Undefined variable: list E:\sbgl\Tools\AdminController.class.php 第 38 行.
SQL: SHOW COLUMNS FROM `sbgl_borrow` [ RunTime:0.0013s ]
SQL: SELECT * FROM `sbgl_borrow` WHERE `br_id` = 35 LIMIT 1   [ RunTime:0.0006s ]
INFO: [ view_parse ] --START--
INFO: Run Behavior\ParseTemplateBehavior [ RunTime:0.093533s ]
INFO: [ view_parse ] --END-- [ RunTime:0.093805s ]
INFO: [ view_filter ] --START--
INFO: Run Behavior\WriteHtmlCacheBehavior [ RunTime:0.000901s ]
INFO: [ view_filter ] --END-- [ RunTime:0.001078s ]
INFO: [ app_end ] --START--
INFO: Run Behavior\ShowPageTraceBehavior [ RunTime:0.000887s ]
INFO: [ app_end ] --END-- [ RunTime:0.001078s ]

[ 2017-05-30T21:16:01+08:00 ] 127.0.0.1 /admin.php/Repair/confirm/id/35
INFO: [ app_init ] --START--
INFO: Run Behavior\BuildLiteBehavior [ RunTime:0.000046s ]
INFO: [ app_init ] --END-- [ RunTime:0.000808s ]
INFO: [ app_begin ] --START--
INFO: Run Behavior\ReadHtmlCacheBehavior [ RunTime:0.001243s ]
INFO: [ app_begin ] --END-- [ RunTime:0.001485s ]
SQL: SHOW COLUMNS FROM `sbgl_node` [ RunTime:0.0014s ]
SQL: SHOW COLUMNS FROM `sbgl_role` [ RunTime:0.0010s ]
SQL: SHOW COLUMNS FROM `sbgl_user` [ RunTime:0.0007s ]
SQL: SELECT * FROM `sbgl_node` WHERE ( public=0 )  [ RunTime:0.0003s ]
NOTIC: [8] Undefined variable: public E:\sbgl\Tools\AdminController.class.php 第 24 行.
SQL: SELECT * FROM `sbgl_user` WHERE `id` = 1 LIMIT 1   [ RunTime:0.0003s ]
SQL: SELECT * FROM `sbgl_role` WHERE `id` = 2 LIMIT 1   [ RunTime:0.0002s ]
SQL: SELECT * FROM `sbgl_node` WHERE `id` IN ('30','79','80','50','51','52','53','58','59','60','61','81','32','33','34','35','36','37','41','42','77','62','63','64','65','66','67','68','69','70','89','71','72','73','74','75','76','54','55','56','57','85','86','87','88','13','14','15','16','17','18','19','20','21','22','23','24','25','26','27','28','78','83','39','40','46','47','48','49')  [ RunTime:0.0007s ]
NOTIC: [8] Undefined variable: list E:\sbgl\Tools\AdminController.class.php 第 38 行.
SQL: SHOW COLUMNS FROM `sbgl_repair` [ RunTime:0.0016s ]
SQL: SHOW COLUMNS FROM `sbgl_matter_solve` [ RunTime:0.0009s ]
SQL: SELECT * FROM `sbgl_repair` WHERE `rp_id` = 35 LIMIT 1   [ RunTime:0.0004s ]
SQL: SELECT * FROM `sbgl_matter_solve`  [ RunTime:0.0003s ]
INFO: [ view_parse ] --START--
INFO: Run Behavior\ParseTemplateBehavior [ RunTime:0.021770s ]
INFO: [ view_parse ] --END-- [ RunTime:0.022087s ]
INFO: [ view_filter ] --START--
INFO: Run Behavior\WriteHtmlCacheBehavior [ RunTime:0.000539s ]
INFO: [ view_filter ] --END-- [ RunTime:0.000651s ]
INFO: [ app_end ] --START--
INFO: Run Behavior\ShowPageTraceBehavior [ RunTime:0.000571s ]
INFO: [ app_end ] --END-- [ RunTime:0.000697s ]

[ 2017-05-30T21:16:16+08:00 ] 127.0.0.1 /admin.php/Repair/confirm/id/35
INFO: [ app_init ] --START--
INFO: Run Behavior\BuildLiteBehavior [ RunTime:0.000046s ]
INFO: [ app_init ] --END-- [ RunTime:0.001207s ]
INFO: [ app_begin ] --START--
INFO: Run Behavior\ReadHtmlCacheBehavior [ RunTime:0.001171s ]
INFO: [ app_begin ] --END-- [ RunTime:0.001413s ]
SQL: SHOW COLUMNS FROM `sbgl_node` [ RunTime:0.0008s ]
SQL: SHOW COLUMNS FROM `sbgl_role` [ RunTime:0.0007s ]
SQL: SHOW COLUMNS FROM `sbgl_user` [ RunTime:0.0009s ]
SQL: SELECT * FROM `sbgl_node` WHERE ( public=0 )  [ RunTime:0.0004s ]
NOTIC: [8] Undefined variable: public E:\sbgl\Tools\AdminController.class.php 第 24 行.
SQL: SELECT * FROM `sbgl_user` WHERE `id` = 1 LIMIT 1   [ RunTime:0.0003s ]
SQL: SELECT * FROM `sbgl_role` WHERE `id` = 2 LIMIT 1   [ RunTime:0.0017s ]
SQL: SELECT * FROM `sbgl_node` WHERE `id` IN ('30','79','80','50','51','52','53','58','59','60','61','81','32','33','34','35','36','37','41','42','77','62','63','64','65','66','67','68','69','70','89','71','72','73','74','75','76','54','55','56','57','85','86','87','88','13','14','15','16','17','18','19','20','21','22','23','24','25','26','27','28','78','83','39','40','46','47','48','49')  [ RunTime:0.0014s ]
NOTIC: [8] Undefined variable: list E:\sbgl\Tools\AdminController.class.php 第 38 行.
SQL: SHOW COLUMNS FROM `sbgl_repair` [ RunTime:0.0012s ]
SQL: SHOW COLUMNS FROM `sbgl_matter_solve` [ RunTime:0.0007s ]
SQL: SELECT * FROM `sbgl_repair` WHERE `rp_id` = 35 LIMIT 1   [ RunTime:0.0003s ]
SQL: SELECT * FROM `sbgl_matter_solve`  [ RunTime:0.0002s ]
INFO: [ view_parse ] --START--
INFO: Run Behavior\ParseTemplateBehavior [ RunTime:0.025633s ]
INFO: [ view_parse ] --END-- [ RunTime:0.025772s ]
INFO: [ view_filter ] --START--
INFO: Run Behavior\WriteHtmlCacheBehavior [ RunTime:0.000767s ]
INFO: [ view_filter ] --END-- [ RunTime:0.000885s ]
INFO: [ app_end ] --START--
INFO: Run Behavior\ShowPageTraceBehavior [ RunTime:0.000683s ]
INFO: [ app_end ] --END-- [ RunTime:0.000809s ]

[ 2017-05-30T21:21:52+08:00 ] 127.0.0.1 /admin.php/Repair/confirm/id/35
INFO: [ app_init ] --START--
INFO: Run Behavior\BuildLiteBehavior [ RunTime:0.000052s ]
INFO: [ app_init ] --END-- [ RunTime:0.000890s ]
INFO: [ app_begin ] --START--
INFO: Run Behavior\ReadHtmlCacheBehavior [ RunTime:0.001544s ]
INFO: [ app_begin ] --END-- [ RunTime:0.001766s ]
SQL: SHOW COLUMNS FROM `sbgl_node` [ RunTime:0.0008s ]
SQL: SHOW COLUMNS FROM `sbgl_role` [ RunTime:0.0007s ]
SQL: SHOW COLUMNS FROM `sbgl_user` [ RunTime:0.0008s ]
SQL: SELECT * FROM `sbgl_node` WHERE ( public=0 )  [ RunTime:0.0004s ]
NOTIC: [8] Undefined variable: public E:\sbgl\Tools\AdminController.class.php 第 24 行.
SQL: SELECT * FROM `sbgl_user` WHERE `id` = 1 LIMIT 1   [ RunTime:0.0003s ]
SQL: SELECT * FROM `sbgl_role` WHERE `id` = 2 LIMIT 1   [ RunTime:0.0003s ]
SQL: SELECT * FROM `sbgl_node` WHERE `id` IN ('30','79','80','50','51','52','53','58','59','60','61','81','32','33','34','35','36','37','41','42','77','62','63','64','65','66','67','68','69','70','89','71','72','73','74','75','76','54','55','56','57','85','86','87','88','13','14','15','16','17','18','19','20','21','22','23','24','25','26','27','28','78','83','39','40','46','47','48','49')  [ RunTime:0.0017s ]
NOTIC: [8] Undefined variable: list E:\sbgl\Tools\AdminController.class.php 第 38 行.
SQL: SHOW COLUMNS FROM `sbgl_repair` [ RunTime:0.0015s ]
SQL: SHOW COLUMNS FROM `sbgl_matter_solve` [ RunTime:0.0015s ]
SQL: SELECT * FROM `sbgl_repair` WHERE `rp_id` = 35 LIMIT 1   [ RunTime:0.0005s ]
SQL: SELECT * FROM `sbgl_matter_solve`  [ RunTime:0.0002s ]
INFO: [ view_parse ] --START--
INFO: Run Behavior\ParseTemplateBehavior [ RunTime:0.023655s ]
INFO: [ view_parse ] --END-- [ RunTime:0.023842s ]
INFO: [ view_filter ] --START--
INFO: Run Behavior\WriteHtmlCacheBehavior [ RunTime:0.001351s ]
INFO: [ view_filter ] --END-- [ RunTime:0.001529s ]
INFO: [ app_end ] --START--
INFO: Run Behavior\ShowPageTraceBehavior [ RunTime:0.000876s ]
INFO: [ app_end ] --END-- [ RunTime:0.001006s ]

[ 2017-05-30T21:57:49+08:00 ] 127.0.0.1 /admin.php/System/versionList
INFO: [ app_init ] --START--
INFO: Run Behavior\BuildLiteBehavior [ RunTime:0.000044s ]
INFO: [ app_init ] --END-- [ RunTime:0.000929s ]
INFO: [ app_begin ] --START--
INFO: Run Behavior\ReadHtmlCacheBehavior [ RunTime:0.001222s ]
INFO: [ app_begin ] --END-- [ RunTime:0.001428s ]
SQL: SHOW COLUMNS FROM `sbgl_node` [ RunTime:0.0010s ]
SQL: SHOW COLUMNS FROM `sbgl_role` [ RunTime:0.0007s ]
SQL: SHOW COLUMNS FROM `sbgl_user` [ RunTime:0.0008s ]
SQL: SELECT * FROM `sbgl_node` WHERE ( public=0 )  [ RunTime:0.0003s ]
NOTIC: [8] Undefined variable: public E:\sbgl\Tools\AdminController.class.php 第 24 行.
SQL: SELECT * FROM `sbgl_user` WHERE `id` = 1 LIMIT 1   [ RunTime:0.0004s ]
SQL: SELECT * FROM `sbgl_role` WHERE `id` = 2 LIMIT 1   [ RunTime:0.0003s ]
SQL: SELECT * FROM `sbgl_node` WHERE `id` IN ('30','79','80','50','51','52','53','58','59','60','61','81','32','33','34','35','36','37','41','42','77','62','63','64','65','66','67','68','69','70','89','71','72','73','74','75','76','54','55','56','57','85','86','87','88','13','14','15','16','17','18','19','20','21','22','23','24','25','26','27','28','78','83','39','40','46','47','48','49')  [ RunTime:0.0006s ]
NOTIC: [8] Undefined variable: list E:\sbgl\Tools\AdminController.class.php 第 38 行.
SQL: SHOW COLUMNS FROM `sbgl_version` [ RunTime:0.0008s ]
SQL: SELECT * FROM `sbgl_version` ORDER BY client_type asc,time desc  [ RunTime:0.0004s ]
SQL: SELECT COUNT(*) AS tp_count FROM `sbgl_version` LIMIT 1   [ RunTime:0.0004s ]
NOTIC: [8] Undefined index: p E:\sbgl\Common\Common\function.php 第 6 行.
INFO: [ view_parse ] --START--
INFO: Run Behavior\ParseTemplateBehavior [ RunTime:0.014771s ]
INFO: [ view_parse ] --END-- [ RunTime:0.014980s ]
INFO: [ view_filter ] --START--
INFO: Run Behavior\WriteHtmlCacheBehavior [ RunTime:0.000944s ]
INFO: [ view_filter ] --END-- [ RunTime:0.001115s ]
INFO: [ app_end ] --START--
INFO: Run Behavior\ShowPageTraceBehavior [ RunTime:0.001118s ]
INFO: [ app_end ] --END-- [ RunTime:0.001321s ]

[ 2017-05-30T21:57:50+08:00 ] 127.0.0.1 /admin.php/System/addVersion
INFO: [ app_init ] --START--
INFO: Run Behavior\BuildLiteBehavior [ RunTime:0.000040s ]
INFO: [ app_init ] --END-- [ RunTime:0.000607s ]
INFO: [ app_begin ] --START--
INFO: Run Behavior\ReadHtmlCacheBehavior [ RunTime:0.000965s ]
INFO: [ app_begin ] --END-- [ RunTime:0.001155s ]
SQL: SHOW COLUMNS FROM `sbgl_node` [ RunTime:0.0015s ]
SQL: SHOW COLUMNS FROM `sbgl_role` [ RunTime:0.0011s ]
SQL: SHOW COLUMNS FROM `sbgl_user` [ RunTime:0.0024s ]
SQL: SELECT * FROM `sbgl_node` WHERE ( public=0 )  [ RunTime:0.0007s ]
NOTIC: [8] Undefined variable: public E:\sbgl\Tools\AdminController.class.php 第 24 行.
SQL: SELECT * FROM `sbgl_user` WHERE `id` = 1 LIMIT 1   [ RunTime:0.0006s ]
SQL: SELECT * FROM `sbgl_role` WHERE `id` = 2 LIMIT 1   [ RunTime:0.0005s ]
SQL: SELECT * FROM `sbgl_node` WHERE `id` IN ('30','79','80','50','51','52','53','58','59','60','61','81','32','33','34','35','36','37','41','42','77','62','63','64','65','66','67','68','69','70','89','71','72','73','74','75','76','54','55','56','57','85','86','87','88','13','14','15','16','17','18','19','20','21','22','23','24','25','26','27','28','78','83','39','40','46','47','48','49')  [ RunTime:0.0008s ]
NOTIC: [8] Undefined variable: list E:\sbgl\Tools\AdminController.class.php 第 38 行.
NOTIC: [2048] Declaration of Model\VersionModel::check() should be compatible with Think\Model::check($value, $rule, $type = 'regex') E:\sbgl\Model\VersionModel.class.php 第 37 行.
SQL: SHOW COLUMNS FROM `sbgl_version` [ RunTime:0.0031s ]
INFO: [ view_parse ] --START--
INFO: Run Behavior\ParseTemplateBehavior [ RunTime:0.018751s ]
INFO: [ view_parse ] --END-- [ RunTime:0.018914s ]
INFO: [ view_filter ] --START--
INFO: Run Behavior\WriteHtmlCacheBehavior [ RunTime:0.000990s ]
INFO: [ view_filter ] --END-- [ RunTime:0.001156s ]
INFO: [ app_end ] --START--
INFO: Run Behavior\ShowPageTraceBehavior [ RunTime:0.001170s ]
INFO: [ app_end ] --END-- [ RunTime:0.001448s ]

[ 2017-05-30T22:00:45+08:00 ] 127.0.0.1 /admin.php/System/addVersion
INFO: [ app_init ] --START--
INFO: Run Behavior\BuildLiteBehavior [ RunTime:0.000043s ]
INFO: [ app_init ] --END-- [ RunTime:0.000840s ]
INFO: [ app_begin ] --START--
INFO: Run Behavior\ReadHtmlCacheBehavior [ RunTime:0.001183s ]
INFO: [ app_begin ] --END-- [ RunTime:0.001416s ]
SQL: SHOW COLUMNS FROM `sbgl_node` [ RunTime:0.0020s ]
SQL: SHOW COLUMNS FROM `sbgl_role` [ RunTime:0.0009s ]
SQL: SHOW COLUMNS FROM `sbgl_user` [ RunTime:0.0008s ]
SQL: SELECT * FROM `sbgl_node` WHERE ( public=0 )  [ RunTime:0.0004s ]
NOTIC: [8] Undefined variable: public E:\sbgl\Tools\AdminController.class.php 第 24 行.
SQL: SELECT * FROM `sbgl_user` WHERE `id` = 1 LIMIT 1   [ RunTime:0.0004s ]
SQL: SELECT * FROM `sbgl_role` WHERE `id` = 2 LIMIT 1   [ RunTime:0.0003s ]
SQL: SELECT * FROM `sbgl_node` WHERE `id` IN ('30','79','80','50','51','52','53','58','59','60','61','81','32','33','34','35','36','37','41','42','77','62','63','64','65','66','67','68','69','70','89','71','72','73','74','75','76','54','55','56','57','85','86','87','88','13','14','15','16','17','18','19','20','21','22','23','24','25','26','27','28','78','83','39','40','46','47','48','49')  [ RunTime:0.0006s ]
NOTIC: [8] Undefined variable: list E:\sbgl\Tools\AdminController.class.php 第 38 行.
NOTIC: [2048] Declaration of Model\VersionModel::check() should be compatible with Think\Model::check($value, $rule, $type = 'regex') E:\sbgl\Model\VersionModel.class.php 第 37 行.
SQL: SHOW COLUMNS FROM `sbgl_version` [ RunTime:0.0008s ]
INFO: [ view_parse ] --START--
INFO: Run Behavior\ParseTemplateBehavior [ RunTime:0.021866s ]
INFO: [ view_parse ] --END-- [ RunTime:0.022095s ]
INFO: [ view_filter ] --START--
INFO: Run Behavior\WriteHtmlCacheBehavior [ RunTime:0.001395s ]
INFO: [ view_filter ] --END-- [ RunTime:0.001574s ]
INFO: [ app_end ] --START--
INFO: Run Behavior\ShowPageTraceBehavior [ RunTime:0.001034s ]
INFO: [ app_end ] --END-- [ RunTime:0.001230s ]

[ 2017-05-30T22:12:02+08:00 ] 127.0.0.1 /admin.php/Repair/repairList
INFO: [ app_init ] --START--
INFO: Run Behavior\BuildLiteBehavior [ RunTime:0.000037s ]
INFO: [ app_init ] --END-- [ RunTime:0.000501s ]
INFO: [ app_begin ] --START--
INFO: Run Behavior\ReadHtmlCacheBehavior [ RunTime:0.000783s ]
INFO: [ app_begin ] --END-- [ RunTime:0.000903s ]
SQL: SHOW COLUMNS FROM `sbgl_node` [ RunTime:0.0009s ]
SQL: SHOW COLUMNS FROM `sbgl_role` [ RunTime:0.0007s ]
SQL: SHOW COLUMNS FROM `sbgl_user` [ RunTime:0.0008s ]
SQL: SELECT * FROM `sbgl_node` WHERE ( public=0 )  [ RunTime:0.0004s ]
NOTIC: [8] Undefined variable: public E:\sbgl\Tools\AdminController.class.php 第 24 行.
SQL: SELECT * FROM `sbgl_user` WHERE `id` = 1 LIMIT 1   [ RunTime:0.0006s ]
SQL: SELECT * FROM `sbgl_role` WHERE `id` = 2 LIMIT 1   [ RunTime:0.0003s ]
SQL: SELECT * FROM `sbgl_node` WHERE `id` IN ('30','79','80','50','51','52','53','58','59','60','61','81','32','33','34','35','36','37','41','42','77','62','63','64','65','66','67','68','69','70','89','71','72','73','74','75','76','54','55','56','57','85','86','87','88','13','14','15','16','17','18','19','20','21','22','23','24','25','26','27','28','78','83','39','40','46','47','48','49')  [ RunTime:0.0152s ]
NOTIC: [8] Undefined variable: list E:\sbgl\Tools\AdminController.class.php 第 38 行.
INFO: [ view_parse ] --START--
INFO: Run Behavior\ParseTemplateBehavior [ RunTime:0.012287s ]
INFO: [ view_parse ] --END-- [ RunTime:0.012433s ]
INFO: [ view_filter ] --START--
INFO: Run Behavior\WriteHtmlCacheBehavior [ RunTime:0.001727s ]
INFO: [ view_filter ] --END-- [ RunTime:0.001912s ]
INFO: [ app_end ] --START--
INFO: Run Behavior\ShowPageTraceBehavior [ RunTime:0.001191s ]
INFO: [ app_end ] --END-- [ RunTime:0.001425s ]

[ 2017-05-30T22:12:02+08:00 ] 127.0.0.1 /admin.php/Repair/repairList?p=1
INFO: [ app_init ] --START--
INFO: Run Behavior\BuildLiteBehavior [ RunTime:0.000029s ]
INFO: [ app_init ] --END-- [ RunTime:0.000516s ]
INFO: [ app_begin ] --START--
INFO: Run Behavior\ReadHtmlCacheBehavior [ RunTime:0.001598s ]
INFO: [ app_begin ] --END-- [ RunTime:0.001806s ]
SQL: SHOW COLUMNS FROM `sbgl_node` [ RunTime:0.0008s ]
SQL: SHOW COLUMNS FROM `sbgl_role` [ RunTime:0.0009s ]
SQL: SHOW COLUMNS FROM `sbgl_user` [ RunTime:0.0008s ]
SQL: SELECT * FROM `sbgl_node` WHERE ( public=0 )  [ RunTime:0.0005s ]
NOTIC: [8] Undefined variable: public E:\sbgl\Tools\AdminController.class.php 第 24 行.
SQL: SELECT * FROM `sbgl_user` WHERE `id` = 1 LIMIT 1   [ RunTime:0.0006s ]
SQL: SELECT * FROM `sbgl_role` WHERE `id` = 2 LIMIT 1   [ RunTime:0.0003s ]
SQL: SELECT * FROM `sbgl_node` WHERE `id` IN ('30','79','80','50','51','52','53','58','59','60','61','81','32','33','34','35','36','37','41','42','77','62','63','64','65','66','67','68','69','70','89','71','72','73','74','75','76','54','55','56','57','85','86','87','88','13','14','15','16','17','18','19','20','21','22','23','24','25','26','27','28','78','83','39','40','46','47','48','49')  [ RunTime:0.0008s ]
NOTIC: [8] Undefined variable: list E:\sbgl\Tools\AdminController.class.php 第 38 行.
SQL: SHOW COLUMNS FROM `sbgl_repair` [ RunTime:0.0008s ]
SQL: SELECT COUNT(*) AS tp_count FROM `sbgl_repair` LIMIT 1   [ RunTime:0.0002s ]
SQL: SELECT * FROM `sbgl_repair` ORDER BY rp_time desc,rp_id desc LIMIT 0,2   [ RunTime:0.0003s ]

[ 2017-05-30T22:12:03+08:00 ] 127.0.0.1 /admin.php/Repair/addRepair
INFO: [ app_init ] --START--
INFO: Run Behavior\BuildLiteBehavior [ RunTime:0.000028s ]
INFO: [ app_init ] --END-- [ RunTime:0.000568s ]
INFO: [ app_begin ] --START--
INFO: Run Behavior\ReadHtmlCacheBehavior [ RunTime:0.000762s ]
INFO: [ app_begin ] --END-- [ RunTime:0.000909s ]
SQL: SHOW COLUMNS FROM `sbgl_node` [ RunTime:0.0008s ]
SQL: SHOW COLUMNS FROM `sbgl_role` [ RunTime:0.0007s ]
SQL: SHOW COLUMNS FROM `sbgl_user` [ RunTime:0.0009s ]
SQL: SELECT * FROM `sbgl_node` WHERE ( public=0 )  [ RunTime:0.0008s ]
NOTIC: [8] Undefined variable: public E:\sbgl\Tools\AdminController.class.php 第 24 行.
SQL: SELECT * FROM `sbgl_user` WHERE `id` = 1 LIMIT 1   [ RunTime:0.0007s ]
SQL: SELECT * FROM `sbgl_role` WHERE `id` = 2 LIMIT 1   [ RunTime:0.0006s ]
SQL: SELECT * FROM `sbgl_node` WHERE `id` IN ('30','79','80','50','51','52','53','58','59','60','61','81','32','33','34','35','36','37','41','42','77','62','63','64','65','66','67','68','69','70','89','71','72','73','74','75','76','54','55','56','57','85','86','87','88','13','14','15','16','17','18','19','20','21','22','23','24','25','26','27','28','78','83','39','40','46','47','48','49')  [ RunTime:0.0013s ]
NOTIC: [8] Undefined variable: list E:\sbgl\Tools\AdminController.class.php 第 38 行.
SQL: SHOW COLUMNS FROM `sbgl_repair` [ RunTime:0.0013s ]
SQL: SHOW COLUMNS FROM `sbgl_matter_solve` [ RunTime:0.0014s ]
SQL: SHOW COLUMNS FROM `sbgl_device` [ RunTime:0.0010s ]
SQL: SELECT * FROM `sbgl_matter_solve` WHERE ( ms_type=1 )  [ RunTime:0.0003s ]
SQL: SELECT * FROM `sbgl_matter_solve` WHERE ( ms_type=2 )  [ RunTime:0.0004s ]
INFO: [ view_parse ] --START--
INFO: Run Behavior\ParseTemplateBehavior [ RunTime:0.016342s ]
INFO: [ view_parse ] --END-- [ RunTime:0.016681s ]
INFO: [ view_filter ] --START--
INFO: Run Behavior\WriteHtmlCacheBehavior [ RunTime:0.001030s ]
INFO: [ view_filter ] --END-- [ RunTime:0.001256s ]
INFO: [ app_end ] --START--
INFO: Run Behavior\ShowPageTraceBehavior [ RunTime:0.000804s ]
INFO: [ app_end ] --END-- [ RunTime:0.000984s ]

