[ 2017-07-31T11:11:52+08:00 ] 127.0.0.1 /admin.php/Login/login.html
INFO: [ app_begin ] --START--
INFO: Run Behavior\ReadHtmlCacheBehavior [ RunTime:0.000436s ]
INFO: [ app_begin ] --END-- [ RunTime:0.000851s ]
SQL: SHOW COLUMNS FROM `sbgl_node` [ RunTime:0.0008s ]
SQL: SHOW COLUMNS FROM `sbgl_role` [ RunTime:0.0008s ]
SQL: SHOW COLUMNS FROM `sbgl_user` [ RunTime:0.0009s ]
SQL: SELECT * FROM `sbgl_node` WHERE ( public=0 )  [ RunTime:0.0003s ]
NOTIC: [8] Undefined variable: public E:\sbgl\Tools\AdminController.class.php 第 27 行.
SQL: SHOW COLUMNS FROM `sbgl_user` [ RunTime:0.0006s ]
SQL: SELECT * FROM `sbgl_user` WHERE ( user='151110192' ) LIMIT 1   [ RunTime:0.0071s ]
SQL: UPDATE `sbgl_user` SET `login_time`='1501470711',`login_ip`='127.0.0.1',`login_number`='89' WHERE `id` = 1 [ RunTime:0.0007s ]

[ 2017-07-31T11:11:55+08:00 ] 127.0.0.1 /admin.php/Device/deviceList?p=1&start=&end=&dc=&mf=&mr=&num=&iden=
INFO: [ app_begin ] --START--
INFO: Run Behavior\ReadHtmlCacheBehavior [ RunTime:0.000637s ]
INFO: [ app_begin ] --END-- [ RunTime:0.001196s ]
SQL: SHOW COLUMNS FROM `sbgl_node` [ RunTime:0.0013s ]
SQL: SHOW COLUMNS FROM `sbgl_role` [ RunTime:0.0008s ]
SQL: SHOW COLUMNS FROM `sbgl_user` [ RunTime:0.0009s ]
SQL: SELECT * FROM `sbgl_node` WHERE ( public=0 )  [ RunTime:0.0003s ]
NOTIC: [8] Undefined variable: public E:\sbgl\Tools\AdminController.class.php 第 27 行.
SQL: SELECT * FROM `sbgl_role` WHERE `id` = 2 LIMIT 1   [ RunTime:0.0003s ]
SQL: SELECT * FROM `sbgl_node` WHERE `id` IN ('30','79','80','58','59','60','61','81','91','32','33','34','35','36','37','41','42','50','51','52','53','77','90','62','63','64','65','66','67','68','69','70','89','71','72','73','74','75','76','54','55','56','57','85','86','87','88','13','14','15','16','17','18','19','20','21','22','23','24','25','26','27','28','78','83','39','40','46','47','48','49')  [ RunTime:0.0008s ]
NOTIC: [8] Undefined variable: list E:\sbgl\Tools\AdminController.class.php 第 44 行.
SQL: SHOW COLUMNS FROM `sbgl_device_class` [ RunTime:0.0040s ]
SQL: SHOW COLUMNS FROM `sbgl_manufacturer` [ RunTime:0.0036s ]
SQL: SHOW COLUMNS FROM `sbgl_machine_room` [ RunTime:0.0008s ]
SQL: SELECT * FROM `sbgl_device_class`  [ RunTime:0.0003s ]
SQL: SELECT * FROM `sbgl_manufacturer`  [ RunTime:0.0002s ]
SQL: SELECT * FROM `sbgl_machine_room`  [ RunTime:0.0002s ]
SQL: SHOW COLUMNS FROM `sbgl_device` [ RunTime:0.0011s ]
SQL: SELECT * FROM `sbgl_device` LEFT JOIN sbgl_device_class on sbgl_device.dv_dcid=sbgl_device_class.dc_id  ORDER BY dv_time desc,dv_identifier desc LIMIT 0,10   [ RunTime:0.0012s ]
SQL: SELECT COUNT(*) AS tp_count FROM `sbgl_device` LIMIT 1   [ RunTime:0.0003s ]

[ 2017-07-31T11:12:06+08:00 ] 127.0.0.1 /admin.php/Buy/buyList?p=1
INFO: [ app_begin ] --START--
INFO: Run Behavior\ReadHtmlCacheBehavior [ RunTime:0.000526s ]
INFO: [ app_begin ] --END-- [ RunTime:0.001121s ]
SQL: SHOW COLUMNS FROM `sbgl_node` [ RunTime:0.0016s ]
SQL: SHOW COLUMNS FROM `sbgl_role` [ RunTime:0.0013s ]
SQL: SHOW COLUMNS FROM `sbgl_user` [ RunTime:0.0009s ]
SQL: SELECT * FROM `sbgl_node` WHERE ( public=0 )  [ RunTime:0.0003s ]
NOTIC: [8] Undefined variable: public E:\sbgl\Tools\AdminController.class.php 第 27 行.
SQL: SELECT * FROM `sbgl_role` WHERE `id` = 2 LIMIT 1   [ RunTime:0.0004s ]
SQL: SELECT * FROM `sbgl_node` WHERE `id` IN ('30','79','80','58','59','60','61','81','91','32','33','34','35','36','37','41','42','50','51','52','53','77','90','62','63','64','65','66','67','68','69','70','89','71','72','73','74','75','76','54','55','56','57','85','86','87','88','13','14','15','16','17','18','19','20','21','22','23','24','25','26','27','28','78','83','39','40','46','47','48','49')  [ RunTime:0.0006s ]
NOTIC: [8] Undefined variable: list E:\sbgl\Tools\AdminController.class.php 第 44 行.
SQL: SHOW COLUMNS FROM `sbgl_buy` [ RunTime:0.0031s ]
SQL: SELECT COUNT(*) AS tp_count FROM `sbgl_buy` LIMIT 1   [ RunTime:0.0003s ]
SQL: SELECT * FROM `sbgl_buy` LEFT JOIN sbgl_manufacturer on sbgl_buy.manufacturer_id=sbgl_manufacturer.mf_id  ORDER BY time desc,id desc LIMIT 0,10   [ RunTime:0.0029s ]

[ 2017-07-31T11:12:28+08:00 ] 127.0.0.1 /admin.php/Buy/quickInput
INFO: [ app_begin ] --START--
INFO: Run Behavior\ReadHtmlCacheBehavior [ RunTime:0.001528s ]
INFO: [ app_begin ] --END-- [ RunTime:0.002573s ]
SQL: SHOW COLUMNS FROM `sbgl_node` [ RunTime:0.0020s ]
SQL: SHOW COLUMNS FROM `sbgl_role` [ RunTime:0.0027s ]
SQL: SHOW COLUMNS FROM `sbgl_user` [ RunTime:0.0010s ]
SQL: SELECT * FROM `sbgl_node` WHERE ( public=0 )  [ RunTime:0.0004s ]
NOTIC: [8] Undefined variable: public E:\sbgl\Tools\AdminController.class.php 第 27 行.
SQL: SELECT * FROM `sbgl_role` WHERE `id` = 2 LIMIT 1   [ RunTime:0.0003s ]
SQL: SELECT * FROM `sbgl_node` WHERE `id` IN ('30','79','80','58','59','60','61','81','91','32','33','34','35','36','37','41','42','50','51','52','53','77','90','62','63','64','65','66','67','68','69','70','89','71','72','73','74','75','76','54','55','56','57','85','86','87','88','13','14','15','16','17','18','19','20','21','22','23','24','25','26','27','28','78','83','39','40','46','47','48','49')  [ RunTime:0.0006s ]
NOTIC: [8] Undefined variable: list E:\sbgl\Tools\AdminController.class.php 第 44 行.
SQL: SHOW COLUMNS FROM `sbgl_device` [ RunTime:0.0037s ]
SQL: SHOW COLUMNS FROM `sbgl_buy` [ RunTime:0.0055s ]
NOTIC: [8] Undefined index: validate E:\sbgl\ThinkPHP\Library\Think\Model.class.php 第 1185 行.

[ 2017-07-31T11:12:32+08:00 ] 127.0.0.1 /admin.php/Buy/quickInput
INFO: [ app_begin ] --START--
INFO: Run Behavior\ReadHtmlCacheBehavior [ RunTime:0.000489s ]
INFO: [ app_begin ] --END-- [ RunTime:0.000933s ]
SQL: SHOW COLUMNS FROM `sbgl_node` [ RunTime:0.0010s ]
SQL: SHOW COLUMNS FROM `sbgl_role` [ RunTime:0.0008s ]
SQL: SHOW COLUMNS FROM `sbgl_user` [ RunTime:0.0009s ]
SQL: SELECT * FROM `sbgl_node` WHERE ( public=0 )  [ RunTime:0.0004s ]
NOTIC: [8] Undefined variable: public E:\sbgl\Tools\AdminController.class.php 第 27 行.
SQL: SELECT * FROM `sbgl_role` WHERE `id` = 2 LIMIT 1   [ RunTime:0.0003s ]
SQL: SELECT * FROM `sbgl_node` WHERE `id` IN ('30','79','80','58','59','60','61','81','91','32','33','34','35','36','37','41','42','50','51','52','53','77','90','62','63','64','65','66','67','68','69','70','89','71','72','73','74','75','76','54','55','56','57','85','86','87','88','13','14','15','16','17','18','19','20','21','22','23','24','25','26','27','28','78','83','39','40','46','47','48','49')  [ RunTime:0.0017s ]
NOTIC: [8] Undefined variable: list E:\sbgl\Tools\AdminController.class.php 第 44 行.
SQL: SHOW COLUMNS FROM `sbgl_device` [ RunTime:0.0009s ]
SQL: SHOW COLUMNS FROM `sbgl_buy` [ RunTime:0.0030s ]
NOTIC: [8] Undefined index: validate E:\sbgl\ThinkPHP\Library\Think\Model.class.php 第 1185 行.

[ 2017-07-31T11:12:40+08:00 ] 127.0.0.1 /admin.php/Buy/quickInput
INFO: [ app_begin ] --START--
INFO: Run Behavior\ReadHtmlCacheBehavior [ RunTime:0.000411s ]
INFO: [ app_begin ] --END-- [ RunTime:0.000808s ]
SQL: SHOW COLUMNS FROM `sbgl_node` [ RunTime:0.0006s ]
SQL: SHOW COLUMNS FROM `sbgl_role` [ RunTime:0.0005s ]
SQL: SHOW COLUMNS FROM `sbgl_user` [ RunTime:0.0026s ]
SQL: SELECT * FROM `sbgl_node` WHERE ( public=0 )  [ RunTime:0.0008s ]
NOTIC: [8] Undefined variable: public E:\sbgl\Tools\AdminController.class.php 第 27 行.
SQL: SELECT * FROM `sbgl_role` WHERE `id` = 2 LIMIT 1   [ RunTime:0.0012s ]
SQL: SELECT * FROM `sbgl_node` WHERE `id` IN ('30','79','80','58','59','60','61','81','91','32','33','34','35','36','37','41','42','50','51','52','53','77','90','62','63','64','65','66','67','68','69','70','89','71','72','73','74','75','76','54','55','56','57','85','86','87','88','13','14','15','16','17','18','19','20','21','22','23','24','25','26','27','28','78','83','39','40','46','47','48','49')  [ RunTime:0.0010s ]
NOTIC: [8] Undefined variable: list E:\sbgl\Tools\AdminController.class.php 第 44 行.
SQL: SHOW COLUMNS FROM `sbgl_device` [ RunTime:0.0008s ]
SQL: SHOW COLUMNS FROM `sbgl_buy` [ RunTime:0.0026s ]
NOTIC: [8] Undefined index: validate E:\sbgl\ThinkPHP\Library\Think\Model.class.php 第 1185 行.
NOTIC: [8] Undefined index: dv_price E:\sbgl\ThinkPHP\Library\Think\Model.class.php 第 1217 行.
NOTIC: [8] Undefined index: dv_price E:\sbgl\ThinkPHP\Library\Think\Model.class.php 第 1217 行.
NOTIC: [8] Undefined index: dv_place E:\sbgl\ThinkPHP\Library\Think\Model.class.php 第 1217 行.
NOTIC: [8] Undefined index: auto E:\sbgl\ThinkPHP\Library\Think\Model.class.php 第 1128 行.
SQL: SELECT `dc_id`,`manufacturer_id`,`price`,`name` FROM `sbgl_buy` WHERE ( id=23 ) LIMIT 1   [ RunTime:0.0004s ]
SQL: INSERT INTO `sbgl_device` (`dv_version`,`dv_manufacturer_id`,`dv_price`,`dv_dcid`,`dv_buy_id`,`dv_identifier`,`dv_room_id`,`dv_place`,`dv_time`) VALUES ('rtyj','29','10','19','23','2017011244','3','','1501470760') [ RunTime:0.0010s ]

[ 2017-07-31T11:13:10+08:00 ] 127.0.0.1 /admin.php/Device/deviceList?p=1&start=&end=&dc=0&mf=0&mr=0&num=&iden=2017011244
INFO: [ app_begin ] --START--
INFO: Run Behavior\ReadHtmlCacheBehavior [ RunTime:0.000416s ]
INFO: [ app_begin ] --END-- [ RunTime:0.000773s ]
SQL: SHOW COLUMNS FROM `sbgl_node` [ RunTime:0.0007s ]
SQL: SHOW COLUMNS FROM `sbgl_role` [ RunTime:0.0007s ]
SQL: SHOW COLUMNS FROM `sbgl_user` [ RunTime:0.0008s ]
SQL: SELECT * FROM `sbgl_node` WHERE ( public=0 )  [ RunTime:0.0004s ]
NOTIC: [8] Undefined variable: public E:\sbgl\Tools\AdminController.class.php 第 27 行.
SQL: SELECT * FROM `sbgl_role` WHERE `id` = 2 LIMIT 1   [ RunTime:0.0003s ]
SQL: SELECT * FROM `sbgl_node` WHERE `id` IN ('30','79','80','58','59','60','61','81','91','32','33','34','35','36','37','41','42','50','51','52','53','77','90','62','63','64','65','66','67','68','69','70','89','71','72','73','74','75','76','54','55','56','57','85','86','87','88','13','14','15','16','17','18','19','20','21','22','23','24','25','26','27','28','78','83','39','40','46','47','48','49')  [ RunTime:0.0020s ]
NOTIC: [8] Undefined variable: list E:\sbgl\Tools\AdminController.class.php 第 44 行.
SQL: SHOW COLUMNS FROM `sbgl_device_class` [ RunTime:0.0033s ]
SQL: SHOW COLUMNS FROM `sbgl_manufacturer` [ RunTime:0.0028s ]
SQL: SHOW COLUMNS FROM `sbgl_machine_room` [ RunTime:0.0008s ]
SQL: SELECT * FROM `sbgl_device_class`  [ RunTime:0.0003s ]
SQL: SELECT * FROM `sbgl_manufacturer`  [ RunTime:0.0003s ]
SQL: SELECT * FROM `sbgl_machine_room`  [ RunTime:0.0002s ]
SQL: SHOW COLUMNS FROM `sbgl_device` [ RunTime:0.0008s ]
SQL: SELECT * FROM `sbgl_device` LEFT JOIN sbgl_device_class on sbgl_device.dv_dcid=sbgl_device_class.dc_id  WHERE ( dv_identifier=2017011244 ) ORDER BY dv_time desc,dv_identifier desc LIMIT 0,10   [ RunTime:0.0004s ]
SQL: SELECT COUNT(*) AS tp_count FROM `sbgl_device` WHERE ( dv_identifier=2017011244 ) LIMIT 1   [ RunTime:0.0002s ]

[ 2017-07-31T11:13:29+08:00 ] 127.0.0.1 /admin.php/Device/deleteDevice
INFO: [ app_begin ] --START--
INFO: Run Behavior\ReadHtmlCacheBehavior [ RunTime:0.000720s ]
INFO: [ app_begin ] --END-- [ RunTime:0.001235s ]
SQL: SHOW COLUMNS FROM `sbgl_node` [ RunTime:0.0008s ]
SQL: SHOW COLUMNS FROM `sbgl_role` [ RunTime:0.0006s ]
SQL: SHOW COLUMNS FROM `sbgl_user` [ RunTime:0.0007s ]
SQL: SELECT * FROM `sbgl_node` WHERE ( public=0 )  [ RunTime:0.0004s ]
NOTIC: [8] Undefined variable: public E:\sbgl\Tools\AdminController.class.php 第 27 行.
SQL: SELECT * FROM `sbgl_role` WHERE `id` = 2 LIMIT 1   [ RunTime:0.0003s ]
SQL: SELECT * FROM `sbgl_node` WHERE `id` IN ('30','79','80','58','59','60','61','81','91','32','33','34','35','36','37','41','42','50','51','52','53','77','90','62','63','64','65','66','67','68','69','70','89','71','72','73','74','75','76','54','55','56','57','85','86','87','88','13','14','15','16','17','18','19','20','21','22','23','24','25','26','27','28','78','83','39','40','46','47','48','49')  [ RunTime:0.0006s ]
NOTIC: [8] Undefined variable: list E:\sbgl\Tools\AdminController.class.php 第 44 行.
SQL: SHOW COLUMNS FROM `sbgl_device` [ RunTime:0.0014s ]
SQL: DELETE FROM `sbgl_device` WHERE `dv_identifier` = 2017011244 [ RunTime:0.0004s ]

[ 2017-07-31T11:13:31+08:00 ] 127.0.0.1 /admin.php/Device/deviceList?p=1&start=&end=&dc=&mf=&mr=&num=&iden=
INFO: [ app_begin ] --START--
INFO: Run Behavior\ReadHtmlCacheBehavior [ RunTime:0.000478s ]
INFO: [ app_begin ] --END-- [ RunTime:0.000885s ]
SQL: SHOW COLUMNS FROM `sbgl_node` [ RunTime:0.0006s ]
SQL: SHOW COLUMNS FROM `sbgl_role` [ RunTime:0.0006s ]
SQL: SHOW COLUMNS FROM `sbgl_user` [ RunTime:0.0008s ]
SQL: SELECT * FROM `sbgl_node` WHERE ( public=0 )  [ RunTime:0.0003s ]
NOTIC: [8] Undefined variable: public E:\sbgl\Tools\AdminController.class.php 第 27 行.
SQL: SELECT * FROM `sbgl_role` WHERE `id` = 2 LIMIT 1   [ RunTime:0.0003s ]
SQL: SELECT * FROM `sbgl_node` WHERE `id` IN ('30','79','80','58','59','60','61','81','91','32','33','34','35','36','37','41','42','50','51','52','53','77','90','62','63','64','65','66','67','68','69','70','89','71','72','73','74','75','76','54','55','56','57','85','86','87','88','13','14','15','16','17','18','19','20','21','22','23','24','25','26','27','28','78','83','39','40','46','47','48','49')  [ RunTime:0.0007s ]
NOTIC: [8] Undefined variable: list E:\sbgl\Tools\AdminController.class.php 第 44 行.
SQL: SHOW COLUMNS FROM `sbgl_device_class` [ RunTime:0.0006s ]
SQL: SHOW COLUMNS FROM `sbgl_manufacturer` [ RunTime:0.0005s ]
SQL: SHOW COLUMNS FROM `sbgl_machine_room` [ RunTime:0.0008s ]
SQL: SELECT * FROM `sbgl_device_class`  [ RunTime:0.0002s ]
SQL: SELECT * FROM `sbgl_manufacturer`  [ RunTime:0.0002s ]
SQL: SELECT * FROM `sbgl_machine_room`  [ RunTime:0.0002s ]
SQL: SHOW COLUMNS FROM `sbgl_device` [ RunTime:0.0008s ]
SQL: SELECT * FROM `sbgl_device` LEFT JOIN sbgl_device_class on sbgl_device.dv_dcid=sbgl_device_class.dc_id  ORDER BY dv_time desc,dv_identifier desc LIMIT 0,10   [ RunTime:0.0012s ]
SQL: SELECT COUNT(*) AS tp_count FROM `sbgl_device` LIMIT 1   [ RunTime:0.0002s ]

[ 2017-07-31T11:13:40+08:00 ] 127.0.0.1 /admin.php/Buy/manufacturerList?p=1
INFO: [ app_begin ] --START--
INFO: Run Behavior\ReadHtmlCacheBehavior [ RunTime:0.000460s ]
INFO: [ app_begin ] --END-- [ RunTime:0.000859s ]
SQL: SHOW COLUMNS FROM `sbgl_node` [ RunTime:0.0008s ]
SQL: SHOW COLUMNS FROM `sbgl_role` [ RunTime:0.0007s ]
SQL: SHOW COLUMNS FROM `sbgl_user` [ RunTime:0.0008s ]
SQL: SELECT * FROM `sbgl_node` WHERE ( public=0 )  [ RunTime:0.0003s ]
NOTIC: [8] Undefined variable: public E:\sbgl\Tools\AdminController.class.php 第 27 行.
SQL: SELECT * FROM `sbgl_role` WHERE `id` = 2 LIMIT 1   [ RunTime:0.0002s ]
SQL: SELECT * FROM `sbgl_node` WHERE `id` IN ('30','79','80','58','59','60','61','81','91','32','33','34','35','36','37','41','42','50','51','52','53','77','90','62','63','64','65','66','67','68','69','70','89','71','72','73','74','75','76','54','55','56','57','85','86','87','88','13','14','15','16','17','18','19','20','21','22','23','24','25','26','27','28','78','83','39','40','46','47','48','49')  [ RunTime:0.0005s ]
NOTIC: [8] Undefined variable: list E:\sbgl\Tools\AdminController.class.php 第 44 行.
SQL: SHOW COLUMNS FROM `sbgl_manufacturer` [ RunTime:0.0029s ]
SQL: SELECT COUNT(*) AS tp_count FROM `sbgl_manufacturer` LIMIT 1   [ RunTime:0.0002s ]
SQL: SELECT * FROM `sbgl_manufacturer` ORDER BY mf_id desc LIMIT 0,10   [ RunTime:0.0002s ]

[ 2017-07-31T11:13:50+08:00 ] 127.0.0.1 /admin.php/Device/deviceList?p=1&start=&end=&dc=&mf=&mr=&num=&iden=
INFO: [ app_begin ] --START--
INFO: Run Behavior\ReadHtmlCacheBehavior [ RunTime:0.000571s ]
INFO: [ app_begin ] --END-- [ RunTime:0.001101s ]
SQL: SHOW COLUMNS FROM `sbgl_node` [ RunTime:0.0014s ]
SQL: SHOW COLUMNS FROM `sbgl_role` [ RunTime:0.0005s ]
SQL: SHOW COLUMNS FROM `sbgl_user` [ RunTime:0.0008s ]
SQL: SELECT * FROM `sbgl_node` WHERE ( public=0 )  [ RunTime:0.0003s ]
NOTIC: [8] Undefined variable: public E:\sbgl\Tools\AdminController.class.php 第 27 行.
SQL: SELECT * FROM `sbgl_role` WHERE `id` = 2 LIMIT 1   [ RunTime:0.0002s ]
SQL: SELECT * FROM `sbgl_node` WHERE `id` IN ('30','79','80','58','59','60','61','81','91','32','33','34','35','36','37','41','42','50','51','52','53','77','90','62','63','64','65','66','67','68','69','70','89','71','72','73','74','75','76','54','55','56','57','85','86','87','88','13','14','15','16','17','18','19','20','21','22','23','24','25','26','27','28','78','83','39','40','46','47','48','49')  [ RunTime:0.0005s ]
NOTIC: [8] Undefined variable: list E:\sbgl\Tools\AdminController.class.php 第 44 行.
SQL: SHOW COLUMNS FROM `sbgl_device_class` [ RunTime:0.0028s ]
SQL: SHOW COLUMNS FROM `sbgl_manufacturer` [ RunTime:0.0036s ]
SQL: SHOW COLUMNS FROM `sbgl_machine_room` [ RunTime:0.0007s ]
SQL: SELECT * FROM `sbgl_device_class`  [ RunTime:0.0003s ]
SQL: SELECT * FROM `sbgl_manufacturer`  [ RunTime:0.0002s ]
SQL: SELECT * FROM `sbgl_machine_room`  [ RunTime:0.0002s ]
SQL: SHOW COLUMNS FROM `sbgl_device` [ RunTime:0.0006s ]
SQL: SELECT * FROM `sbgl_device` LEFT JOIN sbgl_device_class on sbgl_device.dv_dcid=sbgl_device_class.dc_id  ORDER BY dv_time desc,dv_identifier desc LIMIT 0,10   [ RunTime:0.0008s ]
SQL: SELECT COUNT(*) AS tp_count FROM `sbgl_device` LIMIT 1   [ RunTime:0.0002s ]

[ 2017-07-31T11:13:57+08:00 ] 127.0.0.1 /admin.php/Buy/buyList?p=1
INFO: [ app_begin ] --START--
INFO: Run Behavior\ReadHtmlCacheBehavior [ RunTime:0.001280s ]
INFO: [ app_begin ] --END-- [ RunTime:0.001950s ]
SQL: SHOW COLUMNS FROM `sbgl_node` [ RunTime:0.0008s ]
SQL: SHOW COLUMNS FROM `sbgl_role` [ RunTime:0.0006s ]
SQL: SHOW COLUMNS FROM `sbgl_user` [ RunTime:0.0006s ]
SQL: SELECT * FROM `sbgl_node` WHERE ( public=0 )  [ RunTime:0.0003s ]
NOTIC: [8] Undefined variable: public E:\sbgl\Tools\AdminController.class.php 第 27 行.
SQL: SELECT * FROM `sbgl_role` WHERE `id` = 2 LIMIT 1   [ RunTime:0.0004s ]
SQL: SELECT * FROM `sbgl_node` WHERE `id` IN ('30','79','80','58','59','60','61','81','91','32','33','34','35','36','37','41','42','50','51','52','53','77','90','62','63','64','65','66','67','68','69','70','89','71','72','73','74','75','76','54','55','56','57','85','86','87','88','13','14','15','16','17','18','19','20','21','22','23','24','25','26','27','28','78','83','39','40','46','47','48','49')  [ RunTime:0.0008s ]
NOTIC: [8] Undefined variable: list E:\sbgl\Tools\AdminController.class.php 第 44 行.
SQL: SHOW COLUMNS FROM `sbgl_buy` [ RunTime:0.0007s ]
SQL: SELECT COUNT(*) AS tp_count FROM `sbgl_buy` LIMIT 1   [ RunTime:0.0002s ]
SQL: SELECT * FROM `sbgl_buy` LEFT JOIN sbgl_manufacturer on sbgl_buy.manufacturer_id=sbgl_manufacturer.mf_id  ORDER BY time desc,id desc LIMIT 0,10   [ RunTime:0.0026s ]

[ 2017-07-31T11:16:00+08:00 ] 127.0.0.1 /admin.php/Buy/quickInput
INFO: [ app_begin ] --START--
INFO: Run Behavior\ReadHtmlCacheBehavior [ RunTime:0.000652s ]
INFO: [ app_begin ] --END-- [ RunTime:0.001113s ]
SQL: SHOW COLUMNS FROM `sbgl_node` [ RunTime:0.0007s ]
SQL: SHOW COLUMNS FROM `sbgl_role` [ RunTime:0.0006s ]
SQL: SHOW COLUMNS FROM `sbgl_user` [ RunTime:0.0006s ]
SQL: SELECT * FROM `sbgl_node` WHERE ( public=0 )  [ RunTime:0.0003s ]
NOTIC: [8] Undefined variable: public E:\sbgl\Tools\AdminController.class.php 第 27 行.
SQL: SELECT * FROM `sbgl_role` WHERE `id` = 2 LIMIT 1   [ RunTime:0.0003s ]
SQL: SELECT * FROM `sbgl_node` WHERE `id` IN ('30','79','80','58','59','60','61','81','91','32','33','34','35','36','37','41','42','50','51','52','53','77','90','62','63','64','65','66','67','68','69','70','89','71','72','73','74','75','76','54','55','56','57','85','86','87','88','13','14','15','16','17','18','19','20','21','22','23','24','25','26','27','28','78','83','39','40','46','47','48','49')  [ RunTime:0.0006s ]
NOTIC: [8] Undefined variable: list E:\sbgl\Tools\AdminController.class.php 第 44 行.
SQL: SHOW COLUMNS FROM `sbgl_device` [ RunTime:0.0006s ]
SQL: SHOW COLUMNS FROM `sbgl_buy` [ RunTime:0.0059s ]
NOTIC: [8] Undefined index: validate E:\sbgl\ThinkPHP\Library\Think\Model.class.php 第 1185 行.

[ 2017-07-31T11:16:06+08:00 ] 127.0.0.1 /admin.php/Buy/quickInput
INFO: [ app_begin ] --START--
INFO: Run Behavior\ReadHtmlCacheBehavior [ RunTime:0.000473s ]
INFO: [ app_begin ] --END-- [ RunTime:0.000868s ]
SQL: SHOW COLUMNS FROM `sbgl_node` [ RunTime:0.0006s ]
SQL: SHOW COLUMNS FROM `sbgl_role` [ RunTime:0.0005s ]
SQL: SHOW COLUMNS FROM `sbgl_user` [ RunTime:0.0006s ]
SQL: SELECT * FROM `sbgl_node` WHERE ( public=0 )  [ RunTime:0.0003s ]
NOTIC: [8] Undefined variable: public E:\sbgl\Tools\AdminController.class.php 第 27 行.
SQL: SELECT * FROM `sbgl_role` WHERE `id` = 2 LIMIT 1   [ RunTime:0.0003s ]
SQL: SELECT * FROM `sbgl_node` WHERE `id` IN ('30','79','80','58','59','60','61','81','91','32','33','34','35','36','37','41','42','50','51','52','53','77','90','62','63','64','65','66','67','68','69','70','89','71','72','73','74','75','76','54','55','56','57','85','86','87','88','13','14','15','16','17','18','19','20','21','22','23','24','25','26','27','28','78','83','39','40','46','47','48','49')  [ RunTime:0.0005s ]
NOTIC: [8] Undefined variable: list E:\sbgl\Tools\AdminController.class.php 第 44 行.
SQL: SHOW COLUMNS FROM `sbgl_device` [ RunTime:0.0006s ]
SQL: SHOW COLUMNS FROM `sbgl_buy` [ RunTime:0.0046s ]
NOTIC: [8] Undefined index: validate E:\sbgl\ThinkPHP\Library\Think\Model.class.php 第 1185 行.
NOTIC: [8] Undefined index: dv_price E:\sbgl\ThinkPHP\Library\Think\Model.class.php 第 1217 行.
NOTIC: [8] Undefined index: dv_price E:\sbgl\ThinkPHP\Library\Think\Model.class.php 第 1217 行.
NOTIC: [8] Undefined index: dv_place E:\sbgl\ThinkPHP\Library\Think\Model.class.php 第 1217 行.
NOTIC: [8] Undefined index: auto E:\sbgl\ThinkPHP\Library\Think\Model.class.php 第 1128 行.
SQL: SELECT `dc_id`,`manufacturer_id`,`price`,`name` FROM `sbgl_buy` WHERE ( id=23 ) LIMIT 1   [ RunTime:0.0007s ]
SQL: INSERT INTO `sbgl_device` (`dv_version`,`dv_manufacturer_id`,`dv_price`,`dv_dcid`,`dv_buy_id`,`dv_identifier`,`dv_room_id`,`dv_place`,`dv_time`) VALUES ('rtyj','29','10','19','23','2017102112','6','','1501470966') [ RunTime:0.0006s ]

[ 2017-07-31T11:20:37+08:00 ] 127.0.0.1 /admin.php/Device/deviceList?p=1&start=&end=&dc=21&mf=0&mr=0&num=&iden=
INFO: [ app_begin ] --START--
INFO: Run Behavior\ReadHtmlCacheBehavior [ RunTime:0.000740s ]
INFO: [ app_begin ] --END-- [ RunTime:0.001170s ]
SQL: SHOW COLUMNS FROM `sbgl_node` [ RunTime:0.0008s ]
SQL: SHOW COLUMNS FROM `sbgl_role` [ RunTime:0.0006s ]
SQL: SHOW COLUMNS FROM `sbgl_user` [ RunTime:0.0006s ]
SQL: SELECT * FROM `sbgl_node` WHERE ( public=0 )  [ RunTime:0.0003s ]
NOTIC: [8] Undefined variable: public E:\sbgl\Tools\AdminController.class.php 第 27 行.
SQL: SELECT * FROM `sbgl_role` WHERE `id` = 2 LIMIT 1   [ RunTime:0.0003s ]
SQL: SELECT * FROM `sbgl_node` WHERE `id` IN ('30','79','80','58','59','60','61','81','91','32','33','34','35','36','37','41','42','50','51','52','53','77','90','62','63','64','65','66','67','68','69','70','89','71','72','73','74','75','76','54','55','56','57','85','86','87','88','13','14','15','16','17','18','19','20','21','22','23','24','25','26','27','28','78','83','39','40','46','47','48','49')  [ RunTime:0.0006s ]
NOTIC: [8] Undefined variable: list E:\sbgl\Tools\AdminController.class.php 第 44 行.
SQL: SHOW COLUMNS FROM `sbgl_device_class` [ RunTime:0.0006s ]
SQL: SHOW COLUMNS FROM `sbgl_manufacturer` [ RunTime:0.0010s ]
SQL: SHOW COLUMNS FROM `sbgl_machine_room` [ RunTime:0.0006s ]
SQL: SELECT * FROM `sbgl_device_class`  [ RunTime:0.0003s ]
SQL: SELECT * FROM `sbgl_manufacturer`  [ RunTime:0.0002s ]
SQL: SELECT * FROM `sbgl_machine_room`  [ RunTime:0.0002s ]
SQL: SHOW COLUMNS FROM `sbgl_device` [ RunTime:0.0006s ]
SQL: SELECT * FROM `sbgl_device` LEFT JOIN sbgl_device_class on sbgl_device.dv_dcid=sbgl_device_class.dc_id  WHERE ( dv_dcid=21 ) ORDER BY dv_time desc,dv_identifier desc LIMIT 0,10   [ RunTime:0.0013s ]
SQL: SELECT COUNT(*) AS tp_count FROM `sbgl_device` WHERE ( dv_dcid=21 ) LIMIT 1   [ RunTime:0.0005s ]

[ 2017-07-31T11:20:40+08:00 ] 127.0.0.1 /admin.php/Device/deviceList?p=1&start=&end=&dc=22&mf=0&mr=0&num=&iden=
INFO: [ app_begin ] --START--
INFO: Run Behavior\ReadHtmlCacheBehavior [ RunTime:0.000522s ]
INFO: [ app_begin ] --END-- [ RunTime:0.001046s ]
SQL: SHOW COLUMNS FROM `sbgl_node` [ RunTime:0.0006s ]
SQL: SHOW COLUMNS FROM `sbgl_role` [ RunTime:0.0005s ]
SQL: SHOW COLUMNS FROM `sbgl_user` [ RunTime:0.0006s ]
SQL: SELECT * FROM `sbgl_node` WHERE ( public=0 )  [ RunTime:0.0003s ]
NOTIC: [8] Undefined variable: public E:\sbgl\Tools\AdminController.class.php 第 27 行.
SQL: SELECT * FROM `sbgl_role` WHERE `id` = 2 LIMIT 1   [ RunTime:0.0005s ]
SQL: SELECT * FROM `sbgl_node` WHERE `id` IN ('30','79','80','58','59','60','61','81','91','32','33','34','35','36','37','41','42','50','51','52','53','77','90','62','63','64','65','66','67','68','69','70','89','71','72','73','74','75','76','54','55','56','57','85','86','87','88','13','14','15','16','17','18','19','20','21','22','23','24','25','26','27','28','78','83','39','40','46','47','48','49')  [ RunTime:0.0011s ]
NOTIC: [8] Undefined variable: list E:\sbgl\Tools\AdminController.class.php 第 44 行.
SQL: SHOW COLUMNS FROM `sbgl_device_class` [ RunTime:0.0040s ]
SQL: SHOW COLUMNS FROM `sbgl_manufacturer` [ RunTime:0.0005s ]
SQL: SHOW COLUMNS FROM `sbgl_machine_room` [ RunTime:0.0007s ]
SQL: SELECT * FROM `sbgl_device_class`  [ RunTime:0.0003s ]
SQL: SELECT * FROM `sbgl_manufacturer`  [ RunTime:0.0002s ]
SQL: SELECT * FROM `sbgl_machine_room`  [ RunTime:0.0002s ]
SQL: SHOW COLUMNS FROM `sbgl_device` [ RunTime:0.0008s ]
SQL: SELECT * FROM `sbgl_device` LEFT JOIN sbgl_device_class on sbgl_device.dv_dcid=sbgl_device_class.dc_id  WHERE ( dv_dcid=22 ) ORDER BY dv_time desc,dv_identifier desc LIMIT 0,10   [ RunTime:0.0006s ]
SQL: SELECT COUNT(*) AS tp_count FROM `sbgl_device` WHERE ( dv_dcid=22 ) LIMIT 1   [ RunTime:0.0005s ]

[ 2017-07-31T11:20:41+08:00 ] 127.0.0.1 /admin.php/Device/deviceList?p=1&start=&end=&dc=&mf=&mr=&num=&iden=
INFO: [ app_begin ] --START--
INFO: Run Behavior\ReadHtmlCacheBehavior [ RunTime:0.000542s ]
INFO: [ app_begin ] --END-- [ RunTime:0.001083s ]
SQL: SHOW COLUMNS FROM `sbgl_node` [ RunTime:0.0008s ]
SQL: SHOW COLUMNS FROM `sbgl_role` [ RunTime:0.0007s ]
SQL: SHOW COLUMNS FROM `sbgl_user` [ RunTime:0.0007s ]
SQL: SELECT * FROM `sbgl_node` WHERE ( public=0 )  [ RunTime:0.0004s ]
NOTIC: [8] Undefined variable: public E:\sbgl\Tools\AdminController.class.php 第 27 行.
SQL: SELECT * FROM `sbgl_role` WHERE `id` = 2 LIMIT 1   [ RunTime:0.0003s ]
SQL: SELECT * FROM `sbgl_node` WHERE `id` IN ('30','79','80','58','59','60','61','81','91','32','33','34','35','36','37','41','42','50','51','52','53','77','90','62','63','64','65','66','67','68','69','70','89','71','72','73','74','75','76','54','55','56','57','85','86','87','88','13','14','15','16','17','18','19','20','21','22','23','24','25','26','27','28','78','83','39','40','46','47','48','49')  [ RunTime:0.0006s ]
NOTIC: [8] Undefined variable: list E:\sbgl\Tools\AdminController.class.php 第 44 行.
SQL: SHOW COLUMNS FROM `sbgl_device_class` [ RunTime:0.0006s ]
SQL: SHOW COLUMNS FROM `sbgl_manufacturer` [ RunTime:0.0007s ]
SQL: SHOW COLUMNS FROM `sbgl_machine_room` [ RunTime:0.0008s ]
SQL: SELECT * FROM `sbgl_device_class`  [ RunTime:0.0002s ]
SQL: SELECT * FROM `sbgl_manufacturer`  [ RunTime:0.0002s ]
SQL: SELECT * FROM `sbgl_machine_room`  [ RunTime:0.0003s ]
SQL: SHOW COLUMNS FROM `sbgl_device` [ RunTime:0.0008s ]
SQL: SELECT * FROM `sbgl_device` LEFT JOIN sbgl_device_class on sbgl_device.dv_dcid=sbgl_device_class.dc_id  ORDER BY dv_time desc,dv_identifier desc LIMIT 0,10   [ RunTime:0.0014s ]
SQL: SELECT COUNT(*) AS tp_count FROM `sbgl_device` LIMIT 1   [ RunTime:0.0002s ]

