[ 2018-02-18T18:06:02+08:00 ] 127.0.0.1 /admin.php/
INFO: [ app_init ] --START--
INFO: Run Behavior\BuildLiteBehavior [ RunTime:0.000022s ]
INFO: [ app_init ] --END-- [ RunTime:0.000527s ]
INFO: [ app_begin ] --START--
INFO: Run Behavior\ReadHtmlCacheBehavior [ RunTime:0.001648s ]
INFO: [ app_begin ] --END-- [ RunTime:0.001907s ]
SQL: SHOW COLUMNS FROM `sbgl_node` [ RunTime:0.0028s ]
SQL: SHOW COLUMNS FROM `sbgl_role` [ RunTime:0.0455s ]
SQL: SHOW COLUMNS FROM `sbgl_user` [ RunTime:0.0245s ]
SQL: SELECT * FROM `sbgl_node` WHERE ( public=0 )  [ RunTime:0.0457s ]

[ 2018-02-18T18:06:03+08:00 ] 127.0.0.1 /admin.php/Login/login.html
INFO: [ app_init ] --START--
INFO: Run Behavior\BuildLiteBehavior [ RunTime:0.000030s ]
INFO: [ app_init ] --END-- [ RunTime:0.000600s ]
INFO: [ app_begin ] --START--
INFO: Run Behavior\ReadHtmlCacheBehavior [ RunTime:0.001122s ]
INFO: [ app_begin ] --END-- [ RunTime:0.001284s ]
SQL: SHOW COLUMNS FROM `sbgl_node` [ RunTime:0.0007s ]
SQL: SHOW COLUMNS FROM `sbgl_role` [ RunTime:0.0006s ]
SQL: SHOW COLUMNS FROM `sbgl_user` [ RunTime:0.0351s ]
SQL: SELECT * FROM `sbgl_node` WHERE ( public=0 )  [ RunTime:0.0004s ]
SQL: SHOW COLUMNS FROM `sbgl_user` [ RunTime:0.0008s ]
INFO: [ view_parse ] --START--
INFO: Run Behavior\ParseTemplateBehavior [ RunTime:0.211483s ]
INFO: [ view_parse ] --END-- [ RunTime:0.211642s ]
INFO: [ view_filter ] --START--
INFO: Run Behavior\WriteHtmlCacheBehavior [ RunTime:0.017158s ]
INFO: [ view_filter ] --END-- [ RunTime:0.017289s ]
INFO: [ app_end ] --START--
INFO: Run Behavior\ShowPageTraceBehavior [ RunTime:0.012206s ]
INFO: [ app_end ] --END-- [ RunTime:0.012341s ]

[ 2018-02-18T18:06:03+08:00 ] 127.0.0.1 /admin.php/Login/verifyImg
INFO: [ app_init ] --START--
INFO: Run Behavior\BuildLiteBehavior [ RunTime:0.000026s ]
INFO: [ app_init ] --END-- [ RunTime:0.000544s ]
INFO: [ app_begin ] --START--
INFO: Run Behavior\ReadHtmlCacheBehavior [ RunTime:0.001111s ]
INFO: [ app_begin ] --END-- [ RunTime:0.001279s ]
SQL: SHOW COLUMNS FROM `sbgl_node` [ RunTime:0.0022s ]
SQL: SHOW COLUMNS FROM `sbgl_role` [ RunTime:0.0009s ]
SQL: SHOW COLUMNS FROM `sbgl_user` [ RunTime:0.0211s ]
SQL: SELECT * FROM `sbgl_node` WHERE ( public=0 )  [ RunTime:0.0004s ]
INFO: [ app_end ] --START--
INFO: Run Behavior\ShowPageTraceBehavior [ RunTime:0.001262s ]
INFO: [ app_end ] --END-- [ RunTime:0.001484s ]

[ 2018-02-18T18:06:12+08:00 ] 127.0.0.1 /admin.php/Login/login.html
INFO: [ app_init ] --START--
INFO: Run Behavior\BuildLiteBehavior [ RunTime:0.000023s ]
INFO: [ app_init ] --END-- [ RunTime:0.000492s ]
INFO: [ app_begin ] --START--
INFO: Run Behavior\ReadHtmlCacheBehavior [ RunTime:0.001038s ]
INFO: [ app_begin ] --END-- [ RunTime:0.001142s ]
SQL: SHOW COLUMNS FROM `sbgl_node` [ RunTime:0.0246s ]
SQL: SHOW COLUMNS FROM `sbgl_role` [ RunTime:0.0073s ]
SQL: SHOW COLUMNS FROM `sbgl_user` [ RunTime:0.0020s ]
SQL: SELECT * FROM `sbgl_node` WHERE ( public=0 )  [ RunTime:0.0003s ]
SQL: SHOW COLUMNS FROM `sbgl_user` [ RunTime:0.0007s ]
SQL: SELECT * FROM `sbgl_user` WHERE `user` = 123456789 LIMIT 1   [ RunTime:0.1124s ]
SQL: UPDATE `sbgl_user` SET `login_time`='1518948372',`login_ip`='127.0.0.1',`login_number`='18' WHERE `id` = 40 [ RunTime:0.0128s ]

[ 2018-02-18T18:06:13+08:00 ] 127.0.0.1 /admin.php/Index/index
INFO: [ app_init ] --START--
INFO: Run Behavior\BuildLiteBehavior [ RunTime:0.000022s ]
INFO: [ app_init ] --END-- [ RunTime:0.000484s ]
INFO: [ app_begin ] --START--
INFO: Run Behavior\ReadHtmlCacheBehavior [ RunTime:0.001021s ]
INFO: [ app_begin ] --END-- [ RunTime:0.001181s ]
SQL: SHOW COLUMNS FROM `sbgl_node` [ RunTime:0.0007s ]
SQL: SHOW COLUMNS FROM `sbgl_role` [ RunTime:0.0100s ]
SQL: SHOW COLUMNS FROM `sbgl_user` [ RunTime:0.0219s ]
SQL: SELECT * FROM `sbgl_node` WHERE ( public=0 )  [ RunTime:0.0004s ]
SQL: SELECT * FROM `sbgl_role` WHERE `id` = 2 LIMIT 1   [ RunTime:0.0003s ]
SQL: SELECT * FROM `sbgl_node` WHERE `id` IN ('30','79','80','58','59','60','61','81','91','32','33','34','35','36','37','41','42','50','51','52','53','77','90','62','63','64','65','66','67','68','69','70','89','71','72','73','74','75','76','54','55','56','57','85','86','87','88','13','14','15','16','17','18','19','20','21','22','23','24','25','26','27','28','78','83','92','94','39','40','46','47','48','49')  [ RunTime:0.0028s ]
NOTIC: [8] Undefined variable: list E:\sbgl\Tools\AdminController.class.php 第 45 行.
SQL: SHOW COLUMNS FROM `sbgl_node_class` [ RunTime:0.0314s ]
SQL: SHOW COLUMNS FROM `sbgl_system` [ RunTime:0.0470s ]
SQL: SELECT * FROM `sbgl_system` WHERE ( name='backstage' ) LIMIT 1   [ RunTime:0.0352s ]
SQL: SELECT * FROM `sbgl_user` WHERE `id` = 40 LIMIT 1   [ RunTime:0.0006s ]
SQL: SELECT * FROM `sbgl_role` WHERE `id` = 2 LIMIT 1   [ RunTime:0.0006s ]
SQL: SELECT * FROM `sbgl_node` WHERE ( display=1 and id in (30,79,80,58,59,60,61,81,91,32,33,34,35,36,37,41,42,50,51,52,53,77,90,62,63,64,65,66,67,68,69,70,89,71,72,73,74,75,76,54,55,56,57,85,86,87,88,13,14,15,16,17,18,19,20,21,22,23,24,25,26,27,28,78,83,92,94,39,40,46,47,48,49) ) ORDER BY sort asc  [ RunTime:0.0010s ]
SQL: SELECT * FROM `sbgl_node_class` WHERE ( display=1 and id in (3,4,8,14,12,5,7,13,2) ) ORDER BY sort asc  [ RunTime:0.0013s ]
INFO: [ view_parse ] --START--
INFO: Run Behavior\ParseTemplateBehavior [ RunTime:0.062481s ]
INFO: [ view_parse ] --END-- [ RunTime:0.062773s ]
INFO: [ view_filter ] --START--
INFO: Run Behavior\WriteHtmlCacheBehavior [ RunTime:0.001321s ]
INFO: [ view_filter ] --END-- [ RunTime:0.001470s ]
INFO: [ app_end ] --START--
INFO: Run Behavior\ShowPageTraceBehavior [ RunTime:0.001598s ]
INFO: [ app_end ] --END-- [ RunTime:0.001827s ]

[ 2018-02-18T18:06:13+08:00 ] 127.0.0.1 /admin.php/Index/desktop
INFO: [ app_init ] --START--
INFO: Run Behavior\BuildLiteBehavior [ RunTime:0.000027s ]
INFO: [ app_init ] --END-- [ RunTime:0.000610s ]
INFO: [ app_begin ] --START--
INFO: Run Behavior\ReadHtmlCacheBehavior [ RunTime:0.001898s ]
INFO: [ app_begin ] --END-- [ RunTime:0.002189s ]
SQL: SHOW COLUMNS FROM `sbgl_node` [ RunTime:0.0010s ]
SQL: SHOW COLUMNS FROM `sbgl_role` [ RunTime:0.0010s ]
SQL: SHOW COLUMNS FROM `sbgl_user` [ RunTime:0.0017s ]
SQL: SELECT * FROM `sbgl_node` WHERE ( public=0 )  [ RunTime:0.0009s ]
SQL: SELECT * FROM `sbgl_role` WHERE `id` = 2 LIMIT 1   [ RunTime:0.0004s ]
SQL: SELECT * FROM `sbgl_node` WHERE `id` IN ('30','79','80','58','59','60','61','81','91','32','33','34','35','36','37','41','42','50','51','52','53','77','90','62','63','64','65','66','67','68','69','70','89','71','72','73','74','75','76','54','55','56','57','85','86','87','88','13','14','15','16','17','18','19','20','21','22','23','24','25','26','27','28','78','83','92','94','39','40','46','47','48','49')  [ RunTime:0.0013s ]
NOTIC: [8] Undefined variable: list E:\sbgl\Tools\AdminController.class.php 第 45 行.
SQL: SHOW COLUMNS FROM `sbgl_device` [ RunTime:0.0164s ]
SQL: SELECT COUNT(*) AS tp_count FROM `sbgl_device` LIMIT 1   [ RunTime:0.0007s ]
SQL: SELECT COUNT(*) AS tp_count FROM `sbgl_device` WHERE ( dv_time>=1518883200 AND dv_time<=1518969599 ) LIMIT 1   [ RunTime:0.0018s ]
SQL: SELECT COUNT(*) AS tp_count FROM `sbgl_device` WHERE ( dv_time>=1518796800 AND dv_time<=1518883199 ) LIMIT 1   [ RunTime:0.0020s ]
SQL: SELECT COUNT(*) AS tp_count FROM `sbgl_device` WHERE ( dv_time>=1518364800 AND dv_time<=1518969599 ) LIMIT 1   [ RunTime:0.0004s ]
SQL: SELECT COUNT(*) AS tp_count FROM `sbgl_device` WHERE ( dv_time>=1517414400 AND dv_time<=1519833599 ) LIMIT 1   [ RunTime:0.0005s ]
SQL: SHOW COLUMNS FROM `sbgl_buy` [ RunTime:0.0508s ]
SQL: SELECT COUNT(*) AS tp_count FROM `sbgl_buy` LIMIT 1   [ RunTime:0.0327s ]
SQL: SELECT COUNT(*) AS tp_count FROM `sbgl_buy` WHERE ( time>=1518883200 AND time<=1518969599 ) LIMIT 1   [ RunTime:0.0003s ]
SQL: SELECT COUNT(*) AS tp_count FROM `sbgl_buy` WHERE ( time>=1518796800 AND time<=1518883199 ) LIMIT 1   [ RunTime:0.0002s ]
SQL: SELECT COUNT(*) AS tp_count FROM `sbgl_buy` WHERE ( time>=1518364800 AND time<=1518969599 ) LIMIT 1   [ RunTime:0.0003s ]
SQL: SELECT COUNT(*) AS tp_count FROM `sbgl_buy` WHERE ( time>=1517414400 AND time<=1519833599 ) LIMIT 1   [ RunTime:0.0003s ]
SQL: SHOW COLUMNS FROM `sbgl_repair` [ RunTime:0.0016s ]
SQL: SELECT COUNT(*) AS tp_count FROM `sbgl_repair` LIMIT 1   [ RunTime:0.0002s ]
SQL: SELECT COUNT(*) AS tp_count FROM `sbgl_repair` WHERE ( rp_time>=1518883200 AND rp_time<=1518969599 ) LIMIT 1   [ RunTime:0.0177s ]
SQL: SELECT COUNT(*) AS tp_count FROM `sbgl_repair` WHERE ( rp_time>=1518796800 AND rp_time<=1518883199 ) LIMIT 1   [ RunTime:0.0003s ]
SQL: SELECT COUNT(*) AS tp_count FROM `sbgl_repair` WHERE ( rp_time>=1518364800 AND rp_time<=1518969599 ) LIMIT 1   [ RunTime:0.0002s ]
SQL: SELECT COUNT(*) AS tp_count FROM `sbgl_repair` WHERE ( rp_time>=1517414400 AND rp_time<=1519833599 ) LIMIT 1   [ RunTime:0.0002s ]
SQL: SHOW COLUMNS FROM `sbgl_borrow` [ RunTime:0.0014s ]
SQL: SELECT COUNT(*) AS tp_count FROM `sbgl_borrow` LIMIT 1   [ RunTime:0.0002s ]
SQL: SELECT COUNT(*) AS tp_count FROM `sbgl_borrow` WHERE ( br_time>=1518883200 AND br_time<=1518969599 ) LIMIT 1   [ RunTime:0.0142s ]
SQL: SELECT COUNT(*) AS tp_count FROM `sbgl_borrow` WHERE ( br_time>=1518796800 AND br_time<=1518883199 ) LIMIT 1   [ RunTime:0.0003s ]
SQL: SELECT COUNT(*) AS tp_count FROM `sbgl_borrow` WHERE ( br_time>=1518364800 AND br_time<=1518969599 ) LIMIT 1   [ RunTime:0.0003s ]
SQL: SELECT COUNT(*) AS tp_count FROM `sbgl_borrow` WHERE ( br_time>=1517414400 AND br_time<=1519833599 ) LIMIT 1   [ RunTime:0.0002s ]
SQL: SELECT COUNT(*) AS tp_count FROM `sbgl_user` WHERE ( type=0 ) LIMIT 1   [ RunTime:0.0002s ]
SQL: SELECT COUNT(*) AS tp_count FROM `sbgl_user` WHERE ( reg_time>=1518883200 AND reg_time<=1518969599 AND type=0 ) LIMIT 1   [ RunTime:0.0004s ]
SQL: SELECT COUNT(*) AS tp_count FROM `sbgl_user` WHERE ( reg_time>=1518796800 AND reg_time<=1518883199 AND type=0 ) LIMIT 1   [ RunTime:0.0006s ]
SQL: SELECT COUNT(*) AS tp_count FROM `sbgl_user` WHERE ( reg_time>=1518364800 AND reg_time<=1518969599 AND type=0 ) LIMIT 1   [ RunTime:0.0005s ]
SQL: SELECT COUNT(*) AS tp_count FROM `sbgl_user` WHERE ( reg_time>=1517414400 AND reg_time<=1519833599 AND type=0 ) LIMIT 1   [ RunTime:0.0003s ]
SQL: SELECT COUNT(*) AS tp_count FROM `sbgl_user` WHERE ( type=1 ) LIMIT 1   [ RunTime:0.0004s ]
SQL: SELECT COUNT(*) AS tp_count FROM `sbgl_user` WHERE ( reg_time>=1518883200 AND reg_time<=1518969599 AND type=1 ) LIMIT 1   [ RunTime:0.0003s ]
SQL: SELECT COUNT(*) AS tp_count FROM `sbgl_user` WHERE ( reg_time>=1518796800 AND reg_time<=1518883199 AND type=1 ) LIMIT 1   [ RunTime:0.0002s ]
SQL: SELECT COUNT(*) AS tp_count FROM `sbgl_user` WHERE ( reg_time>=1518364800 AND reg_time<=1518969599 AND type=1 ) LIMIT 1   [ RunTime:0.0002s ]
SQL: SELECT COUNT(*) AS tp_count FROM `sbgl_user` WHERE ( reg_time>=1517414400 AND reg_time<=1519833599 AND type=1 ) LIMIT 1   [ RunTime:0.0002s ]
INFO: [ view_parse ] --START--
INFO: Run Behavior\ParseTemplateBehavior [ RunTime:0.163581s ]
INFO: [ view_parse ] --END-- [ RunTime:0.163737s ]
INFO: [ view_filter ] --START--
INFO: Run Behavior\WriteHtmlCacheBehavior [ RunTime:0.015959s ]
INFO: [ view_filter ] --END-- [ RunTime:0.016090s ]
INFO: [ app_end ] --START--
INFO: Run Behavior\ShowPageTraceBehavior [ RunTime:0.012269s ]
INFO: [ app_end ] --END-- [ RunTime:0.012405s ]

[ 2018-02-18T18:06:15+08:00 ] 127.0.0.1 /admin.php/Buy/deviceClassList
INFO: [ app_init ] --START--
INFO: Run Behavior\BuildLiteBehavior [ RunTime:0.000030s ]
INFO: [ app_init ] --END-- [ RunTime:0.001320s ]
INFO: [ app_begin ] --START--
INFO: Run Behavior\ReadHtmlCacheBehavior [ RunTime:0.001404s ]
INFO: [ app_begin ] --END-- [ RunTime:0.001538s ]
SQL: SHOW COLUMNS FROM `sbgl_node` [ RunTime:0.0011s ]
SQL: SHOW COLUMNS FROM `sbgl_role` [ RunTime:0.0008s ]
SQL: SHOW COLUMNS FROM `sbgl_user` [ RunTime:0.0019s ]
SQL: SELECT * FROM `sbgl_node` WHERE ( public=0 )  [ RunTime:0.0004s ]
SQL: SELECT * FROM `sbgl_role` WHERE `id` = 2 LIMIT 1   [ RunTime:0.0003s ]
SQL: SELECT * FROM `sbgl_node` WHERE `id` IN ('30','79','80','58','59','60','61','81','91','32','33','34','35','36','37','41','42','50','51','52','53','77','90','62','63','64','65','66','67','68','69','70','89','71','72','73','74','75','76','54','55','56','57','85','86','87','88','13','14','15','16','17','18','19','20','21','22','23','24','25','26','27','28','78','83','92','94','39','40','46','47','48','49')  [ RunTime:0.0006s ]
NOTIC: [8] Undefined variable: list E:\sbgl\Tools\AdminController.class.php 第 45 行.
SQL: SHOW COLUMNS FROM `sbgl_device_class` [ RunTime:0.0222s ]
SQL: SELECT COUNT(*) AS tp_count FROM `sbgl_device_class` LIMIT 1   [ RunTime:0.0286s ]
SQL: SELECT * FROM `sbgl_device_class`  [ RunTime:0.0002s ]
NOTIC: [8] Undefined index: p E:\sbgl\Common\Common\function.php 第 6 行.
INFO: [ view_parse ] --START--
INFO: Run Behavior\ParseTemplateBehavior [ RunTime:0.043946s ]
INFO: [ view_parse ] --END-- [ RunTime:0.044116s ]
INFO: [ view_filter ] --START--
INFO: Run Behavior\WriteHtmlCacheBehavior [ RunTime:0.001392s ]
INFO: [ view_filter ] --END-- [ RunTime:0.001510s ]
INFO: [ app_end ] --START--
INFO: Run Behavior\ShowPageTraceBehavior [ RunTime:0.001461s ]
INFO: [ app_end ] --END-- [ RunTime:0.001592s ]

[ 2018-02-18T18:06:42+08:00 ] 127.0.0.1 /admin.php/Borrow/borrowList
INFO: [ app_init ] --START--
INFO: Run Behavior\BuildLiteBehavior [ RunTime:0.000084s ]
INFO: [ app_init ] --END-- [ RunTime:0.002992s ]
INFO: [ app_begin ] --START--
INFO: Run Behavior\ReadHtmlCacheBehavior [ RunTime:0.001431s ]
INFO: [ app_begin ] --END-- [ RunTime:0.001566s ]
SQL: SHOW COLUMNS FROM `sbgl_node` [ RunTime:0.0223s ]
SQL: SHOW COLUMNS FROM `sbgl_role` [ RunTime:0.0013s ]
SQL: SHOW COLUMNS FROM `sbgl_user` [ RunTime:0.0159s ]
SQL: SELECT * FROM `sbgl_node` WHERE ( public=0 )  [ RunTime:0.0004s ]
SQL: SELECT * FROM `sbgl_role` WHERE `id` = 2 LIMIT 1   [ RunTime:0.0003s ]
SQL: SELECT * FROM `sbgl_node` WHERE `id` IN ('30','79','80','58','59','60','61','81','91','32','33','34','35','36','37','41','42','50','51','52','53','77','90','62','63','64','65','66','67','68','69','70','89','71','72','73','74','75','76','54','55','56','57','85','86','87','88','13','14','15','16','17','18','19','20','21','22','23','24','25','26','27','28','78','83','92','94','39','40','46','47','48','49')  [ RunTime:0.0006s ]
NOTIC: [8] Undefined variable: list E:\sbgl\Tools\AdminController.class.php 第 45 行.
INFO: [ view_parse ] --START--
INFO: Run Behavior\ParseTemplateBehavior [ RunTime:0.050605s ]
INFO: [ view_parse ] --END-- [ RunTime:0.050774s ]
INFO: [ view_filter ] --START--
INFO: Run Behavior\WriteHtmlCacheBehavior [ RunTime:0.001560s ]
INFO: [ view_filter ] --END-- [ RunTime:0.001679s ]
INFO: [ app_end ] --START--
INFO: Run Behavior\ShowPageTraceBehavior [ RunTime:0.001920s ]
INFO: [ app_end ] --END-- [ RunTime:0.002133s ]

[ 2018-02-18T18:06:42+08:00 ] 127.0.0.1 /admin.php/Borrow/borrowList?p=1
INFO: [ app_init ] --START--
INFO: Run Behavior\BuildLiteBehavior [ RunTime:0.000024s ]
INFO: [ app_init ] --END-- [ RunTime:0.000508s ]
INFO: [ app_begin ] --START--
INFO: Run Behavior\ReadHtmlCacheBehavior [ RunTime:0.001299s ]
INFO: [ app_begin ] --END-- [ RunTime:0.001415s ]
SQL: SHOW COLUMNS FROM `sbgl_node` [ RunTime:0.0007s ]
SQL: SHOW COLUMNS FROM `sbgl_role` [ RunTime:0.0006s ]
SQL: SHOW COLUMNS FROM `sbgl_user` [ RunTime:0.0007s ]
SQL: SELECT * FROM `sbgl_node` WHERE ( public=0 )  [ RunTime:0.0003s ]
SQL: SELECT * FROM `sbgl_role` WHERE `id` = 2 LIMIT 1   [ RunTime:0.0003s ]
SQL: SELECT * FROM `sbgl_node` WHERE `id` IN ('30','79','80','58','59','60','61','81','91','32','33','34','35','36','37','41','42','50','51','52','53','77','90','62','63','64','65','66','67','68','69','70','89','71','72','73','74','75','76','54','55','56','57','85','86','87','88','13','14','15','16','17','18','19','20','21','22','23','24','25','26','27','28','78','83','92','94','39','40','46','47','48','49')  [ RunTime:0.0006s ]
NOTIC: [8] Undefined variable: list E:\sbgl\Tools\AdminController.class.php 第 45 行.
SQL: SHOW COLUMNS FROM `sbgl_borrow` [ RunTime:0.0009s ]
SQL: SELECT COUNT(*) AS tp_count FROM `sbgl_borrow` LIMIT 1   [ RunTime:0.0002s ]
SQL: SELECT * FROM `sbgl_borrow` ORDER BY br_time desc,br_id desc LIMIT 0,10   [ RunTime:0.0002s ]

[ 2018-02-18T18:06:44+08:00 ] 127.0.0.1 /admin.php/Repair/matterSolveList
INFO: [ app_init ] --START--
INFO: Run Behavior\BuildLiteBehavior [ RunTime:0.000022s ]
INFO: [ app_init ] --END-- [ RunTime:0.000490s ]
INFO: [ app_begin ] --START--
INFO: Run Behavior\ReadHtmlCacheBehavior [ RunTime:0.001686s ]
INFO: [ app_begin ] --END-- [ RunTime:0.001988s ]
SQL: SHOW COLUMNS FROM `sbgl_node` [ RunTime:0.0008s ]
SQL: SHOW COLUMNS FROM `sbgl_role` [ RunTime:0.0147s ]
SQL: SHOW COLUMNS FROM `sbgl_user` [ RunTime:0.0009s ]
SQL: SELECT * FROM `sbgl_node` WHERE ( public=0 )  [ RunTime:0.0003s ]
SQL: SELECT * FROM `sbgl_role` WHERE `id` = 2 LIMIT 1   [ RunTime:0.0002s ]
SQL: SELECT * FROM `sbgl_node` WHERE `id` IN ('30','79','80','58','59','60','61','81','91','32','33','34','35','36','37','41','42','50','51','52','53','77','90','62','63','64','65','66','67','68','69','70','89','71','72','73','74','75','76','54','55','56','57','85','86','87','88','13','14','15','16','17','18','19','20','21','22','23','24','25','26','27','28','78','83','92','94','39','40','46','47','48','49')  [ RunTime:0.0006s ]
NOTIC: [8] Undefined variable: list E:\sbgl\Tools\AdminController.class.php 第 45 行.
SQL: SHOW COLUMNS FROM `sbgl_matter_solve` [ RunTime:0.0110s ]
SQL: SELECT COUNT(*) AS tp_count FROM `sbgl_matter_solve` LIMIT 1   [ RunTime:0.0002s ]
SQL: SELECT * FROM `sbgl_matter_solve` ORDER BY ms_id desc  [ RunTime:0.0007s ]
NOTIC: [8] Undefined index: p E:\sbgl\Common\Common\function.php 第 6 行.
INFO: [ view_parse ] --START--
INFO: Run Behavior\ParseTemplateBehavior [ RunTime:0.041302s ]
INFO: [ view_parse ] --END-- [ RunTime:0.041449s ]
INFO: [ view_filter ] --START--
INFO: Run Behavior\WriteHtmlCacheBehavior [ RunTime:0.000976s ]
INFO: [ view_filter ] --END-- [ RunTime:0.001092s ]
INFO: [ app_end ] --START--
INFO: Run Behavior\ShowPageTraceBehavior [ RunTime:0.001625s ]
INFO: [ app_end ] --END-- [ RunTime:0.001807s ]

[ 2018-02-18T18:06:45+08:00 ] 127.0.0.1 /admin.php/Repair/repairList
INFO: [ app_init ] --START--
INFO: Run Behavior\BuildLiteBehavior [ RunTime:0.000025s ]
INFO: [ app_init ] --END-- [ RunTime:0.000542s ]
INFO: [ app_begin ] --START--
INFO: Run Behavior\ReadHtmlCacheBehavior [ RunTime:0.001497s ]
INFO: [ app_begin ] --END-- [ RunTime:0.001675s ]
SQL: SHOW COLUMNS FROM `sbgl_node` [ RunTime:0.0011s ]
SQL: SHOW COLUMNS FROM `sbgl_role` [ RunTime:0.0006s ]
SQL: SHOW COLUMNS FROM `sbgl_user` [ RunTime:0.0012s ]
SQL: SELECT * FROM `sbgl_node` WHERE ( public=0 )  [ RunTime:0.0005s ]
SQL: SELECT * FROM `sbgl_role` WHERE `id` = 2 LIMIT 1   [ RunTime:0.0009s ]
SQL: SELECT * FROM `sbgl_node` WHERE `id` IN ('30','79','80','58','59','60','61','81','91','32','33','34','35','36','37','41','42','50','51','52','53','77','90','62','63','64','65','66','67','68','69','70','89','71','72','73','74','75','76','54','55','56','57','85','86','87','88','13','14','15','16','17','18','19','20','21','22','23','24','25','26','27','28','78','83','92','94','39','40','46','47','48','49')  [ RunTime:0.0007s ]
NOTIC: [8] Undefined variable: list E:\sbgl\Tools\AdminController.class.php 第 45 行.
INFO: [ view_parse ] --START--
INFO: Run Behavior\ParseTemplateBehavior [ RunTime:0.046853s ]
INFO: [ view_parse ] --END-- [ RunTime:0.047054s ]
INFO: [ view_filter ] --START--
INFO: Run Behavior\WriteHtmlCacheBehavior [ RunTime:0.001001s ]
INFO: [ view_filter ] --END-- [ RunTime:0.001115s ]
INFO: [ app_end ] --START--
INFO: Run Behavior\ShowPageTraceBehavior [ RunTime:0.001086s ]
INFO: [ app_end ] --END-- [ RunTime:0.001204s ]

[ 2018-02-18T18:06:46+08:00 ] 127.0.0.1 /admin.php/Repair/repairList?p=1
INFO: [ app_init ] --START--
INFO: Run Behavior\BuildLiteBehavior [ RunTime:0.000022s ]
INFO: [ app_init ] --END-- [ RunTime:0.000510s ]
INFO: [ app_begin ] --START--
INFO: Run Behavior\ReadHtmlCacheBehavior [ RunTime:0.000979s ]
INFO: [ app_begin ] --END-- [ RunTime:0.001074s ]
SQL: SHOW COLUMNS FROM `sbgl_node` [ RunTime:0.0016s ]
SQL: SHOW COLUMNS FROM `sbgl_role` [ RunTime:0.0007s ]
SQL: SHOW COLUMNS FROM `sbgl_user` [ RunTime:0.0013s ]
SQL: SELECT * FROM `sbgl_node` WHERE ( public=0 )  [ RunTime:0.0003s ]
SQL: SELECT * FROM `sbgl_role` WHERE `id` = 2 LIMIT 1   [ RunTime:0.0003s ]
SQL: SELECT * FROM `sbgl_node` WHERE `id` IN ('30','79','80','58','59','60','61','81','91','32','33','34','35','36','37','41','42','50','51','52','53','77','90','62','63','64','65','66','67','68','69','70','89','71','72','73','74','75','76','54','55','56','57','85','86','87','88','13','14','15','16','17','18','19','20','21','22','23','24','25','26','27','28','78','83','92','94','39','40','46','47','48','49')  [ RunTime:0.0006s ]
NOTIC: [8] Undefined variable: list E:\sbgl\Tools\AdminController.class.php 第 45 行.
SQL: SHOW COLUMNS FROM `sbgl_repair` [ RunTime:0.0007s ]
SQL: SELECT COUNT(*) AS tp_count FROM `sbgl_repair` LIMIT 1   [ RunTime:0.0002s ]
SQL: SELECT * FROM `sbgl_repair` ORDER BY rp_time desc,rp_id desc LIMIT 0,10   [ RunTime:0.0003s ]

[ 2018-02-18T18:06:48+08:00 ] 127.0.0.1 /admin.php/User/userList
INFO: [ app_init ] --START--
INFO: Run Behavior\BuildLiteBehavior [ RunTime:0.000022s ]
INFO: [ app_init ] --END-- [ RunTime:0.000506s ]
INFO: [ app_begin ] --START--
INFO: Run Behavior\ReadHtmlCacheBehavior [ RunTime:0.003079s ]
INFO: [ app_begin ] --END-- [ RunTime:0.003205s ]
SQL: SHOW COLUMNS FROM `sbgl_node` [ RunTime:0.0016s ]
SQL: SHOW COLUMNS FROM `sbgl_role` [ RunTime:0.0030s ]
SQL: SHOW COLUMNS FROM `sbgl_user` [ RunTime:0.0105s ]
SQL: SELECT * FROM `sbgl_node` WHERE ( public=0 )  [ RunTime:0.0015s ]
SQL: SELECT * FROM `sbgl_role` WHERE `id` = 2 LIMIT 1   [ RunTime:0.0006s ]
SQL: SELECT * FROM `sbgl_node` WHERE `id` IN ('30','79','80','58','59','60','61','81','91','32','33','34','35','36','37','41','42','50','51','52','53','77','90','62','63','64','65','66','67','68','69','70','89','71','72','73','74','75','76','54','55','56','57','85','86','87','88','13','14','15','16','17','18','19','20','21','22','23','24','25','26','27','28','78','83','92','94','39','40','46','47','48','49')  [ RunTime:0.0007s ]
NOTIC: [8] Undefined variable: list E:\sbgl\Tools\AdminController.class.php 第 45 行.
INFO: [ view_parse ] --START--
INFO: Run Behavior\ParseTemplateBehavior [ RunTime:0.014143s ]
INFO: [ view_parse ] --END-- [ RunTime:0.014270s ]
INFO: [ view_filter ] --START--
INFO: Run Behavior\WriteHtmlCacheBehavior [ RunTime:0.001548s ]
INFO: [ view_filter ] --END-- [ RunTime:0.001696s ]
INFO: [ app_end ] --START--
INFO: Run Behavior\ShowPageTraceBehavior [ RunTime:0.001288s ]
INFO: [ app_end ] --END-- [ RunTime:0.001472s ]

[ 2018-02-18T18:06:49+08:00 ] 127.0.0.1 /admin.php/User/userList?p=1&user=&start=&end=
INFO: [ app_init ] --START--
INFO: Run Behavior\BuildLiteBehavior [ RunTime:0.000028s ]
INFO: [ app_init ] --END-- [ RunTime:0.000763s ]
INFO: [ app_begin ] --START--
INFO: Run Behavior\ReadHtmlCacheBehavior [ RunTime:0.001113s ]
INFO: [ app_begin ] --END-- [ RunTime:0.001221s ]
SQL: SHOW COLUMNS FROM `sbgl_node` [ RunTime:0.0016s ]
SQL: SHOW COLUMNS FROM `sbgl_role` [ RunTime:0.0009s ]
SQL: SHOW COLUMNS FROM `sbgl_user` [ RunTime:0.0009s ]
SQL: SELECT * FROM `sbgl_node` WHERE ( public=0 )  [ RunTime:0.0003s ]
SQL: SELECT * FROM `sbgl_role` WHERE `id` = 2 LIMIT 1   [ RunTime:0.0003s ]
SQL: SELECT * FROM `sbgl_node` WHERE `id` IN ('30','79','80','58','59','60','61','81','91','32','33','34','35','36','37','41','42','50','51','52','53','77','90','62','63','64','65','66','67','68','69','70','89','71','72','73','74','75','76','54','55','56','57','85','86','87','88','13','14','15','16','17','18','19','20','21','22','23','24','25','26','27','28','78','83','92','94','39','40','46','47','48','49')  [ RunTime:0.0006s ]
NOTIC: [8] Undefined variable: list E:\sbgl\Tools\AdminController.class.php 第 45 行.
SQL: SHOW COLUMNS FROM `sbgl_user` [ RunTime:0.0008s ]
SQL: SELECT COUNT(*) AS tp_count FROM `sbgl_user` LIMIT 1   [ RunTime:0.0002s ]
SQL: SELECT `id`,`user`,`phone`,`sphone`,`email`,`status`,`reg_time` FROM `sbgl_user` ORDER BY reg_time desc LIMIT 0,10   [ RunTime:0.0108s ]

[ 2018-02-18T18:06:50+08:00 ] 127.0.0.1 /admin.php/Device/deviceList
INFO: [ app_init ] --START--
INFO: Run Behavior\BuildLiteBehavior [ RunTime:0.000023s ]
INFO: [ app_init ] --END-- [ RunTime:0.000493s ]
INFO: [ app_begin ] --START--
INFO: Run Behavior\ReadHtmlCacheBehavior [ RunTime:0.000923s ]
INFO: [ app_begin ] --END-- [ RunTime:0.001074s ]
SQL: SHOW COLUMNS FROM `sbgl_node` [ RunTime:0.0180s ]
SQL: SHOW COLUMNS FROM `sbgl_role` [ RunTime:0.0006s ]
SQL: SHOW COLUMNS FROM `sbgl_user` [ RunTime:0.0007s ]
SQL: SELECT * FROM `sbgl_node` WHERE ( public=0 )  [ RunTime:0.0005s ]
SQL: SELECT * FROM `sbgl_role` WHERE `id` = 2 LIMIT 1   [ RunTime:0.0013s ]
SQL: SELECT * FROM `sbgl_node` WHERE `id` IN ('30','79','80','58','59','60','61','81','91','32','33','34','35','36','37','41','42','50','51','52','53','77','90','62','63','64','65','66','67','68','69','70','89','71','72','73','74','75','76','54','55','56','57','85','86','87','88','13','14','15','16','17','18','19','20','21','22','23','24','25','26','27','28','78','83','92','94','39','40','46','47','48','49')  [ RunTime:0.0008s ]
NOTIC: [8] Undefined variable: list E:\sbgl\Tools\AdminController.class.php 第 45 行.
SQL: SHOW COLUMNS FROM `sbgl_device_class` [ RunTime:0.0045s ]
SQL: SHOW COLUMNS FROM `sbgl_manufacturer` [ RunTime:0.0037s ]
SQL: SHOW COLUMNS FROM `sbgl_machine_room` [ RunTime:0.0008s ]
SQL: SELECT * FROM `sbgl_device_class`  [ RunTime:0.0002s ]
SQL: SELECT * FROM `sbgl_manufacturer`  [ RunTime:0.0411s ]
SQL: SELECT * FROM `sbgl_machine_room`  [ RunTime:0.0003s ]
INFO: [ view_parse ] --START--
INFO: Run Behavior\ParseTemplateBehavior [ RunTime:0.041754s ]
INFO: [ view_parse ] --END-- [ RunTime:0.041896s ]
INFO: [ view_filter ] --START--
INFO: Run Behavior\WriteHtmlCacheBehavior [ RunTime:0.001695s ]
INFO: [ view_filter ] --END-- [ RunTime:0.001898s ]
INFO: [ app_end ] --START--
INFO: Run Behavior\ShowPageTraceBehavior [ RunTime:0.001287s ]
INFO: [ app_end ] --END-- [ RunTime:0.001418s ]

[ 2018-02-18T18:06:51+08:00 ] 127.0.0.1 /admin.php/Device/deviceList?p=1&start=&end=&dc=&mf=&mr=&num=&iden=
INFO: [ app_init ] --START--
INFO: Run Behavior\BuildLiteBehavior [ RunTime:0.000022s ]
INFO: [ app_init ] --END-- [ RunTime:0.000476s ]
INFO: [ app_begin ] --START--
INFO: Run Behavior\ReadHtmlCacheBehavior [ RunTime:0.000952s ]
INFO: [ app_begin ] --END-- [ RunTime:0.001043s ]
SQL: SHOW COLUMNS FROM `sbgl_node` [ RunTime:0.0006s ]
SQL: SHOW COLUMNS FROM `sbgl_role` [ RunTime:0.0006s ]
SQL: SHOW COLUMNS FROM `sbgl_user` [ RunTime:0.0007s ]
SQL: SELECT * FROM `sbgl_node` WHERE ( public=0 )  [ RunTime:0.0003s ]
SQL: SELECT * FROM `sbgl_role` WHERE `id` = 2 LIMIT 1   [ RunTime:0.0002s ]
SQL: SELECT * FROM `sbgl_node` WHERE `id` IN ('30','79','80','58','59','60','61','81','91','32','33','34','35','36','37','41','42','50','51','52','53','77','90','62','63','64','65','66','67','68','69','70','89','71','72','73','74','75','76','54','55','56','57','85','86','87','88','13','14','15','16','17','18','19','20','21','22','23','24','25','26','27','28','78','83','92','94','39','40','46','47','48','49')  [ RunTime:0.0005s ]
NOTIC: [8] Undefined variable: list E:\sbgl\Tools\AdminController.class.php 第 45 行.
SQL: SHOW COLUMNS FROM `sbgl_device_class` [ RunTime:0.0029s ]
SQL: SHOW COLUMNS FROM `sbgl_manufacturer` [ RunTime:0.0029s ]
SQL: SHOW COLUMNS FROM `sbgl_machine_room` [ RunTime:0.0008s ]
SQL: SELECT * FROM `sbgl_device_class`  [ RunTime:0.0003s ]
SQL: SELECT * FROM `sbgl_manufacturer`  [ RunTime:0.0002s ]
SQL: SELECT * FROM `sbgl_machine_room`  [ RunTime:0.0002s ]
SQL: SHOW COLUMNS FROM `sbgl_device` [ RunTime:0.0014s ]
SQL: SELECT * FROM `sbgl_device` LEFT JOIN sbgl_device_class on sbgl_device.dv_dcid=sbgl_device_class.dc_id  ORDER BY dv_time desc,dv_identifier desc LIMIT 0,10   [ RunTime:0.0227s ]
SQL: SELECT COUNT(*) AS tp_count FROM `sbgl_device` LIMIT 1   [ RunTime:0.0002s ]

[ 2018-02-18T18:07:01+08:00 ] 127.0.0.1 /admin.php/Device/deleteDevice
INFO: [ app_init ] --START--
INFO: Run Behavior\BuildLiteBehavior [ RunTime:0.000025s ]
INFO: [ app_init ] --END-- [ RunTime:0.000524s ]
INFO: [ app_begin ] --START--
INFO: Run Behavior\ReadHtmlCacheBehavior [ RunTime:0.001013s ]
INFO: [ app_begin ] --END-- [ RunTime:0.001109s ]
SQL: SHOW COLUMNS FROM `sbgl_node` [ RunTime:0.0008s ]
SQL: SHOW COLUMNS FROM `sbgl_role` [ RunTime:0.0005s ]
SQL: SHOW COLUMNS FROM `sbgl_user` [ RunTime:0.0006s ]
SQL: SELECT * FROM `sbgl_node` WHERE ( public=0 )  [ RunTime:0.0003s ]
SQL: SELECT * FROM `sbgl_role` WHERE `id` = 2 LIMIT 1   [ RunTime:0.0002s ]
SQL: SELECT * FROM `sbgl_node` WHERE `id` IN ('30','79','80','58','59','60','61','81','91','32','33','34','35','36','37','41','42','50','51','52','53','77','90','62','63','64','65','66','67','68','69','70','89','71','72','73','74','75','76','54','55','56','57','85','86','87','88','13','14','15','16','17','18','19','20','21','22','23','24','25','26','27','28','78','83','92','94','39','40','46','47','48','49')  [ RunTime:0.0006s ]
NOTIC: [8] Undefined variable: list E:\sbgl\Tools\AdminController.class.php 第 45 行.
SQL: SHOW COLUMNS FROM `sbgl_device` [ RunTime:0.0009s ]
SQL: DELETE FROM `sbgl_device` WHERE `dv_identifier` = 1234567893 [ RunTime:0.0247s ]

[ 2018-02-18T18:07:05+08:00 ] 127.0.0.1 /admin.php/Device/deviceList
INFO: [ app_init ] --START--
INFO: Run Behavior\BuildLiteBehavior [ RunTime:0.000025s ]
INFO: [ app_init ] --END-- [ RunTime:0.000514s ]
INFO: [ app_begin ] --START--
INFO: Run Behavior\ReadHtmlCacheBehavior [ RunTime:0.001848s ]
INFO: [ app_begin ] --END-- [ RunTime:0.001972s ]
SQL: SHOW COLUMNS FROM `sbgl_node` [ RunTime:0.0014s ]
SQL: SHOW COLUMNS FROM `sbgl_role` [ RunTime:0.0005s ]
SQL: SHOW COLUMNS FROM `sbgl_user` [ RunTime:0.0006s ]
SQL: SELECT * FROM `sbgl_node` WHERE ( public=0 )  [ RunTime:0.0011s ]
SQL: SELECT * FROM `sbgl_role` WHERE `id` = 2 LIMIT 1   [ RunTime:0.0240s ]
SQL: SELECT * FROM `sbgl_node` WHERE `id` IN ('30','79','80','58','59','60','61','81','91','32','33','34','35','36','37','41','42','50','51','52','53','77','90','62','63','64','65','66','67','68','69','70','89','71','72','73','74','75','76','54','55','56','57','85','86','87','88','13','14','15','16','17','18','19','20','21','22','23','24','25','26','27','28','78','83','92','94','39','40','46','47','48','49')  [ RunTime:0.0005s ]
NOTIC: [8] Undefined variable: list E:\sbgl\Tools\AdminController.class.php 第 45 行.
SQL: SHOW COLUMNS FROM `sbgl_device_class` [ RunTime:0.0029s ]
SQL: SHOW COLUMNS FROM `sbgl_manufacturer` [ RunTime:0.0039s ]
SQL: SHOW COLUMNS FROM `sbgl_machine_room` [ RunTime:0.0009s ]
SQL: SELECT * FROM `sbgl_device_class`  [ RunTime:0.0002s ]
SQL: SELECT * FROM `sbgl_manufacturer`  [ RunTime:0.0002s ]
SQL: SELECT * FROM `sbgl_machine_room`  [ RunTime:0.0002s ]
INFO: [ view_parse ] --START--
INFO: Run Behavior\ParseTemplateBehavior [ RunTime:0.015245s ]
INFO: [ view_parse ] --END-- [ RunTime:0.015370s ]
INFO: [ view_filter ] --START--
INFO: Run Behavior\WriteHtmlCacheBehavior [ RunTime:0.000795s ]
INFO: [ view_filter ] --END-- [ RunTime:0.000918s ]
INFO: [ app_end ] --START--
INFO: Run Behavior\ShowPageTraceBehavior [ RunTime:0.001169s ]
INFO: [ app_end ] --END-- [ RunTime:0.001291s ]

[ 2018-02-18T18:07:05+08:00 ] 127.0.0.1 /admin.php/Device/deviceList?p=1&start=&end=&dc=&mf=&mr=&num=&iden=
INFO: [ app_init ] --START--
INFO: Run Behavior\BuildLiteBehavior [ RunTime:0.000022s ]
INFO: [ app_init ] --END-- [ RunTime:0.000499s ]
INFO: [ app_begin ] --START--
INFO: Run Behavior\ReadHtmlCacheBehavior [ RunTime:0.000930s ]
INFO: [ app_begin ] --END-- [ RunTime:0.001068s ]
SQL: SHOW COLUMNS FROM `sbgl_node` [ RunTime:0.0006s ]
SQL: SHOW COLUMNS FROM `sbgl_role` [ RunTime:0.0005s ]
SQL: SHOW COLUMNS FROM `sbgl_user` [ RunTime:0.0006s ]
SQL: SELECT * FROM `sbgl_node` WHERE ( public=0 )  [ RunTime:0.0004s ]
SQL: SELECT * FROM `sbgl_role` WHERE `id` = 2 LIMIT 1   [ RunTime:0.0003s ]
SQL: SELECT * FROM `sbgl_node` WHERE `id` IN ('30','79','80','58','59','60','61','81','91','32','33','34','35','36','37','41','42','50','51','52','53','77','90','62','63','64','65','66','67','68','69','70','89','71','72','73','74','75','76','54','55','56','57','85','86','87','88','13','14','15','16','17','18','19','20','21','22','23','24','25','26','27','28','78','83','92','94','39','40','46','47','48','49')  [ RunTime:0.0006s ]
NOTIC: [8] Undefined variable: list E:\sbgl\Tools\AdminController.class.php 第 45 行.
SQL: SHOW COLUMNS FROM `sbgl_device_class` [ RunTime:0.0008s ]
SQL: SHOW COLUMNS FROM `sbgl_manufacturer` [ RunTime:0.0011s ]
SQL: SHOW COLUMNS FROM `sbgl_machine_room` [ RunTime:0.0163s ]
SQL: SELECT * FROM `sbgl_device_class`  [ RunTime:0.0003s ]
SQL: SELECT * FROM `sbgl_manufacturer`  [ RunTime:0.0002s ]
SQL: SELECT * FROM `sbgl_machine_room`  [ RunTime:0.0002s ]
SQL: SHOW COLUMNS FROM `sbgl_device` [ RunTime:0.0011s ]
SQL: SELECT * FROM `sbgl_device` LEFT JOIN sbgl_device_class on sbgl_device.dv_dcid=sbgl_device_class.dc_id  ORDER BY dv_time desc,dv_identifier desc LIMIT 0,10   [ RunTime:0.0005s ]
SQL: SELECT COUNT(*) AS tp_count FROM `sbgl_device` LIMIT 1   [ RunTime:0.0002s ]

[ 2018-02-18T18:07:08+08:00 ] 127.0.0.1 /admin.php/Device/deviceList
INFO: [ app_init ] --START--
INFO: Run Behavior\BuildLiteBehavior [ RunTime:0.000023s ]
INFO: [ app_init ] --END-- [ RunTime:0.000506s ]
INFO: [ app_begin ] --START--
INFO: Run Behavior\ReadHtmlCacheBehavior [ RunTime:0.000936s ]
INFO: [ app_begin ] --END-- [ RunTime:0.001042s ]
SQL: SHOW COLUMNS FROM `sbgl_node` [ RunTime:0.0007s ]
SQL: SHOW COLUMNS FROM `sbgl_role` [ RunTime:0.0005s ]
SQL: SHOW COLUMNS FROM `sbgl_user` [ RunTime:0.0007s ]
SQL: SELECT * FROM `sbgl_node` WHERE ( public=0 )  [ RunTime:0.0004s ]
SQL: SELECT * FROM `sbgl_role` WHERE `id` = 2 LIMIT 1   [ RunTime:0.0003s ]
SQL: SELECT * FROM `sbgl_node` WHERE `id` IN ('30','79','80','58','59','60','61','81','91','32','33','34','35','36','37','41','42','50','51','52','53','77','90','62','63','64','65','66','67','68','69','70','89','71','72','73','74','75','76','54','55','56','57','85','86','87','88','13','14','15','16','17','18','19','20','21','22','23','24','25','26','27','28','78','83','92','94','39','40','46','47','48','49')  [ RunTime:0.0008s ]
NOTIC: [8] Undefined variable: list E:\sbgl\Tools\AdminController.class.php 第 45 行.
SQL: SHOW COLUMNS FROM `sbgl_device_class` [ RunTime:0.0153s ]
SQL: SHOW COLUMNS FROM `sbgl_manufacturer` [ RunTime:0.0009s ]
SQL: SHOW COLUMNS FROM `sbgl_machine_room` [ RunTime:0.0006s ]
SQL: SELECT * FROM `sbgl_device_class`  [ RunTime:0.0002s ]
SQL: SELECT * FROM `sbgl_manufacturer`  [ RunTime:0.0002s ]
SQL: SELECT * FROM `sbgl_machine_room`  [ RunTime:0.0002s ]
INFO: [ view_parse ] --START--
INFO: Run Behavior\ParseTemplateBehavior [ RunTime:0.016479s ]
INFO: [ view_parse ] --END-- [ RunTime:0.016606s ]
INFO: [ view_filter ] --START--
INFO: Run Behavior\WriteHtmlCacheBehavior [ RunTime:0.000887s ]
INFO: [ view_filter ] --END-- [ RunTime:0.000983s ]
INFO: [ app_end ] --START--
INFO: Run Behavior\ShowPageTraceBehavior [ RunTime:0.001089s ]
INFO: [ app_end ] --END-- [ RunTime:0.001204s ]

[ 2018-02-18T18:07:08+08:00 ] 127.0.0.1 /admin.php/Device/deviceList?p=1&start=&end=&dc=&mf=&mr=&num=&iden=
INFO: [ app_init ] --START--
INFO: Run Behavior\BuildLiteBehavior [ RunTime:0.000026s ]
INFO: [ app_init ] --END-- [ RunTime:0.000533s ]
INFO: [ app_begin ] --START--
INFO: Run Behavior\ReadHtmlCacheBehavior [ RunTime:0.001084s ]
INFO: [ app_begin ] --END-- [ RunTime:0.001194s ]
SQL: SHOW COLUMNS FROM `sbgl_node` [ RunTime:0.0016s ]
SQL: SHOW COLUMNS FROM `sbgl_role` [ RunTime:0.0007s ]
SQL: SHOW COLUMNS FROM `sbgl_user` [ RunTime:0.0007s ]
SQL: SELECT * FROM `sbgl_node` WHERE ( public=0 )  [ RunTime:0.0003s ]
SQL: SELECT * FROM `sbgl_role` WHERE `id` = 2 LIMIT 1   [ RunTime:0.0002s ]
SQL: SELECT * FROM `sbgl_node` WHERE `id` IN ('30','79','80','58','59','60','61','81','91','32','33','34','35','36','37','41','42','50','51','52','53','77','90','62','63','64','65','66','67','68','69','70','89','71','72','73','74','75','76','54','55','56','57','85','86','87','88','13','14','15','16','17','18','19','20','21','22','23','24','25','26','27','28','78','83','92','94','39','40','46','47','48','49')  [ RunTime:0.0005s ]
NOTIC: [8] Undefined variable: list E:\sbgl\Tools\AdminController.class.php 第 45 行.
SQL: SHOW COLUMNS FROM `sbgl_device_class` [ RunTime:0.0006s ]
SQL: SHOW COLUMNS FROM `sbgl_manufacturer` [ RunTime:0.0006s ]
SQL: SHOW COLUMNS FROM `sbgl_machine_room` [ RunTime:0.0009s ]
SQL: SELECT * FROM `sbgl_device_class`  [ RunTime:0.0003s ]
SQL: SELECT * FROM `sbgl_manufacturer`  [ RunTime:0.0002s ]
SQL: SELECT * FROM `sbgl_machine_room`  [ RunTime:0.0002s ]
SQL: SHOW COLUMNS FROM `sbgl_device` [ RunTime:0.0006s ]
SQL: SELECT * FROM `sbgl_device` LEFT JOIN sbgl_device_class on sbgl_device.dv_dcid=sbgl_device_class.dc_id  ORDER BY dv_time desc,dv_identifier desc LIMIT 0,10   [ RunTime:0.0005s ]
SQL: SELECT COUNT(*) AS tp_count FROM `sbgl_device` LIMIT 1   [ RunTime:0.0002s ]

[ 2018-02-18T23:32:00+08:00 ] 127.0.0.1 /admin.php/Device/reviseDevice/iden/1234567892
INFO: [ app_init ] --START--
INFO: Run Behavior\BuildLiteBehavior [ RunTime:0.000028s ]
INFO: [ app_init ] --END-- [ RunTime:0.004200s ]
INFO: [ app_begin ] --START--
INFO: Run Behavior\ReadHtmlCacheBehavior [ RunTime:0.001525s ]
INFO: [ app_begin ] --END-- [ RunTime:0.001663s ]
SQL: SHOW COLUMNS FROM `sbgl_node` [ RunTime:0.0260s ]
SQL: SHOW COLUMNS FROM `sbgl_role` [ RunTime:0.0014s ]
SQL: SHOW COLUMNS FROM `sbgl_user` [ RunTime:0.0028s ]
SQL: SELECT * FROM `sbgl_node` WHERE ( public=0 )  [ RunTime:0.0122s ]
SQL: SELECT * FROM `sbgl_role` WHERE `id` = 2 LIMIT 1   [ RunTime:0.0008s ]
SQL: SELECT * FROM `sbgl_node` WHERE `id` IN ('30','79','80','58','59','60','61','81','91','32','33','34','35','36','37','41','42','50','51','52','53','77','90','62','63','64','65','66','67','68','69','70','89','71','72','73','74','75','76','54','55','56','57','85','86','87','88','13','14','15','16','17','18','19','20','21','22','23','24','25','26','27','28','78','83','92','94','39','40','46','47','48','49')  [ RunTime:0.0309s ]
NOTIC: [8] Undefined variable: list E:\sbgl\Tools\AdminController.class.php 第 45 行.
SQL: SHOW COLUMNS FROM `sbgl_device` [ RunTime:0.0438s ]
SQL: SHOW COLUMNS FROM `sbgl_device_class` [ RunTime:0.0126s ]
SQL: SHOW COLUMNS FROM `sbgl_manufacturer` [ RunTime:0.0050s ]
SQL: SHOW COLUMNS FROM `sbgl_machine_room` [ RunTime:0.0008s ]
SQL: SELECT * FROM `sbgl_device_class`  [ RunTime:0.0003s ]
SQL: SELECT * FROM `sbgl_manufacturer`  [ RunTime:0.0003s ]
SQL: SELECT * FROM `sbgl_machine_room`  [ RunTime:0.0009s ]
SQL: SELECT * FROM `sbgl_device` WHERE `dv_identifier` = 1234567892 LIMIT 1   [ RunTime:0.0059s ]
INFO: [ view_parse ] --START--
INFO: Run Behavior\ParseTemplateBehavior [ RunTime:0.228598s ]
INFO: [ view_parse ] --END-- [ RunTime:0.229126s ]
INFO: [ view_filter ] --START--
INFO: Run Behavior\WriteHtmlCacheBehavior [ RunTime:0.003623s ]
INFO: [ view_filter ] --END-- [ RunTime:0.003870s ]
INFO: [ app_end ] --START--
INFO: Run Behavior\ShowPageTraceBehavior [ RunTime:0.002223s ]
INFO: [ app_end ] --END-- [ RunTime:0.002350s ]

[ 2018-02-18T23:41:21+08:00 ] 127.0.0.1 /admin.php/Device/deviceList
INFO: [ app_init ] --START--
INFO: Run Behavior\BuildLiteBehavior [ RunTime:0.000049s ]
INFO: [ app_init ] --END-- [ RunTime:0.001087s ]
INFO: [ app_begin ] --START--
INFO: Run Behavior\ReadHtmlCacheBehavior [ RunTime:0.000853s ]
INFO: [ app_begin ] --END-- [ RunTime:0.000978s ]
SQL: SHOW COLUMNS FROM `sbgl_node` [ RunTime:0.0201s ]
SQL: SHOW COLUMNS FROM `sbgl_role` [ RunTime:0.0008s ]
SQL: SHOW COLUMNS FROM `sbgl_user` [ RunTime:0.0085s ]
SQL: SELECT * FROM `sbgl_node` WHERE ( public=0 )  [ RunTime:0.0004s ]
SQL: SELECT * FROM `sbgl_role` WHERE `id` = 2 LIMIT 1   [ RunTime:0.0003s ]
SQL: SELECT * FROM `sbgl_node` WHERE `id` IN ('30','79','80','58','59','60','61','81','91','32','33','34','35','36','37','41','42','50','51','52','53','77','90','62','63','64','65','66','67','68','69','70','89','71','72','73','74','75','76','54','55','56','57','85','86','87','88','13','14','15','16','17','18','19','20','21','22','23','24','25','26','27','28','78','83','92','94','39','40','46','47','48','49')  [ RunTime:0.0008s ]
NOTIC: [8] Undefined variable: list E:\sbgl\Tools\AdminController.class.php 第 45 行.
SQL: SHOW COLUMNS FROM `sbgl_device_class` [ RunTime:0.0089s ]
SQL: SHOW COLUMNS FROM `sbgl_manufacturer` [ RunTime:0.0120s ]
SQL: SHOW COLUMNS FROM `sbgl_machine_room` [ RunTime:0.0133s ]
SQL: SELECT * FROM `sbgl_device_class`  [ RunTime:0.0121s ]
SQL: SELECT * FROM `sbgl_manufacturer`  [ RunTime:0.0013s ]
SQL: SELECT * FROM `sbgl_machine_room`  [ RunTime:0.0004s ]
INFO: [ view_parse ] --START--
INFO: Run Behavior\ParseTemplateBehavior [ RunTime:0.045234s ]
INFO: [ view_parse ] --END-- [ RunTime:0.045458s ]
INFO: [ view_filter ] --START--
INFO: Run Behavior\WriteHtmlCacheBehavior [ RunTime:0.001186s ]
INFO: [ view_filter ] --END-- [ RunTime:0.001368s ]
INFO: [ app_end ] --START--
INFO: Run Behavior\ShowPageTraceBehavior [ RunTime:0.001155s ]
INFO: [ app_end ] --END-- [ RunTime:0.001354s ]

[ 2018-02-18T23:41:22+08:00 ] 127.0.0.1 /admin.php/Device/deviceList?p=1&start=&end=&dc=&mf=&mr=&num=&iden=
INFO: [ app_init ] --START--
INFO: Run Behavior\BuildLiteBehavior [ RunTime:0.000048s ]
INFO: [ app_init ] --END-- [ RunTime:0.001186s ]
INFO: [ app_begin ] --START--
INFO: Run Behavior\ReadHtmlCacheBehavior [ RunTime:0.001297s ]
INFO: [ app_begin ] --END-- [ RunTime:0.001524s ]
SQL: SHOW COLUMNS FROM `sbgl_node` [ RunTime:0.0017s ]
SQL: SHOW COLUMNS FROM `sbgl_role` [ RunTime:0.0053s ]
SQL: SHOW COLUMNS FROM `sbgl_user` [ RunTime:0.0010s ]
SQL: SELECT * FROM `sbgl_node` WHERE ( public=0 )  [ RunTime:0.0005s ]
SQL: SELECT * FROM `sbgl_role` WHERE `id` = 2 LIMIT 1   [ RunTime:0.0919s ]
SQL: SELECT * FROM `sbgl_node` WHERE `id` IN ('30','79','80','58','59','60','61','81','91','32','33','34','35','36','37','41','42','50','51','52','53','77','90','62','63','64','65','66','67','68','69','70','89','71','72','73','74','75','76','54','55','56','57','85','86','87','88','13','14','15','16','17','18','19','20','21','22','23','24','25','26','27','28','78','83','92','94','39','40','46','47','48','49')  [ RunTime:0.0010s ]
NOTIC: [8] Undefined variable: list E:\sbgl\Tools\AdminController.class.php 第 45 行.
SQL: SHOW COLUMNS FROM `sbgl_device_class` [ RunTime:0.0010s ]
SQL: SHOW COLUMNS FROM `sbgl_manufacturer` [ RunTime:0.6258s ]
SQL: SHOW COLUMNS FROM `sbgl_machine_room` [ RunTime:0.0090s ]
SQL: SELECT * FROM `sbgl_device_class`  [ RunTime:0.0011s ]
SQL: SELECT * FROM `sbgl_manufacturer`  [ RunTime:0.0004s ]
SQL: SELECT * FROM `sbgl_machine_room`  [ RunTime:0.0003s ]
SQL: SHOW COLUMNS FROM `sbgl_device` [ RunTime:0.0238s ]
SQL: SELECT * FROM `sbgl_device` LEFT JOIN sbgl_device_class on sbgl_device.dv_dcid=sbgl_device_class.dc_id  ORDER BY dv_time desc,dv_identifier desc LIMIT 0,10   [ RunTime:0.0490s ]
SQL: SELECT COUNT(*) AS tp_count FROM `sbgl_device` LIMIT 1   [ RunTime:0.0052s ]

